log_file=outputs/fullrun_gpu_hybrid3_cosine/logs/pipeline_cudf_features_fullrun.log
[2026-03-08 22:17:44] Pipeline start | cpu=0% ram=8% gpu=24% vram=9% gpu_temp=42C
[2026-03-08 22:17:44] Outputs: tables=outputs/fullrun_gpu_hybrid3_cosine/tables figures=outputs/fullrun_gpu_hybrid3_cosine/figures
[2026-03-08 22:17:58] Stage data.load done in 15.3s | rows=15,630,129 users=162,414 items=47,396 | cpu=11% ram=9% gpu=18% vram=9% gpu_temp=42C
[2026-03-08 22:18:09] Stage data.split done in 11.1s | train=15,304,489 val=161,578 test=161,578 users_train=161,578 items_train=47,187 | cpu=13% ram=10% gpu=22% vram=9% gpu_temp=42C
[2026-03-08 22:18:10] Eval users: val=161,578 test=161,578
[2026-03-08 22:18:10] Eval setup: k_candidates=120 ks=[10, 20, 50]
[2026-03-08 22:18:11] baseline.retrieval.setup algo=als users=161,578 items=47,187 interactions=15,304,489 | cpu=18% ram=13% gpu=17% vram=9% gpu_temp=42C
  0%|          | 0/15 [00:00<?, ?it/s]  7%|6         | 1/15 [00:00<00:05,  2.53it/s] 13%|#3        | 2/15 [00:00<00:04,  2.75it/s] 20%|##        | 3/15 [00:01<00:04,  2.83it/s] 27%|##6       | 4/15 [00:01<00:03,  2.87it/s] 33%|###3      | 5/15 [00:01<00:03,  2.89it/s] 40%|####      | 6/15 [00:02<00:03,  2.87it/s] 47%|####6     | 7/15 [00:02<00:02,  2.85it/s] 53%|#####3    | 8/15 [00:02<00:02,  2.82it/s] 60%|######    | 9/15 [00:03<00:02,  2.79it/s] 67%|######6   | 10/15 [00:03<00:01,  2.82it/s] 73%|#######3  | 11/15 [00:03<00:01,  2.85it/s] 80%|########  | 12/15 [00:04<00:01,  2.84it/s] 87%|########6 | 13/15 [00:04<00:00,  2.84it/s] 93%|#########3| 14/15 [00:04<00:00,  2.84it/s]100%|##########| 15/15 [00:05<00:00,  2.87it/s]100%|##########| 15/15 [00:05<00:00,  2.84it/s]
[2026-03-08 22:18:18] baseline.retrieval.fit algo=als use_gpu=True done_in=6.1s | cpu=15% ram=14% gpu=96% vram=12% gpu_temp=54C
[2026-03-08 22:18:18] Stage baseline.retrieval.train done in 7.2s | algo=als | cpu=11% ram=14% gpu=96% vram=12% gpu_temp=54C
[2026-03-08 22:18:18] baseline.retrieval.candidates start users=161,578 batch_size=4096 batches=40 | cpu=16% ram=14% gpu=4% vram=12% gpu_temp=54C
[2026-03-08 22:18:18] baseline.retrieval.candidates progress users=40,960/161,578 (25.3%) | cpu=15% ram=14% gpu=20% vram=55% gpu_temp=47C
[2026-03-08 22:18:19] baseline.retrieval.candidates progress users=81,920/161,578 (50.7%) | cpu=11% ram=14% gpu=27% vram=55% gpu_temp=47C
[2026-03-08 22:18:19] baseline.retrieval.candidates progress users=122,880/161,578 (76.0%) | cpu=14% ram=15% gpu=26% vram=55% gpu_temp=47C
[2026-03-08 22:18:20] baseline.retrieval.candidates progress users=161,578/161,578 (100.0%) | cpu=11% ram=15% gpu=30% vram=55% gpu_temp=49C
[2026-03-08 22:18:20] baseline.retrieval.candidates start users=161,578 batch_size=4096 batches=40 | cpu=12% ram=15% gpu=4% vram=55% gpu_temp=49C
[2026-03-08 22:18:20] baseline.retrieval.candidates progress users=40,960/161,578 (25.3%) | cpu=11% ram=15% gpu=40% vram=55% gpu_temp=47C
[2026-03-08 22:18:21] baseline.retrieval.candidates progress users=81,920/161,578 (50.7%) | cpu=13% ram=15% gpu=37% vram=55% gpu_temp=47C
[2026-03-08 22:18:21] baseline.retrieval.candidates progress users=122,880/161,578 (76.0%) | cpu=13% ram=16% gpu=38% vram=55% gpu_temp=46C
[2026-03-08 22:18:22] baseline.retrieval.candidates progress users=161,578/161,578 (100.0%) | cpu=15% ram=16% gpu=31% vram=55% gpu_temp=48C
[2026-03-08 22:18:22] Stage baseline.retrieval.candidates done in 4.5s | val_rows=19,389,360 test_rows=19,389,360 | cpu=12% ram=16% gpu=3% vram=55% gpu_temp=48C
[2026-03-08 22:18:41] Stage baseline.retrieval.eval done in 19.6s
[2026-03-08 22:18:41] ranker.features start candidate_rows=19,389,360 train_rows=15,304,489 target_rows=161,578 | cpu=10% ram=17% gpu=25% vram=55% gpu_temp=42C
[2026-03-08 22:18:42] ranker.features backend=cudf | cpu=12% ram=17% gpu=22% vram=55% gpu_temp=42C
[2026-03-08 22:18:54] ranker.features base_signals_done | cpu=9% ram=32% gpu=33% vram=96% gpu_temp=42C
[2026-03-08 22:19:00] ranker.features genre_signals_done | cpu=17% ram=36% gpu=45% vram=50% gpu_temp=42C
[2026-03-08 22:19:08] ranker.features done rows=19,389,360 feature_cols=21 positive_rate=0.0041 | cpu=11% ram=36% gpu=44% vram=51% gpu_temp=42C
[2026-03-08 22:19:08] ranker.features start candidate_rows=19,389,360 train_rows=15,304,489 target_rows=161,578 | cpu=8% ram=33% gpu=44% vram=51% gpu_temp=42C
[2026-03-08 22:19:08] ranker.features backend=cudf | cpu=9% ram=33% gpu=44% vram=51% gpu_temp=42C
[2026-03-08 22:19:20] ranker.features base_signals_done | cpu=10% ram=46% gpu=36% vram=96% gpu_temp=42C
[2026-03-08 22:19:27] ranker.features genre_signals_done | cpu=10% ram=51% gpu=24% vram=52% gpu_temp=42C
[2026-03-08 22:19:36] ranker.features done rows=19,389,360 feature_cols=21 positive_rate=0.0037 | cpu=11% ram=50% gpu=21% vram=52% gpu_temp=42C
[2026-03-08 22:19:36] Stage baseline.ranker.features done in 56.5s | train_rows=19,389,360 test_rows=19,389,360 | cpu=6% ram=48% gpu=21% vram=52% gpu_temp=42C
[2026-03-08 22:19:37] ranker.train start rows=19,389,360 cols=21 positive_rate=0.0041 | cpu=12% ram=55% gpu=35% vram=52% gpu_temp=42C
[2026-03-08 22:20:21] ranker.train done framework=xgboost device=cuda in=44.5s | cpu=12% ram=56% gpu=76% vram=52% gpu_temp=56C
[2026-03-08 22:20:21] ranker.score start rows=19,389,360 cols=21 | cpu=15% ram=55% gpu=4% vram=52% gpu_temp=50C
[2026-03-08 22:20:25] ranker.score done rows=19,389,360 | cpu=11% ram=66% gpu=62% vram=71% gpu_temp=47C
[2026-03-08 22:20:25] Stage baseline.ranker.train+score done in 50.6s | scored_rows=19,389,360 | cpu=14% ram=58% gpu=62% vram=52% gpu_temp=47C
[2026-03-08 22:20:44] Stage baseline.ranker.eval done in 19.6s
[2026-03-08 22:20:44] Saved: outputs/fullrun_gpu_hybrid3_cosine/tables/metrics_baseline.csv
[2026-03-08 22:20:48] final.twotower.setup device=cuda users=161,578 items=47,187 pairs=15,304,489 batch_size=4096 negatives=16 | cpu=12% ram=34% gpu=30% vram=53% gpu_temp=44C
[2026-03-08 22:21:00] final.twotower.train progress epoch=1/6 batch=100/3737 loss=0.6932 seen_pairs=409,600 (2.7%) | cpu=10% ram=35% gpu=49% vram=56% gpu_temp=47C
[2026-03-08 22:21:01] final.twotower.train progress epoch=1/6 batch=200/3737 loss=0.6931 seen_pairs=819,200 (5.4%) | cpu=12% ram=35% gpu=47% vram=56% gpu_temp=48C
[2026-03-08 22:21:02] final.twotower.train progress epoch=1/6 batch=300/3737 loss=0.6932 seen_pairs=1,228,800 (8.0%) | cpu=10% ram=35% gpu=53% vram=57% gpu_temp=48C
[2026-03-08 22:21:04] final.twotower.train progress epoch=1/6 batch=400/3737 loss=0.6929 seen_pairs=1,638,400 (10.7%) | cpu=11% ram=35% gpu=50% vram=57% gpu_temp=48C
[2026-03-08 22:21:06] final.twotower.train progress epoch=1/6 batch=500/3737 loss=0.6918 seen_pairs=2,048,000 (13.4%) | cpu=12% ram=35% gpu=48% vram=57% gpu_temp=48C
[2026-03-08 22:21:08] final.twotower.train progress epoch=1/6 batch=600/3737 loss=0.6887 seen_pairs=2,457,600 (16.1%) | cpu=11% ram=35% gpu=49% vram=56% gpu_temp=49C
[2026-03-08 22:21:09] final.twotower.train progress epoch=1/6 batch=700/3737 loss=0.6809 seen_pairs=2,867,200 (18.7%) | cpu=11% ram=35% gpu=50% vram=57% gpu_temp=49C
[2026-03-08 22:21:11] final.twotower.train progress epoch=1/6 batch=800/3737 loss=0.6649 seen_pairs=3,276,800 (21.4%) | cpu=11% ram=35% gpu=56% vram=57% gpu_temp=49C
[2026-03-08 22:21:13] final.twotower.train progress epoch=1/6 batch=900/3737 loss=0.6377 seen_pairs=3,686,400 (24.1%) | cpu=12% ram=35% gpu=48% vram=57% gpu_temp=49C
[2026-03-08 22:21:14] final.twotower.train progress epoch=1/6 batch=1000/3737 loss=0.6038 seen_pairs=4,096,000 (26.8%) | cpu=12% ram=35% gpu=51% vram=57% gpu_temp=49C
[2026-03-08 22:21:16] final.twotower.train progress epoch=1/6 batch=1100/3737 loss=0.5752 seen_pairs=4,505,600 (29.4%) | cpu=10% ram=35% gpu=55% vram=57% gpu_temp=50C
[2026-03-08 22:21:18] final.twotower.train progress epoch=1/6 batch=1200/3737 loss=0.5597 seen_pairs=4,915,200 (32.1%) | cpu=12% ram=35% gpu=49% vram=57% gpu_temp=50C
[2026-03-08 22:21:20] final.twotower.train progress epoch=1/6 batch=1300/3737 loss=0.5405 seen_pairs=5,324,800 (34.8%) | cpu=11% ram=35% gpu=49% vram=57% gpu_temp=50C
[2026-03-08 22:21:21] final.twotower.train progress epoch=1/6 batch=1400/3737 loss=0.5297 seen_pairs=5,734,400 (37.5%) | cpu=10% ram=35% gpu=49% vram=57% gpu_temp=49C
[2026-03-08 22:21:23] final.twotower.train progress epoch=1/6 batch=1500/3737 loss=0.5162 seen_pairs=6,144,000 (40.1%) | cpu=11% ram=35% gpu=44% vram=57% gpu_temp=50C
[2026-03-08 22:21:25] final.twotower.train progress epoch=1/6 batch=1600/3737 loss=0.5017 seen_pairs=6,553,600 (42.8%) | cpu=11% ram=35% gpu=47% vram=57% gpu_temp=50C
[2026-03-08 22:21:26] final.twotower.train progress epoch=1/6 batch=1700/3737 loss=0.4865 seen_pairs=6,963,200 (45.5%) | cpu=11% ram=35% gpu=49% vram=57% gpu_temp=50C
[2026-03-08 22:21:28] final.twotower.train progress epoch=1/6 batch=1800/3737 loss=0.4915 seen_pairs=7,372,800 (48.2%) | cpu=12% ram=35% gpu=47% vram=57% gpu_temp=50C
[2026-03-08 22:21:30] final.twotower.train progress epoch=1/6 batch=1900/3737 loss=0.4784 seen_pairs=7,782,400 (50.8%) | cpu=11% ram=35% gpu=40% vram=57% gpu_temp=50C
[2026-03-08 22:21:32] final.twotower.train progress epoch=1/6 batch=2000/3737 loss=0.4735 seen_pairs=8,192,000 (53.5%) | cpu=11% ram=35% gpu=50% vram=57% gpu_temp=50C
[2026-03-08 22:21:32] final.twotower.train progress epoch=1/6 batch=2100/3737 loss=0.4622 seen_pairs=8,601,600 (56.2%) | cpu=11% ram=35% gpu=47% vram=57% gpu_temp=50C
[2026-03-08 22:21:34] final.twotower.train progress epoch=1/6 batch=2200/3737 loss=0.4487 seen_pairs=9,011,200 (58.9%) | cpu=11% ram=35% gpu=48% vram=57% gpu_temp=50C
[2026-03-08 22:21:36] final.twotower.train progress epoch=1/6 batch=2300/3737 loss=0.4481 seen_pairs=9,420,800 (61.5%) | cpu=12% ram=35% gpu=44% vram=57% gpu_temp=50C
[2026-03-08 22:21:37] final.twotower.train progress epoch=1/6 batch=2400/3737 loss=0.4498 seen_pairs=9,830,400 (64.2%) | cpu=11% ram=35% gpu=54% vram=57% gpu_temp=50C
[2026-03-08 22:21:39] final.twotower.train progress epoch=1/6 batch=2500/3737 loss=0.4410 seen_pairs=10,240,000 (66.9%) | cpu=12% ram=35% gpu=50% vram=57% gpu_temp=50C
[2026-03-08 22:21:41] final.twotower.train progress epoch=1/6 batch=2600/3737 loss=0.4380 seen_pairs=10,649,600 (69.6%) | cpu=12% ram=35% gpu=47% vram=57% gpu_temp=50C
[2026-03-08 22:21:42] final.twotower.train progress epoch=1/6 batch=2700/3737 loss=0.4422 seen_pairs=11,059,200 (72.3%) | cpu=10% ram=35% gpu=48% vram=57% gpu_temp=51C
[2026-03-08 22:21:44] final.twotower.train progress epoch=1/6 batch=2800/3737 loss=0.4372 seen_pairs=11,468,800 (74.9%) | cpu=12% ram=35% gpu=50% vram=56% gpu_temp=51C
[2026-03-08 22:21:46] final.twotower.train progress epoch=1/6 batch=2900/3737 loss=0.4264 seen_pairs=11,878,400 (77.6%) | cpu=11% ram=35% gpu=49% vram=56% gpu_temp=51C
[2026-03-08 22:21:48] final.twotower.train progress epoch=1/6 batch=3000/3737 loss=0.4245 seen_pairs=12,288,000 (80.3%) | cpu=11% ram=35% gpu=48% vram=57% gpu_temp=51C
[2026-03-08 22:21:49] final.twotower.train progress epoch=1/6 batch=3100/3737 loss=0.4263 seen_pairs=12,697,600 (83.0%) | cpu=11% ram=35% gpu=48% vram=57% gpu_temp=51C
[2026-03-08 22:21:51] final.twotower.train progress epoch=1/6 batch=3200/3737 loss=0.4160 seen_pairs=13,107,200 (85.6%) | cpu=11% ram=35% gpu=47% vram=57% gpu_temp=51C
[2026-03-08 22:21:53] final.twotower.train progress epoch=1/6 batch=3300/3737 loss=0.4189 seen_pairs=13,516,800 (88.3%) | cpu=12% ram=35% gpu=48% vram=57% gpu_temp=51C
[2026-03-08 22:21:55] final.twotower.train progress epoch=1/6 batch=3400/3737 loss=0.4189 seen_pairs=13,926,400 (91.0%) | cpu=11% ram=35% gpu=50% vram=57% gpu_temp=51C
[2026-03-08 22:21:56] final.twotower.train progress epoch=1/6 batch=3500/3737 loss=0.4207 seen_pairs=14,336,000 (93.7%) | cpu=12% ram=35% gpu=50% vram=57% gpu_temp=51C
[2026-03-08 22:21:58] final.twotower.train progress epoch=1/6 batch=3600/3737 loss=0.4172 seen_pairs=14,745,600 (96.3%) | cpu=12% ram=35% gpu=48% vram=57% gpu_temp=51C
[2026-03-08 22:22:00] final.twotower.train progress epoch=1/6 batch=3700/3737 loss=0.4171 seen_pairs=15,155,200 (99.0%) | cpu=15% ram=35% gpu=47% vram=57% gpu_temp=51C
[2026-03-08 22:22:00] final.twotower.train progress epoch=1/6 batch=3737/3737 loss=0.4165 seen_pairs=15,304,489 (100.0%) | cpu=24% ram=35% gpu=50% vram=57% gpu_temp=51C
[2026-03-08 22:22:00] final.twotower.train epoch_done epoch=1/6 avg_loss=0.52276 | cpu=15% ram=35% gpu=50% vram=57% gpu_temp=51C
[2026-03-08 22:22:11] final.twotower.train progress epoch=2/6 batch=100/3737 loss=0.4042 seen_pairs=409,600 (2.7%) | cpu=12% ram=35% gpu=50% vram=57% gpu_temp=50C
[2026-03-08 22:22:13] final.twotower.train progress epoch=2/6 batch=200/3737 loss=0.4019 seen_pairs=819,200 (5.4%) | cpu=11% ram=35% gpu=47% vram=57% gpu_temp=50C
[2026-03-08 22:22:15] final.twotower.train progress epoch=2/6 batch=300/3737 loss=0.4038 seen_pairs=1,228,800 (8.0%) | cpu=12% ram=35% gpu=44% vram=57% gpu_temp=50C
[2026-03-08 22:22:16] final.twotower.train progress epoch=2/6 batch=400/3737 loss=0.4020 seen_pairs=1,638,400 (10.7%) | cpu=10% ram=35% gpu=48% vram=57% gpu_temp=50C
[2026-03-08 22:22:18] final.twotower.train progress epoch=2/6 batch=500/3737 loss=0.4003 seen_pairs=2,048,000 (13.4%) | cpu=12% ram=35% gpu=50% vram=57% gpu_temp=50C
[2026-03-08 22:22:20] final.twotower.train progress epoch=2/6 batch=600/3737 loss=0.3903 seen_pairs=2,457,600 (16.1%) | cpu=10% ram=35% gpu=44% vram=57% gpu_temp=50C
[2026-03-08 22:22:22] final.twotower.train progress epoch=2/6 batch=700/3737 loss=0.3969 seen_pairs=2,867,200 (18.7%) | cpu=10% ram=35% gpu=48% vram=57% gpu_temp=51C
[2026-03-08 22:22:23] final.twotower.train progress epoch=2/6 batch=800/3737 loss=0.4037 seen_pairs=3,276,800 (21.4%) | cpu=11% ram=35% gpu=49% vram=57% gpu_temp=51C
[2026-03-08 22:22:25] final.twotower.train progress epoch=2/6 batch=900/3737 loss=0.3985 seen_pairs=3,686,400 (24.1%) | cpu=10% ram=35% gpu=41% vram=57% gpu_temp=51C
[2026-03-08 22:22:27] final.twotower.train progress epoch=2/6 batch=1000/3737 loss=0.3960 seen_pairs=4,096,000 (26.8%) | cpu=11% ram=35% gpu=54% vram=57% gpu_temp=51C
[2026-03-08 22:22:28] final.twotower.train progress epoch=2/6 batch=1100/3737 loss=0.3973 seen_pairs=4,505,600 (29.4%) | cpu=11% ram=35% gpu=47% vram=57% gpu_temp=51C
[2026-03-08 22:22:30] final.twotower.train progress epoch=2/6 batch=1200/3737 loss=0.3937 seen_pairs=4,915,200 (32.1%) | cpu=10% ram=35% gpu=56% vram=57% gpu_temp=51C
[2026-03-08 22:22:32] final.twotower.train progress epoch=2/6 batch=1300/3737 loss=0.3956 seen_pairs=5,324,800 (34.8%) | cpu=11% ram=35% gpu=49% vram=57% gpu_temp=51C
[2026-03-08 22:22:34] final.twotower.train progress epoch=2/6 batch=1400/3737 loss=0.3947 seen_pairs=5,734,400 (37.5%) | cpu=12% ram=35% gpu=49% vram=57% gpu_temp=51C
[2026-03-08 22:22:35] final.twotower.train progress epoch=2/6 batch=1500/3737 loss=0.3922 seen_pairs=6,144,000 (40.1%) | cpu=11% ram=35% gpu=49% vram=57% gpu_temp=51C
[2026-03-08 22:22:36] final.twotower.train progress epoch=2/6 batch=1600/3737 loss=0.3913 seen_pairs=6,553,600 (42.8%) | cpu=11% ram=35% gpu=47% vram=57% gpu_temp=51C
[2026-03-08 22:22:38] final.twotower.train progress epoch=2/6 batch=1700/3737 loss=0.3876 seen_pairs=6,963,200 (45.5%) | cpu=11% ram=35% gpu=47% vram=56% gpu_temp=51C
[2026-03-08 22:22:39] final.twotower.train progress epoch=2/6 batch=1800/3737 loss=0.3890 seen_pairs=7,372,800 (48.2%) | cpu=11% ram=35% gpu=57% vram=56% gpu_temp=51C
[2026-03-08 22:22:41] final.twotower.train progress epoch=2/6 batch=1900/3737 loss=0.3820 seen_pairs=7,782,400 (50.8%) | cpu=11% ram=35% gpu=48% vram=56% gpu_temp=51C
[2026-03-08 22:22:43] final.twotower.train progress epoch=2/6 batch=2000/3737 loss=0.3895 seen_pairs=8,192,000 (53.5%) | cpu=12% ram=35% gpu=49% vram=56% gpu_temp=51C
[2026-03-08 22:22:45] final.twotower.train progress epoch=2/6 batch=2100/3737 loss=0.3902 seen_pairs=8,601,600 (56.2%) | cpu=12% ram=35% gpu=48% vram=56% gpu_temp=52C
[2026-03-08 22:22:46] final.twotower.train progress epoch=2/6 batch=2200/3737 loss=0.3806 seen_pairs=9,011,200 (58.9%) | cpu=11% ram=35% gpu=49% vram=56% gpu_temp=51C
[2026-03-08 22:22:48] final.twotower.train progress epoch=2/6 batch=2300/3737 loss=0.3877 seen_pairs=9,420,800 (61.5%) | cpu=11% ram=35% gpu=49% vram=56% gpu_temp=51C
[2026-03-08 22:22:50] final.twotower.train progress epoch=2/6 batch=2400/3737 loss=0.3926 seen_pairs=9,830,400 (64.2%) | cpu=11% ram=35% gpu=50% vram=56% gpu_temp=52C
[2026-03-08 22:22:51] final.twotower.train progress epoch=2/6 batch=2500/3737 loss=0.3867 seen_pairs=10,240,000 (66.9%) | cpu=11% ram=35% gpu=50% vram=56% gpu_temp=52C
[2026-03-08 22:22:53] final.twotower.train progress epoch=2/6 batch=2600/3737 loss=0.3877 seen_pairs=10,649,600 (69.6%) | cpu=12% ram=35% gpu=50% vram=56% gpu_temp=52C
[2026-03-08 22:22:55] final.twotower.train progress epoch=2/6 batch=2700/3737 loss=0.3856 seen_pairs=11,059,200 (72.3%) | cpu=10% ram=35% gpu=48% vram=56% gpu_temp=51C
[2026-03-08 22:22:57] final.twotower.train progress epoch=2/6 batch=2800/3737 loss=0.3868 seen_pairs=11,468,800 (74.9%) | cpu=11% ram=35% gpu=49% vram=56% gpu_temp=52C
[2026-03-08 22:22:58] final.twotower.train progress epoch=2/6 batch=2900/3737 loss=0.3813 seen_pairs=11,878,400 (77.6%) | cpu=11% ram=35% gpu=53% vram=56% gpu_temp=52C
[2026-03-08 22:23:00] final.twotower.train progress epoch=2/6 batch=3000/3737 loss=0.3763 seen_pairs=12,288,000 (80.3%) | cpu=10% ram=35% gpu=50% vram=57% gpu_temp=52C
[2026-03-08 22:23:02] final.twotower.train progress epoch=2/6 batch=3100/3737 loss=0.3813 seen_pairs=12,697,600 (83.0%) | cpu=11% ram=35% gpu=48% vram=57% gpu_temp=52C
[2026-03-08 22:23:03] final.twotower.train progress epoch=2/6 batch=3200/3737 loss=0.3827 seen_pairs=13,107,200 (85.6%) | cpu=10% ram=35% gpu=50% vram=57% gpu_temp=52C
[2026-03-08 22:23:05] final.twotower.train progress epoch=2/6 batch=3300/3737 loss=0.3816 seen_pairs=13,516,800 (88.3%) | cpu=10% ram=35% gpu=49% vram=57% gpu_temp=52C
[2026-03-08 22:23:06] final.twotower.train progress epoch=2/6 batch=3400/3737 loss=0.3763 seen_pairs=13,926,400 (91.0%) | cpu=11% ram=35% gpu=47% vram=57% gpu_temp=52C
[2026-03-08 22:23:08] final.twotower.train progress epoch=2/6 batch=3500/3737 loss=0.3836 seen_pairs=14,336,000 (93.7%) | cpu=11% ram=35% gpu=47% vram=57% gpu_temp=52C
[2026-03-08 22:23:09] final.twotower.train progress epoch=2/6 batch=3600/3737 loss=0.3842 seen_pairs=14,745,600 (96.3%) | cpu=11% ram=35% gpu=49% vram=57% gpu_temp=52C
[2026-03-08 22:23:11] final.twotower.train progress epoch=2/6 batch=3700/3737 loss=0.3806 seen_pairs=15,155,200 (99.0%) | cpu=11% ram=35% gpu=43% vram=57% gpu_temp=52C
[2026-03-08 22:23:12] final.twotower.train progress epoch=2/6 batch=3737/3737 loss=0.3712 seen_pairs=15,304,489 (100.0%) | cpu=12% ram=35% gpu=47% vram=57% gpu_temp=52C
[2026-03-08 22:23:12] final.twotower.train epoch_done epoch=2/6 avg_loss=0.38947 | cpu=6% ram=35% gpu=47% vram=57% gpu_temp=52C
[2026-03-08 22:23:24] final.twotower.train progress epoch=3/6 batch=100/3737 loss=0.3598 seen_pairs=409,600 (2.7%) | cpu=10% ram=35% gpu=48% vram=57% gpu_temp=50C
[2026-03-08 22:23:26] final.twotower.train progress epoch=3/6 batch=200/3737 loss=0.3661 seen_pairs=819,200 (5.4%) | cpu=11% ram=35% gpu=53% vram=56% gpu_temp=50C
[2026-03-08 22:23:27] final.twotower.train progress epoch=3/6 batch=300/3737 loss=0.3630 seen_pairs=1,228,800 (8.0%) | cpu=12% ram=35% gpu=50% vram=56% gpu_temp=51C
[2026-03-08 22:23:29] final.twotower.train progress epoch=3/6 batch=400/3737 loss=0.3676 seen_pairs=1,638,400 (10.7%) | cpu=11% ram=35% gpu=48% vram=56% gpu_temp=51C
[2026-03-08 22:23:31] final.twotower.train progress epoch=3/6 batch=500/3737 loss=0.3631 seen_pairs=2,048,000 (13.4%) | cpu=11% ram=35% gpu=49% vram=56% gpu_temp=51C
[2026-03-08 22:23:32] final.twotower.train progress epoch=3/6 batch=600/3737 loss=0.3639 seen_pairs=2,457,600 (16.1%) | cpu=12% ram=35% gpu=49% vram=56% gpu_temp=51C
[2026-03-08 22:23:34] final.twotower.train progress epoch=3/6 batch=700/3737 loss=0.3655 seen_pairs=2,867,200 (18.7%) | cpu=11% ram=35% gpu=49% vram=56% gpu_temp=51C
[2026-03-08 22:23:36] final.twotower.train progress epoch=3/6 batch=800/3737 loss=0.3718 seen_pairs=3,276,800 (21.4%) | cpu=11% ram=35% gpu=48% vram=56% gpu_temp=51C
[2026-03-08 22:23:38] final.twotower.train progress epoch=3/6 batch=900/3737 loss=0.3632 seen_pairs=3,686,400 (24.1%) | cpu=11% ram=35% gpu=47% vram=56% gpu_temp=51C
[2026-03-08 22:23:38] final.twotower.train progress epoch=3/6 batch=1000/3737 loss=0.3765 seen_pairs=4,096,000 (26.8%) | cpu=11% ram=35% gpu=44% vram=56% gpu_temp=51C
[2026-03-08 22:23:40] final.twotower.train progress epoch=3/6 batch=1100/3737 loss=0.3656 seen_pairs=4,505,600 (29.4%) | cpu=11% ram=35% gpu=56% vram=56% gpu_temp=51C
[2026-03-08 22:23:42] final.twotower.train progress epoch=3/6 batch=1200/3737 loss=0.3740 seen_pairs=4,915,200 (32.1%) | cpu=10% ram=35% gpu=49% vram=56% gpu_temp=51C
[2026-03-08 22:23:44] final.twotower.train progress epoch=3/6 batch=1300/3737 loss=0.3651 seen_pairs=5,324,800 (34.8%) | cpu=11% ram=35% gpu=51% vram=56% gpu_temp=51C
[2026-03-08 22:23:45] final.twotower.train progress epoch=3/6 batch=1400/3737 loss=0.3646 seen_pairs=5,734,400 (37.5%) | cpu=11% ram=35% gpu=49% vram=56% gpu_temp=51C
[2026-03-08 22:23:47] final.twotower.train progress epoch=3/6 batch=1500/3737 loss=0.3607 seen_pairs=6,144,000 (40.1%) | cpu=11% ram=35% gpu=53% vram=56% gpu_temp=52C
[2026-03-08 22:23:49] final.twotower.train progress epoch=3/6 batch=1600/3737 loss=0.3706 seen_pairs=6,553,600 (42.8%) | cpu=11% ram=35% gpu=49% vram=56% gpu_temp=51C
[2026-03-08 22:23:50] final.twotower.train progress epoch=3/6 batch=1700/3737 loss=0.3616 seen_pairs=6,963,200 (45.5%) | cpu=10% ram=35% gpu=49% vram=56% gpu_temp=52C
[2026-03-08 22:23:52] final.twotower.train progress epoch=3/6 batch=1800/3737 loss=0.3711 seen_pairs=7,372,800 (48.2%) | cpu=10% ram=35% gpu=48% vram=56% gpu_temp=51C
[2026-03-08 22:23:54] final.twotower.train progress epoch=3/6 batch=1900/3737 loss=0.3661 seen_pairs=7,782,400 (50.8%) | cpu=13% ram=35% gpu=47% vram=57% gpu_temp=52C
[2026-03-08 22:23:56] final.twotower.train progress epoch=3/6 batch=2000/3737 loss=0.3709 seen_pairs=8,192,000 (53.5%) | cpu=10% ram=35% gpu=47% vram=57% gpu_temp=52C
[2026-03-08 22:23:57] final.twotower.train progress epoch=3/6 batch=2100/3737 loss=0.3691 seen_pairs=8,601,600 (56.2%) | cpu=11% ram=35% gpu=56% vram=57% gpu_temp=52C
[2026-03-08 22:23:59] final.twotower.train progress epoch=3/6 batch=2200/3737 loss=0.3700 seen_pairs=9,011,200 (58.9%) | cpu=10% ram=35% gpu=56% vram=57% gpu_temp=52C
[2026-03-08 22:24:01] final.twotower.train progress epoch=3/6 batch=2300/3737 loss=0.3644 seen_pairs=9,420,800 (61.5%) | cpu=11% ram=35% gpu=49% vram=57% gpu_temp=52C
[2026-03-08 22:24:02] final.twotower.train progress epoch=3/6 batch=2400/3737 loss=0.3674 seen_pairs=9,830,400 (64.2%) | cpu=11% ram=35% gpu=52% vram=57% gpu_temp=52C
[2026-03-08 22:24:04] final.twotower.train progress epoch=3/6 batch=2500/3737 loss=0.3793 seen_pairs=10,240,000 (66.9%) | cpu=10% ram=35% gpu=48% vram=57% gpu_temp=52C
[2026-03-08 22:24:06] final.twotower.train progress epoch=3/6 batch=2600/3737 loss=0.3671 seen_pairs=10,649,600 (69.6%) | cpu=11% ram=35% gpu=48% vram=57% gpu_temp=52C
[2026-03-08 22:24:08] final.twotower.train progress epoch=3/6 batch=2700/3737 loss=0.3761 seen_pairs=11,059,200 (72.3%) | cpu=11% ram=35% gpu=48% vram=57% gpu_temp=52C
[2026-03-08 22:24:08] final.twotower.train progress epoch=3/6 batch=2800/3737 loss=0.3657 seen_pairs=11,468,800 (74.9%) | cpu=10% ram=35% gpu=50% vram=57% gpu_temp=52C
[2026-03-08 22:24:10] final.twotower.train progress epoch=3/6 batch=2900/3737 loss=0.3613 seen_pairs=11,878,400 (77.6%) | cpu=11% ram=35% gpu=50% vram=57% gpu_temp=53C
[2026-03-08 22:24:12] final.twotower.train progress epoch=3/6 batch=3000/3737 loss=0.3681 seen_pairs=12,288,000 (80.3%) | cpu=11% ram=35% gpu=50% vram=57% gpu_temp=52C
[2026-03-08 22:24:14] final.twotower.train progress epoch=3/6 batch=3100/3737 loss=0.3693 seen_pairs=12,697,600 (83.0%) | cpu=12% ram=35% gpu=51% vram=57% gpu_temp=53C
[2026-03-08 22:24:15] final.twotower.train progress epoch=3/6 batch=3200/3737 loss=0.3671 seen_pairs=13,107,200 (85.6%) | cpu=11% ram=35% gpu=49% vram=57% gpu_temp=53C
[2026-03-08 22:24:17] final.twotower.train progress epoch=3/6 batch=3300/3737 loss=0.3628 seen_pairs=13,516,800 (88.3%) | cpu=10% ram=35% gpu=54% vram=57% gpu_temp=53C
[2026-03-08 22:24:19] final.twotower.train progress epoch=3/6 batch=3400/3737 loss=0.3667 seen_pairs=13,926,400 (91.0%) | cpu=11% ram=35% gpu=47% vram=57% gpu_temp=53C
[2026-03-08 22:24:21] final.twotower.train progress epoch=3/6 batch=3500/3737 loss=0.3660 seen_pairs=14,336,000 (93.7%) | cpu=10% ram=35% gpu=49% vram=57% gpu_temp=53C
[2026-03-08 22:24:22] final.twotower.train progress epoch=3/6 batch=3600/3737 loss=0.3657 seen_pairs=14,745,600 (96.3%) | cpu=11% ram=35% gpu=50% vram=57% gpu_temp=53C
[2026-03-08 22:24:24] final.twotower.train progress epoch=3/6 batch=3700/3737 loss=0.3653 seen_pairs=15,155,200 (99.0%) | cpu=11% ram=35% gpu=49% vram=57% gpu_temp=53C
[2026-03-08 22:24:25] final.twotower.train progress epoch=3/6 batch=3737/3737 loss=0.3602 seen_pairs=15,304,489 (100.0%) | cpu=12% ram=35% gpu=49% vram=57% gpu_temp=53C
[2026-03-08 22:24:25] final.twotower.train epoch_done epoch=3/6 avg_loss=0.36701 | cpu=5% ram=35% gpu=49% vram=57% gpu_temp=53C
[2026-03-08 22:24:37] final.twotower.train progress epoch=4/6 batch=100/3737 loss=0.3488 seen_pairs=409,600 (2.7%) | cpu=10% ram=35% gpu=51% vram=57% gpu_temp=51C
[2026-03-08 22:24:39] final.twotower.train progress epoch=4/6 batch=200/3737 loss=0.3518 seen_pairs=819,200 (5.4%) | cpu=10% ram=35% gpu=50% vram=57% gpu_temp=52C
[2026-03-08 22:24:40] final.twotower.train progress epoch=4/6 batch=300/3737 loss=0.3551 seen_pairs=1,228,800 (8.0%) | cpu=11% ram=35% gpu=50% vram=57% gpu_temp=52C
[2026-03-08 22:24:41] final.twotower.train progress epoch=4/6 batch=400/3737 loss=0.3456 seen_pairs=1,638,400 (10.7%) | cpu=10% ram=35% gpu=49% vram=57% gpu_temp=52C
[2026-03-08 22:24:43] final.twotower.train progress epoch=4/6 batch=500/3737 loss=0.3444 seen_pairs=2,048,000 (13.4%) | cpu=10% ram=35% gpu=50% vram=57% gpu_temp=51C
[2026-03-08 22:24:45] final.twotower.train progress epoch=4/6 batch=600/3737 loss=0.3548 seen_pairs=2,457,600 (16.1%) | cpu=11% ram=35% gpu=50% vram=57% gpu_temp=52C
[2026-03-08 22:24:46] final.twotower.train progress epoch=4/6 batch=700/3737 loss=0.3525 seen_pairs=2,867,200 (18.7%) | cpu=10% ram=35% gpu=53% vram=56% gpu_temp=52C
[2026-03-08 22:24:48] final.twotower.train progress epoch=4/6 batch=800/3737 loss=0.3616 seen_pairs=3,276,800 (21.4%) | cpu=11% ram=35% gpu=48% vram=56% gpu_temp=51C
[2026-03-08 22:24:50] final.twotower.train progress epoch=4/6 batch=900/3737 loss=0.3589 seen_pairs=3,686,400 (24.1%) | cpu=11% ram=35% gpu=53% vram=56% gpu_temp=52C
[2026-03-08 22:24:51] final.twotower.train progress epoch=4/6 batch=1000/3737 loss=0.3502 seen_pairs=4,096,000 (26.8%) | cpu=11% ram=35% gpu=48% vram=56% gpu_temp=52C
[2026-03-08 22:24:53] final.twotower.train progress epoch=4/6 batch=1100/3737 loss=0.3557 seen_pairs=4,505,600 (29.4%) | cpu=11% ram=35% gpu=48% vram=56% gpu_temp=51C
[2026-03-08 22:24:55] final.twotower.train progress epoch=4/6 batch=1200/3737 loss=0.3554 seen_pairs=4,915,200 (32.1%) | cpu=10% ram=35% gpu=47% vram=56% gpu_temp=52C
[2026-03-08 22:24:57] final.twotower.train progress epoch=4/6 batch=1300/3737 loss=0.3545 seen_pairs=5,324,800 (34.8%) | cpu=10% ram=35% gpu=49% vram=56% gpu_temp=52C
[2026-03-08 22:24:58] final.twotower.train progress epoch=4/6 batch=1400/3737 loss=0.3555 seen_pairs=5,734,400 (37.5%) | cpu=11% ram=35% gpu=48% vram=56% gpu_temp=51C
[2026-03-08 22:25:00] final.twotower.train progress epoch=4/6 batch=1500/3737 loss=0.3595 seen_pairs=6,144,000 (40.1%) | cpu=11% ram=35% gpu=49% vram=56% gpu_temp=52C
[2026-03-08 22:25:02] final.twotower.train progress epoch=4/6 batch=1600/3737 loss=0.3561 seen_pairs=6,553,600 (42.8%) | cpu=11% ram=35% gpu=49% vram=56% gpu_temp=52C
[2026-03-08 22:25:03] final.twotower.train progress epoch=4/6 batch=1700/3737 loss=0.3533 seen_pairs=6,963,200 (45.5%) | cpu=11% ram=35% gpu=48% vram=56% gpu_temp=52C
[2026-03-08 22:25:05] final.twotower.train progress epoch=4/6 batch=1800/3737 loss=0.3623 seen_pairs=7,372,800 (48.2%) | cpu=10% ram=35% gpu=47% vram=56% gpu_temp=52C
[2026-03-08 22:25:07] final.twotower.train progress epoch=4/6 batch=1900/3737 loss=0.3601 seen_pairs=7,782,400 (50.8%) | cpu=11% ram=35% gpu=55% vram=56% gpu_temp=52C
[2026-03-08 22:25:09] final.twotower.train progress epoch=4/6 batch=2000/3737 loss=0.3549 seen_pairs=8,192,000 (53.5%) | cpu=10% ram=35% gpu=50% vram=57% gpu_temp=52C
[2026-03-08 22:25:10] final.twotower.train progress epoch=4/6 batch=2100/3737 loss=0.3547 seen_pairs=8,601,600 (56.2%) | cpu=11% ram=35% gpu=51% vram=57% gpu_temp=52C
[2026-03-08 22:25:11] final.twotower.train progress epoch=4/6 batch=2200/3737 loss=0.3564 seen_pairs=9,011,200 (58.9%) | cpu=12% ram=35% gpu=48% vram=57% gpu_temp=53C
[2026-03-08 22:25:13] final.twotower.train progress epoch=4/6 batch=2300/3737 loss=0.3562 seen_pairs=9,420,800 (61.5%) | cpu=13% ram=35% gpu=50% vram=57% gpu_temp=52C
[2026-03-08 22:25:14] final.twotower.train progress epoch=4/6 batch=2400/3737 loss=0.3588 seen_pairs=9,830,400 (64.2%) | cpu=11% ram=35% gpu=49% vram=57% gpu_temp=53C
[2026-03-08 22:25:16] final.twotower.train progress epoch=4/6 batch=2500/3737 loss=0.3643 seen_pairs=10,240,000 (66.9%) | cpu=11% ram=35% gpu=48% vram=57% gpu_temp=53C
[2026-03-08 22:25:18] final.twotower.train progress epoch=4/6 batch=2600/3737 loss=0.3573 seen_pairs=10,649,600 (69.6%) | cpu=12% ram=35% gpu=48% vram=57% gpu_temp=53C
[2026-03-08 22:25:20] final.twotower.train progress epoch=4/6 batch=2700/3737 loss=0.3537 seen_pairs=11,059,200 (72.3%) | cpu=11% ram=35% gpu=50% vram=57% gpu_temp=53C
[2026-03-08 22:25:21] final.twotower.train progress epoch=4/6 batch=2800/3737 loss=0.3551 seen_pairs=11,468,800 (74.9%) | cpu=11% ram=35% gpu=49% vram=57% gpu_temp=53C
[2026-03-08 22:25:23] final.twotower.train progress epoch=4/6 batch=2900/3737 loss=0.3636 seen_pairs=11,878,400 (77.6%) | cpu=11% ram=35% gpu=46% vram=57% gpu_temp=53C
[2026-03-08 22:25:25] final.twotower.train progress epoch=4/6 batch=3000/3737 loss=0.3534 seen_pairs=12,288,000 (80.3%) | cpu=11% ram=35% gpu=49% vram=57% gpu_temp=53C
[2026-03-08 22:25:26] final.twotower.train progress epoch=4/6 batch=3100/3737 loss=0.3605 seen_pairs=12,697,600 (83.0%) | cpu=12% ram=35% gpu=50% vram=57% gpu_temp=53C
[2026-03-08 22:25:28] final.twotower.train progress epoch=4/6 batch=3200/3737 loss=0.3511 seen_pairs=13,107,200 (85.6%) | cpu=11% ram=35% gpu=47% vram=57% gpu_temp=53C
[2026-03-08 22:25:30] final.twotower.train progress epoch=4/6 batch=3300/3737 loss=0.3528 seen_pairs=13,516,800 (88.3%) | cpu=11% ram=35% gpu=49% vram=57% gpu_temp=53C
[2026-03-08 22:25:32] final.twotower.train progress epoch=4/6 batch=3400/3737 loss=0.3549 seen_pairs=13,926,400 (91.0%) | cpu=11% ram=35% gpu=47% vram=57% gpu_temp=53C
[2026-03-08 22:25:33] final.twotower.train progress epoch=4/6 batch=3500/3737 loss=0.3511 seen_pairs=14,336,000 (93.7%) | cpu=12% ram=35% gpu=49% vram=57% gpu_temp=53C
[2026-03-08 22:25:35] final.twotower.train progress epoch=4/6 batch=3600/3737 loss=0.3551 seen_pairs=14,745,600 (96.3%) | cpu=12% ram=35% gpu=49% vram=57% gpu_temp=53C
[2026-03-08 22:25:37] final.twotower.train progress epoch=4/6 batch=3700/3737 loss=0.3623 seen_pairs=15,155,200 (99.0%) | cpu=16% ram=35% gpu=51% vram=57% gpu_temp=53C
[2026-03-08 22:25:37] final.twotower.train progress epoch=4/6 batch=3737/3737 loss=0.3612 seen_pairs=15,304,489 (100.0%) | cpu=22% ram=35% gpu=44% vram=57% gpu_temp=53C
[2026-03-08 22:25:38] final.twotower.train epoch_done epoch=4/6 avg_loss=0.35533 | cpu=11% ram=35% gpu=44% vram=57% gpu_temp=53C
[2026-03-08 22:25:49] final.twotower.train progress epoch=5/6 batch=100/3737 loss=0.3419 seen_pairs=409,600 (2.7%) | cpu=11% ram=35% gpu=49% vram=57% gpu_temp=51C
[2026-03-08 22:25:50] final.twotower.train progress epoch=5/6 batch=200/3737 loss=0.3397 seen_pairs=819,200 (5.4%) | cpu=12% ram=35% gpu=48% vram=57% gpu_temp=51C
[2026-03-08 22:25:52] final.twotower.train progress epoch=5/6 batch=300/3737 loss=0.3404 seen_pairs=1,228,800 (8.0%) | cpu=11% ram=35% gpu=43% vram=57% gpu_temp=51C
[2026-03-08 22:25:54] final.twotower.train progress epoch=5/6 batch=400/3737 loss=0.3448 seen_pairs=1,638,400 (10.7%) | cpu=13% ram=35% gpu=49% vram=57% gpu_temp=51C
[2026-03-08 22:25:55] final.twotower.train progress epoch=5/6 batch=500/3737 loss=0.3375 seen_pairs=2,048,000 (13.4%) | cpu=12% ram=35% gpu=50% vram=57% gpu_temp=52C
[2026-03-08 22:25:57] final.twotower.train progress epoch=5/6 batch=600/3737 loss=0.3452 seen_pairs=2,457,600 (16.1%) | cpu=11% ram=35% gpu=49% vram=57% gpu_temp=52C
[2026-03-08 22:25:59] final.twotower.train progress epoch=5/6 batch=700/3737 loss=0.3383 seen_pairs=2,867,200 (18.7%) | cpu=13% ram=35% gpu=47% vram=57% gpu_temp=52C
[2026-03-08 22:26:01] final.twotower.train progress epoch=5/6 batch=800/3737 loss=0.3498 seen_pairs=3,276,800 (21.4%) | cpu=12% ram=35% gpu=48% vram=57% gpu_temp=52C
[2026-03-08 22:26:02] final.twotower.train progress epoch=5/6 batch=900/3737 loss=0.3454 seen_pairs=3,686,400 (24.1%) | cpu=18% ram=35% gpu=50% vram=57% gpu_temp=52C
[2026-03-08 22:26:04] final.twotower.train progress epoch=5/6 batch=1000/3737 loss=0.3437 seen_pairs=4,096,000 (26.8%) | cpu=13% ram=35% gpu=44% vram=57% gpu_temp=52C
[2026-03-08 22:26:06] final.twotower.train progress epoch=5/6 batch=1100/3737 loss=0.3498 seen_pairs=4,505,600 (29.4%) | cpu=12% ram=35% gpu=48% vram=57% gpu_temp=52C
[2026-03-08 22:26:07] final.twotower.train progress epoch=5/6 batch=1200/3737 loss=0.3484 seen_pairs=4,915,200 (32.1%) | cpu=14% ram=35% gpu=50% vram=57% gpu_temp=52C
[2026-03-08 22:26:09] final.twotower.train progress epoch=5/6 batch=1300/3737 loss=0.3467 seen_pairs=5,324,800 (34.8%) | cpu=12% ram=35% gpu=49% vram=57% gpu_temp=52C
[2026-03-08 22:26:11] final.twotower.train progress epoch=5/6 batch=1400/3737 loss=0.3452 seen_pairs=5,734,400 (37.5%) | cpu=13% ram=35% gpu=50% vram=57% gpu_temp=52C
[2026-03-08 22:26:13] final.twotower.train progress epoch=5/6 batch=1500/3737 loss=0.3493 seen_pairs=6,144,000 (40.1%) | cpu=13% ram=35% gpu=47% vram=57% gpu_temp=52C
[2026-03-08 22:26:13] final.twotower.train progress epoch=5/6 batch=1600/3737 loss=0.3456 seen_pairs=6,553,600 (42.8%) | cpu=12% ram=35% gpu=51% vram=57% gpu_temp=52C
[2026-03-08 22:26:15] final.twotower.train progress epoch=5/6 batch=1700/3737 loss=0.3469 seen_pairs=6,963,200 (45.5%) | cpu=12% ram=35% gpu=40% vram=57% gpu_temp=52C
[2026-03-08 22:26:17] final.twotower.train progress epoch=5/6 batch=1800/3737 loss=0.3501 seen_pairs=7,372,800 (48.2%) | cpu=13% ram=35% gpu=48% vram=57% gpu_temp=53C
[2026-03-08 22:26:18] final.twotower.train progress epoch=5/6 batch=1900/3737 loss=0.3502 seen_pairs=7,782,400 (50.8%) | cpu=12% ram=35% gpu=52% vram=57% gpu_temp=53C
[2026-03-08 22:26:20] final.twotower.train progress epoch=5/6 batch=2000/3737 loss=0.3469 seen_pairs=8,192,000 (53.5%) | cpu=12% ram=35% gpu=47% vram=57% gpu_temp=52C
[2026-03-08 22:26:22] final.twotower.train progress epoch=5/6 batch=2100/3737 loss=0.3477 seen_pairs=8,601,600 (56.2%) | cpu=12% ram=35% gpu=49% vram=57% gpu_temp=53C
[2026-03-08 22:26:23] final.twotower.train progress epoch=5/6 batch=2200/3737 loss=0.3590 seen_pairs=9,011,200 (58.9%) | cpu=13% ram=35% gpu=52% vram=57% gpu_temp=53C
[2026-03-08 22:26:25] final.twotower.train progress epoch=5/6 batch=2300/3737 loss=0.3537 seen_pairs=9,420,800 (61.5%) | cpu=13% ram=35% gpu=48% vram=57% gpu_temp=53C
[2026-03-08 22:26:27] final.twotower.train progress epoch=5/6 batch=2400/3737 loss=0.3468 seen_pairs=9,830,400 (64.2%) | cpu=14% ram=35% gpu=49% vram=57% gpu_temp=53C
[2026-03-08 22:26:28] final.twotower.train progress epoch=5/6 batch=2500/3737 loss=0.3443 seen_pairs=10,240,000 (66.9%) | cpu=12% ram=35% gpu=48% vram=57% gpu_temp=53C
[2026-03-08 22:26:30] final.twotower.train progress epoch=5/6 batch=2600/3737 loss=0.3516 seen_pairs=10,649,600 (69.6%) | cpu=11% ram=35% gpu=48% vram=57% gpu_temp=53C
[2026-03-08 22:26:32] final.twotower.train progress epoch=5/6 batch=2700/3737 loss=0.3459 seen_pairs=11,059,200 (72.3%) | cpu=13% ram=35% gpu=49% vram=57% gpu_temp=53C
[2026-03-08 22:26:34] final.twotower.train progress epoch=5/6 batch=2800/3737 loss=0.3476 seen_pairs=11,468,800 (74.9%) | cpu=12% ram=35% gpu=50% vram=57% gpu_temp=53C
[2026-03-08 22:26:35] final.twotower.train progress epoch=5/6 batch=2900/3737 loss=0.3496 seen_pairs=11,878,400 (77.6%) | cpu=11% ram=35% gpu=48% vram=57% gpu_temp=53C
[2026-03-08 22:26:37] final.twotower.train progress epoch=5/6 batch=3000/3737 loss=0.3502 seen_pairs=12,288,000 (80.3%) | cpu=12% ram=35% gpu=50% vram=57% gpu_temp=53C
[2026-03-08 22:26:39] final.twotower.train progress epoch=5/6 batch=3100/3737 loss=0.3549 seen_pairs=12,697,600 (83.0%) | cpu=11% ram=35% gpu=48% vram=57% gpu_temp=53C
[2026-03-08 22:26:41] final.twotower.train progress epoch=5/6 batch=3200/3737 loss=0.3535 seen_pairs=13,107,200 (85.6%) | cpu=11% ram=35% gpu=49% vram=57% gpu_temp=53C
[2026-03-08 22:26:42] final.twotower.train progress epoch=5/6 batch=3300/3737 loss=0.3400 seen_pairs=13,516,800 (88.3%) | cpu=12% ram=35% gpu=47% vram=57% gpu_temp=53C
[2026-03-08 22:26:44] final.twotower.train progress epoch=5/6 batch=3400/3737 loss=0.3476 seen_pairs=13,926,400 (91.0%) | cpu=10% ram=35% gpu=47% vram=57% gpu_temp=53C
[2026-03-08 22:26:45] final.twotower.train progress epoch=5/6 batch=3500/3737 loss=0.3473 seen_pairs=14,336,000 (93.7%) | cpu=12% ram=35% gpu=51% vram=57% gpu_temp=53C
[2026-03-08 22:26:46] final.twotower.train progress epoch=5/6 batch=3600/3737 loss=0.3450 seen_pairs=14,745,600 (96.3%) | cpu=12% ram=35% gpu=50% vram=57% gpu_temp=53C
[2026-03-08 22:26:48] final.twotower.train progress epoch=5/6 batch=3700/3737 loss=0.3499 seen_pairs=15,155,200 (99.0%) | cpu=11% ram=35% gpu=47% vram=57% gpu_temp=53C
[2026-03-08 22:26:49] final.twotower.train progress epoch=5/6 batch=3737/3737 loss=0.3520 seen_pairs=15,304,489 (100.0%) | cpu=13% ram=35% gpu=51% vram=57% gpu_temp=53C
[2026-03-08 22:26:49] final.twotower.train epoch_done epoch=5/6 avg_loss=0.34803 | cpu=10% ram=35% gpu=34% vram=57% gpu_temp=53C
[2026-03-08 22:27:01] final.twotower.train progress epoch=6/6 batch=100/3737 loss=0.3389 seen_pairs=409,600 (2.7%) | cpu=15% ram=35% gpu=46% vram=57% gpu_temp=52C
[2026-03-08 22:27:03] final.twotower.train progress epoch=6/6 batch=200/3737 loss=0.3300 seen_pairs=819,200 (5.4%) | cpu=14% ram=35% gpu=49% vram=57% gpu_temp=52C
[2026-03-08 22:27:04] final.twotower.train progress epoch=6/6 batch=300/3737 loss=0.3335 seen_pairs=1,228,800 (8.0%) | cpu=12% ram=35% gpu=48% vram=57% gpu_temp=52C
[2026-03-08 22:27:06] final.twotower.train progress epoch=6/6 batch=400/3737 loss=0.3415 seen_pairs=1,638,400 (10.7%) | cpu=11% ram=35% gpu=45% vram=57% gpu_temp=52C
[2026-03-08 22:27:08] final.twotower.train progress epoch=6/6 batch=500/3737 loss=0.3382 seen_pairs=2,048,000 (13.4%) | cpu=11% ram=35% gpu=47% vram=57% gpu_temp=52C
[2026-03-08 22:27:10] final.twotower.train progress epoch=6/6 batch=600/3737 loss=0.3354 seen_pairs=2,457,600 (16.1%) | cpu=11% ram=35% gpu=49% vram=57% gpu_temp=52C
[2026-03-08 22:27:11] final.twotower.train progress epoch=6/6 batch=700/3737 loss=0.3396 seen_pairs=2,867,200 (18.7%) | cpu=10% ram=35% gpu=51% vram=57% gpu_temp=52C
[2026-03-08 22:27:13] final.twotower.train progress epoch=6/6 batch=800/3737 loss=0.3452 seen_pairs=3,276,800 (21.4%) | cpu=13% ram=35% gpu=51% vram=57% gpu_temp=52C
[2026-03-08 22:27:15] final.twotower.train progress epoch=6/6 batch=900/3737 loss=0.3397 seen_pairs=3,686,400 (24.1%) | cpu=12% ram=35% gpu=49% vram=57% gpu_temp=53C
[2026-03-08 22:27:16] final.twotower.train progress epoch=6/6 batch=1000/3737 loss=0.3405 seen_pairs=4,096,000 (26.8%) | cpu=12% ram=35% gpu=48% vram=57% gpu_temp=53C
[2026-03-08 22:27:17] final.twotower.train progress epoch=6/6 batch=1100/3737 loss=0.3482 seen_pairs=4,505,600 (29.4%) | cpu=12% ram=35% gpu=48% vram=57% gpu_temp=53C
[2026-03-08 22:27:19] final.twotower.train progress epoch=6/6 batch=1200/3737 loss=0.3437 seen_pairs=4,915,200 (32.1%) | cpu=11% ram=35% gpu=50% vram=57% gpu_temp=53C
[2026-03-08 22:27:20] final.twotower.train progress epoch=6/6 batch=1300/3737 loss=0.3404 seen_pairs=5,324,800 (34.8%) | cpu=11% ram=35% gpu=50% vram=57% gpu_temp=53C
[2026-03-08 22:27:22] final.twotower.train progress epoch=6/6 batch=1400/3737 loss=0.3498 seen_pairs=5,734,400 (37.5%) | cpu=11% ram=35% gpu=50% vram=57% gpu_temp=53C
[2026-03-08 22:27:24] final.twotower.train progress epoch=6/6 batch=1500/3737 loss=0.3490 seen_pairs=6,144,000 (40.1%) | cpu=11% ram=35% gpu=47% vram=57% gpu_temp=53C
[2026-03-08 22:27:26] final.twotower.train progress epoch=6/6 batch=1600/3737 loss=0.3518 seen_pairs=6,553,600 (42.8%) | cpu=10% ram=35% gpu=48% vram=57% gpu_temp=53C
[2026-03-08 22:27:27] final.twotower.train progress epoch=6/6 batch=1700/3737 loss=0.3442 seen_pairs=6,963,200 (45.5%) | cpu=13% ram=35% gpu=49% vram=57% gpu_temp=53C
[2026-03-08 22:27:29] final.twotower.train progress epoch=6/6 batch=1800/3737 loss=0.3461 seen_pairs=7,372,800 (48.2%) | cpu=12% ram=35% gpu=49% vram=57% gpu_temp=53C
[2026-03-08 22:27:31] final.twotower.train progress epoch=6/6 batch=1900/3737 loss=0.3440 seen_pairs=7,782,400 (50.8%) | cpu=12% ram=35% gpu=48% vram=57% gpu_temp=53C
[2026-03-08 22:27:32] final.twotower.train progress epoch=6/6 batch=2000/3737 loss=0.3352 seen_pairs=8,192,000 (53.5%) | cpu=15% ram=35% gpu=51% vram=57% gpu_temp=53C
[2026-03-08 22:27:34] final.twotower.train progress epoch=6/6 batch=2100/3737 loss=0.3406 seen_pairs=8,601,600 (56.2%) | cpu=18% ram=35% gpu=48% vram=57% gpu_temp=53C
[2026-03-08 22:27:36] final.twotower.train progress epoch=6/6 batch=2200/3737 loss=0.3549 seen_pairs=9,011,200 (58.9%) | cpu=13% ram=35% gpu=50% vram=57% gpu_temp=53C
[2026-03-08 22:27:38] final.twotower.train progress epoch=6/6 batch=2300/3737 loss=0.3504 seen_pairs=9,420,800 (61.5%) | cpu=12% ram=35% gpu=49% vram=57% gpu_temp=53C
[2026-03-08 22:27:39] final.twotower.train progress epoch=6/6 batch=2400/3737 loss=0.3389 seen_pairs=9,830,400 (64.2%) | cpu=11% ram=35% gpu=47% vram=57% gpu_temp=53C
[2026-03-08 22:27:41] final.twotower.train progress epoch=6/6 batch=2500/3737 loss=0.3499 seen_pairs=10,240,000 (66.9%) | cpu=11% ram=35% gpu=49% vram=57% gpu_temp=53C
[2026-03-08 22:27:43] final.twotower.train progress epoch=6/6 batch=2600/3737 loss=0.3458 seen_pairs=10,649,600 (69.6%) | cpu=12% ram=35% gpu=47% vram=57% gpu_temp=53C
[2026-03-08 22:27:44] final.twotower.train progress epoch=6/6 batch=2700/3737 loss=0.3557 seen_pairs=11,059,200 (72.3%) | cpu=11% ram=35% gpu=48% vram=57% gpu_temp=53C
[2026-03-08 22:27:46] final.twotower.train progress epoch=6/6 batch=2800/3737 loss=0.3497 seen_pairs=11,468,800 (74.9%) | cpu=11% ram=35% gpu=47% vram=57% gpu_temp=53C
[2026-03-08 22:27:47] final.twotower.train progress epoch=6/6 batch=2900/3737 loss=0.3431 seen_pairs=11,878,400 (77.6%) | cpu=12% ram=35% gpu=48% vram=57% gpu_temp=53C
[2026-03-08 22:27:49] final.twotower.train progress epoch=6/6 batch=3000/3737 loss=0.3503 seen_pairs=12,288,000 (80.3%) | cpu=11% ram=35% gpu=51% vram=57% gpu_temp=53C
[2026-03-08 22:27:50] final.twotower.train progress epoch=6/6 batch=3100/3737 loss=0.3469 seen_pairs=12,697,600 (83.0%) | cpu=11% ram=35% gpu=50% vram=57% gpu_temp=53C
[2026-03-08 22:27:52] final.twotower.train progress epoch=6/6 batch=3200/3737 loss=0.3485 seen_pairs=13,107,200 (85.6%) | cpu=13% ram=35% gpu=49% vram=57% gpu_temp=53C
[2026-03-08 22:27:54] final.twotower.train progress epoch=6/6 batch=3300/3737 loss=0.3411 seen_pairs=13,516,800 (88.3%) | cpu=11% ram=35% gpu=42% vram=57% gpu_temp=53C
[2026-03-08 22:27:56] final.twotower.train progress epoch=6/6 batch=3400/3737 loss=0.3479 seen_pairs=13,926,400 (91.0%) | cpu=11% ram=35% gpu=50% vram=57% gpu_temp=53C
[2026-03-08 22:27:57] final.twotower.train progress epoch=6/6 batch=3500/3737 loss=0.3484 seen_pairs=14,336,000 (93.7%) | cpu=12% ram=35% gpu=48% vram=57% gpu_temp=53C
[2026-03-08 22:27:59] final.twotower.train progress epoch=6/6 batch=3600/3737 loss=0.3459 seen_pairs=14,745,600 (96.3%) | cpu=11% ram=35% gpu=49% vram=57% gpu_temp=53C
[2026-03-08 22:28:01] final.twotower.train progress epoch=6/6 batch=3700/3737 loss=0.3446 seen_pairs=15,155,200 (99.0%) | cpu=12% ram=35% gpu=47% vram=57% gpu_temp=53C
[2026-03-08 22:28:01] final.twotower.train progress epoch=6/6 batch=3737/3737 loss=0.3391 seen_pairs=15,304,489 (100.0%) | cpu=16% ram=35% gpu=48% vram=57% gpu_temp=53C
[2026-03-08 22:28:01] final.twotower.train epoch_done epoch=6/6 avg_loss=0.34297 | cpu=10% ram=35% gpu=48% vram=57% gpu_temp=53C
[2026-03-08 22:28:02] Stage final.twotower.train done in 451.5s | cpu=12% ram=33% gpu=26% vram=57% gpu_temp=53C
[2026-03-08 22:28:07] final.twotower.candidates start users=161,578 topn=360 batch_size=1024 batches=158 | cpu=12% ram=37% gpu=11% vram=57% gpu_temp=48C
[2026-03-08 22:28:09] final.twotower.candidates progress users=10,240/161,578 (6.3%) | cpu=11% ram=39% gpu=14% vram=61% gpu_temp=48C
[2026-03-08 22:28:10] final.twotower.candidates progress users=20,480/161,578 (12.7%) | cpu=11% ram=41% gpu=10% vram=61% gpu_temp=48C
[2026-03-08 22:28:12] final.twotower.candidates progress users=30,720/161,578 (19.0%) | cpu=12% ram=42% gpu=17% vram=61% gpu_temp=48C
[2026-03-08 22:28:13] final.twotower.candidates progress users=40,960/161,578 (25.3%) | cpu=11% ram=44% gpu=31% vram=61% gpu_temp=48C
[2026-03-08 22:28:15] final.twotower.candidates progress users=51,200/161,578 (31.7%) | cpu=12% ram=46% gpu=40% vram=63% gpu_temp=48C
[2026-03-08 22:28:17] final.twotower.candidates progress users=61,440/161,578 (38.0%) | cpu=12% ram=48% gpu=22% vram=61% gpu_temp=48C
[2026-03-08 22:28:18] final.twotower.candidates progress users=71,680/161,578 (44.4%) | cpu=12% ram=49% gpu=33% vram=61% gpu_temp=48C
[2026-03-08 22:28:20] final.twotower.candidates progress users=81,920/161,578 (50.7%) | cpu=11% ram=51% gpu=26% vram=61% gpu_temp=47C
[2026-03-08 22:28:21] final.twotower.candidates progress users=92,160/161,578 (57.0%) | cpu=13% ram=53% gpu=36% vram=61% gpu_temp=47C
[2026-03-08 22:28:23] final.twotower.candidates progress users=102,400/161,578 (63.4%) | cpu=12% ram=54% gpu=23% vram=61% gpu_temp=47C
[2026-03-08 22:28:24] final.twotower.candidates progress users=112,640/161,578 (69.7%) | cpu=12% ram=56% gpu=39% vram=61% gpu_temp=47C
[2026-03-08 22:28:26] final.twotower.candidates progress users=122,880/161,578 (76.0%) | cpu=11% ram=58% gpu=22% vram=61% gpu_temp=47C
[2026-03-08 22:28:27] final.twotower.candidates progress users=133,120/161,578 (82.4%) | cpu=12% ram=59% gpu=33% vram=61% gpu_temp=47C
[2026-03-08 22:28:29] final.twotower.candidates progress users=143,360/161,578 (88.7%) | cpu=11% ram=61% gpu=34% vram=61% gpu_temp=47C
[2026-03-08 22:28:31] final.twotower.candidates progress users=153,600/161,578 (95.1%) | cpu=11% ram=63% gpu=36% vram=61% gpu_temp=47C
[2026-03-08 22:28:32] final.twotower.candidates progress users=161,578/161,578 (100.0%) | cpu=14% ram=64% gpu=20% vram=61% gpu_temp=47C
[2026-03-08 22:28:46] final.twotower.candidates start users=161,578 topn=360 batch_size=1024 batches=158 | cpu=10% ram=39% gpu=33% vram=61% gpu_temp=45C
[2026-03-08 22:28:48] final.twotower.candidates progress users=10,240/161,578 (6.3%) | cpu=13% ram=40% gpu=8% vram=61% gpu_temp=46C
[2026-03-08 22:28:49] final.twotower.candidates progress users=20,480/161,578 (12.7%) | cpu=13% ram=42% gpu=19% vram=61% gpu_temp=47C
[2026-03-08 22:28:50] final.twotower.candidates progress users=30,720/161,578 (19.0%) | cpu=12% ram=44% gpu=17% vram=61% gpu_temp=46C
[2026-03-08 22:28:51] final.twotower.candidates progress users=40,960/161,578 (25.3%) | cpu=10% ram=45% gpu=15% vram=61% gpu_temp=46C
[2026-03-08 22:28:53] final.twotower.candidates progress users=51,200/161,578 (31.7%) | cpu=12% ram=47% gpu=22% vram=61% gpu_temp=46C
[2026-03-08 22:28:54] final.twotower.candidates progress users=61,440/161,578 (38.0%) | cpu=11% ram=49% gpu=25% vram=61% gpu_temp=46C
[2026-03-08 22:28:56] final.twotower.candidates progress users=71,680/161,578 (44.4%) | cpu=11% ram=50% gpu=25% vram=61% gpu_temp=46C
[2026-03-08 22:28:57] final.twotower.candidates progress users=81,920/161,578 (50.7%) | cpu=13% ram=52% gpu=20% vram=61% gpu_temp=45C
[2026-03-08 22:28:59] final.twotower.candidates progress users=92,160/161,578 (57.0%) | cpu=13% ram=54% gpu=19% vram=61% gpu_temp=46C
[2026-03-08 22:29:00] final.twotower.candidates progress users=102,400/161,578 (63.4%) | cpu=12% ram=55% gpu=33% vram=61% gpu_temp=45C
[2026-03-08 22:29:02] final.twotower.candidates progress users=112,640/161,578 (69.7%) | cpu=13% ram=57% gpu=24% vram=61% gpu_temp=45C
[2026-03-08 22:29:03] final.twotower.candidates progress users=122,880/161,578 (76.0%) | cpu=12% ram=59% gpu=23% vram=61% gpu_temp=45C
[2026-03-08 22:29:05] final.twotower.candidates progress users=133,120/161,578 (82.4%) | cpu=11% ram=60% gpu=26% vram=61% gpu_temp=45C
[2026-03-08 22:29:05] final.twotower.candidates progress users=143,360/161,578 (88.7%) | cpu=10% ram=62% gpu=22% vram=61% gpu_temp=45C
[2026-03-08 22:29:07] final.twotower.candidates progress users=153,600/161,578 (95.1%) | cpu=12% ram=64% gpu=35% vram=61% gpu_temp=45C
[2026-03-08 22:29:08] final.twotower.candidates progress users=161,578/161,578 (100.0%) | cpu=12% ram=65% gpu=23% vram=61% gpu_temp=45C
[2026-03-08 22:29:19] Stage final.twotower.candidates done in 79.7s | val_rows=19,388,548 test_rows=19,388,548 | cpu=11% ram=40% gpu=30% vram=61% gpu_temp=44C
[2026-03-08 22:29:20] baseline.retrieval.setup algo=cosine users=161,578 items=47,187 interactions=15,304,489 | cpu=13% ram=40% gpu=46% vram=61% gpu_temp=44C
/home/zxczxc/mambaforge/envs/trainer/lib/python3.10/site-packages/implicit/utils.py:164: ParameterWarning: Method expects CSR input, and was passed coo_matrix instead. Converting to CSR took 0.042868852615356445 seconds
  warnings.warn(
  0%|          | 0/47187 [00:00<?, ?it/s]  0%|          | 190/47187 [00:00<00:24, 1899.30it/s]  0%|          | 191/47187 [00:00<00:24, 1900.18it/s]  1%|          | 400/47187 [00:00<00:23, 1984.53it/s]  1%|          | 402/47187 [00:00<00:22, 2051.95it/s]  1%|          | 403/47187 [00:00<00:22, 2051.95it/s]  1%|1         | 695/47187 [00:00<00:19, 2343.11it/s]  1%|1         | 696/47187 [00:00<00:18, 2527.97it/s]  2%|2         | 979/47187 [00:00<00:17, 2618.90it/s]  2%|2         | 981/47187 [00:00<00:16, 2724.90it/s]  2%|2         | 981/47187 [00:00<00:16, 2724.90it/s]  3%|2         | 1255/47187 [00:00<00:24, 1893.31it/s]  3%|2         | 1256/47187 [00:00<00:29, 1564.08it/s]  3%|3         | 1504/47187 [00:00<00:26, 1745.89it/s]  4%|3         | 1837/47187 [00:00<00:21, 2092.33it/s]  4%|3         | 1839/47187 [00:00<00:17, 2622.69it/s]  4%|3         | 1839/47187 [00:00<00:17, 2622.69it/s]  5%|4         | 2128/47187 [00:00<00:18, 2479.93it/s]  5%|5         | 2396/47187 [00:01<00:18, 2472.83it/s]  5%|5         | 2397/47187 [00:01<00:18, 2468.06it/s]  6%|5         | 2708/47187 [00:01<00:16, 2635.86it/s]  6%|6         | 2984/47187 [00:01<00:16, 2668.68it/s]  6%|6         | 2985/47187 [00:01<00:16, 2693.48it/s]  7%|7         | 3312/47187 [00:01<00:15, 2855.93it/s]  8%|7         | 3689/47187 [00:01<00:13, 3122.18it/s]  8%|7         | 3690/47187 [00:01<00:13, 3312.14it/s]  9%|8         | 4024/47187 [00:01<00:13, 3235.85it/s]  9%|8         | 4027/47187 [00:01<00:13, 3130.97it/s]  9%|8         | 4027/47187 [00:01<00:13, 3130.97it/s]  9%|8         | 4029/47187 [00:01<00:13, 3130.97it/s] 10%|9         | 4665/47187 [00:01<00:10, 4042.99it/s] 10%|9         | 4669/47187 [00:01<00:07, 5516.75it/s] 10%|9         | 4670/47187 [00:01<00:07, 5516.75it/s] 10%|9         | 4671/47187 [00:01<00:07, 5516.75it/s] 11%|#1        | 5228/47187 [00:01<00:07, 5255.72it/s] 11%|#1        | 5231/47187 [00:01<00:08, 4969.73it/s] 11%|#1        | 5233/47187 [00:01<00:08, 4969.73it/s] 12%|#2        | 5833/47187 [00:01<00:07, 5246.02it/s] 14%|#3        | 6530/47187 [00:02<00:07, 5730.41it/s] 14%|#3        | 6533/47187 [00:02<00:06, 6515.93it/s] 14%|#3        | 6534/47187 [00:02<00:06, 6515.93it/s] 14%|#3        | 6534/47187 [00:02<00:06, 6515.93it/s] 15%|#5        | 7191/47187 [00:02<00:06, 6090.31it/s] 17%|#6        | 7983/47187 [00:02<00:05, 6606.13it/s] 17%|#6        | 7985/47187 [00:02<00:05, 7246.28it/s] 17%|#6        | 7986/47187 [00:02<00:05, 7246.28it/s] 20%|#9        | 9300/47187 [00:02<00:04, 8960.91it/s] 20%|#9        | 9301/47187 [00:02<00:03, 10149.33it/s] 22%|##1       | 10323/47187 [00:02<00:03, 9524.15it/s] 22%|##1       | 10329/47187 [00:02<00:04, 8445.45it/s] 22%|##1       | 10329/47187 [00:02<00:04, 8445.45it/s] 22%|##1       | 10329/47187 [00:02<00:04, 8445.45it/s] 22%|##1       | 10330/47187 [00:02<00:04, 8445.45it/s] 22%|##1       | 10332/47187 [00:02<00:04, 8445.45it/s] 22%|##1       | 10334/47187 [00:02<00:04, 8445.45it/s] 24%|##3       | 11182/47187 [00:02<00:04, 8303.63it/s] 24%|##3       | 11186/47187 [00:02<00:04, 8022.06it/s] 24%|##3       | 11188/47187 [00:02<00:04, 8022.06it/s] 24%|##3       | 11188/47187 [00:02<00:04, 8022.06it/s] 24%|##3       | 11189/47187 [00:02<00:04, 8022.06it/s] 25%|##5       | 12028/47187 [00:02<00:04, 8123.66it/s] 27%|##7       | 12902/47187 [00:02<00:04, 8298.40it/s] 30%|##9       | 14154/47187 [00:02<00:03, 9520.09it/s] 30%|###       | 14159/47187 [00:02<00:02, 11979.52it/s] 30%|###       | 14161/47187 [00:02<00:02, 11979.52it/s] 30%|###       | 14163/47187 [00:02<00:02, 11979.52it/s] 30%|###       | 14167/47187 [00:02<00:02, 11979.52it/s] 30%|###       | 14169/47187 [00:02<00:02, 11979.52it/s] 34%|###3      | 15929/47187 [00:02<00:02, 13642.79it/s] 34%|###3      | 15931/47187 [00:02<00:02, 15615.95it/s] 34%|###3      | 15932/47187 [00:02<00:02, 15615.95it/s] 37%|###7      | 17519/47187 [00:03<00:01, 15681.86it/s] 37%|###7      | 17523/47187 [00:03<00:01, 15774.95it/s] 37%|###7      | 17525/47187 [00:03<00:01, 15774.95it/s] 37%|###7      | 17528/47187 [00:03<00:01, 15774.95it/s] 37%|###7      | 17528/47187 [00:03<00:01, 15774.95it/s] 41%|####1     | 19454/47187 [00:03<00:01, 16812.64it/s] 41%|####1     | 19456/47187 [00:03<00:01, 18001.97it/s] 41%|####1     | 19456/47187 [00:03<00:01, 18001.97it/s] 46%|####5     | 21654/47187 [00:03<00:01, 19190.02it/s] 46%|####5     | 21657/47187 [00:03<00:01, 20981.16it/s] 46%|####5     | 21660/47187 [00:03<00:01, 20981.16it/s] 46%|####5     | 21663/47187 [00:03<00:01, 20981.16it/s] 55%|#####4    | 25790/47187 [00:03<00:00, 27038.58it/s] 55%|#####4    | 25792/47187 [00:03<00:00, 34209.63it/s] 55%|#####4    | 25795/47187 [00:03<00:00, 34209.63it/s] 66%|######5   | 31092/47187 [00:03<00:00, 39807.73it/s] 66%|######5   | 31098/47187 [00:03<00:00, 51194.52it/s] 66%|######5   | 31102/47187 [00:03<00:00, 51194.52it/s] 66%|######5   | 31102/47187 [00:03<00:00, 51194.52it/s] 66%|######5   | 31105/47187 [00:03<00:00, 51194.52it/s] 66%|######5   | 31119/47187 [00:03<00:00, 51194.52it/s] 66%|######5   | 31130/47187 [00:03<00:00, 51194.52it/s] 78%|#######7  | 36687/47187 [00:03<00:00, 52487.73it/s] 78%|#######7  | 36693/47187 [00:03<00:00, 54950.47it/s] 78%|#######7  | 36695/47187 [00:03<00:00, 54950.47it/s] 78%|#######7  | 36696/47187 [00:03<00:00, 54950.47it/s] 78%|#######7  | 36700/47187 [00:03<00:00, 54950.47it/s] 78%|#######7  | 36702/47187 [00:03<00:00, 54950.47it/s] 78%|#######7  | 36722/47187 [00:03<00:00, 54950.47it/s] 89%|########9 | 42222/47187 [00:03<00:00, 54164.33it/s] 89%|########9 | 42228/47187 [00:03<00:00, 52386.48it/s] 89%|########9 | 42229/47187 [00:03<00:00, 52386.48it/s] 90%|########9 | 42234/47187 [00:03<00:00, 52386.48it/s] 90%|########9 | 42241/47187 [00:03<00:00, 52386.48it/s] 90%|########9 | 42252/47187 [00:03<00:00, 52386.48it/s] 90%|########9 | 42264/47187 [00:03<00:00, 52386.48it/s]100%|##########| 47187/47187 [00:03<00:00, 12417.63it/s]
[2026-03-08 22:29:24] baseline.retrieval.fit algo=cosine K=200 threads=0 done_in=4.5s | cpu=58% ram=41% gpu=26% vram=61% gpu_temp=45C
[2026-03-08 22:29:24] Stage final.aux_retrieval.train done in 5.4s | algo=cosine | cpu=16% ram=41% gpu=47% vram=61% gpu_temp=45C
[2026-03-08 22:29:25] baseline.retrieval.candidates start users=161,578 batch_size=4096 batches=40 | cpu=17% ram=41% gpu=47% vram=61% gpu_temp=45C
[2026-03-08 22:29:32] baseline.retrieval.candidates progress users=40,960/161,578 (25.3%) | cpu=12% ram=41% gpu=30% vram=61% gpu_temp=45C
[2026-03-08 22:29:38] baseline.retrieval.candidates progress users=81,920/161,578 (50.7%) | cpu=11% ram=41% gpu=29% vram=61% gpu_temp=44C
[2026-03-08 22:29:45] baseline.retrieval.candidates progress users=122,880/161,578 (76.0%) | cpu=10% ram=41% gpu=39% vram=61% gpu_temp=44C
[2026-03-08 22:29:52] baseline.retrieval.candidates progress users=161,578/161,578 (100.0%) | cpu=13% ram=42% gpu=34% vram=62% gpu_temp=44C
[2026-03-08 22:29:52] baseline.retrieval.candidates start users=161,578 batch_size=4096 batches=40 | cpu=13% ram=42% gpu=29% vram=62% gpu_temp=43C
[2026-03-08 22:29:59] baseline.retrieval.candidates progress users=40,960/161,578 (25.3%) | cpu=11% ram=42% gpu=41% vram=62% gpu_temp=43C
[2026-03-08 22:30:06] baseline.retrieval.candidates progress users=81,920/161,578 (50.7%) | cpu=12% ram=42% gpu=29% vram=62% gpu_temp=43C
[2026-03-08 22:30:13] baseline.retrieval.candidates progress users=122,880/161,578 (76.0%) | cpu=10% ram=42% gpu=20% vram=62% gpu_temp=43C
[2026-03-08 22:30:20] baseline.retrieval.candidates progress users=161,578/161,578 (100.0%) | cpu=11% ram=43% gpu=35% vram=62% gpu_temp=42C
[2026-03-08 22:30:21] Stage final.aux_retrieval.candidates done in 57.0s | val_rows=19,389,360 test_rows=19,389,360 | cpu=17% ram=43% gpu=34% vram=62% gpu_temp=42C
[2026-03-08 22:30:21] final.candidate_fusion start sources=3 users_val=161,578 users_test=161,578 k=120 use_gpu=True | cpu=15% ram=43% gpu=47% vram=62% gpu_temp=42C
[2026-03-08 22:30:21] final.candidate_fusion.val backend=cudf | cpu=17% ram=43% gpu=47% vram=62% gpu_temp=42C
[2026-03-08 22:30:21] final.candidate_fusion.val source_prepare name=tt rows=19,388,548 weight=0.40 | cpu=18% ram=43% gpu=47% vram=62% gpu_temp=42C
[2026-03-08 22:30:22] final.candidate_fusion.val source_ready name=tt rows=19,388,548 in=0.8s | cpu=14% ram=43% gpu=53% vram=71% gpu_temp=43C
[2026-03-08 22:30:22] final.candidate_fusion.val source_prepare name=als rows=19,389,360 weight=0.50 | cpu=11% ram=43% gpu=53% vram=71% gpu_temp=43C
[2026-03-08 22:30:21] final.candidate_fusion.val source_ready name=als rows=19,389,360 in=1.3s | cpu=11% ram=43% gpu=51% vram=75% gpu_temp=45C
[2026-03-08 22:30:22] final.candidate_fusion.val source_prepare name=aux rows=19,389,360 weight=0.10 | cpu=9% ram=43% gpu=51% vram=75% gpu_temp=45C
[2026-03-08 22:30:22] final.candidate_fusion.val source_ready name=aux rows=19,389,360 in=0.4s | cpu=13% ram=43% gpu=36% vram=80% gpu_temp=47C
[2026-03-08 22:30:22] final.candidate_fusion.val merge_start inputs=3 | cpu=8% ram=43% gpu=38% vram=80% gpu_temp=47C
[2026-03-08 22:30:22] final.candidate_fusion.val merge_step=1/2 rows=33,142,863 in=0.2s | cpu=12% ram=43% gpu=50% vram=86% gpu_temp=47C
[2026-03-08 22:30:23] final.candidate_fusion.val merge_step=2/2 rows=43,730,525 in=0.4s | cpu=13% ram=43% gpu=44% vram=84% gpu_temp=45C
[2026-03-08 22:30:25] final.candidate_fusion.val topk_done rows=19,389,360 k=120 | cpu=10% ram=43% gpu=32% vram=95% gpu_temp=45C
[2026-03-08 22:30:26] final.candidate_fusion.test backend=cudf | cpu=11% ram=46% gpu=5% vram=59% gpu_temp=45C
[2026-03-08 22:30:26] final.candidate_fusion.test source_prepare name=tt rows=19,388,548 weight=0.40 | cpu=11% ram=46% gpu=5% vram=59% gpu_temp=45C
[2026-03-08 22:30:26] final.candidate_fusion.test source_ready name=tt rows=19,388,548 in=0.4s | cpu=14% ram=46% gpu=48% vram=68% gpu_temp=46C
[2026-03-08 22:30:26] final.candidate_fusion.test source_prepare name=als rows=19,389,360 weight=0.50 | cpu=12% ram=46% gpu=48% vram=68% gpu_temp=46C
[2026-03-08 22:30:27] final.candidate_fusion.test source_ready name=als rows=19,389,360 in=0.4s | cpu=18% ram=46% gpu=53% vram=73% gpu_temp=46C
[2026-03-08 22:30:27] final.candidate_fusion.test source_prepare name=aux rows=19,389,360 weight=0.10 | cpu=9% ram=46% gpu=53% vram=73% gpu_temp=46C
[2026-03-08 22:30:27] final.candidate_fusion.test source_ready name=aux rows=19,389,360 in=0.4s | cpu=14% ram=46% gpu=57% vram=77% gpu_temp=46C
[2026-03-08 22:30:27] final.candidate_fusion.test merge_start inputs=3 | cpu=7% ram=46% gpu=57% vram=77% gpu_temp=46C
[2026-03-08 22:30:28] final.candidate_fusion.test merge_step=1/2 rows=33,142,863 in=0.2s | cpu=11% ram=46% gpu=29% vram=83% gpu_temp=46C
[2026-03-08 22:30:28] final.candidate_fusion.test merge_step=2/2 rows=43,730,525 in=0.3s | cpu=15% ram=46% gpu=64% vram=84% gpu_temp=47C
[2026-03-08 22:30:31] final.candidate_fusion.test topk_done rows=19,389,360 k=120 | cpu=10% ram=46% gpu=17% vram=95% gpu_temp=47C
[2026-03-08 22:30:32] Stage final.candidate_fusion done in 12.8s | tt_weight=0.40 als_weight=0.50 aux_algo=cosine aux_weight=0.10 val_rows=19,389,360 test_rows=19,389,360 | cpu=12% ram=49% gpu=4% vram=60% gpu_temp=46C
[2026-03-08 22:30:46] Stage final.retrieval.eval done in 13.9s
[2026-03-08 22:30:46] ranker.features start candidate_rows=19,389,360 train_rows=15,304,489 target_rows=161,578 | cpu=11% ram=49% gpu=23% vram=60% gpu_temp=43C
[2026-03-08 22:30:46] ranker.features backend=cudf | cpu=9% ram=49% gpu=23% vram=60% gpu_temp=43C
[2026-03-08 22:32:52] ranker.features base_signals_done | cpu=12% ram=50% gpu=17% vram=96% gpu_temp=41C
[2026-03-08 22:32:59] ranker.features genre_signals_done | cpu=9% ram=55% gpu=20% vram=60% gpu_temp=41C
[2026-03-08 22:33:10] ranker.features done rows=19,389,360 feature_cols=25 positive_rate=0.0039 | cpu=10% ram=56% gpu=18% vram=60% gpu_temp=41C
[2026-03-08 22:33:10] ranker.features start candidate_rows=19,389,360 train_rows=15,304,489 target_rows=161,578 | cpu=7% ram=52% gpu=18% vram=60% gpu_temp=41C
[2026-03-08 22:33:10] ranker.features backend=cudf | cpu=5% ram=52% gpu=18% vram=60% gpu_temp=41C
[2026-03-08 22:35:19] ranker.features base_signals_done | cpu=11% ram=51% gpu=38% vram=97% gpu_temp=41C
[2026-03-08 22:35:28] ranker.features genre_signals_done | cpu=9% ram=56% gpu=33% vram=55% gpu_temp=41C
[2026-03-08 22:35:39] ranker.features done rows=19,389,360 feature_cols=25 positive_rate=0.0036 | cpu=10% ram=57% gpu=26% vram=55% gpu_temp=41C
[2026-03-08 22:35:39] Stage final.ranker.features done in 302.4s | train_rows=19,389,360 test_rows=19,389,360 | cpu=8% ram=53% gpu=26% vram=55% gpu_temp=41C
[2026-03-08 22:35:59] ranker.train start rows=19,389,360 cols=25 positive_rate=0.0039 | cpu=6% ram=64% gpu=42% vram=55% gpu_temp=41C
[2026-03-08 22:36:58] ranker.train done framework=xgboost device=cuda in=59.9s | cpu=12% ram=65% gpu=7% vram=58% gpu_temp=53C
[2026-03-08 22:36:59] ranker.score start rows=19,389,360 cols=25 | cpu=12% ram=64% gpu=6% vram=58% gpu_temp=51C
[2026-03-08 22:37:07] ranker.score done rows=19,389,360 | cpu=12% ram=66% gpu=92% vram=82% gpu_temp=56C
[2026-03-08 22:37:07] Stage final.ranker.train+score done in 73.6s | scored_rows=19,389,360 | cpu=11% ram=57% gpu=6% vram=59% gpu_temp=56C
[2026-03-08 22:37:35] Stage final.ranker.eval done in 27.5s
[2026-03-08 22:37:35] final.ranker.ensemble start base_rows=19,389,360 final_rows=19,389,360 w_base=0.45 w_final=0.55 | cpu=10% ram=28% gpu=41% vram=59% gpu_temp=44C
[2026-03-08 22:38:00] final.ranker.ensemble normalized base_rows=19,389,360 final_rows=19,389,360 | cpu=11% ram=33% gpu=36% vram=59% gpu_temp=43C
[2026-03-08 22:38:16] final.ranker.ensemble merged rows=24,691,723 | cpu=11% ram=34% gpu=30% vram=59% gpu_temp=42C
[2026-03-08 22:38:16] final.ranker.ensemble done rows=24,691,723 | cpu=12% ram=36% gpu=41% vram=59% gpu_temp=42C
[2026-03-08 22:38:31] Stage final.ranker.ensemble done in 58.1s | baseline_weight=0.45 final_weight=0.55
[2026-03-08 22:38:31] Saved: outputs/fullrun_gpu_hybrid3_cosine/tables/metrics_final.csv
[2026-03-08 22:38:31] Saved: outputs/fullrun_gpu_hybrid3_cosine/tables/metrics_comparison.csv
[2026-03-08 22:38:32] Stage plot.save done in 1.2s
[2026-03-08 22:38:33] Saved: outputs/fullrun_gpu_hybrid3_cosine/tables/split_stats.csv
[2026-03-08 22:38:33] Pipeline done in 1288.8s | cpu=10% ram=28% gpu=26% vram=59% gpu_temp=42C
saved=outputs/fullrun_gpu_hybrid3_cosine/tables/metrics_comparison.csv
                                  model  k   recall  hitrate     ndcg      map      mrr  users
                 baseline_retrieval_als 10 0.076298 0.076298 0.036428 0.024536 0.024536 161578
                 baseline_retrieval_als 20 0.135538 0.135538 0.051268 0.028537 0.028537 161578
                 baseline_retrieval_als 50 0.268168 0.268168 0.077386 0.032648 0.032648 161578
                        baseline_ranker 10 0.102192 0.102192 0.052110 0.037073 0.037073 161578
                        baseline_ranker 20 0.165753 0.165753 0.068063 0.041391 0.041391 161578
                        baseline_ranker 50 0.292274 0.292274 0.093017 0.045335 0.045335 161578
final_retrieval_two_tower_faiss_hybrid3 10 0.076508 0.076508 0.036132 0.024132 0.024132 161578
final_retrieval_two_tower_faiss_hybrid3 20 0.133415 0.133415 0.050382 0.027971 0.027971 161578
final_retrieval_two_tower_faiss_hybrid3 50 0.259132 0.259132 0.075131 0.031863 0.031863 161578
         final_ranker_two_tower_hybrid3 10 0.106630 0.106630 0.055127 0.039607 0.039607 161578
         final_ranker_two_tower_hybrid3 20 0.169819 0.169819 0.071004 0.043913 0.043913 161578
         final_ranker_two_tower_hybrid3 50 0.294242 0.294242 0.095549 0.047795 0.047795 161578
                  final_ranker_ensemble 10 0.107676 0.107676 0.055468 0.039777 0.039777 161578
                  final_ranker_ensemble 20 0.170487 0.170487 0.071237 0.044046 0.044046 161578
                  final_ranker_ensemble 50 0.296191 0.296191 0.096060 0.047982 0.047982 161578
