log_file=outputs/fullrun_gpu_quality_goal_stable_cpufeat_k220/logs/pipeline.log
[2026-03-09 13:08:35] Pipeline start | cpu=0% ram=6% gpu=28% vram=5% gpu_temp=49C
[2026-03-09 13:08:35] Outputs: ranker_scores=outputs/fullrun_gpu_quality_goal_stable_cpufeat_k220/ranker_scores
[2026-03-09 13:08:35] Outputs: tables=outputs/fullrun_gpu_quality_goal_stable_cpufeat_k220/tables figures=outputs/fullrun_gpu_quality_goal_stable_cpufeat_k220/figures
[2026-03-09 13:08:49] Stage data.load done in 16.2s | rows=15,630,129 users=162,414 items=47,396 | cpu=10% ram=8% gpu=25% vram=5% gpu_temp=49C
[2026-03-09 13:09:00] Stage data.split done in 11.3s | train=15,304,489 val=161,578 test=161,578 users_train=161,578 items_train=47,187 | cpu=10% ram=9% gpu=27% vram=5% gpu_temp=49C
[2026-03-09 13:09:01] Eval users: val=161,578 test=161,578
[2026-03-09 13:09:01] Saved: outputs/fullrun_gpu_quality_goal_stable_cpufeat_k220/ranker_scores/test_ground_truth.pkl
[2026-03-09 13:09:01] Eval setup: k_candidates=220 ks=[10, 20, 50]
[2026-03-09 13:09:02] baseline.retrieval.setup algo=als users=161,578 items=47,187 interactions=15,304,489 | cpu=14% ram=12% gpu=21% vram=5% gpu_temp=49C
  0%|          | 0/18 [00:00<?, ?it/s]  6%|5         | 1/18 [00:00<00:09,  1.79it/s] 11%|#1        | 2/18 [00:01<00:07,  2.03it/s] 17%|#6        | 3/18 [00:01<00:07,  2.12it/s] 22%|##2       | 4/18 [00:01<00:06,  2.18it/s] 28%|##7       | 5/18 [00:02<00:05,  2.21it/s] 33%|###3      | 6/18 [00:02<00:05,  2.22it/s] 39%|###8      | 7/18 [00:03<00:04,  2.22it/s] 44%|####4     | 8/18 [00:03<00:04,  2.22it/s] 50%|#####     | 9/18 [00:04<00:04,  2.18it/s] 56%|#####5    | 10/18 [00:04<00:03,  2.17it/s] 61%|######1   | 11/18 [00:05<00:03,  2.18it/s] 67%|######6   | 12/18 [00:05<00:02,  2.19it/s] 72%|#######2  | 13/18 [00:05<00:02,  2.20it/s] 78%|#######7  | 14/18 [00:06<00:01,  2.21it/s] 83%|########3 | 15/18 [00:06<00:01,  2.21it/s] 89%|########8 | 16/18 [00:07<00:00,  2.22it/s] 94%|#########4| 17/18 [00:07<00:00,  2.22it/s]100%|##########| 18/18 [00:08<00:00,  2.22it/s]100%|##########| 18/18 [00:08<00:00,  2.19it/s]
[2026-03-09 13:09:12] baseline.retrieval.fit algo=als use_gpu=True done_in=9.2s | cpu=14% ram=13% gpu=19% vram=7% gpu_temp=57C
[2026-03-09 13:09:12] Stage baseline.retrieval.train done in 10.6s | algo=als | cpu=5% ram=13% gpu=19% vram=7% gpu_temp=57C
[2026-03-09 13:09:12] baseline.retrieval.candidates start users=161,578 batch_size=8192 batches=20 | cpu=13% ram=13% gpu=19% vram=7% gpu_temp=57C
[2026-03-09 13:09:13] baseline.retrieval.candidates progress users=81,920/161,578 (50.7%) | cpu=9% ram=14% gpu=42% vram=50% gpu_temp=60C
[2026-03-09 13:09:15] baseline.retrieval.candidates progress users=161,578/161,578 (100.0%) | cpu=9% ram=15% gpu=38% vram=50% gpu_temp=58C
[2026-03-09 13:09:15] baseline.retrieval.candidates reuse test_from_val=true | cpu=9% ram=15% gpu=3% vram=50% gpu_temp=56C
[2026-03-09 13:09:15] Stage baseline.retrieval.candidates done in 2.9s | val_rows=35,547,160 test_rows=35,547,160 reused_from_val=True | cpu=6% ram=15% gpu=3% vram=50% gpu_temp=56C
[2026-03-09 13:09:47] Stage baseline.retrieval.eval done in 34.1s
[2026-03-09 13:09:49] ranker.features context_ready backend=cudf genre_vocab=19 user_recent_masks=161,578 | cpu=9% ram=18% gpu=13% vram=50% gpu_temp=52C
[2026-03-09 13:09:49] ranker.features start candidate_rows=35,547,160 train_rows=15,304,489 target_rows=161,578 | cpu=8% ram=18% gpu=13% vram=50% gpu_temp=52C
[2026-03-09 13:09:49] ranker.features backend=cudf | cpu=6% ram=18% gpu=13% vram=50% gpu_temp=52C
[2026-03-09 13:09:51] ranker.features merges_start backend=cudf rows=35,547,160 | cpu=9% ram=20% gpu=55% vram=55% gpu_temp=51C
[2026-03-09 13:09:51] ranker.features merge_done backend=cudf name=user_cnt rows=35,547,160 in=0.4s | cpu=10% ram=20% gpu=94% vram=64% gpu_temp=51C
[2026-03-09 13:09:51] ranker.features merge_done backend=cudf name=item_cnt rows=35,547,160 in=0.1s | cpu=15% ram=20% gpu=58% vram=67% gpu_temp=52C
[2026-03-09 13:09:51] ranker.features merge_done backend=cudf name=user_mean rows=35,547,160 in=0.1s | cpu=11% ram=20% gpu=43% vram=70% gpu_temp=52C
[2026-03-09 13:09:52] ranker.features merge_done backend=cudf name=item_mean rows=35,547,160 in=0.1s | cpu=9% ram=20% gpu=47% vram=74% gpu_temp=52C
[2026-03-09 13:09:52] ranker.features merge_done backend=cudf name=user_last_ts rows=35,547,160 in=0.2s | cpu=9% ram=20% gpu=43% vram=75% gpu_temp=56C
[2026-03-09 13:09:52] ranker.features merge_done backend=cudf name=user_first_ts rows=35,547,160 in=0.3s | cpu=10% ram=20% gpu=38% vram=73% gpu_temp=54C
[2026-03-09 13:09:53] ranker.features merge_done backend=cudf name=item_last_ts rows=35,547,160 in=0.4s | cpu=10% ram=20% gpu=50% vram=75% gpu_temp=54C
[2026-03-09 13:09:53] ranker.features merge_done backend=cudf name=query_ts rows=35,547,160 in=0.5s | cpu=9% ram=20% gpu=64% vram=73% gpu_temp=54C
[2026-03-09 13:09:55] ranker.features to_pandas_start rows=35,547,160 | cpu=8% ram=20% gpu=44% vram=97% gpu_temp=55C
[2026-03-09 13:11:37] ranker.features to_pandas_done rows=35,547,160 in=109.4s | cpu=10% ram=34% gpu=44% vram=96% gpu_temp=51C
[2026-03-09 13:11:37] ranker.features base_signals_done | cpu=11% ram=34% gpu=44% vram=96% gpu_temp=51C
[2026-03-09 13:11:46] ranker.features genre_signals_done | cpu=10% ram=42% gpu=23% vram=50% gpu_temp=52C
[2026-03-09 13:11:46] ranker.features labels_ready rows=161,578 | cpu=8% ram=42% gpu=21% vram=50% gpu_temp=52C
[2026-03-09 13:12:03] ranker.features labels_merged rows=35,547,160 in=19.1s | cpu=11% ram=43% gpu=25% vram=50% gpu_temp=52C
[2026-03-09 13:12:14] ranker.features done rows=35,547,160 feature_cols=21 positive_rate=0.0028 | cpu=11% ram=41% gpu=45% vram=50% gpu_temp=52C
[2026-03-09 13:12:14] ranker.features start candidate_rows=35,547,160 train_rows=15,304,489 target_rows=161,578 | cpu=9% ram=36% gpu=48% vram=50% gpu_temp=52C
[2026-03-09 13:12:14] ranker.features backend=cudf | cpu=18% ram=36% gpu=48% vram=50% gpu_temp=52C
[2026-03-09 13:12:20] ranker.features merges_start backend=cudf rows=35,547,160 | cpu=8% ram=38% gpu=23% vram=55% gpu_temp=52C
[2026-03-09 13:12:21] ranker.features merge_done backend=cudf name=user_cnt rows=35,547,160 in=0.3s | cpu=26% ram=38% gpu=57% vram=63% gpu_temp=52C
[2026-03-09 13:12:21] ranker.features merge_done backend=cudf name=item_cnt rows=35,547,160 in=0.2s | cpu=16% ram=38% gpu=49% vram=66% gpu_temp=54C
[2026-03-09 13:12:21] ranker.features merge_done backend=cudf name=user_mean rows=35,547,160 in=0.2s | cpu=9% ram=38% gpu=44% vram=70% gpu_temp=54C
[2026-03-09 13:12:22] ranker.features merge_done backend=cudf name=item_mean rows=35,547,160 in=0.2s | cpu=11% ram=38% gpu=36% vram=73% gpu_temp=55C
[2026-03-09 13:12:22] ranker.features merge_done backend=cudf name=user_last_ts rows=35,547,160 in=0.2s | cpu=13% ram=38% gpu=41% vram=74% gpu_temp=55C
[2026-03-09 13:12:22] ranker.features merge_done backend=cudf name=user_first_ts rows=35,547,160 in=0.3s | cpu=10% ram=38% gpu=35% vram=73% gpu_temp=55C
[2026-03-09 13:12:23] ranker.features merge_done backend=cudf name=item_last_ts rows=35,547,160 in=0.4s | cpu=10% ram=38% gpu=44% vram=75% gpu_temp=55C
[2026-03-09 13:12:24] ranker.features merge_done backend=cudf name=query_ts rows=35,547,160 in=0.6s | cpu=12% ram=38% gpu=19% vram=73% gpu_temp=56C
[2026-03-09 13:12:25] ranker.features to_pandas_start rows=35,547,160 | cpu=10% ram=38% gpu=49% vram=96% gpu_temp=55C
[2026-03-09 13:14:21] ranker.features to_pandas_done rows=35,547,160 in=125.4s | cpu=12% ram=39% gpu=26% vram=96% gpu_temp=54C
[2026-03-09 13:14:21] ranker.features base_signals_done | cpu=6% ram=39% gpu=26% vram=96% gpu_temp=54C
[2026-03-09 13:14:31] ranker.features genre_signals_done | cpu=9% ram=48% gpu=28% vram=50% gpu_temp=54C
[2026-03-09 13:14:32] ranker.features labels_ready rows=161,578 | cpu=7% ram=48% gpu=22% vram=50% gpu_temp=54C
[2026-03-09 13:14:48] ranker.features labels_merged rows=35,547,160 in=18.8s | cpu=11% ram=49% gpu=23% vram=50% gpu_temp=54C
[2026-03-09 13:14:55] ranker.features done rows=35,547,160 feature_cols=21 positive_rate=0.0026 | cpu=13% ram=47% gpu=26% vram=50% gpu_temp=54C
[2026-03-09 13:14:55] Stage baseline.ranker.features done in 335.6s | train_rows=35,547,160 test_rows=35,547,160 | cpu=10% ram=42% gpu=25% vram=50% gpu_temp=54C
[2026-03-09 13:15:16] ranker.train start rows=35,547,160 cols=21 positive_rate=0.0028 | cpu=7% ram=67% gpu=22% vram=50% gpu_temp=54C
[2026-03-09 13:17:14] ranker.train done framework=xgboost device=cuda in=113.6s | cpu=11% ram=70% gpu=6% vram=50% gpu_temp=72C
[2026-03-09 13:17:16] ranker.score start rows=35,547,160 cols=21 | cpu=11% ram=69% gpu=12% vram=50% gpu_temp=66C
[2026-03-09 13:17:29] ranker.score done rows=35,547,160 | cpu=14% ram=88% gpu=7% vram=86% gpu_temp=66C
[2026-03-09 13:17:29] Stage baseline.ranker.train+score done in 166.0s | scored_rows=35,547,160 | cpu=9% ram=74% gpu=7% vram=52% gpu_temp=66C
[2026-03-09 13:17:30] Stage ranker.scores.save done in 1.6s | name=baseline_scores rows=35,547,160 path=outputs/fullrun_gpu_quality_goal_stable_cpufeat_k220/ranker_scores/baseline_scores.pkl
[2026-03-09 13:18:10] Stage baseline.ranker.eval done in 40.2s
[2026-03-09 13:18:10] Saved: outputs/fullrun_gpu_quality_goal_stable_cpufeat_k220/tables/metrics_baseline.csv
[2026-03-09 13:18:14] final.twotower.setup device=cuda users=161,578 items=47,187 pairs=15,304,489 batch_size=6144 negatives=20 | cpu=11% ram=37% gpu=21% vram=54% gpu_temp=59C
[2026-03-09 13:18:28] final.twotower.train progress epoch=1/8 batch=80/2491 loss=0.6931 seen_pairs=491,520 (3.2%) | cpu=11% ram=38% gpu=54% vram=60% gpu_temp=63C
[2026-03-09 13:18:31] final.twotower.train progress epoch=1/8 batch=160/2491 loss=0.6932 seen_pairs=983,040 (6.4%) | cpu=11% ram=38% gpu=48% vram=60% gpu_temp=63C
[2026-03-09 13:18:33] final.twotower.train progress epoch=1/8 batch=240/2491 loss=0.6934 seen_pairs=1,474,560 (9.6%) | cpu=11% ram=38% gpu=52% vram=60% gpu_temp=64C
[2026-03-09 13:18:35] final.twotower.train progress epoch=1/8 batch=320/2491 loss=0.6926 seen_pairs=1,966,080 (12.8%) | cpu=11% ram=38% gpu=52% vram=60% gpu_temp=63C
[2026-03-09 13:18:38] final.twotower.train progress epoch=1/8 batch=400/2491 loss=0.6910 seen_pairs=2,457,600 (16.1%) | cpu=11% ram=38% gpu=54% vram=60% gpu_temp=64C
[2026-03-09 13:18:40] final.twotower.train progress epoch=1/8 batch=480/2491 loss=0.6868 seen_pairs=2,949,120 (19.3%) | cpu=10% ram=38% gpu=48% vram=60% gpu_temp=65C
[2026-03-09 13:18:42] final.twotower.train progress epoch=1/8 batch=560/2491 loss=0.6745 seen_pairs=3,440,640 (22.5%) | cpu=11% ram=38% gpu=53% vram=60% gpu_temp=64C
[2026-03-09 13:18:42] final.twotower.train progress epoch=1/8 batch=640/2491 loss=0.6521 seen_pairs=3,932,160 (25.7%) | cpu=11% ram=38% gpu=51% vram=60% gpu_temp=65C
[2026-03-09 13:18:44] final.twotower.train progress epoch=1/8 batch=720/2491 loss=0.6212 seen_pairs=4,423,680 (28.9%) | cpu=11% ram=38% gpu=50% vram=60% gpu_temp=64C
[2026-03-09 13:18:47] final.twotower.train progress epoch=1/8 batch=800/2491 loss=0.5909 seen_pairs=4,915,200 (32.1%) | cpu=11% ram=38% gpu=49% vram=60% gpu_temp=65C
[2026-03-09 13:18:49] final.twotower.train progress epoch=1/8 batch=880/2491 loss=0.5644 seen_pairs=5,406,720 (35.3%) | cpu=11% ram=38% gpu=51% vram=60% gpu_temp=66C
[2026-03-09 13:18:51] final.twotower.train progress epoch=1/8 batch=960/2491 loss=0.5414 seen_pairs=5,898,240 (38.5%) | cpu=11% ram=38% gpu=52% vram=60% gpu_temp=66C
[2026-03-09 13:18:54] final.twotower.train progress epoch=1/8 batch=1040/2491 loss=0.5228 seen_pairs=6,389,760 (41.8%) | cpu=11% ram=38% gpu=53% vram=60% gpu_temp=66C
[2026-03-09 13:18:56] final.twotower.train progress epoch=1/8 batch=1120/2491 loss=0.5049 seen_pairs=6,881,280 (45.0%) | cpu=11% ram=38% gpu=53% vram=60% gpu_temp=66C
[2026-03-09 13:18:58] final.twotower.train progress epoch=1/8 batch=1200/2491 loss=0.5000 seen_pairs=7,372,800 (48.2%) | cpu=11% ram=38% gpu=49% vram=60% gpu_temp=66C
[2026-03-09 13:19:01] final.twotower.train progress epoch=1/8 batch=1280/2491 loss=0.4847 seen_pairs=7,864,320 (51.4%) | cpu=10% ram=38% gpu=51% vram=60% gpu_temp=66C
[2026-03-09 13:19:03] final.twotower.train progress epoch=1/8 batch=1360/2491 loss=0.4724 seen_pairs=8,355,840 (54.6%) | cpu=11% ram=38% gpu=51% vram=60% gpu_temp=66C
[2026-03-09 13:19:05] final.twotower.train progress epoch=1/8 batch=1440/2491 loss=0.4647 seen_pairs=8,847,360 (57.8%) | cpu=11% ram=38% gpu=50% vram=60% gpu_temp=67C
[2026-03-09 13:19:08] final.twotower.train progress epoch=1/8 batch=1520/2491 loss=0.4635 seen_pairs=9,338,880 (61.0%) | cpu=11% ram=38% gpu=54% vram=60% gpu_temp=67C
[2026-03-09 13:19:10] final.twotower.train progress epoch=1/8 batch=1600/2491 loss=0.4564 seen_pairs=9,830,400 (64.2%) | cpu=10% ram=38% gpu=53% vram=60% gpu_temp=67C
[2026-03-09 13:19:12] final.twotower.train progress epoch=1/8 batch=1680/2491 loss=0.4530 seen_pairs=10,321,920 (67.4%) | cpu=10% ram=38% gpu=44% vram=60% gpu_temp=67C
[2026-03-09 13:19:12] final.twotower.train progress epoch=1/8 batch=1760/2491 loss=0.4477 seen_pairs=10,813,440 (70.7%) | cpu=11% ram=38% gpu=50% vram=60% gpu_temp=67C
[2026-03-09 13:19:15] final.twotower.train progress epoch=1/8 batch=1840/2491 loss=0.4413 seen_pairs=11,304,960 (73.9%) | cpu=11% ram=38% gpu=49% vram=60% gpu_temp=67C
[2026-03-09 13:19:17] final.twotower.train progress epoch=1/8 batch=1920/2491 loss=0.4342 seen_pairs=11,796,480 (77.1%) | cpu=11% ram=38% gpu=51% vram=60% gpu_temp=68C
[2026-03-09 13:19:19] final.twotower.train progress epoch=1/8 batch=2000/2491 loss=0.4252 seen_pairs=12,288,000 (80.3%) | cpu=11% ram=38% gpu=49% vram=60% gpu_temp=67C
[2026-03-09 13:19:22] final.twotower.train progress epoch=1/8 batch=2080/2491 loss=0.4248 seen_pairs=12,779,520 (83.5%) | cpu=11% ram=38% gpu=50% vram=60% gpu_temp=68C
[2026-03-09 13:19:24] final.twotower.train progress epoch=1/8 batch=2160/2491 loss=0.4223 seen_pairs=13,271,040 (86.7%) | cpu=11% ram=38% gpu=51% vram=60% gpu_temp=67C
[2026-03-09 13:19:26] final.twotower.train progress epoch=1/8 batch=2240/2491 loss=0.4220 seen_pairs=13,762,560 (89.9%) | cpu=11% ram=38% gpu=50% vram=60% gpu_temp=68C
[2026-03-09 13:19:29] final.twotower.train progress epoch=1/8 batch=2320/2491 loss=0.4191 seen_pairs=14,254,080 (93.1%) | cpu=11% ram=38% gpu=42% vram=60% gpu_temp=68C
[2026-03-09 13:19:31] final.twotower.train progress epoch=1/8 batch=2400/2491 loss=0.4162 seen_pairs=14,745,600 (96.3%) | cpu=11% ram=38% gpu=52% vram=60% gpu_temp=67C
[2026-03-09 13:19:34] final.twotower.train progress epoch=1/8 batch=2480/2491 loss=0.4066 seen_pairs=15,237,120 (99.6%) | cpu=11% ram=38% gpu=50% vram=60% gpu_temp=68C
[2026-03-09 13:19:34] final.twotower.train progress epoch=1/8 batch=2491/2491 loss=0.4141 seen_pairs=15,304,489 (100.0%) | cpu=12% ram=38% gpu=49% vram=60% gpu_temp=68C
[2026-03-09 13:19:34] final.twotower.train epoch_done epoch=1/8 avg_loss=0.53177 | cpu=8% ram=38% gpu=49% vram=60% gpu_temp=68C
[2026-03-09 13:19:45] final.twotower.train progress epoch=2/8 batch=80/2491 loss=0.4019 seen_pairs=491,520 (3.2%) | cpu=13% ram=39% gpu=51% vram=60% gpu_temp=66C
[2026-03-09 13:19:47] final.twotower.train progress epoch=2/8 batch=160/2491 loss=0.3977 seen_pairs=983,040 (6.4%) | cpu=11% ram=39% gpu=53% vram=60% gpu_temp=67C
[2026-03-09 13:19:50] final.twotower.train progress epoch=2/8 batch=240/2491 loss=0.4009 seen_pairs=1,474,560 (9.6%) | cpu=11% ram=39% gpu=53% vram=60% gpu_temp=66C
[2026-03-09 13:19:52] final.twotower.train progress epoch=2/8 batch=320/2491 loss=0.3922 seen_pairs=1,966,080 (12.8%) | cpu=11% ram=39% gpu=53% vram=60% gpu_temp=67C
[2026-03-09 13:19:55] final.twotower.train progress epoch=2/8 batch=400/2491 loss=0.3987 seen_pairs=2,457,600 (16.1%) | cpu=11% ram=39% gpu=48% vram=60% gpu_temp=67C
[2026-03-09 13:19:57] final.twotower.train progress epoch=2/8 batch=480/2491 loss=0.3957 seen_pairs=2,949,120 (19.3%) | cpu=11% ram=39% gpu=54% vram=60% gpu_temp=67C
[2026-03-09 13:19:59] final.twotower.train progress epoch=2/8 batch=560/2491 loss=0.3979 seen_pairs=3,440,640 (22.5%) | cpu=12% ram=39% gpu=53% vram=60% gpu_temp=67C
[2026-03-09 13:20:02] final.twotower.train progress epoch=2/8 batch=640/2491 loss=0.3941 seen_pairs=3,932,160 (25.7%) | cpu=10% ram=39% gpu=50% vram=60% gpu_temp=68C
[2026-03-09 13:20:04] final.twotower.train progress epoch=2/8 batch=720/2491 loss=0.3974 seen_pairs=4,423,680 (28.9%) | cpu=11% ram=39% gpu=54% vram=60% gpu_temp=68C
[2026-03-09 13:20:06] final.twotower.train progress epoch=2/8 batch=800/2491 loss=0.3922 seen_pairs=4,915,200 (32.1%) | cpu=11% ram=39% gpu=54% vram=60% gpu_temp=68C
[2026-03-09 13:20:09] final.twotower.train progress epoch=2/8 batch=880/2491 loss=0.3912 seen_pairs=5,406,720 (35.3%) | cpu=11% ram=39% gpu=49% vram=60% gpu_temp=68C
[2026-03-09 13:20:11] final.twotower.train progress epoch=2/8 batch=960/2491 loss=0.3895 seen_pairs=5,898,240 (38.5%) | cpu=10% ram=39% gpu=49% vram=60% gpu_temp=68C
[2026-03-09 13:20:11] final.twotower.train progress epoch=2/8 batch=1040/2491 loss=0.3934 seen_pairs=6,389,760 (41.8%) | cpu=11% ram=39% gpu=49% vram=60% gpu_temp=68C
[2026-03-09 13:20:13] final.twotower.train progress epoch=2/8 batch=1120/2491 loss=0.3917 seen_pairs=6,881,280 (45.0%) | cpu=11% ram=39% gpu=54% vram=60% gpu_temp=68C
[2026-03-09 13:20:16] final.twotower.train progress epoch=2/8 batch=1200/2491 loss=0.3767 seen_pairs=7,372,800 (48.2%) | cpu=11% ram=39% gpu=48% vram=60% gpu_temp=69C
[2026-03-09 13:20:18] final.twotower.train progress epoch=2/8 batch=1280/2491 loss=0.3901 seen_pairs=7,864,320 (51.4%) | cpu=11% ram=39% gpu=54% vram=60% gpu_temp=68C
[2026-03-09 13:20:20] final.twotower.train progress epoch=2/8 batch=1360/2491 loss=0.3859 seen_pairs=8,355,840 (54.6%) | cpu=11% ram=39% gpu=49% vram=60% gpu_temp=69C
[2026-03-09 13:20:23] final.twotower.train progress epoch=2/8 batch=1440/2491 loss=0.3953 seen_pairs=8,847,360 (57.8%) | cpu=11% ram=39% gpu=51% vram=60% gpu_temp=69C
[2026-03-09 13:20:25] final.twotower.train progress epoch=2/8 batch=1520/2491 loss=0.3804 seen_pairs=9,338,880 (61.0%) | cpu=11% ram=39% gpu=50% vram=60% gpu_temp=69C
[2026-03-09 13:20:27] final.twotower.train progress epoch=2/8 batch=1600/2491 loss=0.3827 seen_pairs=9,830,400 (64.2%) | cpu=11% ram=39% gpu=50% vram=60% gpu_temp=69C
[2026-03-09 13:20:30] final.twotower.train progress epoch=2/8 batch=1680/2491 loss=0.3839 seen_pairs=10,321,920 (67.4%) | cpu=11% ram=39% gpu=52% vram=60% gpu_temp=69C
[2026-03-09 13:20:32] final.twotower.train progress epoch=2/8 batch=1760/2491 loss=0.3826 seen_pairs=10,813,440 (70.7%) | cpu=10% ram=39% gpu=49% vram=60% gpu_temp=69C
[2026-03-09 13:20:34] final.twotower.train progress epoch=2/8 batch=1840/2491 loss=0.3775 seen_pairs=11,304,960 (73.9%) | cpu=11% ram=39% gpu=50% vram=60% gpu_temp=69C
[2026-03-09 13:20:37] final.twotower.train progress epoch=2/8 batch=1920/2491 loss=0.3842 seen_pairs=11,796,480 (77.1%) | cpu=11% ram=39% gpu=51% vram=60% gpu_temp=69C
[2026-03-09 13:20:39] final.twotower.train progress epoch=2/8 batch=2000/2491 loss=0.3831 seen_pairs=12,288,000 (80.3%) | cpu=11% ram=39% gpu=52% vram=60% gpu_temp=69C
[2026-03-09 13:20:42] final.twotower.train progress epoch=2/8 batch=2080/2491 loss=0.3811 seen_pairs=12,779,520 (83.5%) | cpu=11% ram=39% gpu=50% vram=60% gpu_temp=69C
[2026-03-09 13:20:41] final.twotower.train progress epoch=2/8 batch=2160/2491 loss=0.3726 seen_pairs=13,271,040 (86.7%) | cpu=10% ram=39% gpu=54% vram=60% gpu_temp=69C
[2026-03-09 13:20:44] final.twotower.train progress epoch=2/8 batch=2240/2491 loss=0.3795 seen_pairs=13,762,560 (89.9%) | cpu=11% ram=39% gpu=51% vram=60% gpu_temp=69C
[2026-03-09 13:20:46] final.twotower.train progress epoch=2/8 batch=2320/2491 loss=0.3740 seen_pairs=14,254,080 (93.1%) | cpu=11% ram=39% gpu=50% vram=60% gpu_temp=70C
[2026-03-09 13:20:49] final.twotower.train progress epoch=2/8 batch=2400/2491 loss=0.3783 seen_pairs=14,745,600 (96.3%) | cpu=11% ram=39% gpu=50% vram=60% gpu_temp=70C
[2026-03-09 13:20:51] final.twotower.train progress epoch=2/8 batch=2480/2491 loss=0.3774 seen_pairs=15,237,120 (99.6%) | cpu=11% ram=39% gpu=51% vram=60% gpu_temp=69C
[2026-03-09 13:20:51] final.twotower.train progress epoch=2/8 batch=2491/2491 loss=0.3800 seen_pairs=15,304,489 (100.0%) | cpu=11% ram=39% gpu=49% vram=60% gpu_temp=69C
[2026-03-09 13:20:51] final.twotower.train epoch_done epoch=2/8 avg_loss=0.38779 | cpu=9% ram=39% gpu=49% vram=60% gpu_temp=69C
[2026-03-09 13:21:05] final.twotower.train progress epoch=3/8 batch=80/2491 loss=0.3610 seen_pairs=491,520 (3.2%) | cpu=11% ram=39% gpu=54% vram=60% gpu_temp=67C
[2026-03-09 13:21:07] final.twotower.train progress epoch=3/8 batch=160/2491 loss=0.3632 seen_pairs=983,040 (6.4%) | cpu=11% ram=39% gpu=54% vram=60% gpu_temp=68C
[2026-03-09 13:21:10] final.twotower.train progress epoch=3/8 batch=240/2491 loss=0.3698 seen_pairs=1,474,560 (9.6%) | cpu=11% ram=39% gpu=54% vram=60% gpu_temp=68C
[2026-03-09 13:21:10] final.twotower.train progress epoch=3/8 batch=320/2491 loss=0.3708 seen_pairs=1,966,080 (12.8%) | cpu=10% ram=39% gpu=47% vram=60% gpu_temp=68C
[2026-03-09 13:21:12] final.twotower.train progress epoch=3/8 batch=400/2491 loss=0.3664 seen_pairs=2,457,600 (16.1%) | cpu=11% ram=39% gpu=44% vram=60% gpu_temp=69C
[2026-03-09 13:21:14] final.twotower.train progress epoch=3/8 batch=480/2491 loss=0.3651 seen_pairs=2,949,120 (19.3%) | cpu=11% ram=39% gpu=43% vram=60% gpu_temp=68C
[2026-03-09 13:21:17] final.twotower.train progress epoch=3/8 batch=560/2491 loss=0.3727 seen_pairs=3,440,640 (22.5%) | cpu=11% ram=39% gpu=55% vram=60% gpu_temp=69C
[2026-03-09 13:21:19] final.twotower.train progress epoch=3/8 batch=640/2491 loss=0.3670 seen_pairs=3,932,160 (25.7%) | cpu=11% ram=39% gpu=51% vram=60% gpu_temp=69C
[2026-03-09 13:21:21] final.twotower.train progress epoch=3/8 batch=720/2491 loss=0.3678 seen_pairs=4,423,680 (28.9%) | cpu=11% ram=39% gpu=54% vram=60% gpu_temp=69C
[2026-03-09 13:21:24] final.twotower.train progress epoch=3/8 batch=800/2491 loss=0.3680 seen_pairs=4,915,200 (32.1%) | cpu=11% ram=39% gpu=49% vram=60% gpu_temp=69C
[2026-03-09 13:21:26] final.twotower.train progress epoch=3/8 batch=880/2491 loss=0.3627 seen_pairs=5,406,720 (35.3%) | cpu=11% ram=39% gpu=53% vram=60% gpu_temp=69C
[2026-03-09 13:21:29] final.twotower.train progress epoch=3/8 batch=960/2491 loss=0.3698 seen_pairs=5,898,240 (38.5%) | cpu=11% ram=39% gpu=50% vram=60% gpu_temp=69C
[2026-03-09 13:21:31] final.twotower.train progress epoch=3/8 batch=1040/2491 loss=0.3699 seen_pairs=6,389,760 (41.8%) | cpu=11% ram=39% gpu=55% vram=60% gpu_temp=69C
[2026-03-09 13:21:33] final.twotower.train progress epoch=3/8 batch=1120/2491 loss=0.3705 seen_pairs=6,881,280 (45.0%) | cpu=10% ram=39% gpu=53% vram=60% gpu_temp=69C
[2026-03-09 13:21:36] final.twotower.train progress epoch=3/8 batch=1200/2491 loss=0.3657 seen_pairs=7,372,800 (48.2%) | cpu=11% ram=39% gpu=49% vram=60% gpu_temp=69C
[2026-03-09 13:21:38] final.twotower.train progress epoch=3/8 batch=1280/2491 loss=0.3666 seen_pairs=7,864,320 (51.4%) | cpu=11% ram=39% gpu=53% vram=60% gpu_temp=70C
[2026-03-09 13:21:40] final.twotower.train progress epoch=3/8 batch=1360/2491 loss=0.3652 seen_pairs=8,355,840 (54.6%) | cpu=10% ram=39% gpu=48% vram=60% gpu_temp=69C
[2026-03-09 13:21:40] final.twotower.train progress epoch=3/8 batch=1440/2491 loss=0.3653 seen_pairs=8,847,360 (57.8%) | cpu=11% ram=39% gpu=52% vram=60% gpu_temp=70C
[2026-03-09 13:21:43] final.twotower.train progress epoch=3/8 batch=1520/2491 loss=0.3661 seen_pairs=9,338,880 (61.0%) | cpu=10% ram=39% gpu=50% vram=60% gpu_temp=70C
[2026-03-09 13:21:45] final.twotower.train progress epoch=3/8 batch=1600/2491 loss=0.3631 seen_pairs=9,830,400 (64.2%) | cpu=11% ram=39% gpu=50% vram=60% gpu_temp=70C
[2026-03-09 13:21:47] final.twotower.train progress epoch=3/8 batch=1680/2491 loss=0.3706 seen_pairs=10,321,920 (67.4%) | cpu=11% ram=39% gpu=51% vram=60% gpu_temp=69C
[2026-03-09 13:21:50] final.twotower.train progress epoch=3/8 batch=1760/2491 loss=0.3578 seen_pairs=10,813,440 (70.7%) | cpu=11% ram=39% gpu=54% vram=60% gpu_temp=70C
[2026-03-09 13:21:52] final.twotower.train progress epoch=3/8 batch=1840/2491 loss=0.3638 seen_pairs=11,304,960 (73.9%) | cpu=11% ram=39% gpu=54% vram=60% gpu_temp=70C
[2026-03-09 13:21:54] final.twotower.train progress epoch=3/8 batch=1920/2491 loss=0.3677 seen_pairs=11,796,480 (77.1%) | cpu=10% ram=39% gpu=51% vram=60% gpu_temp=70C
[2026-03-09 13:21:57] final.twotower.train progress epoch=3/8 batch=2000/2491 loss=0.3676 seen_pairs=12,288,000 (80.3%) | cpu=11% ram=39% gpu=55% vram=60% gpu_temp=70C
[2026-03-09 13:21:59] final.twotower.train progress epoch=3/8 batch=2080/2491 loss=0.3640 seen_pairs=12,779,520 (83.5%) | cpu=11% ram=39% gpu=49% vram=60% gpu_temp=70C
[2026-03-09 13:22:02] final.twotower.train progress epoch=3/8 batch=2160/2491 loss=0.3608 seen_pairs=13,271,040 (86.7%) | cpu=11% ram=39% gpu=54% vram=60% gpu_temp=70C
[2026-03-09 13:22:04] final.twotower.train progress epoch=3/8 batch=2240/2491 loss=0.3612 seen_pairs=13,762,560 (89.9%) | cpu=10% ram=39% gpu=51% vram=60% gpu_temp=70C
[2026-03-09 13:22:06] final.twotower.train progress epoch=3/8 batch=2320/2491 loss=0.3564 seen_pairs=14,254,080 (93.1%) | cpu=10% ram=39% gpu=55% vram=60% gpu_temp=70C
[2026-03-09 13:22:09] final.twotower.train progress epoch=3/8 batch=2400/2491 loss=0.3632 seen_pairs=14,745,600 (96.3%) | cpu=11% ram=39% gpu=48% vram=60% gpu_temp=70C
[2026-03-09 13:22:11] final.twotower.train progress epoch=3/8 batch=2480/2491 loss=0.3567 seen_pairs=15,237,120 (99.6%) | cpu=11% ram=39% gpu=49% vram=60% gpu_temp=70C
[2026-03-09 13:22:11] final.twotower.train progress epoch=3/8 batch=2491/2491 loss=0.3632 seen_pairs=15,304,489 (100.0%) | cpu=10% ram=39% gpu=42% vram=60% gpu_temp=70C
[2026-03-09 13:22:11] final.twotower.train epoch_done epoch=3/8 avg_loss=0.36449 | cpu=10% ram=39% gpu=37% vram=60% gpu_temp=70C
[2026-03-09 13:22:22] final.twotower.train progress epoch=4/8 batch=80/2491 loss=0.3431 seen_pairs=491,520 (3.2%) | cpu=11% ram=38% gpu=52% vram=60% gpu_temp=68C
[2026-03-09 13:22:25] final.twotower.train progress epoch=4/8 batch=160/2491 loss=0.3491 seen_pairs=983,040 (6.4%) | cpu=11% ram=38% gpu=52% vram=60% gpu_temp=68C
[2026-03-09 13:22:27] final.twotower.train progress epoch=4/8 batch=240/2491 loss=0.3549 seen_pairs=1,474,560 (9.6%) | cpu=11% ram=38% gpu=54% vram=60% gpu_temp=69C
[2026-03-09 13:22:30] final.twotower.train progress epoch=4/8 batch=320/2491 loss=0.3527 seen_pairs=1,966,080 (12.8%) | cpu=10% ram=38% gpu=52% vram=60% gpu_temp=69C
[2026-03-09 13:22:32] final.twotower.train progress epoch=4/8 batch=400/2491 loss=0.3519 seen_pairs=2,457,600 (16.1%) | cpu=11% ram=38% gpu=49% vram=60% gpu_temp=69C
[2026-03-09 13:22:34] final.twotower.train progress epoch=4/8 batch=480/2491 loss=0.3517 seen_pairs=2,949,120 (19.3%) | cpu=10% ram=38% gpu=47% vram=60% gpu_temp=69C
[2026-03-09 13:22:37] final.twotower.train progress epoch=4/8 batch=560/2491 loss=0.3517 seen_pairs=3,440,640 (22.5%) | cpu=11% ram=38% gpu=48% vram=60% gpu_temp=70C
[2026-03-09 13:22:39] final.twotower.train progress epoch=4/8 batch=640/2491 loss=0.3575 seen_pairs=3,932,160 (25.7%) | cpu=11% ram=38% gpu=54% vram=60% gpu_temp=70C
[2026-03-09 13:22:39] final.twotower.train progress epoch=4/8 batch=720/2491 loss=0.3485 seen_pairs=4,423,680 (28.9%) | cpu=11% ram=39% gpu=50% vram=60% gpu_temp=70C
[2026-03-09 13:22:41] final.twotower.train progress epoch=4/8 batch=800/2491 loss=0.3502 seen_pairs=4,915,200 (32.1%) | cpu=11% ram=39% gpu=51% vram=60% gpu_temp=70C
[2026-03-09 13:22:44] final.twotower.train progress epoch=4/8 batch=880/2491 loss=0.3544 seen_pairs=5,406,720 (35.3%) | cpu=10% ram=39% gpu=53% vram=60% gpu_temp=69C
[2026-03-09 13:22:46] final.twotower.train progress epoch=4/8 batch=960/2491 loss=0.3533 seen_pairs=5,898,240 (38.5%) | cpu=12% ram=39% gpu=52% vram=60% gpu_temp=70C
[2026-03-09 13:22:48] final.twotower.train progress epoch=4/8 batch=1040/2491 loss=0.3547 seen_pairs=6,389,760 (41.8%) | cpu=11% ram=39% gpu=54% vram=60% gpu_temp=69C
[2026-03-09 13:22:51] final.twotower.train progress epoch=4/8 batch=1120/2491 loss=0.3544 seen_pairs=6,881,280 (45.0%) | cpu=10% ram=39% gpu=54% vram=60% gpu_temp=70C
[2026-03-09 13:22:53] final.twotower.train progress epoch=4/8 batch=1200/2491 loss=0.3575 seen_pairs=7,372,800 (48.2%) | cpu=10% ram=39% gpu=50% vram=60% gpu_temp=70C
[2026-03-09 13:22:55] final.twotower.train progress epoch=4/8 batch=1280/2491 loss=0.3514 seen_pairs=7,864,320 (51.4%) | cpu=11% ram=39% gpu=49% vram=60% gpu_temp=70C
[2026-03-09 13:22:58] final.twotower.train progress epoch=4/8 batch=1360/2491 loss=0.3561 seen_pairs=8,355,840 (54.6%) | cpu=11% ram=39% gpu=48% vram=60% gpu_temp=70C
[2026-03-09 13:23:00] final.twotower.train progress epoch=4/8 batch=1440/2491 loss=0.3578 seen_pairs=8,847,360 (57.8%) | cpu=11% ram=39% gpu=53% vram=60% gpu_temp=70C
[2026-03-09 13:23:03] final.twotower.train progress epoch=4/8 batch=1520/2491 loss=0.3545 seen_pairs=9,338,880 (61.0%) | cpu=11% ram=39% gpu=51% vram=60% gpu_temp=71C
[2026-03-09 13:23:05] final.twotower.train progress epoch=4/8 batch=1600/2491 loss=0.3568 seen_pairs=9,830,400 (64.2%) | cpu=12% ram=39% gpu=51% vram=60% gpu_temp=70C
[2026-03-09 13:23:07] final.twotower.train progress epoch=4/8 batch=1680/2491 loss=0.3504 seen_pairs=10,321,920 (67.4%) | cpu=11% ram=39% gpu=51% vram=60% gpu_temp=70C
[2026-03-09 13:23:10] final.twotower.train progress epoch=4/8 batch=1760/2491 loss=0.3550 seen_pairs=10,813,440 (70.7%) | cpu=11% ram=39% gpu=49% vram=60% gpu_temp=70C
[2026-03-09 13:23:10] final.twotower.train progress epoch=4/8 batch=1840/2491 loss=0.3591 seen_pairs=11,304,960 (73.9%) | cpu=11% ram=39% gpu=52% vram=60% gpu_temp=71C
[2026-03-09 13:23:12] final.twotower.train progress epoch=4/8 batch=1920/2491 loss=0.3547 seen_pairs=11,796,480 (77.1%) | cpu=10% ram=39% gpu=49% vram=60% gpu_temp=70C
[2026-03-09 13:23:14] final.twotower.train progress epoch=4/8 batch=2000/2491 loss=0.3489 seen_pairs=12,288,000 (80.3%) | cpu=11% ram=39% gpu=54% vram=60% gpu_temp=71C
[2026-03-09 13:23:17] final.twotower.train progress epoch=4/8 batch=2080/2491 loss=0.3501 seen_pairs=12,779,520 (83.5%) | cpu=11% ram=39% gpu=50% vram=60% gpu_temp=71C
[2026-03-09 13:23:19] final.twotower.train progress epoch=4/8 batch=2160/2491 loss=0.3518 seen_pairs=13,271,040 (86.7%) | cpu=11% ram=39% gpu=49% vram=60% gpu_temp=71C
[2026-03-09 13:23:21] final.twotower.train progress epoch=4/8 batch=2240/2491 loss=0.3521 seen_pairs=13,762,560 (89.9%) | cpu=11% ram=39% gpu=52% vram=60% gpu_temp=71C
[2026-03-09 13:23:24] final.twotower.train progress epoch=4/8 batch=2320/2491 loss=0.3581 seen_pairs=14,254,080 (93.1%) | cpu=11% ram=39% gpu=51% vram=60% gpu_temp=71C
[2026-03-09 13:23:26] final.twotower.train progress epoch=4/8 batch=2400/2491 loss=0.3530 seen_pairs=14,745,600 (96.3%) | cpu=10% ram=39% gpu=49% vram=60% gpu_temp=71C
[2026-03-09 13:23:28] final.twotower.train progress epoch=4/8 batch=2480/2491 loss=0.3523 seen_pairs=15,237,120 (99.6%) | cpu=11% ram=39% gpu=51% vram=60% gpu_temp=71C
[2026-03-09 13:23:29] final.twotower.train progress epoch=4/8 batch=2491/2491 loss=0.3545 seen_pairs=15,304,489 (100.0%) | cpu=12% ram=39% gpu=41% vram=60% gpu_temp=71C
[2026-03-09 13:23:29] final.twotower.train epoch_done epoch=4/8 avg_loss=0.35270 | cpu=8% ram=39% gpu=39% vram=60% gpu_temp=71C
[2026-03-09 13:23:40] final.twotower.train progress epoch=5/8 batch=80/2491 loss=0.3368 seen_pairs=491,520 (3.2%) | cpu=11% ram=39% gpu=51% vram=60% gpu_temp=69C
[2026-03-09 13:23:43] final.twotower.train progress epoch=5/8 batch=160/2491 loss=0.3367 seen_pairs=983,040 (6.4%) | cpu=11% ram=39% gpu=53% vram=60% gpu_temp=69C
[2026-03-09 13:23:45] final.twotower.train progress epoch=5/8 batch=240/2491 loss=0.3447 seen_pairs=1,474,560 (9.6%) | cpu=11% ram=39% gpu=54% vram=60% gpu_temp=69C
[2026-03-09 13:23:47] final.twotower.train progress epoch=5/8 batch=320/2491 loss=0.3389 seen_pairs=1,966,080 (12.8%) | cpu=11% ram=39% gpu=49% vram=60% gpu_temp=69C
[2026-03-09 13:23:50] final.twotower.train progress epoch=5/8 batch=400/2491 loss=0.3476 seen_pairs=2,457,600 (16.1%) | cpu=11% ram=39% gpu=47% vram=60% gpu_temp=70C
[2026-03-09 13:23:52] final.twotower.train progress epoch=5/8 batch=480/2491 loss=0.3489 seen_pairs=2,949,120 (19.3%) | cpu=11% ram=39% gpu=48% vram=60% gpu_temp=70C
[2026-03-09 13:23:54] final.twotower.train progress epoch=5/8 batch=560/2491 loss=0.3455 seen_pairs=3,440,640 (22.5%) | cpu=11% ram=39% gpu=52% vram=60% gpu_temp=69C
[2026-03-09 13:23:57] final.twotower.train progress epoch=5/8 batch=640/2491 loss=0.3443 seen_pairs=3,932,160 (25.7%) | cpu=10% ram=39% gpu=50% vram=60% gpu_temp=70C
[2026-03-09 13:23:59] final.twotower.train progress epoch=5/8 batch=720/2491 loss=0.3480 seen_pairs=4,423,680 (28.9%) | cpu=11% ram=39% gpu=54% vram=60% gpu_temp=70C
[2026-03-09 13:24:01] final.twotower.train progress epoch=5/8 batch=800/2491 loss=0.3427 seen_pairs=4,915,200 (32.1%) | cpu=11% ram=39% gpu=49% vram=60% gpu_temp=70C
[2026-03-09 13:24:04] final.twotower.train progress epoch=5/8 batch=880/2491 loss=0.3489 seen_pairs=5,406,720 (35.3%) | cpu=10% ram=39% gpu=50% vram=60% gpu_temp=70C
[2026-03-09 13:24:06] final.twotower.train progress epoch=5/8 batch=960/2491 loss=0.3446 seen_pairs=5,898,240 (38.5%) | cpu=10% ram=39% gpu=49% vram=60% gpu_temp=70C
[2026-03-09 13:24:09] final.twotower.train progress epoch=5/8 batch=1040/2491 loss=0.3539 seen_pairs=6,389,760 (41.8%) | cpu=11% ram=39% gpu=53% vram=60% gpu_temp=70C
[2026-03-09 13:24:08] final.twotower.train progress epoch=5/8 batch=1120/2491 loss=0.3519 seen_pairs=6,881,280 (45.0%) | cpu=11% ram=39% gpu=52% vram=60% gpu_temp=71C
[2026-03-09 13:24:11] final.twotower.train progress epoch=5/8 batch=1200/2491 loss=0.3442 seen_pairs=7,372,800 (48.2%) | cpu=11% ram=39% gpu=50% vram=60% gpu_temp=70C
[2026-03-09 13:24:13] final.twotower.train progress epoch=5/8 batch=1280/2491 loss=0.3495 seen_pairs=7,864,320 (51.4%) | cpu=11% ram=39% gpu=50% vram=60% gpu_temp=70C
[2026-03-09 13:24:16] final.twotower.train progress epoch=5/8 batch=1360/2491 loss=0.3441 seen_pairs=8,355,840 (54.6%) | cpu=11% ram=39% gpu=53% vram=60% gpu_temp=70C
[2026-03-09 13:24:18] final.twotower.train progress epoch=5/8 batch=1440/2491 loss=0.3452 seen_pairs=8,847,360 (57.8%) | cpu=12% ram=39% gpu=52% vram=60% gpu_temp=71C
[2026-03-09 13:24:20] final.twotower.train progress epoch=5/8 batch=1520/2491 loss=0.3495 seen_pairs=9,338,880 (61.0%) | cpu=11% ram=39% gpu=49% vram=60% gpu_temp=71C
[2026-03-09 13:24:23] final.twotower.train progress epoch=5/8 batch=1600/2491 loss=0.3461 seen_pairs=9,830,400 (64.2%) | cpu=20% ram=39% gpu=52% vram=60% gpu_temp=71C
[2026-03-09 13:24:25] final.twotower.train progress epoch=5/8 batch=1680/2491 loss=0.3466 seen_pairs=10,321,920 (67.4%) | cpu=13% ram=39% gpu=53% vram=60% gpu_temp=71C
[2026-03-09 13:24:27] final.twotower.train progress epoch=5/8 batch=1760/2491 loss=0.3487 seen_pairs=10,813,440 (70.7%) | cpu=11% ram=39% gpu=53% vram=60% gpu_temp=71C
[2026-03-09 13:24:30] final.twotower.train progress epoch=5/8 batch=1840/2491 loss=0.3453 seen_pairs=11,304,960 (73.9%) | cpu=11% ram=39% gpu=50% vram=60% gpu_temp=71C
[2026-03-09 13:24:32] final.twotower.train progress epoch=5/8 batch=1920/2491 loss=0.3466 seen_pairs=11,796,480 (77.1%) | cpu=11% ram=39% gpu=49% vram=60% gpu_temp=71C
[2026-03-09 13:24:35] final.twotower.train progress epoch=5/8 batch=2000/2491 loss=0.3522 seen_pairs=12,288,000 (80.3%) | cpu=11% ram=39% gpu=52% vram=60% gpu_temp=71C
[2026-03-09 13:24:37] final.twotower.train progress epoch=5/8 batch=2080/2491 loss=0.3491 seen_pairs=12,779,520 (83.5%) | cpu=11% ram=39% gpu=53% vram=60% gpu_temp=71C
[2026-03-09 13:24:39] final.twotower.train progress epoch=5/8 batch=2160/2491 loss=0.3469 seen_pairs=13,271,040 (86.7%) | cpu=11% ram=39% gpu=50% vram=60% gpu_temp=71C
[2026-03-09 13:24:39] final.twotower.train progress epoch=5/8 batch=2240/2491 loss=0.3435 seen_pairs=13,762,560 (89.9%) | cpu=11% ram=39% gpu=53% vram=60% gpu_temp=71C
[2026-03-09 13:24:42] final.twotower.train progress epoch=5/8 batch=2320/2491 loss=0.3484 seen_pairs=14,254,080 (93.1%) | cpu=11% ram=39% gpu=54% vram=60% gpu_temp=71C
[2026-03-09 13:24:44] final.twotower.train progress epoch=5/8 batch=2400/2491 loss=0.3474 seen_pairs=14,745,600 (96.3%) | cpu=11% ram=39% gpu=54% vram=60% gpu_temp=71C
[2026-03-09 13:24:46] final.twotower.train progress epoch=5/8 batch=2480/2491 loss=0.3478 seen_pairs=15,237,120 (99.6%) | cpu=11% ram=39% gpu=48% vram=60% gpu_temp=71C
[2026-03-09 13:24:47] final.twotower.train progress epoch=5/8 batch=2491/2491 loss=0.3436 seen_pairs=15,304,489 (100.0%) | cpu=11% ram=39% gpu=41% vram=60% gpu_temp=71C
[2026-03-09 13:24:47] final.twotower.train epoch_done epoch=5/8 avg_loss=0.34538 | cpu=10% ram=39% gpu=44% vram=60% gpu_temp=71C
[2026-03-09 13:25:01] final.twotower.train progress epoch=6/8 batch=80/2491 loss=0.3304 seen_pairs=491,520 (3.2%) | cpu=11% ram=39% gpu=54% vram=60% gpu_temp=69C
[2026-03-09 13:25:03] final.twotower.train progress epoch=6/8 batch=160/2491 loss=0.3345 seen_pairs=983,040 (6.4%) | cpu=11% ram=39% gpu=51% vram=60% gpu_temp=69C
[2026-03-09 13:25:05] final.twotower.train progress epoch=6/8 batch=240/2491 loss=0.3326 seen_pairs=1,474,560 (9.6%) | cpu=11% ram=39% gpu=55% vram=60% gpu_temp=69C
[2026-03-09 13:25:08] final.twotower.train progress epoch=6/8 batch=320/2491 loss=0.3304 seen_pairs=1,966,080 (12.8%) | cpu=12% ram=39% gpu=52% vram=60% gpu_temp=70C
[2026-03-09 13:25:08] final.twotower.train progress epoch=6/8 batch=400/2491 loss=0.3320 seen_pairs=2,457,600 (16.1%) | cpu=11% ram=39% gpu=46% vram=60% gpu_temp=70C
[2026-03-09 13:25:10] final.twotower.train progress epoch=6/8 batch=480/2491 loss=0.3380 seen_pairs=2,949,120 (19.3%) | cpu=11% ram=39% gpu=45% vram=60% gpu_temp=70C
[2026-03-09 13:25:12] final.twotower.train progress epoch=6/8 batch=560/2491 loss=0.3349 seen_pairs=3,440,640 (22.5%) | cpu=11% ram=39% gpu=51% vram=60% gpu_temp=70C
[2026-03-09 13:25:15] final.twotower.train progress epoch=6/8 batch=640/2491 loss=0.3377 seen_pairs=3,932,160 (25.7%) | cpu=11% ram=39% gpu=53% vram=60% gpu_temp=70C
[2026-03-09 13:25:17] final.twotower.train progress epoch=6/8 batch=720/2491 loss=0.3352 seen_pairs=4,423,680 (28.9%) | cpu=11% ram=39% gpu=51% vram=60% gpu_temp=70C
[2026-03-09 13:25:20] final.twotower.train progress epoch=6/8 batch=800/2491 loss=0.3403 seen_pairs=4,915,200 (32.1%) | cpu=10% ram=39% gpu=51% vram=60% gpu_temp=70C
[2026-03-09 13:25:22] final.twotower.train progress epoch=6/8 batch=880/2491 loss=0.3389 seen_pairs=5,406,720 (35.3%) | cpu=11% ram=39% gpu=51% vram=60% gpu_temp=71C
[2026-03-09 13:25:24] final.twotower.train progress epoch=6/8 batch=960/2491 loss=0.3404 seen_pairs=5,898,240 (38.5%) | cpu=11% ram=39% gpu=50% vram=60% gpu_temp=70C
[2026-03-09 13:25:27] final.twotower.train progress epoch=6/8 batch=1040/2491 loss=0.3423 seen_pairs=6,389,760 (41.8%) | cpu=12% ram=39% gpu=51% vram=60% gpu_temp=71C
[2026-03-09 13:25:29] final.twotower.train progress epoch=6/8 batch=1120/2491 loss=0.3415 seen_pairs=6,881,280 (45.0%) | cpu=12% ram=39% gpu=53% vram=60% gpu_temp=71C
[2026-03-09 13:25:31] final.twotower.train progress epoch=6/8 batch=1200/2491 loss=0.3418 seen_pairs=7,372,800 (48.2%) | cpu=11% ram=39% gpu=51% vram=60% gpu_temp=70C
[2026-03-09 13:25:34] final.twotower.train progress epoch=6/8 batch=1280/2491 loss=0.3410 seen_pairs=7,864,320 (51.4%) | cpu=12% ram=39% gpu=51% vram=60% gpu_temp=71C
[2026-03-09 13:25:36] final.twotower.train progress epoch=6/8 batch=1360/2491 loss=0.3410 seen_pairs=8,355,840 (54.6%) | cpu=11% ram=39% gpu=50% vram=60% gpu_temp=71C
[2026-03-09 13:25:39] final.twotower.train progress epoch=6/8 batch=1440/2491 loss=0.3427 seen_pairs=8,847,360 (57.8%) | cpu=12% ram=39% gpu=49% vram=60% gpu_temp=71C
[2026-03-09 13:25:38] final.twotower.train progress epoch=6/8 batch=1520/2491 loss=0.3373 seen_pairs=9,338,880 (61.0%) | cpu=12% ram=39% gpu=54% vram=60% gpu_temp=71C
[2026-03-09 13:25:41] final.twotower.train progress epoch=6/8 batch=1600/2491 loss=0.3459 seen_pairs=9,830,400 (64.2%) | cpu=12% ram=39% gpu=52% vram=60% gpu_temp=71C
[2026-03-09 13:25:43] final.twotower.train progress epoch=6/8 batch=1680/2491 loss=0.3382 seen_pairs=10,321,920 (67.4%) | cpu=11% ram=39% gpu=54% vram=60% gpu_temp=71C
[2026-03-09 13:25:46] final.twotower.train progress epoch=6/8 batch=1760/2491 loss=0.3355 seen_pairs=10,813,440 (70.7%) | cpu=11% ram=39% gpu=49% vram=60% gpu_temp=71C
[2026-03-09 13:25:48] final.twotower.train progress epoch=6/8 batch=1840/2491 loss=0.3422 seen_pairs=11,304,960 (73.9%) | cpu=12% ram=39% gpu=51% vram=60% gpu_temp=71C
[2026-03-09 13:25:50] final.twotower.train progress epoch=6/8 batch=1920/2491 loss=0.3478 seen_pairs=11,796,480 (77.1%) | cpu=12% ram=39% gpu=52% vram=60% gpu_temp=71C
[2026-03-09 13:25:53] final.twotower.train progress epoch=6/8 batch=2000/2491 loss=0.3468 seen_pairs=12,288,000 (80.3%) | cpu=12% ram=39% gpu=49% vram=60% gpu_temp=71C
[2026-03-09 13:25:55] final.twotower.train progress epoch=6/8 batch=2080/2491 loss=0.3428 seen_pairs=12,779,520 (83.5%) | cpu=11% ram=39% gpu=50% vram=60% gpu_temp=72C
[2026-03-09 13:25:58] final.twotower.train progress epoch=6/8 batch=2160/2491 loss=0.3420 seen_pairs=13,271,040 (86.7%) | cpu=11% ram=39% gpu=50% vram=60% gpu_temp=71C
[2026-03-09 13:26:00] final.twotower.train progress epoch=6/8 batch=2240/2491 loss=0.3425 seen_pairs=13,762,560 (89.9%) | cpu=11% ram=39% gpu=50% vram=60% gpu_temp=71C
[2026-03-09 13:26:02] final.twotower.train progress epoch=6/8 batch=2320/2491 loss=0.3441 seen_pairs=14,254,080 (93.1%) | cpu=11% ram=39% gpu=54% vram=60% gpu_temp=71C
[2026-03-09 13:26:05] final.twotower.train progress epoch=6/8 batch=2400/2491 loss=0.3437 seen_pairs=14,745,600 (96.3%) | cpu=11% ram=39% gpu=53% vram=60% gpu_temp=72C
[2026-03-09 13:26:07] final.twotower.train progress epoch=6/8 batch=2480/2491 loss=0.3472 seen_pairs=15,237,120 (99.6%) | cpu=12% ram=39% gpu=49% vram=60% gpu_temp=72C
[2026-03-09 13:26:07] final.twotower.train progress epoch=6/8 batch=2491/2491 loss=0.3433 seen_pairs=15,304,489 (100.0%) | cpu=13% ram=39% gpu=53% vram=60% gpu_temp=72C
[2026-03-09 13:26:07] final.twotower.train epoch_done epoch=6/8 avg_loss=0.34035 | cpu=17% ram=39% gpu=53% vram=60% gpu_temp=72C
[2026-03-09 13:26:19] final.twotower.train progress epoch=7/8 batch=80/2491 loss=0.3256 seen_pairs=491,520 (3.2%) | cpu=11% ram=39% gpu=50% vram=60% gpu_temp=69C
[2026-03-09 13:26:21] final.twotower.train progress epoch=7/8 batch=160/2491 loss=0.3258 seen_pairs=983,040 (6.4%) | cpu=13% ram=39% gpu=54% vram=60% gpu_temp=69C
[2026-03-09 13:26:24] final.twotower.train progress epoch=7/8 batch=240/2491 loss=0.3288 seen_pairs=1,474,560 (9.6%) | cpu=12% ram=39% gpu=50% vram=60% gpu_temp=70C
[2026-03-09 13:26:26] final.twotower.train progress epoch=7/8 batch=320/2491 loss=0.3293 seen_pairs=1,966,080 (12.8%) | cpu=12% ram=39% gpu=51% vram=60% gpu_temp=70C
[2026-03-09 13:26:28] final.twotower.train progress epoch=7/8 batch=400/2491 loss=0.3351 seen_pairs=2,457,600 (16.1%) | cpu=12% ram=39% gpu=51% vram=60% gpu_temp=70C
[2026-03-09 13:26:31] final.twotower.train progress epoch=7/8 batch=480/2491 loss=0.3327 seen_pairs=2,949,120 (19.3%) | cpu=12% ram=39% gpu=51% vram=60% gpu_temp=70C
[2026-03-09 13:26:33] final.twotower.train progress epoch=7/8 batch=560/2491 loss=0.3351 seen_pairs=3,440,640 (22.5%) | cpu=12% ram=39% gpu=49% vram=60% gpu_temp=70C
[2026-03-09 13:26:35] final.twotower.train progress epoch=7/8 batch=640/2491 loss=0.3325 seen_pairs=3,932,160 (25.7%) | cpu=11% ram=39% gpu=49% vram=60% gpu_temp=71C
[2026-03-09 13:26:38] final.twotower.train progress epoch=7/8 batch=720/2491 loss=0.3325 seen_pairs=4,423,680 (28.9%) | cpu=11% ram=39% gpu=45% vram=60% gpu_temp=70C
[2026-03-09 13:26:38] final.twotower.train progress epoch=7/8 batch=800/2491 loss=0.3442 seen_pairs=4,915,200 (32.1%) | cpu=11% ram=39% gpu=43% vram=60% gpu_temp=70C
[2026-03-09 13:26:40] final.twotower.train progress epoch=7/8 batch=880/2491 loss=0.3407 seen_pairs=5,406,720 (35.3%) | cpu=11% ram=39% gpu=49% vram=60% gpu_temp=71C
[2026-03-09 13:26:43] final.twotower.train progress epoch=7/8 batch=960/2491 loss=0.3391 seen_pairs=5,898,240 (38.5%) | cpu=12% ram=39% gpu=45% vram=60% gpu_temp=71C
[2026-03-09 13:26:45] final.twotower.train progress epoch=7/8 batch=1040/2491 loss=0.3308 seen_pairs=6,389,760 (41.8%) | cpu=12% ram=39% gpu=47% vram=60% gpu_temp=71C
[2026-03-09 13:26:47] final.twotower.train progress epoch=7/8 batch=1120/2491 loss=0.3366 seen_pairs=6,881,280 (45.0%) | cpu=13% ram=39% gpu=45% vram=60% gpu_temp=71C
[2026-03-09 13:26:50] final.twotower.train progress epoch=7/8 batch=1200/2491 loss=0.3351 seen_pairs=7,372,800 (48.2%) | cpu=12% ram=39% gpu=54% vram=60% gpu_temp=71C
[2026-03-09 13:26:52] final.twotower.train progress epoch=7/8 batch=1280/2491 loss=0.3401 seen_pairs=7,864,320 (51.4%) | cpu=12% ram=39% gpu=49% vram=60% gpu_temp=71C
[2026-03-09 13:26:54] final.twotower.train progress epoch=7/8 batch=1360/2491 loss=0.3405 seen_pairs=8,355,840 (54.6%) | cpu=11% ram=39% gpu=48% vram=60% gpu_temp=71C
[2026-03-09 13:26:57] final.twotower.train progress epoch=7/8 batch=1440/2491 loss=0.3392 seen_pairs=8,847,360 (57.8%) | cpu=12% ram=39% gpu=49% vram=60% gpu_temp=71C
[2026-03-09 13:26:59] final.twotower.train progress epoch=7/8 batch=1520/2491 loss=0.3421 seen_pairs=9,338,880 (61.0%) | cpu=11% ram=39% gpu=49% vram=60% gpu_temp=71C
[2026-03-09 13:27:02] final.twotower.train progress epoch=7/8 batch=1600/2491 loss=0.3411 seen_pairs=9,830,400 (64.2%) | cpu=11% ram=39% gpu=48% vram=60% gpu_temp=70C
[2026-03-09 13:27:04] final.twotower.train progress epoch=7/8 batch=1680/2491 loss=0.3386 seen_pairs=10,321,920 (67.4%) | cpu=11% ram=39% gpu=48% vram=60% gpu_temp=71C
[2026-03-09 13:27:06] final.twotower.train progress epoch=7/8 batch=1760/2491 loss=0.3460 seen_pairs=10,813,440 (70.7%) | cpu=12% ram=39% gpu=53% vram=60% gpu_temp=71C
[2026-03-09 13:27:09] final.twotower.train progress epoch=7/8 batch=1840/2491 loss=0.3407 seen_pairs=11,304,960 (73.9%) | cpu=12% ram=39% gpu=49% vram=60% gpu_temp=72C
[2026-03-09 13:27:09] final.twotower.train progress epoch=7/8 batch=1920/2491 loss=0.3440 seen_pairs=11,796,480 (77.1%) | cpu=12% ram=39% gpu=53% vram=60% gpu_temp=71C
[2026-03-09 13:27:11] final.twotower.train progress epoch=7/8 batch=2000/2491 loss=0.3399 seen_pairs=12,288,000 (80.3%) | cpu=11% ram=39% gpu=52% vram=60% gpu_temp=72C
[2026-03-09 13:27:13] final.twotower.train progress epoch=7/8 batch=2080/2491 loss=0.3481 seen_pairs=12,779,520 (83.5%) | cpu=12% ram=39% gpu=52% vram=60% gpu_temp=72C
[2026-03-09 13:27:16] final.twotower.train progress epoch=7/8 batch=2160/2491 loss=0.3437 seen_pairs=13,271,040 (86.7%) | cpu=12% ram=39% gpu=52% vram=60% gpu_temp=72C
[2026-03-09 13:27:18] final.twotower.train progress epoch=7/8 batch=2240/2491 loss=0.3398 seen_pairs=13,762,560 (89.9%) | cpu=12% ram=39% gpu=49% vram=60% gpu_temp=72C
[2026-03-09 13:27:21] final.twotower.train progress epoch=7/8 batch=2320/2491 loss=0.3366 seen_pairs=14,254,080 (93.1%) | cpu=12% ram=39% gpu=54% vram=60% gpu_temp=71C
[2026-03-09 13:27:23] final.twotower.train progress epoch=7/8 batch=2400/2491 loss=0.3424 seen_pairs=14,745,600 (96.3%) | cpu=11% ram=39% gpu=54% vram=60% gpu_temp=72C
[2026-03-09 13:27:25] final.twotower.train progress epoch=7/8 batch=2480/2491 loss=0.3423 seen_pairs=15,237,120 (99.6%) | cpu=11% ram=39% gpu=50% vram=60% gpu_temp=72C
[2026-03-09 13:27:26] final.twotower.train progress epoch=7/8 batch=2491/2491 loss=0.3475 seen_pairs=15,304,489 (100.0%) | cpu=13% ram=39% gpu=44% vram=60% gpu_temp=72C
[2026-03-09 13:27:26] final.twotower.train epoch_done epoch=7/8 avg_loss=0.33661 | cpu=16% ram=39% gpu=44% vram=60% gpu_temp=72C
[2026-03-09 13:27:37] final.twotower.train progress epoch=8/8 batch=80/2491 loss=0.3248 seen_pairs=491,520 (3.2%) | cpu=11% ram=39% gpu=54% vram=60% gpu_temp=69C
[2026-03-09 13:27:40] final.twotower.train progress epoch=8/8 batch=160/2491 loss=0.3252 seen_pairs=983,040 (6.4%) | cpu=11% ram=39% gpu=54% vram=60% gpu_temp=70C
[2026-03-09 13:27:42] final.twotower.train progress epoch=8/8 batch=240/2491 loss=0.3260 seen_pairs=1,474,560 (9.6%) | cpu=11% ram=39% gpu=53% vram=60% gpu_temp=70C
[2026-03-09 13:27:45] final.twotower.train progress epoch=8/8 batch=320/2491 loss=0.3239 seen_pairs=1,966,080 (12.8%) | cpu=12% ram=39% gpu=53% vram=60% gpu_temp=70C
[2026-03-09 13:27:47] final.twotower.train progress epoch=8/8 batch=400/2491 loss=0.3322 seen_pairs=2,457,600 (16.1%) | cpu=11% ram=39% gpu=54% vram=60% gpu_temp=70C
[2026-03-09 13:27:49] final.twotower.train progress epoch=8/8 batch=480/2491 loss=0.3270 seen_pairs=2,949,120 (19.3%) | cpu=11% ram=39% gpu=55% vram=60% gpu_temp=71C
[2026-03-09 13:27:52] final.twotower.train progress epoch=8/8 batch=560/2491 loss=0.3276 seen_pairs=3,440,640 (22.5%) | cpu=11% ram=39% gpu=52% vram=60% gpu_temp=71C
[2026-03-09 13:27:54] final.twotower.train progress epoch=8/8 batch=640/2491 loss=0.3327 seen_pairs=3,932,160 (25.7%) | cpu=11% ram=39% gpu=50% vram=60% gpu_temp=70C
[2026-03-09 13:27:56] final.twotower.train progress epoch=8/8 batch=720/2491 loss=0.3318 seen_pairs=4,423,680 (28.9%) | cpu=11% ram=39% gpu=53% vram=60% gpu_temp=70C
[2026-03-09 13:27:59] final.twotower.train progress epoch=8/8 batch=800/2491 loss=0.3319 seen_pairs=4,915,200 (32.1%) | cpu=12% ram=39% gpu=50% vram=60% gpu_temp=71C
[2026-03-09 13:28:01] final.twotower.train progress epoch=8/8 batch=880/2491 loss=0.3328 seen_pairs=5,406,720 (35.3%) | cpu=11% ram=39% gpu=48% vram=60% gpu_temp=71C
[2026-03-09 13:28:04] final.twotower.train progress epoch=8/8 batch=960/2491 loss=0.3353 seen_pairs=5,898,240 (38.5%) | cpu=12% ram=39% gpu=45% vram=60% gpu_temp=71C
[2026-03-09 13:28:06] final.twotower.train progress epoch=8/8 batch=1040/2491 loss=0.3328 seen_pairs=6,389,760 (41.8%) | cpu=11% ram=39% gpu=54% vram=60% gpu_temp=71C
[2026-03-09 13:28:08] final.twotower.train progress epoch=8/8 batch=1120/2491 loss=0.3346 seen_pairs=6,881,280 (45.0%) | cpu=11% ram=39% gpu=53% vram=60% gpu_temp=71C
[2026-03-09 13:28:08] final.twotower.train progress epoch=8/8 batch=1200/2491 loss=0.3343 seen_pairs=7,372,800 (48.2%) | cpu=11% ram=39% gpu=54% vram=60% gpu_temp=71C
[2026-03-09 13:28:10] final.twotower.train progress epoch=8/8 batch=1280/2491 loss=0.3377 seen_pairs=7,864,320 (51.4%) | cpu=12% ram=39% gpu=50% vram=60% gpu_temp=71C
[2026-03-09 13:28:13] final.twotower.train progress epoch=8/8 batch=1360/2491 loss=0.3376 seen_pairs=8,355,840 (54.6%) | cpu=11% ram=39% gpu=54% vram=60% gpu_temp=71C
[2026-03-09 13:28:15] final.twotower.train progress epoch=8/8 batch=1440/2491 loss=0.3347 seen_pairs=8,847,360 (57.8%) | cpu=12% ram=39% gpu=50% vram=60% gpu_temp=71C
[2026-03-09 13:28:18] final.twotower.train progress epoch=8/8 batch=1520/2491 loss=0.3343 seen_pairs=9,338,880 (61.0%) | cpu=12% ram=38% gpu=51% vram=60% gpu_temp=72C
[2026-03-09 13:28:20] final.twotower.train progress epoch=8/8 batch=1600/2491 loss=0.3396 seen_pairs=9,830,400 (64.2%) | cpu=11% ram=38% gpu=52% vram=60% gpu_temp=71C
[2026-03-09 13:28:22] final.twotower.train progress epoch=8/8 batch=1680/2491 loss=0.3364 seen_pairs=10,321,920 (67.4%) | cpu=11% ram=38% gpu=53% vram=60% gpu_temp=72C
[2026-03-09 13:28:25] final.twotower.train progress epoch=8/8 batch=1760/2491 loss=0.3363 seen_pairs=10,813,440 (70.7%) | cpu=12% ram=38% gpu=53% vram=60% gpu_temp=72C
[2026-03-09 13:28:27] final.twotower.train progress epoch=8/8 batch=1840/2491 loss=0.3403 seen_pairs=11,304,960 (73.9%) | cpu=11% ram=38% gpu=53% vram=60% gpu_temp=72C
[2026-03-09 13:28:29] final.twotower.train progress epoch=8/8 batch=1920/2491 loss=0.3343 seen_pairs=11,796,480 (77.1%) | cpu=12% ram=38% gpu=52% vram=60% gpu_temp=71C
[2026-03-09 13:28:32] final.twotower.train progress epoch=8/8 batch=2000/2491 loss=0.3390 seen_pairs=12,288,000 (80.3%) | cpu=12% ram=38% gpu=49% vram=60% gpu_temp=72C
[2026-03-09 13:28:34] final.twotower.train progress epoch=8/8 batch=2080/2491 loss=0.3416 seen_pairs=12,779,520 (83.5%) | cpu=12% ram=38% gpu=52% vram=60% gpu_temp=72C
[2026-03-09 13:28:37] final.twotower.train progress epoch=8/8 batch=2160/2491 loss=0.3431 seen_pairs=13,271,040 (86.7%) | cpu=11% ram=38% gpu=52% vram=60% gpu_temp=72C
[2026-03-09 13:28:37] final.twotower.train progress epoch=8/8 batch=2240/2491 loss=0.3394 seen_pairs=13,762,560 (89.9%) | cpu=12% ram=38% gpu=51% vram=60% gpu_temp=72C
[2026-03-09 13:28:39] final.twotower.train progress epoch=8/8 batch=2320/2491 loss=0.3391 seen_pairs=14,254,080 (93.1%) | cpu=12% ram=38% gpu=55% vram=60% gpu_temp=72C
[2026-03-09 13:28:42] final.twotower.train progress epoch=8/8 batch=2400/2491 loss=0.3389 seen_pairs=14,745,600 (96.3%) | cpu=12% ram=38% gpu=55% vram=60% gpu_temp=72C
[2026-03-09 13:28:44] final.twotower.train progress epoch=8/8 batch=2480/2491 loss=0.3445 seen_pairs=15,237,120 (99.6%) | cpu=12% ram=38% gpu=45% vram=60% gpu_temp=72C
[2026-03-09 13:28:44] final.twotower.train progress epoch=8/8 batch=2491/2491 loss=0.3377 seen_pairs=15,304,489 (100.0%) | cpu=15% ram=38% gpu=45% vram=60% gpu_temp=72C
[2026-03-09 13:28:45] final.twotower.train epoch_done epoch=8/8 avg_loss=0.33361 | cpu=9% ram=38% gpu=40% vram=60% gpu_temp=72C
[2026-03-09 13:28:45] Stage final.twotower.train done in 689.3s | cpu=21% ram=37% gpu=8% vram=60% gpu_temp=72C
[2026-03-09 13:28:51] final.twotower.candidates start users=161,578 topn=660 batch_size=2048 batches=79 | cpu=12% ram=41% gpu=14% vram=60% gpu_temp=66C
[2026-03-09 13:28:57] final.twotower.candidates progress users=20,480/161,578 (12.7%) | cpu=11% ram=48% gpu=9% vram=69% gpu_temp=66C
[2026-03-09 13:29:02] final.twotower.candidates progress users=40,960/161,578 (25.3%) | cpu=12% ram=54% gpu=6% vram=69% gpu_temp=65C
[2026-03-09 13:29:08] final.twotower.candidates progress users=61,440/161,578 (38.0%) | cpu=17% ram=60% gpu=6% vram=69% gpu_temp=66C
[2026-03-09 13:29:10] final.twotower.candidates progress users=81,920/161,578 (50.7%) | cpu=11% ram=66% gpu=13% vram=69% gpu_temp=64C
[2026-03-09 13:29:16] final.twotower.candidates progress users=102,400/161,578 (63.4%) | cpu=11% ram=72% gpu=6% vram=69% gpu_temp=65C
[2026-03-09 13:29:22] final.twotower.candidates progress users=122,880/161,578 (76.0%) | cpu=11% ram=78% gpu=24% vram=69% gpu_temp=63C
[2026-03-09 13:29:28] final.twotower.candidates progress users=143,360/161,578 (88.7%) | cpu=11% ram=85% gpu=21% vram=69% gpu_temp=63C
[2026-03-09 13:29:33] final.twotower.candidates progress users=161,578/161,578 (100.0%) | cpu=11% ram=90% gpu=6% vram=69% gpu_temp=64C
[2026-03-09 13:30:02] final.twotower.candidates reuse test_from_val=true | cpu=13% ram=42% gpu=25% vram=69% gpu_temp=61C
[2026-03-09 13:30:02] Stage final.twotower.candidates done in 82.6s | val_rows=35,546,883 test_rows=35,546,883 reused_from_val=True | cpu=9% ram=42% gpu=25% vram=69% gpu_temp=61C
[2026-03-09 13:30:04] baseline.retrieval.setup algo=cosine users=161,578 items=47,187 interactions=15,304,489 | cpu=12% ram=43% gpu=22% vram=69% gpu_temp=60C
/home/zxczxc/mambaforge/envs/trainer/lib/python3.10/site-packages/implicit/utils.py:164: ParameterWarning: Method expects CSR input, and was passed coo_matrix instead. Converting to CSR took 0.08978748321533203 seconds
  warnings.warn(
  0%|          | 0/47187 [00:00<?, ?it/s]  0%|          | 127/47187 [00:00<00:37, 1269.54it/s]  0%|          | 128/47187 [00:00<00:36, 1272.93it/s]  1%|          | 319/47187 [00:00<00:30, 1560.88it/s]  1%|          | 320/47187 [00:00<00:27, 1698.17it/s]  1%|1         | 490/47187 [00:00<00:28, 1652.33it/s]  2%|1         | 759/47187 [00:00<00:23, 1990.22it/s]  2%|2         | 965/47187 [00:00<00:22, 2011.33it/s]  2%|2         | 1167/47187 [00:00<00:24, 1884.52it/s]  2%|2         | 1168/47187 [00:00<00:25, 1808.67it/s]  3%|2         | 1351/47187 [00:00<00:34, 1326.15it/s]  3%|3         | 1593/47187 [00:00<00:28, 1576.02it/s]  4%|3         | 1856/47187 [00:01<00:24, 1827.64it/s]  4%|3         | 1857/47187 [00:01<00:22, 2026.50it/s]  4%|4         | 2077/47187 [00:01<00:23, 1943.53it/s]  4%|4         | 2079/47187 [00:01<00:24, 1852.65it/s]  4%|4         | 2079/47187 [00:01<00:24, 1852.65it/s]  5%|4         | 2289/47187 [00:01<00:23, 1913.29it/s]  5%|4         | 2290/47187 [00:01<00:22, 1959.39it/s]  5%|5         | 2587/47187 [00:01<00:19, 2237.81it/s]  6%|5         | 2819/47187 [00:01<00:19, 2260.07it/s]  6%|6         | 3055/47187 [00:01<00:19, 2282.81it/s]  7%|7         | 3352/47187 [00:01<00:17, 2482.44it/s]  7%|7         | 3355/47187 [00:01<00:16, 2729.70it/s]  7%|7         | 3355/47187 [00:01<00:16, 2729.70it/s]  8%|7         | 3657/47187 [00:01<00:15, 2810.31it/s]  8%|8         | 3978/47187 [00:01<00:14, 2928.29it/s]  9%|9         | 4336/47187 [00:01<00:13, 3120.65it/s]  9%|9         | 4340/47187 [00:01<00:12, 3472.10it/s]  9%|9         | 4340/47187 [00:01<00:12, 3472.10it/s]  9%|9         | 4340/47187 [00:01<00:12, 3472.10it/s]  9%|9         | 4340/47187 [00:01<00:12, 3472.10it/s] 10%|#         | 4847/47187 [00:02<00:10, 3945.38it/s] 11%|#1        | 5275/47187 [00:02<00:10, 4045.26it/s] 12%|#2        | 5821/47187 [00:02<00:09, 4466.04it/s] 12%|#2        | 5823/47187 [00:02<00:08, 4966.47it/s] 12%|#2        | 5824/47187 [00:02<00:08, 4966.47it/s] 13%|#3        | 6323/47187 [00:02<00:08, 4950.62it/s] 13%|#3        | 6327/47187 [00:02<00:08, 4928.78it/s] 13%|#3        | 6327/47187 [00:02<00:08, 4928.78it/s] 13%|#3        | 6329/47187 [00:02<00:08, 4928.78it/s] 14%|#4        | 6822/47187 [00:02<00:08, 4870.25it/s] 14%|#4        | 6824/47187 [00:02<00:08, 4828.19it/s] 16%|#5        | 7345/47187 [00:02<00:08, 4934.64it/s] 16%|#5        | 7348/47187 [00:02<00:07, 5102.92it/s] 16%|#5        | 7350/47187 [00:02<00:07, 5102.92it/s] 16%|#5        | 7351/47187 [00:02<00:07, 5102.92it/s] 17%|#6        | 7994/47187 [00:02<00:07, 5496.16it/s] 17%|#6        | 7995/47187 [00:02<00:06, 5770.74it/s] 19%|#9        | 8997/47187 [00:02<00:05, 7034.94it/s] 19%|#9        | 9004/47187 [00:02<00:03, 9737.50it/s] 19%|#9        | 9005/47187 [00:02<00:03, 9737.50it/s] 19%|#9        | 9005/47187 [00:02<00:03, 9737.50it/s] 19%|#9        | 9007/47187 [00:02<00:03, 9737.50it/s] 19%|#9        | 9008/47187 [00:02<00:03, 9737.50it/s] 19%|#9        | 9009/47187 [00:02<00:03, 9737.50it/s] 19%|#9        | 9016/47187 [00:02<00:03, 9737.50it/s] 21%|##1       | 9994/47187 [00:02<00:03, 9626.19it/s] 21%|##1       | 9996/47187 [00:02<00:03, 9486.42it/s] 21%|##1       | 9996/47187 [00:02<00:03, 9486.42it/s] 23%|##3       | 10945/47187 [00:03<00:04, 8141.22it/s] 23%|##3       | 10949/47187 [00:03<00:05, 6472.88it/s] 23%|##3       | 10949/47187 [00:03<00:05, 6472.88it/s] 23%|##3       | 10950/47187 [00:03<00:05, 6472.88it/s] 23%|##3       | 10950/47187 [00:03<00:05, 6472.88it/s] 25%|##4       | 11615/47187 [00:03<00:05, 6398.77it/s] 25%|##4       | 11617/47187 [00:03<00:05, 6288.14it/s] 25%|##4       | 11617/47187 [00:03<00:05, 6288.14it/s] 26%|##5       | 12250/47187 [00:03<00:05, 5913.42it/s] 26%|##5       | 12254/47187 [00:03<00:06, 5350.82it/s] 26%|##5       | 12254/47187 [00:03<00:06, 5350.82it/s] 26%|##5       | 12256/47187 [00:03<00:06, 5350.82it/s] 27%|##7       | 12906/47187 [00:03<00:06, 5643.81it/s] 27%|##7       | 12908/47187 [00:03<00:05, 5868.60it/s] 29%|##9       | 13915/47187 [00:03<00:04, 7027.99it/s] 29%|##9       | 13916/47187 [00:03<00:04, 7878.58it/s] 32%|###1      | 15022/47187 [00:03<00:03, 8793.29it/s] 32%|###1      | 15023/47187 [00:03<00:03, 9443.83it/s] 35%|###4      | 16471/47187 [00:03<00:02, 10909.12it/s] 38%|###7      | 17868/47187 [00:03<00:02, 11811.48it/s] 38%|###7      | 17869/47187 [00:03<00:02, 12442.33it/s] 41%|####      | 19329/47187 [00:03<00:02, 13084.12it/s] 41%|####      | 19333/47187 [00:03<00:01, 14206.29it/s] 41%|####      | 19334/47187 [00:03<00:01, 14206.29it/s] 41%|####      | 19336/47187 [00:03<00:01, 14206.29it/s] 41%|####      | 19338/47187 [00:03<00:01, 14206.29it/s]100%|##########| 47187/47187 [00:02<00:00, 20543.16it/s]
[2026-03-09 13:30:07] baseline.retrieval.fit algo=cosine K=220 threads=0 done_in=5.6s | cpu=56% ram=44% gpu=37% vram=69% gpu_temp=60C
[2026-03-09 13:30:07] Stage final.aux_retrieval.train done in 6.9s | algo=cosine | cpu=16% ram=44% gpu=37% vram=69% gpu_temp=60C
[2026-03-09 13:30:07] baseline.retrieval.candidates start users=161,578 batch_size=8192 batches=20 | cpu=14% ram=44% gpu=45% vram=69% gpu_temp=60C
[2026-03-09 13:30:27] baseline.retrieval.candidates progress users=81,920/161,578 (50.7%) | cpu=11% ram=44% gpu=42% vram=69% gpu_temp=60C
[2026-03-09 13:30:43] baseline.retrieval.candidates progress users=161,578/161,578 (100.0%) | cpu=11% ram=45% gpu=23% vram=69% gpu_temp=59C
[2026-03-09 13:30:43] final.aux_retrieval.candidates reuse test_from_val=true | cpu=11% ram=45% gpu=25% vram=69% gpu_temp=59C
[2026-03-09 13:30:44] Stage final.aux_retrieval.candidates done in 39.0s | val_rows=35,547,160 test_rows=35,547,160 reused_from_val=True | cpu=7% ram=45% gpu=25% vram=69% gpu_temp=59C
[2026-03-09 13:30:44] final.candidate_fusion start sources=3 users_val=161,578 users_test=161,578 k=220 use_gpu=True | cpu=7% ram=45% gpu=25% vram=69% gpu_temp=59C
[2026-03-09 13:30:44] final.candidate_fusion.val backend=cudf | cpu=9% ram=45% gpu=25% vram=69% gpu_temp=59C
[2026-03-09 13:30:44] final.candidate_fusion.val source_prepare name=tt rows=35,546,883 weight=0.42 | cpu=12% ram=45% gpu=17% vram=69% gpu_temp=59C
[2026-03-09 13:30:47] final.candidate_fusion.val source_ready name=tt rows=35,546,883 in=3.0s | cpu=10% ram=45% gpu=30% vram=85% gpu_temp=61C
[2026-03-09 13:30:47] final.candidate_fusion.val source_prepare name=als rows=35,547,160 weight=0.46 | cpu=11% ram=45% gpu=30% vram=85% gpu_temp=61C
[2026-03-09 13:30:51] final.candidate_fusion.val source_ready name=als rows=35,547,160 in=4.6s | cpu=8% ram=47% gpu=32% vram=93% gpu_temp=62C
[2026-03-09 13:30:52] final.candidate_fusion.val source_prepare name=aux rows=35,547,160 weight=0.12 | cpu=6% ram=47% gpu=32% vram=93% gpu_temp=62C
[2026-03-09 13:30:54] final.candidate_fusion.val source_ready name=aux rows=35,547,160 in=2.3s | cpu=10% ram=47% gpu=49% vram=94% gpu_temp=62C
[2026-03-09 13:30:54] final.candidate_fusion.val merge_start inputs=3 | cpu=7% ram=47% gpu=49% vram=94% gpu_temp=62C
[2026-03-09 13:30:56] final.candidate_fusion.val merge_step=1/2 rows=59,972,583 in=2.1s | cpu=11% ram=47% gpu=51% vram=95% gpu_temp=63C
[2026-03-09 13:30:59] final.candidate_fusion.val merge_step=2/2 rows=78,198,186 in=3.2s | cpu=11% ram=47% gpu=29% vram=95% gpu_temp=63C
[2026-03-09 13:31:12] final.candidate_fusion.val topk_done rows=35,547,160 k=220 | cpu=10% ram=47% gpu=16% vram=96% gpu_temp=63C
[2026-03-09 13:31:15] final.candidate_fusion.test backend=cudf | cpu=10% ram=52% gpu=22% vram=68% gpu_temp=61C
[2026-03-09 13:31:16] final.candidate_fusion.test source_prepare name=tt rows=35,546,883 weight=0.42 | cpu=11% ram=52% gpu=22% vram=68% gpu_temp=61C
[2026-03-09 13:31:17] final.candidate_fusion.test source_ready name=tt rows=35,546,883 in=1.4s | cpu=11% ram=53% gpu=48% vram=85% gpu_temp=63C
[2026-03-09 13:31:17] final.candidate_fusion.test source_prepare name=als rows=35,547,160 weight=0.46 | cpu=9% ram=54% gpu=48% vram=85% gpu_temp=63C
[2026-03-09 13:31:19] final.candidate_fusion.test source_ready name=als rows=35,547,160 in=1.5s | cpu=11% ram=54% gpu=57% vram=93% gpu_temp=64C
[2026-03-09 13:31:19] final.candidate_fusion.test source_prepare name=aux rows=35,547,160 weight=0.12 | cpu=10% ram=54% gpu=30% vram=93% gpu_temp=64C
[2026-03-09 13:31:21] final.candidate_fusion.test source_ready name=aux rows=35,547,160 in=2.2s | cpu=12% ram=54% gpu=41% vram=95% gpu_temp=64C
[2026-03-09 13:31:21] final.candidate_fusion.test merge_start inputs=3 | cpu=9% ram=54% gpu=41% vram=95% gpu_temp=64C
[2026-03-09 13:31:23] final.candidate_fusion.test merge_step=1/2 rows=59,972,583 in=2.1s | cpu=12% ram=54% gpu=68% vram=95% gpu_temp=64C
[2026-03-09 13:31:26] final.candidate_fusion.test merge_step=2/2 rows=78,198,186 in=3.0s | cpu=11% ram=54% gpu=51% vram=95% gpu_temp=64C
[2026-03-09 13:31:39] final.candidate_fusion.test topk_done rows=35,547,160 k=220 | cpu=11% ram=53% gpu=27% vram=96% gpu_temp=64C
[2026-03-09 13:31:43] Stage final.candidate_fusion done in 64.1s | tt_weight=0.42 als_weight=0.46 aux_algo=cosine aux_weight=0.12 val_rows=35,547,160 test_rows=35,547,160 | cpu=10% ram=58% gpu=20% vram=68% gpu_temp=62C
[2026-03-09 13:32:08] Stage final.retrieval.eval done in 24.8s
[2026-03-09 13:32:14] ranker.features context_ready backend=pandas genre_vocab=19 user_recent_masks=161,578 | cpu=11% ram=60% gpu=35% vram=69% gpu_temp=60C
[2026-03-09 13:32:14] ranker.features start candidate_rows=35,547,160 train_rows=15,304,489 target_rows=161,578 | cpu=7% ram=60% gpu=35% vram=69% gpu_temp=60C
[2026-03-09 13:32:14] ranker.features merges_start backend=pandas rows=35,547,160 | cpu=16% ram=60% gpu=37% vram=69% gpu_temp=60C
[2026-03-09 13:32:16] ranker.features merge_done backend=pandas name=user_cnt rows=35,547,160 in=1.4s | cpu=14% ram=65% gpu=32% vram=69% gpu_temp=60C
[2026-03-09 13:32:18] ranker.features merge_done backend=pandas name=item_cnt rows=35,547,160 in=2.5s | cpu=12% ram=66% gpu=33% vram=69% gpu_temp=59C
[2026-03-09 13:32:20] ranker.features merge_done backend=pandas name=user_mean rows=35,547,160 in=1.7s | cpu=17% ram=67% gpu=33% vram=70% gpu_temp=59C
[2026-03-09 13:32:19] ranker.features merge_done backend=pandas name=item_mean rows=35,547,160 in=2.7s | cpu=13% ram=67% gpu=25% vram=71% gpu_temp=59C
[2026-03-09 13:32:21] ranker.features merge_done backend=pandas name=user_last_ts rows=35,547,160 in=1.5s | cpu=13% ram=68% gpu=23% vram=71% gpu_temp=59C
[2026-03-09 13:32:22] ranker.features merge_done backend=pandas name=user_first_ts rows=35,547,160 in=1.4s | cpu=13% ram=70% gpu=43% vram=71% gpu_temp=59C
[2026-03-09 13:32:26] ranker.features merge_done backend=pandas name=item_last_ts rows=35,547,160 in=3.7s | cpu=14% ram=71% gpu=27% vram=71% gpu_temp=59C
[2026-03-09 13:32:34] ranker.features merge_done backend=pandas name=query_ts rows=35,547,160 in=7.6s | cpu=14% ram=71% gpu=52% vram=71% gpu_temp=59C
[2026-03-09 13:32:39] ranker.features base_signals_done | cpu=12% ram=88% gpu=25% vram=71% gpu_temp=59C
[2026-03-09 13:35:15] ranker.features genre_signals_done | cpu=12% ram=67% gpu=27% vram=71% gpu_temp=57C
[2026-03-09 13:35:15] ranker.features labels_ready rows=161,578 | cpu=9% ram=67% gpu=27% vram=71% gpu_temp=57C
[2026-03-09 13:36:21] ranker.features labels_merged rows=35,547,160 in=73.1s | cpu=13% ram=57% gpu=24% vram=71% gpu_temp=57C
[2026-03-09 13:37:00] ranker.features done rows=35,547,160 feature_cols=25 positive_rate=0.0028 | cpu=11% ram=58% gpu=26% vram=71% gpu_temp=57C
[2026-03-09 13:37:01] ranker.features start candidate_rows=35,547,160 train_rows=15,304,489 target_rows=161,578 | cpu=16% ram=56% gpu=24% vram=71% gpu_temp=57C
[2026-03-09 13:37:01] ranker.features merges_start backend=pandas rows=35,547,160 | cpu=11% ram=56% gpu=24% vram=71% gpu_temp=57C
[2026-03-09 13:37:09] ranker.features merge_done backend=pandas name=user_cnt rows=35,547,160 in=8.3s | cpu=7% ram=64% gpu=24% vram=71% gpu_temp=57C
[2026-03-09 13:37:11] ranker.features merge_done backend=pandas name=item_cnt rows=35,547,160 in=2.0s | cpu=12% ram=66% gpu=25% vram=71% gpu_temp=57C
[2026-03-09 13:37:12] ranker.features merge_done backend=pandas name=user_mean rows=35,547,160 in=1.1s | cpu=11% ram=66% gpu=25% vram=71% gpu_temp=57C
[2026-03-09 13:37:15] ranker.features merge_done backend=pandas name=item_mean rows=35,547,160 in=2.5s | cpu=11% ram=67% gpu=24% vram=71% gpu_temp=57C
[2026-03-09 13:37:16] ranker.features merge_done backend=pandas name=user_last_ts rows=35,547,160 in=1.5s | cpu=11% ram=68% gpu=24% vram=71% gpu_temp=57C
[2026-03-09 13:37:18] ranker.features merge_done backend=pandas name=user_first_ts rows=35,547,160 in=1.8s | cpu=11% ram=70% gpu=24% vram=71% gpu_temp=57C
[2026-03-09 13:37:19] ranker.features merge_done backend=pandas name=item_last_ts rows=35,547,160 in=3.2s | cpu=11% ram=71% gpu=24% vram=71% gpu_temp=57C
[2026-03-09 13:37:21] ranker.features merge_done backend=pandas name=query_ts rows=35,547,160 in=2.0s | cpu=12% ram=72% gpu=24% vram=71% gpu_temp=57C
[2026-03-09 13:37:25] ranker.features base_signals_done | cpu=10% ram=88% gpu=28% vram=71% gpu_temp=57C
