log_file=outputs/fullrun_gpu_quality_200_ep2_k70/logs/pipeline.log
[2026-03-09 08:51:27] Pipeline start | cpu=0% ram=8% gpu=22% vram=7% gpu_temp=55C
[2026-03-09 08:51:27] Outputs: tables=outputs/fullrun_gpu_quality_200_ep2_k70/tables figures=outputs/fullrun_gpu_quality_200_ep2_k70/figures
[2026-03-09 08:51:44] Stage data.load done in 16.5s | rows=15,630,129 users=162,414 items=47,396 | cpu=12% ram=9% gpu=21% vram=7% gpu_temp=54C
[2026-03-09 08:51:55] Stage data.split done in 11.2s | train=15,304,489 val=161,578 test=161,578 users_train=161,578 items_train=47,187 | cpu=9% ram=11% gpu=21% vram=7% gpu_temp=54C
[2026-03-09 08:51:56] Eval users: val=161,578 test=161,578
[2026-03-09 08:51:56] Eval setup: k_candidates=70 ks=[10, 20]
[2026-03-09 08:51:56] Baseline stages are disabled (baseline.enabled=false)
[2026-03-09 08:51:57] final.twotower.setup device=cuda users=161,578 items=47,187 pairs=15,304,489 batch_size=12288 negatives=6 | cpu=11% ram=16% gpu=3% vram=8% gpu_temp=55C
[2026-03-09 08:52:12] final.twotower.train progress epoch=1/2 batch=60/1246 loss=0.6933 seen_pairs=737,280 (4.8%) | cpu=9% ram=18% gpu=47% vram=12% gpu_temp=58C
[2026-03-09 08:52:13] final.twotower.train progress epoch=1/2 batch=120/1246 loss=0.6932 seen_pairs=1,474,560 (9.6%) | cpu=10% ram=18% gpu=48% vram=12% gpu_temp=58C
[2026-03-09 08:52:14] final.twotower.train progress epoch=1/2 batch=180/1246 loss=0.6931 seen_pairs=2,211,840 (14.4%) | cpu=9% ram=18% gpu=48% vram=12% gpu_temp=59C
[2026-03-09 08:52:16] final.twotower.train progress epoch=1/2 batch=240/1246 loss=0.6928 seen_pairs=2,949,120 (19.3%) | cpu=9% ram=18% gpu=48% vram=12% gpu_temp=59C
[2026-03-09 08:52:17] final.twotower.train progress epoch=1/2 batch=300/1246 loss=0.6923 seen_pairs=3,686,400 (24.1%) | cpu=9% ram=18% gpu=49% vram=12% gpu_temp=59C
[2026-03-09 08:52:18] final.twotower.train progress epoch=1/2 batch=360/1246 loss=0.6902 seen_pairs=4,423,680 (28.9%) | cpu=9% ram=18% gpu=48% vram=12% gpu_temp=59C
[2026-03-09 08:52:19] final.twotower.train progress epoch=1/2 batch=420/1246 loss=0.6846 seen_pairs=5,160,960 (33.7%) | cpu=9% ram=18% gpu=47% vram=12% gpu_temp=59C
[2026-03-09 08:52:20] final.twotower.train progress epoch=1/2 batch=480/1246 loss=0.6713 seen_pairs=5,898,240 (38.5%) | cpu=9% ram=18% gpu=44% vram=12% gpu_temp=60C
[2026-03-09 08:52:21] final.twotower.train progress epoch=1/2 batch=540/1246 loss=0.6479 seen_pairs=6,635,520 (43.3%) | cpu=9% ram=18% gpu=47% vram=12% gpu_temp=60C
[2026-03-09 08:52:22] final.twotower.train progress epoch=1/2 batch=600/1246 loss=0.6178 seen_pairs=7,372,800 (48.2%) | cpu=9% ram=18% gpu=48% vram=12% gpu_temp=60C
[2026-03-09 08:52:24] final.twotower.train progress epoch=1/2 batch=660/1246 loss=0.5871 seen_pairs=8,110,080 (53.0%) | cpu=10% ram=18% gpu=48% vram=12% gpu_temp=60C
[2026-03-09 08:52:25] final.twotower.train progress epoch=1/2 batch=720/1246 loss=0.5625 seen_pairs=8,847,360 (57.8%) | cpu=14% ram=18% gpu=51% vram=12% gpu_temp=60C
[2026-03-09 08:52:26] final.twotower.train progress epoch=1/2 batch=780/1246 loss=0.5390 seen_pairs=9,584,640 (62.6%) | cpu=10% ram=18% gpu=47% vram=12% gpu_temp=61C
[2026-03-09 08:52:24] final.twotower.train progress epoch=1/2 batch=840/1246 loss=0.5236 seen_pairs=10,321,920 (67.4%) | cpu=9% ram=18% gpu=49% vram=12% gpu_temp=61C
[2026-03-09 08:52:26] final.twotower.train progress epoch=1/2 batch=900/1246 loss=0.5118 seen_pairs=11,059,200 (72.2%) | cpu=9% ram=18% gpu=47% vram=12% gpu_temp=61C
[2026-03-09 08:52:27] final.twotower.train progress epoch=1/2 batch=960/1246 loss=0.5011 seen_pairs=11,796,480 (77.0%) | cpu=8% ram=18% gpu=47% vram=12% gpu_temp=61C
[2026-03-09 08:52:28] final.twotower.train progress epoch=1/2 batch=1020/1246 loss=0.4890 seen_pairs=12,533,760 (81.9%) | cpu=9% ram=18% gpu=48% vram=12% gpu_temp=61C
[2026-03-09 08:52:29] final.twotower.train progress epoch=1/2 batch=1080/1246 loss=0.4773 seen_pairs=13,271,040 (86.7%) | cpu=9% ram=18% gpu=48% vram=12% gpu_temp=61C
[2026-03-09 08:52:30] final.twotower.train progress epoch=1/2 batch=1140/1246 loss=0.4670 seen_pairs=14,008,320 (91.5%) | cpu=9% ram=18% gpu=48% vram=12% gpu_temp=62C
[2026-03-09 08:52:31] final.twotower.train progress epoch=1/2 batch=1200/1246 loss=0.4651 seen_pairs=14,745,600 (96.3%) | cpu=9% ram=18% gpu=48% vram=12% gpu_temp=61C
[2026-03-09 08:52:32] final.twotower.train progress epoch=1/2 batch=1246/1246 loss=0.4638 seen_pairs=15,304,489 (100.0%) | cpu=9% ram=18% gpu=47% vram=12% gpu_temp=62C
[2026-03-09 08:52:32] final.twotower.train epoch_done epoch=1/2 avg_loss=0.59560 | cpu=5% ram=18% gpu=37% vram=12% gpu_temp=62C
[2026-03-09 08:52:44] final.twotower.train progress epoch=2/2 batch=60/1246 loss=0.4446 seen_pairs=737,280 (4.8%) | cpu=9% ram=18% gpu=47% vram=12% gpu_temp=61C
[2026-03-09 08:52:45] final.twotower.train progress epoch=2/2 batch=120/1246 loss=0.4408 seen_pairs=1,474,560 (9.6%) | cpu=9% ram=18% gpu=48% vram=12% gpu_temp=61C
[2026-03-09 08:52:46] final.twotower.train progress epoch=2/2 batch=180/1246 loss=0.4414 seen_pairs=2,211,840 (14.4%) | cpu=10% ram=18% gpu=49% vram=12% gpu_temp=61C
[2026-03-09 08:52:47] final.twotower.train progress epoch=2/2 batch=240/1246 loss=0.4374 seen_pairs=2,949,120 (19.3%) | cpu=9% ram=18% gpu=49% vram=12% gpu_temp=61C
[2026-03-09 08:52:48] final.twotower.train progress epoch=2/2 batch=300/1246 loss=0.4322 seen_pairs=3,686,400 (24.1%) | cpu=9% ram=18% gpu=45% vram=12% gpu_temp=61C
[2026-03-09 08:52:50] final.twotower.train progress epoch=2/2 batch=360/1246 loss=0.4275 seen_pairs=4,423,680 (28.9%) | cpu=9% ram=18% gpu=48% vram=12% gpu_temp=61C
[2026-03-09 08:52:51] final.twotower.train progress epoch=2/2 batch=420/1246 loss=0.4263 seen_pairs=5,160,960 (33.7%) | cpu=8% ram=18% gpu=47% vram=12% gpu_temp=62C
[2026-03-09 08:52:52] final.twotower.train progress epoch=2/2 batch=480/1246 loss=0.4230 seen_pairs=5,898,240 (38.5%) | cpu=9% ram=18% gpu=48% vram=12% gpu_temp=62C
[2026-03-09 08:52:53] final.twotower.train progress epoch=2/2 batch=540/1246 loss=0.4248 seen_pairs=6,635,520 (43.3%) | cpu=10% ram=18% gpu=45% vram=12% gpu_temp=62C
[2026-03-09 08:52:54] final.twotower.train progress epoch=2/2 batch=600/1246 loss=0.4213 seen_pairs=7,372,800 (48.2%) | cpu=16% ram=18% gpu=49% vram=12% gpu_temp=62C
[2026-03-09 08:52:55] final.twotower.train progress epoch=2/2 batch=660/1246 loss=0.4161 seen_pairs=8,110,080 (53.0%) | cpu=11% ram=18% gpu=48% vram=12% gpu_temp=62C
[2026-03-09 08:52:54] final.twotower.train progress epoch=2/2 batch=720/1246 loss=0.4166 seen_pairs=8,847,360 (57.8%) | cpu=12% ram=18% gpu=48% vram=12% gpu_temp=62C
[2026-03-09 08:52:55] final.twotower.train progress epoch=2/2 batch=780/1246 loss=0.4144 seen_pairs=9,584,640 (62.6%) | cpu=10% ram=18% gpu=44% vram=12% gpu_temp=62C
[2026-03-09 08:52:56] final.twotower.train progress epoch=2/2 batch=840/1246 loss=0.4111 seen_pairs=10,321,920 (67.4%) | cpu=10% ram=18% gpu=48% vram=12% gpu_temp=62C
[2026-03-09 08:52:57] final.twotower.train progress epoch=2/2 batch=900/1246 loss=0.4085 seen_pairs=11,059,200 (72.2%) | cpu=10% ram=18% gpu=49% vram=12% gpu_temp=62C
[2026-03-09 08:52:58] final.twotower.train progress epoch=2/2 batch=960/1246 loss=0.4051 seen_pairs=11,796,480 (77.0%) | cpu=10% ram=18% gpu=48% vram=12% gpu_temp=62C
[2026-03-09 08:53:00] final.twotower.train progress epoch=2/2 batch=1020/1246 loss=0.4069 seen_pairs=12,533,760 (81.9%) | cpu=10% ram=18% gpu=48% vram=12% gpu_temp=62C
[2026-03-09 08:53:01] final.twotower.train progress epoch=2/2 batch=1080/1246 loss=0.3999 seen_pairs=13,271,040 (86.7%) | cpu=10% ram=18% gpu=47% vram=12% gpu_temp=63C
[2026-03-09 08:53:02] final.twotower.train progress epoch=2/2 batch=1140/1246 loss=0.4024 seen_pairs=14,008,320 (91.5%) | cpu=9% ram=18% gpu=50% vram=12% gpu_temp=63C
[2026-03-09 08:53:03] final.twotower.train progress epoch=2/2 batch=1200/1246 loss=0.4019 seen_pairs=14,745,600 (96.3%) | cpu=10% ram=18% gpu=48% vram=12% gpu_temp=63C
[2026-03-09 08:53:04] final.twotower.train progress epoch=2/2 batch=1246/1246 loss=0.4007 seen_pairs=15,304,489 (100.0%) | cpu=12% ram=18% gpu=48% vram=12% gpu_temp=63C
[2026-03-09 08:53:04] final.twotower.train epoch_done epoch=2/2 avg_loss=0.42033 | cpu=5% ram=18% gpu=48% vram=12% gpu_temp=63C
[2026-03-09 08:53:04] Stage final.twotower.train done in 75.3s | cpu=24% ram=16% gpu=24% vram=12% gpu_temp=63C
[2026-03-09 08:53:09] final.twotower.candidates start users=161,578 topn=140 batch_size=12288 batches=14 | cpu=9% ram=20% gpu=8% vram=12% gpu_temp=59C
[2026-03-09 08:53:15] final.twotower.candidates progress users=61,440/161,578 (38.0%) | cpu=9% ram=27% gpu=4% vram=66% gpu_temp=59C
[2026-03-09 08:53:20] final.twotower.candidates progress users=122,880/161,578 (76.0%) | cpu=9% ram=33% gpu=3% vram=66% gpu_temp=59C
[2026-03-09 08:53:23] final.twotower.candidates progress users=161,578/161,578 (100.0%) | cpu=9% ram=36% gpu=3% vram=66% gpu_temp=59C
[2026-03-09 08:53:27] final.twotower.candidates reuse test_from_val=true | cpu=11% ram=22% gpu=21% vram=66% gpu_temp=57C
[2026-03-09 08:53:27] Stage final.twotower.candidates done in 25.8s | val_rows=11,303,131 test_rows=11,303,131 reused_from_val=True | cpu=6% ram=22% gpu=21% vram=66% gpu_temp=57C
[2026-03-09 08:53:41] Stage final.retrieval.eval done in 13.2s
[2026-03-09 08:53:45] ranker.features context_ready backend=cudf genre_vocab=19 user_recent_masks=161,578 | cpu=9% ram=23% gpu=6% vram=66% gpu_temp=57C
[2026-03-09 08:53:45] ranker.features start candidate_rows=11,303,131 train_rows=15,304,489 target_rows=161,578 | cpu=5% ram=23% gpu=6% vram=66% gpu_temp=57C
[2026-03-09 08:53:45] ranker.features backend=cudf | cpu=7% ram=23% gpu=6% vram=66% gpu_temp=57C
[2026-03-09 08:53:51] ranker.features base_signals_done | cpu=9% ram=31% gpu=10% vram=92% gpu_temp=57C
[2026-03-09 08:53:52] ranker.features genre_signals_done | cpu=10% ram=33% gpu=11% vram=65% gpu_temp=57C
[2026-03-09 08:53:54] ranker.features done rows=11,303,131 feature_cols=21 positive_rate=0.0029 | cpu=11% ram=33% gpu=25% vram=65% gpu_temp=56C
[2026-03-09 08:53:54] ranker.features start candidate_rows=11,303,131 train_rows=15,304,489 target_rows=161,578 | cpu=26% ram=31% gpu=51% vram=65% gpu_temp=56C
[2026-03-09 08:53:54] ranker.features backend=cudf | cpu=23% ram=31% gpu=51% vram=65% gpu_temp=56C
[2026-03-09 08:53:59] ranker.features base_signals_done | cpu=15% ram=39% gpu=9% vram=92% gpu_temp=57C
[2026-03-09 08:54:00] ranker.features genre_signals_done | cpu=11% ram=41% gpu=17% vram=65% gpu_temp=57C
[2026-03-09 08:54:04] ranker.features done rows=11,303,131 feature_cols=21 positive_rate=0.0026 | cpu=10% ram=41% gpu=33% vram=65% gpu_temp=57C
[2026-03-09 08:54:04] Stage final.ranker.features done in 26.3s | train_rows=11,303,131 test_rows=11,303,131 | cpu=6% ram=40% gpu=33% vram=65% gpu_temp=57C
[2026-03-09 08:54:07] ranker.train sampled rows=1,353,205 positive_rate=0.0244 max_rows=3000000 neg_ratio=40.00 | cpu=10% ram=41% gpu=32% vram=65% gpu_temp=57C
[2026-03-09 08:54:07] ranker.train start rows=1,353,205 cols=21 positive_rate=0.0244 | cpu=8% ram=41% gpu=32% vram=65% gpu_temp=57C
[2026-03-09 08:54:12] ranker.train done framework=xgboost device=cuda in=4.7s | cpu=11% ram=41% gpu=50% vram=65% gpu_temp=63C
[2026-03-09 08:54:13] ranker.score start rows=11,303,131 cols=21 | cpu=15% ram=44% gpu=5% vram=65% gpu_temp=63C
[2026-03-09 08:54:15] ranker.score done rows=11,303,131 | cpu=9% ram=50% gpu=97% vram=77% gpu_temp=59C
[2026-03-09 08:54:15] Stage final.ranker.train+score done in 10.3s | scored_rows=11,303,131 | cpu=5% ram=46% gpu=97% vram=66% gpu_temp=59C
[2026-03-09 08:54:29] Stage final.ranker.eval done in 16.5s
[2026-03-09 08:54:29] Saved: outputs/fullrun_gpu_quality_200_ep2_k70/tables/metrics_final.csv
[2026-03-09 08:54:30] Saved: outputs/fullrun_gpu_quality_200_ep2_k70/tables/metrics_comparison.csv
[2026-03-09 08:54:30] Stage plot.save done in 0.6s
[2026-03-09 08:54:30] Saved: outputs/fullrun_gpu_quality_200_ep2_k70/tables/split_stats.csv
[2026-03-09 08:54:30] Pipeline done in 198.4s | cpu=11% ram=29% gpu=30% vram=66% gpu_temp=57C
saved=outputs/fullrun_gpu_quality_200_ep2_k70/tables/metrics_comparison.csv
                          model  k   recall  hitrate     ndcg      map      mrr  users
final_retrieval_two_tower_faiss 10 0.046615 0.046615 0.022379 0.015153 0.015153 161578
final_retrieval_two_tower_faiss 20 0.081589 0.081589 0.031138 0.017514 0.017514 161578
         final_ranker_two_tower 10 0.066457 0.066457 0.033651 0.023777 0.023777 161578
         final_ranker_two_tower 20 0.103758 0.103758 0.043015 0.026312 0.026312 161578
