log_file=outputs/fullrun_gpu_quality_goal_stable/logs/pipeline.log
[2026-03-09 09:34:06] Pipeline start | cpu=0% ram=6% gpu=40% vram=3% gpu_temp=54C
[2026-03-09 09:34:06] Outputs: tables=outputs/fullrun_gpu_quality_goal_stable/tables figures=outputs/fullrun_gpu_quality_goal_stable/figures
[2026-03-09 09:34:23] Stage data.load done in 17.4s | rows=15,630,129 users=162,414 items=47,396 | cpu=11% ram=7% gpu=25% vram=3% gpu_temp=54C
[2026-03-09 09:34:32] Stage data.split done in 11.2s | train=15,304,489 val=161,578 test=161,578 users_train=161,578 items_train=47,187 | cpu=10% ram=9% gpu=22% vram=3% gpu_temp=54C
[2026-03-09 09:34:34] Eval users: val=161,578 test=161,578
[2026-03-09 09:34:34] Eval setup: k_candidates=160 ks=[10, 20, 50]
[2026-03-09 09:34:34] baseline.retrieval.setup algo=als users=161,578 items=47,187 interactions=15,304,489 | cpu=11% ram=12% gpu=22% vram=3% gpu_temp=54C
  0%|          | 0/18 [00:00<?, ?it/s]  6%|5         | 1/18 [00:00<00:10,  1.66it/s] 11%|#1        | 2/18 [00:01<00:08,  1.96it/s] 17%|#6        | 3/18 [00:01<00:07,  2.07it/s] 22%|##2       | 4/18 [00:01<00:06,  2.14it/s] 28%|##7       | 5/18 [00:02<00:05,  2.18it/s] 33%|###3      | 6/18 [00:02<00:05,  2.20it/s] 39%|###8      | 7/18 [00:03<00:04,  2.21it/s] 44%|####4     | 8/18 [00:03<00:04,  2.22it/s] 50%|#####     | 9/18 [00:04<00:04,  2.22it/s] 56%|#####5    | 10/18 [00:04<00:03,  2.22it/s] 61%|######1   | 11/18 [00:05<00:03,  2.22it/s] 67%|######6   | 12/18 [00:05<00:02,  2.22it/s] 72%|#######2  | 13/18 [00:05<00:02,  2.23it/s] 78%|#######7  | 14/18 [00:06<00:01,  2.23it/s] 83%|########3 | 15/18 [00:06<00:01,  2.23it/s] 89%|########8 | 16/18 [00:07<00:00,  2.24it/s] 94%|#########4| 17/18 [00:07<00:00,  2.23it/s]100%|##########| 18/18 [00:08<00:00,  2.23it/s]100%|##########| 18/18 [00:08<00:00,  2.19it/s]
[2026-03-09 09:34:44] baseline.retrieval.fit algo=als use_gpu=True done_in=9.2s | cpu=10% ram=12% gpu=100% vram=5% gpu_temp=68C
[2026-03-09 09:34:44] Stage baseline.retrieval.train done in 10.7s | algo=als | cpu=7% ram=12% gpu=8% vram=5% gpu_temp=62C
[2026-03-09 09:34:44] baseline.retrieval.candidates start users=161,578 batch_size=8192 batches=20 | cpu=9% ram=12% gpu=8% vram=5% gpu_temp=62C
[2026-03-09 09:34:46] baseline.retrieval.candidates progress users=81,920/161,578 (50.7%) | cpu=8% ram=13% gpu=39% vram=48% gpu_temp=63C
[2026-03-09 09:34:47] baseline.retrieval.candidates progress users=161,578/161,578 (100.0%) | cpu=8% ram=14% gpu=37% vram=48% gpu_temp=62C
[2026-03-09 09:34:47] baseline.retrieval.candidates reuse test_from_val=true | cpu=9% ram=14% gpu=3% vram=48% gpu_temp=61C
[2026-03-09 09:34:47] Stage baseline.retrieval.candidates done in 3.0s | val_rows=25,852,480 test_rows=25,852,480 reused_from_val=True | cpu=6% ram=14% gpu=3% vram=48% gpu_temp=61C
[2026-03-09 09:35:11] Stage baseline.retrieval.eval done in 26.5s
[2026-03-09 09:35:18] ranker.features context_ready backend=cudf genre_vocab=19 user_recent_masks=161,578 | cpu=9% ram=16% gpu=10% vram=48% gpu_temp=55C
[2026-03-09 09:35:18] ranker.features start candidate_rows=25,852,480 train_rows=15,304,489 target_rows=161,578 | cpu=6% ram=16% gpu=10% vram=48% gpu_temp=55C
[2026-03-09 09:35:18] ranker.features backend=cudf | cpu=9% ram=16% gpu=10% vram=48% gpu_temp=55C
[2026-03-09 09:35:35] ranker.features base_signals_done | cpu=12% ram=34% gpu=35% vram=95% gpu_temp=56C
[2026-03-09 09:35:45] ranker.features genre_signals_done | cpu=10% ram=40% gpu=36% vram=48% gpu_temp=56C
[2026-03-09 09:36:00] ranker.features done rows=25,852,480 feature_cols=21 positive_rate=0.0035 | cpu=10% ram=39% gpu=36% vram=48% gpu_temp=56C
[2026-03-09 09:36:00] ranker.features start candidate_rows=25,852,480 train_rows=15,304,489 target_rows=161,578 | cpu=8% ram=35% gpu=33% vram=48% gpu_temp=56C
[2026-03-09 09:36:00] ranker.features backend=cudf | cpu=10% ram=35% gpu=33% vram=48% gpu_temp=56C
[2026-03-09 09:36:40] ranker.features base_signals_done | cpu=11% ram=44% gpu=39% vram=95% gpu_temp=56C
[2026-03-09 09:36:46] ranker.features genre_signals_done | cpu=9% ram=50% gpu=35% vram=48% gpu_temp=56C
[2026-03-09 09:37:01] ranker.features done rows=25,852,480 feature_cols=21 positive_rate=0.0032 | cpu=10% ram=49% gpu=32% vram=48% gpu_temp=56C
[2026-03-09 09:37:02] Stage baseline.ranker.features done in 117.8s | train_rows=25,852,480 test_rows=25,852,480 | cpu=5% ram=45% gpu=36% vram=48% gpu_temp=56C
[2026-03-09 09:37:04] ranker.train start rows=25,852,480 cols=21 positive_rate=0.0035 | cpu=6% ram=58% gpu=27% vram=48% gpu_temp=56C
[2026-03-09 09:38:29] ranker.train done framework=xgboost device=cuda in=77.2s | cpu=10% ram=61% gpu=4% vram=48% gpu_temp=76C
[2026-03-09 09:38:30] ranker.score start rows=25,852,480 cols=21 | cpu=12% ram=60% gpu=3% vram=48% gpu_temp=67C
[2026-03-09 09:38:37] ranker.score done rows=25,852,480 | cpu=9% ram=81% gpu=61% vram=75% gpu_temp=71C
[2026-03-09 09:38:37] Stage baseline.ranker.train+score done in 105.5s | scored_rows=25,852,480 | cpu=6% ram=71% gpu=5% vram=49% gpu_temp=71C
[2026-03-09 09:39:02] Stage baseline.ranker.eval done in 26.9s
[2026-03-09 09:39:02] Saved: outputs/fullrun_gpu_quality_goal_stable/tables/metrics_baseline.csv
[2026-03-09 09:39:08] final.twotower.setup device=cuda users=161,578 items=47,187 pairs=15,304,489 batch_size=6144 negatives=20 | cpu=9% ram=39% gpu=22% vram=50% gpu_temp=60C
[2026-03-09 09:39:22] final.twotower.train progress epoch=1/8 batch=80/2491 loss=0.6931 seen_pairs=491,520 (3.2%) | cpu=10% ram=40% gpu=52% vram=56% gpu_temp=63C
[2026-03-09 09:39:24] final.twotower.train progress epoch=1/8 batch=160/2491 loss=0.6932 seen_pairs=983,040 (6.4%) | cpu=12% ram=40% gpu=51% vram=56% gpu_temp=64C
[2026-03-09 09:39:26] final.twotower.train progress epoch=1/8 batch=240/2491 loss=0.6934 seen_pairs=1,474,560 (9.6%) | cpu=9% ram=41% gpu=52% vram=56% gpu_temp=64C
[2026-03-09 09:39:29] final.twotower.train progress epoch=1/8 batch=320/2491 loss=0.6926 seen_pairs=1,966,080 (12.8%) | cpu=10% ram=41% gpu=53% vram=56% gpu_temp=65C
[2026-03-09 09:39:28] final.twotower.train progress epoch=1/8 batch=400/2491 loss=0.6910 seen_pairs=2,457,600 (16.1%) | cpu=9% ram=41% gpu=50% vram=56% gpu_temp=65C
[2026-03-09 09:39:31] final.twotower.train progress epoch=1/8 batch=480/2491 loss=0.6868 seen_pairs=2,949,120 (19.3%) | cpu=11% ram=41% gpu=51% vram=56% gpu_temp=65C
[2026-03-09 09:39:33] final.twotower.train progress epoch=1/8 batch=560/2491 loss=0.6745 seen_pairs=3,440,640 (22.5%) | cpu=10% ram=41% gpu=47% vram=56% gpu_temp=65C
[2026-03-09 09:39:35] final.twotower.train progress epoch=1/8 batch=640/2491 loss=0.6521 seen_pairs=3,932,160 (25.7%) | cpu=10% ram=41% gpu=52% vram=56% gpu_temp=66C
[2026-03-09 09:39:37] final.twotower.train progress epoch=1/8 batch=720/2491 loss=0.6212 seen_pairs=4,423,680 (28.9%) | cpu=9% ram=41% gpu=51% vram=56% gpu_temp=66C
[2026-03-09 09:39:40] final.twotower.train progress epoch=1/8 batch=800/2491 loss=0.5909 seen_pairs=4,915,200 (32.1%) | cpu=10% ram=41% gpu=52% vram=56% gpu_temp=66C
[2026-03-09 09:39:42] final.twotower.train progress epoch=1/8 batch=880/2491 loss=0.5644 seen_pairs=5,406,720 (35.3%) | cpu=10% ram=41% gpu=53% vram=56% gpu_temp=66C
[2026-03-09 09:39:44] final.twotower.train progress epoch=1/8 batch=960/2491 loss=0.5414 seen_pairs=5,898,240 (38.5%) | cpu=10% ram=41% gpu=51% vram=56% gpu_temp=66C
[2026-03-09 09:39:47] final.twotower.train progress epoch=1/8 batch=1040/2491 loss=0.5228 seen_pairs=6,389,760 (41.8%) | cpu=9% ram=41% gpu=50% vram=56% gpu_temp=66C
[2026-03-09 09:39:49] final.twotower.train progress epoch=1/8 batch=1120/2491 loss=0.5049 seen_pairs=6,881,280 (45.0%) | cpu=10% ram=41% gpu=46% vram=58% gpu_temp=67C
[2026-03-09 09:39:51] final.twotower.train progress epoch=1/8 batch=1200/2491 loss=0.5000 seen_pairs=7,372,800 (48.2%) | cpu=9% ram=41% gpu=51% vram=58% gpu_temp=67C
[2026-03-09 09:39:53] final.twotower.train progress epoch=1/8 batch=1280/2491 loss=0.4847 seen_pairs=7,864,320 (51.4%) | cpu=10% ram=41% gpu=47% vram=58% gpu_temp=67C
[2026-03-09 09:39:56] final.twotower.train progress epoch=1/8 batch=1360/2491 loss=0.4724 seen_pairs=8,355,840 (54.6%) | cpu=10% ram=41% gpu=52% vram=58% gpu_temp=67C
[2026-03-09 09:39:58] final.twotower.train progress epoch=1/8 batch=1440/2491 loss=0.4647 seen_pairs=8,847,360 (57.8%) | cpu=10% ram=41% gpu=52% vram=58% gpu_temp=67C
[2026-03-09 09:39:58] final.twotower.train progress epoch=1/8 batch=1520/2491 loss=0.4635 seen_pairs=9,338,880 (61.0%) | cpu=10% ram=41% gpu=51% vram=58% gpu_temp=67C
[2026-03-09 09:40:00] final.twotower.train progress epoch=1/8 batch=1600/2491 loss=0.4564 seen_pairs=9,830,400 (64.2%) | cpu=10% ram=41% gpu=49% vram=58% gpu_temp=67C
[2026-03-09 09:40:02] final.twotower.train progress epoch=1/8 batch=1680/2491 loss=0.4530 seen_pairs=10,321,920 (67.4%) | cpu=10% ram=41% gpu=52% vram=58% gpu_temp=67C
[2026-03-09 09:40:05] final.twotower.train progress epoch=1/8 batch=1760/2491 loss=0.4477 seen_pairs=10,813,440 (70.7%) | cpu=10% ram=41% gpu=51% vram=58% gpu_temp=68C
[2026-03-09 09:40:07] final.twotower.train progress epoch=1/8 batch=1840/2491 loss=0.4413 seen_pairs=11,304,960 (73.9%) | cpu=10% ram=41% gpu=51% vram=58% gpu_temp=68C
[2026-03-09 09:40:09] final.twotower.train progress epoch=1/8 batch=1920/2491 loss=0.4342 seen_pairs=11,796,480 (77.1%) | cpu=9% ram=41% gpu=49% vram=58% gpu_temp=68C
[2026-03-09 09:40:12] final.twotower.train progress epoch=1/8 batch=2000/2491 loss=0.4252 seen_pairs=12,288,000 (80.3%) | cpu=10% ram=41% gpu=46% vram=58% gpu_temp=68C
[2026-03-09 09:40:14] final.twotower.train progress epoch=1/8 batch=2080/2491 loss=0.4248 seen_pairs=12,779,520 (83.5%) | cpu=10% ram=41% gpu=51% vram=58% gpu_temp=67C
[2026-03-09 09:40:16] final.twotower.train progress epoch=1/8 batch=2160/2491 loss=0.4223 seen_pairs=13,271,040 (86.7%) | cpu=10% ram=41% gpu=51% vram=58% gpu_temp=68C
[2026-03-09 09:40:18] final.twotower.train progress epoch=1/8 batch=2240/2491 loss=0.4220 seen_pairs=13,762,560 (89.9%) | cpu=9% ram=41% gpu=49% vram=58% gpu_temp=68C
[2026-03-09 09:40:21] final.twotower.train progress epoch=1/8 batch=2320/2491 loss=0.4191 seen_pairs=14,254,080 (93.1%) | cpu=9% ram=41% gpu=53% vram=58% gpu_temp=68C
[2026-03-09 09:40:23] final.twotower.train progress epoch=1/8 batch=2400/2491 loss=0.4162 seen_pairs=14,745,600 (96.3%) | cpu=9% ram=41% gpu=52% vram=58% gpu_temp=68C
[2026-03-09 09:40:25] final.twotower.train progress epoch=1/8 batch=2480/2491 loss=0.4066 seen_pairs=15,237,120 (99.6%) | cpu=10% ram=41% gpu=51% vram=58% gpu_temp=69C
[2026-03-09 09:40:26] final.twotower.train progress epoch=1/8 batch=2491/2491 loss=0.4141 seen_pairs=15,304,489 (100.0%) | cpu=12% ram=41% gpu=47% vram=58% gpu_temp=69C
[2026-03-09 09:40:26] final.twotower.train epoch_done epoch=1/8 avg_loss=0.53177 | cpu=9% ram=41% gpu=47% vram=58% gpu_temp=69C
[2026-03-09 09:40:36] final.twotower.train progress epoch=2/8 batch=80/2491 loss=0.4019 seen_pairs=491,520 (3.2%) | cpu=9% ram=41% gpu=53% vram=58% gpu_temp=67C
[2026-03-09 09:40:39] final.twotower.train progress epoch=2/8 batch=160/2491 loss=0.3977 seen_pairs=983,040 (6.4%) | cpu=10% ram=41% gpu=49% vram=58% gpu_temp=67C
[2026-03-09 09:40:41] final.twotower.train progress epoch=2/8 batch=240/2491 loss=0.4009 seen_pairs=1,474,560 (9.6%) | cpu=10% ram=41% gpu=51% vram=58% gpu_temp=67C
[2026-03-09 09:40:43] final.twotower.train progress epoch=2/8 batch=320/2491 loss=0.3922 seen_pairs=1,966,080 (12.8%) | cpu=9% ram=41% gpu=53% vram=58% gpu_temp=67C
[2026-03-09 09:40:46] final.twotower.train progress epoch=2/8 batch=400/2491 loss=0.3987 seen_pairs=2,457,600 (16.1%) | cpu=10% ram=41% gpu=53% vram=58% gpu_temp=68C
[2026-03-09 09:40:48] final.twotower.train progress epoch=2/8 batch=480/2491 loss=0.3957 seen_pairs=2,949,120 (19.3%) | cpu=10% ram=41% gpu=51% vram=58% gpu_temp=68C
[2026-03-09 09:40:50] final.twotower.train progress epoch=2/8 batch=560/2491 loss=0.3979 seen_pairs=3,440,640 (22.5%) | cpu=10% ram=41% gpu=51% vram=58% gpu_temp=68C
[2026-03-09 09:40:52] final.twotower.train progress epoch=2/8 batch=640/2491 loss=0.3941 seen_pairs=3,932,160 (25.7%) | cpu=10% ram=41% gpu=52% vram=58% gpu_temp=68C
[2026-03-09 09:40:55] final.twotower.train progress epoch=2/8 batch=720/2491 loss=0.3974 seen_pairs=4,423,680 (28.9%) | cpu=10% ram=41% gpu=49% vram=58% gpu_temp=68C
[2026-03-09 09:40:57] final.twotower.train progress epoch=2/8 batch=800/2491 loss=0.3922 seen_pairs=4,915,200 (32.1%) | cpu=10% ram=41% gpu=49% vram=58% gpu_temp=68C
[2026-03-09 09:40:59] final.twotower.train progress epoch=2/8 batch=880/2491 loss=0.3912 seen_pairs=5,406,720 (35.3%) | cpu=10% ram=41% gpu=53% vram=58% gpu_temp=68C
[2026-03-09 09:40:59] final.twotower.train progress epoch=2/8 batch=960/2491 loss=0.3895 seen_pairs=5,898,240 (38.5%) | cpu=10% ram=41% gpu=46% vram=58% gpu_temp=69C
[2026-03-09 09:41:01] final.twotower.train progress epoch=2/8 batch=1040/2491 loss=0.3934 seen_pairs=6,389,760 (41.8%) | cpu=10% ram=41% gpu=51% vram=58% gpu_temp=68C
[2026-03-09 09:41:04] final.twotower.train progress epoch=2/8 batch=1120/2491 loss=0.3917 seen_pairs=6,881,280 (45.0%) | cpu=9% ram=41% gpu=50% vram=58% gpu_temp=69C
[2026-03-09 09:41:06] final.twotower.train progress epoch=2/8 batch=1200/2491 loss=0.3767 seen_pairs=7,372,800 (48.2%) | cpu=9% ram=41% gpu=47% vram=58% gpu_temp=69C
[2026-03-09 09:41:08] final.twotower.train progress epoch=2/8 batch=1280/2491 loss=0.3901 seen_pairs=7,864,320 (51.4%) | cpu=10% ram=41% gpu=51% vram=58% gpu_temp=69C
[2026-03-09 09:41:11] final.twotower.train progress epoch=2/8 batch=1360/2491 loss=0.3859 seen_pairs=8,355,840 (54.6%) | cpu=10% ram=41% gpu=46% vram=58% gpu_temp=69C
[2026-03-09 09:41:13] final.twotower.train progress epoch=2/8 batch=1440/2491 loss=0.3953 seen_pairs=8,847,360 (57.8%) | cpu=10% ram=41% gpu=51% vram=58% gpu_temp=68C
[2026-03-09 09:41:15] final.twotower.train progress epoch=2/8 batch=1520/2491 loss=0.3804 seen_pairs=9,338,880 (61.0%) | cpu=10% ram=41% gpu=50% vram=58% gpu_temp=69C
[2026-03-09 09:41:17] final.twotower.train progress epoch=2/8 batch=1600/2491 loss=0.3827 seen_pairs=9,830,400 (64.2%) | cpu=10% ram=41% gpu=53% vram=58% gpu_temp=69C
[2026-03-09 09:41:20] final.twotower.train progress epoch=2/8 batch=1680/2491 loss=0.3839 seen_pairs=10,321,920 (67.4%) | cpu=9% ram=41% gpu=50% vram=58% gpu_temp=69C
[2026-03-09 09:41:22] final.twotower.train progress epoch=2/8 batch=1760/2491 loss=0.3826 seen_pairs=10,813,440 (70.7%) | cpu=10% ram=41% gpu=51% vram=58% gpu_temp=69C
[2026-03-09 09:41:24] final.twotower.train progress epoch=2/8 batch=1840/2491 loss=0.3775 seen_pairs=11,304,960 (73.9%) | cpu=10% ram=41% gpu=52% vram=58% gpu_temp=69C
[2026-03-09 09:41:27] final.twotower.train progress epoch=2/8 batch=1920/2491 loss=0.3842 seen_pairs=11,796,480 (77.1%) | cpu=10% ram=41% gpu=47% vram=58% gpu_temp=69C
[2026-03-09 09:41:29] final.twotower.train progress epoch=2/8 batch=2000/2491 loss=0.3831 seen_pairs=12,288,000 (80.3%) | cpu=10% ram=41% gpu=48% vram=58% gpu_temp=69C
[2026-03-09 09:41:29] final.twotower.train progress epoch=2/8 batch=2080/2491 loss=0.3811 seen_pairs=12,779,520 (83.5%) | cpu=10% ram=41% gpu=53% vram=58% gpu_temp=69C
[2026-03-09 09:41:31] final.twotower.train progress epoch=2/8 batch=2160/2491 loss=0.3726 seen_pairs=13,271,040 (86.7%) | cpu=9% ram=41% gpu=51% vram=58% gpu_temp=69C
[2026-03-09 09:41:33] final.twotower.train progress epoch=2/8 batch=2240/2491 loss=0.3795 seen_pairs=13,762,560 (89.9%) | cpu=10% ram=41% gpu=52% vram=58% gpu_temp=70C
[2026-03-09 09:41:36] final.twotower.train progress epoch=2/8 batch=2320/2491 loss=0.3740 seen_pairs=14,254,080 (93.1%) | cpu=10% ram=41% gpu=52% vram=58% gpu_temp=70C
[2026-03-09 09:41:38] final.twotower.train progress epoch=2/8 batch=2400/2491 loss=0.3783 seen_pairs=14,745,600 (96.3%) | cpu=10% ram=41% gpu=53% vram=58% gpu_temp=70C
[2026-03-09 09:41:40] final.twotower.train progress epoch=2/8 batch=2480/2491 loss=0.3774 seen_pairs=15,237,120 (99.6%) | cpu=9% ram=41% gpu=50% vram=58% gpu_temp=70C
[2026-03-09 09:41:41] final.twotower.train progress epoch=2/8 batch=2491/2491 loss=0.3800 seen_pairs=15,304,489 (100.0%) | cpu=10% ram=41% gpu=45% vram=58% gpu_temp=70C
[2026-03-09 09:41:41] final.twotower.train epoch_done epoch=2/8 avg_loss=0.38779 | cpu=8% ram=41% gpu=45% vram=58% gpu_temp=70C
[2026-03-09 09:41:54] final.twotower.train progress epoch=3/8 batch=80/2491 loss=0.3610 seen_pairs=491,520 (3.2%) | cpu=9% ram=41% gpu=49% vram=58% gpu_temp=68C
[2026-03-09 09:41:56] final.twotower.train progress epoch=3/8 batch=160/2491 loss=0.3632 seen_pairs=983,040 (6.4%) | cpu=11% ram=41% gpu=50% vram=58% gpu_temp=68C
[2026-03-09 09:41:59] final.twotower.train progress epoch=3/8 batch=240/2491 loss=0.3698 seen_pairs=1,474,560 (9.6%) | cpu=10% ram=41% gpu=40% vram=58% gpu_temp=68C
[2026-03-09 09:41:59] final.twotower.train progress epoch=3/8 batch=320/2491 loss=0.3708 seen_pairs=1,966,080 (12.8%) | cpu=9% ram=41% gpu=51% vram=58% gpu_temp=69C
[2026-03-09 09:42:01] final.twotower.train progress epoch=3/8 batch=400/2491 loss=0.3664 seen_pairs=2,457,600 (16.1%) | cpu=9% ram=41% gpu=51% vram=58% gpu_temp=69C
[2026-03-09 09:42:03] final.twotower.train progress epoch=3/8 batch=480/2491 loss=0.3651 seen_pairs=2,949,120 (19.3%) | cpu=10% ram=41% gpu=47% vram=58% gpu_temp=69C
[2026-03-09 09:42:06] final.twotower.train progress epoch=3/8 batch=560/2491 loss=0.3727 seen_pairs=3,440,640 (22.5%) | cpu=10% ram=41% gpu=53% vram=58% gpu_temp=69C
[2026-03-09 09:42:08] final.twotower.train progress epoch=3/8 batch=640/2491 loss=0.3670 seen_pairs=3,932,160 (25.7%) | cpu=10% ram=41% gpu=51% vram=58% gpu_temp=69C
[2026-03-09 09:42:10] final.twotower.train progress epoch=3/8 batch=720/2491 loss=0.3678 seen_pairs=4,423,680 (28.9%) | cpu=11% ram=41% gpu=52% vram=58% gpu_temp=69C
[2026-03-09 09:42:12] final.twotower.train progress epoch=3/8 batch=800/2491 loss=0.3680 seen_pairs=4,915,200 (32.1%) | cpu=10% ram=41% gpu=40% vram=58% gpu_temp=69C
[2026-03-09 09:42:15] final.twotower.train progress epoch=3/8 batch=880/2491 loss=0.3627 seen_pairs=5,406,720 (35.3%) | cpu=10% ram=41% gpu=52% vram=58% gpu_temp=70C
[2026-03-09 09:42:17] final.twotower.train progress epoch=3/8 batch=960/2491 loss=0.3698 seen_pairs=5,898,240 (38.5%) | cpu=16% ram=41% gpu=50% vram=58% gpu_temp=69C
[2026-03-09 09:42:20] final.twotower.train progress epoch=3/8 batch=1040/2491 loss=0.3699 seen_pairs=6,389,760 (41.8%) | cpu=14% ram=41% gpu=48% vram=58% gpu_temp=70C
[2026-03-09 09:42:22] final.twotower.train progress epoch=3/8 batch=1120/2491 loss=0.3705 seen_pairs=6,881,280 (45.0%) | cpu=9% ram=41% gpu=46% vram=58% gpu_temp=70C
[2026-03-09 09:42:24] final.twotower.train progress epoch=3/8 batch=1200/2491 loss=0.3657 seen_pairs=7,372,800 (48.2%) | cpu=9% ram=41% gpu=50% vram=58% gpu_temp=70C
[2026-03-09 09:42:26] final.twotower.train progress epoch=3/8 batch=1280/2491 loss=0.3666 seen_pairs=7,864,320 (51.4%) | cpu=9% ram=41% gpu=52% vram=58% gpu_temp=70C
[2026-03-09 09:42:26] final.twotower.train progress epoch=3/8 batch=1360/2491 loss=0.3652 seen_pairs=8,355,840 (54.6%) | cpu=9% ram=41% gpu=49% vram=58% gpu_temp=70C
[2026-03-09 09:42:28] final.twotower.train progress epoch=3/8 batch=1440/2491 loss=0.3653 seen_pairs=8,847,360 (57.8%) | cpu=9% ram=41% gpu=49% vram=58% gpu_temp=70C
[2026-03-09 09:42:31] final.twotower.train progress epoch=3/8 batch=1520/2491 loss=0.3661 seen_pairs=9,338,880 (61.0%) | cpu=10% ram=41% gpu=52% vram=58% gpu_temp=70C
[2026-03-09 09:42:33] final.twotower.train progress epoch=3/8 batch=1600/2491 loss=0.3631 seen_pairs=9,830,400 (64.2%) | cpu=10% ram=41% gpu=54% vram=58% gpu_temp=69C
[2026-03-09 09:42:35] final.twotower.train progress epoch=3/8 batch=1680/2491 loss=0.3706 seen_pairs=10,321,920 (67.4%) | cpu=10% ram=41% gpu=53% vram=58% gpu_temp=70C
[2026-03-09 09:42:38] final.twotower.train progress epoch=3/8 batch=1760/2491 loss=0.3578 seen_pairs=10,813,440 (70.7%) | cpu=9% ram=41% gpu=49% vram=58% gpu_temp=70C
[2026-03-09 09:42:40] final.twotower.train progress epoch=3/8 batch=1840/2491 loss=0.3638 seen_pairs=11,304,960 (73.9%) | cpu=10% ram=41% gpu=51% vram=58% gpu_temp=70C
[2026-03-09 09:42:42] final.twotower.train progress epoch=3/8 batch=1920/2491 loss=0.3677 seen_pairs=11,796,480 (77.1%) | cpu=9% ram=41% gpu=53% vram=58% gpu_temp=70C
[2026-03-09 09:42:45] final.twotower.train progress epoch=3/8 batch=2000/2491 loss=0.3676 seen_pairs=12,288,000 (80.3%) | cpu=10% ram=41% gpu=51% vram=58% gpu_temp=70C
[2026-03-09 09:42:47] final.twotower.train progress epoch=3/8 batch=2080/2491 loss=0.3640 seen_pairs=12,779,520 (83.5%) | cpu=9% ram=41% gpu=51% vram=58% gpu_temp=70C
[2026-03-09 09:42:49] final.twotower.train progress epoch=3/8 batch=2160/2491 loss=0.3608 seen_pairs=13,271,040 (86.7%) | cpu=9% ram=41% gpu=51% vram=58% gpu_temp=70C
[2026-03-09 09:42:52] final.twotower.train progress epoch=3/8 batch=2240/2491 loss=0.3612 seen_pairs=13,762,560 (89.9%) | cpu=10% ram=41% gpu=51% vram=58% gpu_temp=70C
[2026-03-09 09:42:54] final.twotower.train progress epoch=3/8 batch=2320/2491 loss=0.3564 seen_pairs=14,254,080 (93.1%) | cpu=9% ram=41% gpu=49% vram=58% gpu_temp=71C
[2026-03-09 09:42:56] final.twotower.train progress epoch=3/8 batch=2400/2491 loss=0.3632 seen_pairs=14,745,600 (96.3%) | cpu=10% ram=41% gpu=52% vram=58% gpu_temp=71C
[2026-03-09 09:42:56] final.twotower.train progress epoch=3/8 batch=2480/2491 loss=0.3567 seen_pairs=15,237,120 (99.6%) | cpu=10% ram=41% gpu=51% vram=58% gpu_temp=71C
[2026-03-09 09:42:56] final.twotower.train progress epoch=3/8 batch=2491/2491 loss=0.3632 seen_pairs=15,304,489 (100.0%) | cpu=13% ram=41% gpu=50% vram=58% gpu_temp=70C
[2026-03-09 09:42:56] final.twotower.train epoch_done epoch=3/8 avg_loss=0.36449 | cpu=7% ram=41% gpu=50% vram=58% gpu_temp=70C
[2026-03-09 09:43:10] final.twotower.train progress epoch=4/8 batch=80/2491 loss=0.3431 seen_pairs=491,520 (3.2%) | cpu=9% ram=41% gpu=50% vram=58% gpu_temp=68C
[2026-03-09 09:43:12] final.twotower.train progress epoch=4/8 batch=160/2491 loss=0.3491 seen_pairs=983,040 (6.4%) | cpu=9% ram=41% gpu=51% vram=58% gpu_temp=69C
[2026-03-09 09:43:14] final.twotower.train progress epoch=4/8 batch=240/2491 loss=0.3549 seen_pairs=1,474,560 (9.6%) | cpu=9% ram=41% gpu=50% vram=58% gpu_temp=69C
[2026-03-09 09:43:16] final.twotower.train progress epoch=4/8 batch=320/2491 loss=0.3527 seen_pairs=1,966,080 (12.8%) | cpu=9% ram=41% gpu=52% vram=58% gpu_temp=69C
[2026-03-09 09:43:19] final.twotower.train progress epoch=4/8 batch=400/2491 loss=0.3519 seen_pairs=2,457,600 (16.1%) | cpu=10% ram=41% gpu=49% vram=58% gpu_temp=69C
[2026-03-09 09:43:21] final.twotower.train progress epoch=4/8 batch=480/2491 loss=0.3517 seen_pairs=2,949,120 (19.3%) | cpu=10% ram=41% gpu=52% vram=58% gpu_temp=69C
[2026-03-09 09:43:23] final.twotower.train progress epoch=4/8 batch=560/2491 loss=0.3517 seen_pairs=3,440,640 (22.5%) | cpu=9% ram=41% gpu=47% vram=58% gpu_temp=70C
[2026-03-09 09:43:26] final.twotower.train progress epoch=4/8 batch=640/2491 loss=0.3575 seen_pairs=3,932,160 (25.7%) | cpu=10% ram=41% gpu=51% vram=58% gpu_temp=70C
[2026-03-09 09:43:28] final.twotower.train progress epoch=4/8 batch=720/2491 loss=0.3485 seen_pairs=4,423,680 (28.9%) | cpu=9% ram=41% gpu=51% vram=58% gpu_temp=70C
[2026-03-09 09:43:28] final.twotower.train progress epoch=4/8 batch=800/2491 loss=0.3502 seen_pairs=4,915,200 (32.1%) | cpu=10% ram=41% gpu=53% vram=58% gpu_temp=70C
[2026-03-09 09:43:30] final.twotower.train progress epoch=4/8 batch=880/2491 loss=0.3544 seen_pairs=5,406,720 (35.3%) | cpu=9% ram=41% gpu=51% vram=58% gpu_temp=70C
[2026-03-09 09:43:32] final.twotower.train progress epoch=4/8 batch=960/2491 loss=0.3533 seen_pairs=5,898,240 (38.5%) | cpu=10% ram=41% gpu=51% vram=58% gpu_temp=70C
[2026-03-09 09:43:35] final.twotower.train progress epoch=4/8 batch=1040/2491 loss=0.3547 seen_pairs=6,389,760 (41.8%) | cpu=10% ram=41% gpu=53% vram=58% gpu_temp=70C
[2026-03-09 09:43:37] final.twotower.train progress epoch=4/8 batch=1120/2491 loss=0.3544 seen_pairs=6,881,280 (45.0%) | cpu=10% ram=41% gpu=51% vram=58% gpu_temp=70C
[2026-03-09 09:43:39] final.twotower.train progress epoch=4/8 batch=1200/2491 loss=0.3575 seen_pairs=7,372,800 (48.2%) | cpu=9% ram=41% gpu=52% vram=58% gpu_temp=70C
[2026-03-09 09:43:42] final.twotower.train progress epoch=4/8 batch=1280/2491 loss=0.3514 seen_pairs=7,864,320 (51.4%) | cpu=10% ram=41% gpu=49% vram=58% gpu_temp=71C
[2026-03-09 09:43:44] final.twotower.train progress epoch=4/8 batch=1360/2491 loss=0.3561 seen_pairs=8,355,840 (54.6%) | cpu=9% ram=41% gpu=51% vram=58% gpu_temp=70C
[2026-03-09 09:43:46] final.twotower.train progress epoch=4/8 batch=1440/2491 loss=0.3578 seen_pairs=8,847,360 (57.8%) | cpu=10% ram=41% gpu=49% vram=58% gpu_temp=70C
[2026-03-09 09:43:49] final.twotower.train progress epoch=4/8 batch=1520/2491 loss=0.3545 seen_pairs=9,338,880 (61.0%) | cpu=10% ram=41% gpu=50% vram=58% gpu_temp=70C
[2026-03-09 09:43:51] final.twotower.train progress epoch=4/8 batch=1600/2491 loss=0.3568 seen_pairs=9,830,400 (64.2%) | cpu=10% ram=41% gpu=51% vram=58% gpu_temp=71C
[2026-03-09 09:43:53] final.twotower.train progress epoch=4/8 batch=1680/2491 loss=0.3504 seen_pairs=10,321,920 (67.4%) | cpu=10% ram=41% gpu=53% vram=58% gpu_temp=71C
[2026-03-09 09:43:56] final.twotower.train progress epoch=4/8 batch=1760/2491 loss=0.3550 seen_pairs=10,813,440 (70.7%) | cpu=11% ram=41% gpu=50% vram=58% gpu_temp=71C
[2026-03-09 09:43:58] final.twotower.train progress epoch=4/8 batch=1840/2491 loss=0.3591 seen_pairs=11,304,960 (73.9%) | cpu=10% ram=41% gpu=51% vram=58% gpu_temp=71C
[2026-03-09 09:44:00] final.twotower.train progress epoch=4/8 batch=1920/2491 loss=0.3547 seen_pairs=11,796,480 (77.1%) | cpu=9% ram=41% gpu=51% vram=58% gpu_temp=71C
[2026-03-09 09:44:02] final.twotower.train progress epoch=4/8 batch=2000/2491 loss=0.3489 seen_pairs=12,288,000 (80.3%) | cpu=9% ram=41% gpu=50% vram=58% gpu_temp=70C
[2026-03-09 09:44:05] final.twotower.train progress epoch=4/8 batch=2080/2491 loss=0.3501 seen_pairs=12,779,520 (83.5%) | cpu=9% ram=41% gpu=49% vram=58% gpu_temp=71C
[2026-03-09 09:44:07] final.twotower.train progress epoch=4/8 batch=2160/2491 loss=0.3518 seen_pairs=13,271,040 (86.7%) | cpu=10% ram=41% gpu=52% vram=58% gpu_temp=71C
[2026-03-09 09:44:09] final.twotower.train progress epoch=4/8 batch=2240/2491 loss=0.3521 seen_pairs=13,762,560 (89.9%) | cpu=9% ram=41% gpu=45% vram=58% gpu_temp=71C
[2026-03-09 09:44:12] final.twotower.train progress epoch=4/8 batch=2320/2491 loss=0.3581 seen_pairs=14,254,080 (93.1%) | cpu=10% ram=41% gpu=51% vram=58% gpu_temp=71C
[2026-03-09 09:44:10] final.twotower.train progress epoch=4/8 batch=2400/2491 loss=0.3530 seen_pairs=14,745,600 (96.3%) | cpu=9% ram=41% gpu=50% vram=58% gpu_temp=71C
[2026-03-09 09:44:13] final.twotower.train progress epoch=4/8 batch=2480/2491 loss=0.3523 seen_pairs=15,237,120 (99.6%) | cpu=10% ram=41% gpu=46% vram=58% gpu_temp=71C
[2026-03-09 09:44:13] final.twotower.train progress epoch=4/8 batch=2491/2491 loss=0.3545 seen_pairs=15,304,489 (100.0%) | cpu=11% ram=41% gpu=40% vram=58% gpu_temp=71C
[2026-03-09 09:44:13] final.twotower.train epoch_done epoch=4/8 avg_loss=0.35270 | cpu=8% ram=41% gpu=36% vram=58% gpu_temp=71C
[2026-03-09 09:44:27] final.twotower.train progress epoch=5/8 batch=80/2491 loss=0.3368 seen_pairs=491,520 (3.2%) | cpu=9% ram=41% gpu=48% vram=58% gpu_temp=69C
[2026-03-09 09:44:29] final.twotower.train progress epoch=5/8 batch=160/2491 loss=0.3367 seen_pairs=983,040 (6.4%) | cpu=10% ram=41% gpu=50% vram=58% gpu_temp=69C
[2026-03-09 09:44:31] final.twotower.train progress epoch=5/8 batch=240/2491 loss=0.3447 seen_pairs=1,474,560 (9.6%) | cpu=11% ram=41% gpu=52% vram=58% gpu_temp=69C
[2026-03-09 09:44:34] final.twotower.train progress epoch=5/8 batch=320/2491 loss=0.3389 seen_pairs=1,966,080 (12.8%) | cpu=9% ram=41% gpu=53% vram=58% gpu_temp=70C
[2026-03-09 09:44:36] final.twotower.train progress epoch=5/8 batch=400/2491 loss=0.3476 seen_pairs=2,457,600 (16.1%) | cpu=9% ram=41% gpu=52% vram=58% gpu_temp=70C
[2026-03-09 09:44:38] final.twotower.train progress epoch=5/8 batch=480/2491 loss=0.3489 seen_pairs=2,949,120 (19.3%) | cpu=10% ram=41% gpu=47% vram=58% gpu_temp=70C
[2026-03-09 09:44:41] final.twotower.train progress epoch=5/8 batch=560/2491 loss=0.3455 seen_pairs=3,440,640 (22.5%) | cpu=9% ram=41% gpu=51% vram=58% gpu_temp=69C
[2026-03-09 09:44:40] final.twotower.train progress epoch=5/8 batch=640/2491 loss=0.3443 seen_pairs=3,932,160 (25.7%) | cpu=10% ram=41% gpu=53% vram=58% gpu_temp=70C
[2026-03-09 09:44:43] final.twotower.train progress epoch=5/8 batch=720/2491 loss=0.3480 seen_pairs=4,423,680 (28.9%) | cpu=9% ram=41% gpu=48% vram=58% gpu_temp=70C
[2026-03-09 09:44:45] final.twotower.train progress epoch=5/8 batch=800/2491 loss=0.3427 seen_pairs=4,915,200 (32.1%) | cpu=9% ram=41% gpu=50% vram=58% gpu_temp=70C
[2026-03-09 09:44:47] final.twotower.train progress epoch=5/8 batch=880/2491 loss=0.3489 seen_pairs=5,406,720 (35.3%) | cpu=9% ram=41% gpu=50% vram=58% gpu_temp=71C
[2026-03-09 09:44:50] final.twotower.train progress epoch=5/8 batch=960/2491 loss=0.3446 seen_pairs=5,898,240 (38.5%) | cpu=10% ram=41% gpu=47% vram=58% gpu_temp=71C
[2026-03-09 09:44:52] final.twotower.train progress epoch=5/8 batch=1040/2491 loss=0.3539 seen_pairs=6,389,760 (41.8%) | cpu=10% ram=41% gpu=49% vram=58% gpu_temp=71C
[2026-03-09 09:44:54] final.twotower.train progress epoch=5/8 batch=1120/2491 loss=0.3519 seen_pairs=6,881,280 (45.0%) | cpu=10% ram=41% gpu=53% vram=58% gpu_temp=70C
[2026-03-09 09:44:57] final.twotower.train progress epoch=5/8 batch=1200/2491 loss=0.3442 seen_pairs=7,372,800 (48.2%) | cpu=9% ram=41% gpu=51% vram=58% gpu_temp=71C
[2026-03-09 09:44:59] final.twotower.train progress epoch=5/8 batch=1280/2491 loss=0.3495 seen_pairs=7,864,320 (51.4%) | cpu=10% ram=41% gpu=50% vram=58% gpu_temp=71C
[2026-03-09 09:45:01] final.twotower.train progress epoch=5/8 batch=1360/2491 loss=0.3441 seen_pairs=8,355,840 (54.6%) | cpu=9% ram=41% gpu=51% vram=58% gpu_temp=71C
[2026-03-09 09:45:04] final.twotower.train progress epoch=5/8 batch=1440/2491 loss=0.3452 seen_pairs=8,847,360 (57.8%) | cpu=10% ram=41% gpu=53% vram=58% gpu_temp=70C
[2026-03-09 09:45:06] final.twotower.train progress epoch=5/8 batch=1520/2491 loss=0.3495 seen_pairs=9,338,880 (61.0%) | cpu=9% ram=41% gpu=44% vram=58% gpu_temp=71C
[2026-03-09 09:45:08] final.twotower.train progress epoch=5/8 batch=1600/2491 loss=0.3461 seen_pairs=9,830,400 (64.2%) | cpu=10% ram=41% gpu=50% vram=58% gpu_temp=71C
[2026-03-09 09:45:11] final.twotower.train progress epoch=5/8 batch=1680/2491 loss=0.3466 seen_pairs=10,321,920 (67.4%) | cpu=10% ram=41% gpu=47% vram=58% gpu_temp=71C
[2026-03-09 09:45:10] final.twotower.train progress epoch=5/8 batch=1760/2491 loss=0.3487 seen_pairs=10,813,440 (70.7%) | cpu=10% ram=41% gpu=50% vram=58% gpu_temp=71C
[2026-03-09 09:45:13] final.twotower.train progress epoch=5/8 batch=1840/2491 loss=0.3453 seen_pairs=11,304,960 (73.9%) | cpu=10% ram=41% gpu=45% vram=58% gpu_temp=71C
[2026-03-09 09:45:15] final.twotower.train progress epoch=5/8 batch=1920/2491 loss=0.3466 seen_pairs=11,796,480 (77.1%) | cpu=10% ram=41% gpu=51% vram=58% gpu_temp=71C
[2026-03-09 09:45:17] final.twotower.train progress epoch=5/8 batch=2000/2491 loss=0.3522 seen_pairs=12,288,000 (80.3%) | cpu=10% ram=41% gpu=52% vram=58% gpu_temp=71C
[2026-03-09 09:45:20] final.twotower.train progress epoch=5/8 batch=2080/2491 loss=0.3491 seen_pairs=12,779,520 (83.5%) | cpu=10% ram=41% gpu=51% vram=58% gpu_temp=71C
[2026-03-09 09:45:22] final.twotower.train progress epoch=5/8 batch=2160/2491 loss=0.3469 seen_pairs=13,271,040 (86.7%) | cpu=9% ram=41% gpu=52% vram=58% gpu_temp=71C
[2026-03-09 09:45:24] final.twotower.train progress epoch=5/8 batch=2240/2491 loss=0.3435 seen_pairs=13,762,560 (89.9%) | cpu=9% ram=41% gpu=51% vram=58% gpu_temp=72C
[2026-03-09 09:45:27] final.twotower.train progress epoch=5/8 batch=2320/2491 loss=0.3484 seen_pairs=14,254,080 (93.1%) | cpu=9% ram=41% gpu=50% vram=58% gpu_temp=71C
[2026-03-09 09:45:29] final.twotower.train progress epoch=5/8 batch=2400/2491 loss=0.3474 seen_pairs=14,745,600 (96.3%) | cpu=10% ram=41% gpu=49% vram=58% gpu_temp=71C
[2026-03-09 09:45:31] final.twotower.train progress epoch=5/8 batch=2480/2491 loss=0.3478 seen_pairs=15,237,120 (99.6%) | cpu=10% ram=41% gpu=52% vram=58% gpu_temp=72C
[2026-03-09 09:45:32] final.twotower.train progress epoch=5/8 batch=2491/2491 loss=0.3436 seen_pairs=15,304,489 (100.0%) | cpu=11% ram=41% gpu=49% vram=58% gpu_temp=72C
[2026-03-09 09:45:32] final.twotower.train epoch_done epoch=5/8 avg_loss=0.34538 | cpu=12% ram=41% gpu=49% vram=58% gpu_temp=72C
[2026-03-09 09:45:43] final.twotower.train progress epoch=6/8 batch=80/2491 loss=0.3304 seen_pairs=491,520 (3.2%) | cpu=10% ram=41% gpu=53% vram=58% gpu_temp=69C
[2026-03-09 09:45:45] final.twotower.train progress epoch=6/8 batch=160/2491 loss=0.3345 seen_pairs=983,040 (6.4%) | cpu=10% ram=41% gpu=52% vram=58% gpu_temp=69C
[2026-03-09 09:45:47] final.twotower.train progress epoch=6/8 batch=240/2491 loss=0.3326 seen_pairs=1,474,560 (9.6%) | cpu=10% ram=41% gpu=50% vram=58% gpu_temp=69C
[2026-03-09 09:45:50] final.twotower.train progress epoch=6/8 batch=320/2491 loss=0.3304 seen_pairs=1,966,080 (12.8%) | cpu=10% ram=41% gpu=52% vram=58% gpu_temp=70C
[2026-03-09 09:45:52] final.twotower.train progress epoch=6/8 batch=400/2491 loss=0.3320 seen_pairs=2,457,600 (16.1%) | cpu=10% ram=41% gpu=52% vram=58% gpu_temp=70C
[2026-03-09 09:45:54] final.twotower.train progress epoch=6/8 batch=480/2491 loss=0.3380 seen_pairs=2,949,120 (19.3%) | cpu=10% ram=41% gpu=50% vram=58% gpu_temp=70C
[2026-03-09 09:45:57] final.twotower.train progress epoch=6/8 batch=560/2491 loss=0.3349 seen_pairs=3,440,640 (22.5%) | cpu=10% ram=41% gpu=51% vram=58% gpu_temp=70C
[2026-03-09 09:45:59] final.twotower.train progress epoch=6/8 batch=640/2491 loss=0.3377 seen_pairs=3,932,160 (25.7%) | cpu=10% ram=41% gpu=51% vram=58% gpu_temp=70C
[2026-03-09 09:46:01] final.twotower.train progress epoch=6/8 batch=720/2491 loss=0.3352 seen_pairs=4,423,680 (28.9%) | cpu=11% ram=41% gpu=53% vram=58% gpu_temp=70C
[2026-03-09 09:46:04] final.twotower.train progress epoch=6/8 batch=800/2491 loss=0.3403 seen_pairs=4,915,200 (32.1%) | cpu=10% ram=41% gpu=50% vram=58% gpu_temp=70C
[2026-03-09 09:46:06] final.twotower.train progress epoch=6/8 batch=880/2491 loss=0.3389 seen_pairs=5,406,720 (35.3%) | cpu=19% ram=41% gpu=51% vram=58% gpu_temp=71C
[2026-03-09 09:46:08] final.twotower.train progress epoch=6/8 batch=960/2491 loss=0.3404 seen_pairs=5,898,240 (38.5%) | cpu=14% ram=41% gpu=52% vram=58% gpu_temp=70C
[2026-03-09 09:46:11] final.twotower.train progress epoch=6/8 batch=1040/2491 loss=0.3423 seen_pairs=6,389,760 (41.8%) | cpu=10% ram=41% gpu=49% vram=58% gpu_temp=71C
[2026-03-09 09:46:10] final.twotower.train progress epoch=6/8 batch=1120/2491 loss=0.3415 seen_pairs=6,881,280 (45.0%) | cpu=9% ram=41% gpu=52% vram=58% gpu_temp=71C
[2026-03-09 09:46:13] final.twotower.train progress epoch=6/8 batch=1200/2491 loss=0.3418 seen_pairs=7,372,800 (48.2%) | cpu=9% ram=41% gpu=45% vram=58% gpu_temp=71C
[2026-03-09 09:46:15] final.twotower.train progress epoch=6/8 batch=1280/2491 loss=0.3410 seen_pairs=7,864,320 (51.4%) | cpu=10% ram=41% gpu=52% vram=58% gpu_temp=71C
[2026-03-09 09:46:17] final.twotower.train progress epoch=6/8 batch=1360/2491 loss=0.3410 seen_pairs=8,355,840 (54.6%) | cpu=9% ram=41% gpu=49% vram=58% gpu_temp=71C
[2026-03-09 09:46:20] final.twotower.train progress epoch=6/8 batch=1440/2491 loss=0.3427 seen_pairs=8,847,360 (57.8%) | cpu=9% ram=41% gpu=46% vram=58% gpu_temp=71C
[2026-03-09 09:46:22] final.twotower.train progress epoch=6/8 batch=1520/2491 loss=0.3373 seen_pairs=9,338,880 (61.0%) | cpu=9% ram=41% gpu=51% vram=58% gpu_temp=71C
[2026-03-09 09:46:24] final.twotower.train progress epoch=6/8 batch=1600/2491 loss=0.3459 seen_pairs=9,830,400 (64.2%) | cpu=10% ram=41% gpu=52% vram=58% gpu_temp=71C
[2026-03-09 09:46:27] final.twotower.train progress epoch=6/8 batch=1680/2491 loss=0.3382 seen_pairs=10,321,920 (67.4%) | cpu=9% ram=41% gpu=47% vram=58% gpu_temp=71C
[2026-03-09 09:46:29] final.twotower.train progress epoch=6/8 batch=1760/2491 loss=0.3355 seen_pairs=10,813,440 (70.7%) | cpu=10% ram=41% gpu=52% vram=58% gpu_temp=71C
[2026-03-09 09:46:31] final.twotower.train progress epoch=6/8 batch=1840/2491 loss=0.3422 seen_pairs=11,304,960 (73.9%) | cpu=9% ram=41% gpu=49% vram=58% gpu_temp=71C
[2026-03-09 09:46:34] final.twotower.train progress epoch=6/8 batch=1920/2491 loss=0.3478 seen_pairs=11,796,480 (77.1%) | cpu=10% ram=41% gpu=47% vram=58% gpu_temp=71C
[2026-03-09 09:46:36] final.twotower.train progress epoch=6/8 batch=2000/2491 loss=0.3468 seen_pairs=12,288,000 (80.3%) | cpu=10% ram=41% gpu=48% vram=58% gpu_temp=71C
[2026-03-09 09:46:38] final.twotower.train progress epoch=6/8 batch=2080/2491 loss=0.3428 seen_pairs=12,779,520 (83.5%) | cpu=10% ram=41% gpu=48% vram=58% gpu_temp=72C
[2026-03-09 09:46:38] final.twotower.train progress epoch=6/8 batch=2160/2491 loss=0.3420 seen_pairs=13,271,040 (86.7%) | cpu=9% ram=41% gpu=50% vram=58% gpu_temp=71C
[2026-03-09 09:46:40] final.twotower.train progress epoch=6/8 batch=2240/2491 loss=0.3425 seen_pairs=13,762,560 (89.9%) | cpu=10% ram=41% gpu=48% vram=58% gpu_temp=71C
[2026-03-09 09:46:43] final.twotower.train progress epoch=6/8 batch=2320/2491 loss=0.3441 seen_pairs=14,254,080 (93.1%) | cpu=10% ram=41% gpu=44% vram=58% gpu_temp=72C
[2026-03-09 09:46:45] final.twotower.train progress epoch=6/8 batch=2400/2491 loss=0.3437 seen_pairs=14,745,600 (96.3%) | cpu=10% ram=41% gpu=53% vram=58% gpu_temp=72C
[2026-03-09 09:46:47] final.twotower.train progress epoch=6/8 batch=2480/2491 loss=0.3472 seen_pairs=15,237,120 (99.6%) | cpu=10% ram=41% gpu=48% vram=58% gpu_temp=72C
[2026-03-09 09:46:48] final.twotower.train progress epoch=6/8 batch=2491/2491 loss=0.3433 seen_pairs=15,304,489 (100.0%) | cpu=12% ram=41% gpu=50% vram=58% gpu_temp=72C
[2026-03-09 09:46:48] final.twotower.train epoch_done epoch=6/8 avg_loss=0.34035 | cpu=8% ram=41% gpu=50% vram=58% gpu_temp=72C
[2026-03-09 09:47:01] final.twotower.train progress epoch=7/8 batch=80/2491 loss=0.3256 seen_pairs=491,520 (3.2%) | cpu=10% ram=41% gpu=53% vram=58% gpu_temp=69C
[2026-03-09 09:47:04] final.twotower.train progress epoch=7/8 batch=160/2491 loss=0.3258 seen_pairs=983,040 (6.4%) | cpu=10% ram=41% gpu=51% vram=58% gpu_temp=70C
[2026-03-09 09:47:06] final.twotower.train progress epoch=7/8 batch=240/2491 loss=0.3288 seen_pairs=1,474,560 (9.6%) | cpu=10% ram=41% gpu=52% vram=58% gpu_temp=70C
[2026-03-09 09:47:08] final.twotower.train progress epoch=7/8 batch=320/2491 loss=0.3293 seen_pairs=1,966,080 (12.8%) | cpu=10% ram=41% gpu=50% vram=58% gpu_temp=70C
[2026-03-09 09:47:08] final.twotower.train progress epoch=7/8 batch=400/2491 loss=0.3351 seen_pairs=2,457,600 (16.1%) | cpu=11% ram=41% gpu=48% vram=58% gpu_temp=70C
[2026-03-09 09:47:10] final.twotower.train progress epoch=7/8 batch=480/2491 loss=0.3327 seen_pairs=2,949,120 (19.3%) | cpu=10% ram=41% gpu=49% vram=58% gpu_temp=70C
[2026-03-09 09:47:13] final.twotower.train progress epoch=7/8 batch=560/2491 loss=0.3351 seen_pairs=3,440,640 (22.5%) | cpu=10% ram=41% gpu=49% vram=58% gpu_temp=70C
[2026-03-09 09:47:15] final.twotower.train progress epoch=7/8 batch=640/2491 loss=0.3325 seen_pairs=3,932,160 (25.7%) | cpu=10% ram=41% gpu=50% vram=58% gpu_temp=70C
[2026-03-09 09:47:17] final.twotower.train progress epoch=7/8 batch=720/2491 loss=0.3325 seen_pairs=4,423,680 (28.9%) | cpu=10% ram=41% gpu=52% vram=58% gpu_temp=70C
[2026-03-09 09:47:20] final.twotower.train progress epoch=7/8 batch=800/2491 loss=0.3442 seen_pairs=4,915,200 (32.1%) | cpu=10% ram=41% gpu=50% vram=58% gpu_temp=71C
[2026-03-09 09:47:22] final.twotower.train progress epoch=7/8 batch=880/2491 loss=0.3407 seen_pairs=5,406,720 (35.3%) | cpu=10% ram=41% gpu=50% vram=58% gpu_temp=71C
[2026-03-09 09:47:24] final.twotower.train progress epoch=7/8 batch=960/2491 loss=0.3391 seen_pairs=5,898,240 (38.5%) | cpu=10% ram=41% gpu=52% vram=58% gpu_temp=71C
[2026-03-09 09:47:27] final.twotower.train progress epoch=7/8 batch=1040/2491 loss=0.3308 seen_pairs=6,389,760 (41.8%) | cpu=10% ram=41% gpu=48% vram=58% gpu_temp=70C
[2026-03-09 09:47:29] final.twotower.train progress epoch=7/8 batch=1120/2491 loss=0.3366 seen_pairs=6,881,280 (45.0%) | cpu=10% ram=41% gpu=52% vram=58% gpu_temp=71C
[2026-03-09 09:47:31] final.twotower.train progress epoch=7/8 batch=1200/2491 loss=0.3351 seen_pairs=7,372,800 (48.2%) | cpu=10% ram=41% gpu=53% vram=58% gpu_temp=71C
[2026-03-09 09:47:34] final.twotower.train progress epoch=7/8 batch=1280/2491 loss=0.3401 seen_pairs=7,864,320 (51.4%) | cpu=9% ram=41% gpu=47% vram=58% gpu_temp=71C
[2026-03-09 09:47:36] final.twotower.train progress epoch=7/8 batch=1360/2491 loss=0.3405 seen_pairs=8,355,840 (54.6%) | cpu=10% ram=41% gpu=52% vram=58% gpu_temp=71C
[2026-03-09 09:47:38] final.twotower.train progress epoch=7/8 batch=1440/2491 loss=0.3392 seen_pairs=8,847,360 (57.8%) | cpu=10% ram=41% gpu=53% vram=58% gpu_temp=71C
[2026-03-09 09:47:38] final.twotower.train progress epoch=7/8 batch=1520/2491 loss=0.3421 seen_pairs=9,338,880 (61.0%) | cpu=10% ram=41% gpu=47% vram=58% gpu_temp=72C
[2026-03-09 09:47:40] final.twotower.train progress epoch=7/8 batch=1600/2491 loss=0.3411 seen_pairs=9,830,400 (64.2%) | cpu=9% ram=41% gpu=52% vram=58% gpu_temp=72C
[2026-03-09 09:47:43] final.twotower.train progress epoch=7/8 batch=1680/2491 loss=0.3386 seen_pairs=10,321,920 (67.4%) | cpu=10% ram=41% gpu=51% vram=58% gpu_temp=72C
[2026-03-09 09:47:45] final.twotower.train progress epoch=7/8 batch=1760/2491 loss=0.3460 seen_pairs=10,813,440 (70.7%) | cpu=10% ram=41% gpu=47% vram=58% gpu_temp=71C
[2026-03-09 09:47:47] final.twotower.train progress epoch=7/8 batch=1840/2491 loss=0.3407 seen_pairs=11,304,960 (73.9%) | cpu=10% ram=41% gpu=49% vram=58% gpu_temp=71C
[2026-03-09 09:47:50] final.twotower.train progress epoch=7/8 batch=1920/2491 loss=0.3440 seen_pairs=11,796,480 (77.1%) | cpu=10% ram=41% gpu=52% vram=58% gpu_temp=71C
[2026-03-09 09:47:52] final.twotower.train progress epoch=7/8 batch=2000/2491 loss=0.3399 seen_pairs=12,288,000 (80.3%) | cpu=10% ram=41% gpu=51% vram=58% gpu_temp=71C
[2026-03-09 09:47:54] final.twotower.train progress epoch=7/8 batch=2080/2491 loss=0.3481 seen_pairs=12,779,520 (83.5%) | cpu=10% ram=41% gpu=52% vram=58% gpu_temp=72C
[2026-03-09 09:47:57] final.twotower.train progress epoch=7/8 batch=2160/2491 loss=0.3437 seen_pairs=13,271,040 (86.7%) | cpu=10% ram=41% gpu=47% vram=58% gpu_temp=72C
[2026-03-09 09:47:59] final.twotower.train progress epoch=7/8 batch=2240/2491 loss=0.3398 seen_pairs=13,762,560 (89.9%) | cpu=10% ram=41% gpu=51% vram=58% gpu_temp=72C
[2026-03-09 09:48:01] final.twotower.train progress epoch=7/8 batch=2320/2491 loss=0.3366 seen_pairs=14,254,080 (93.1%) | cpu=10% ram=41% gpu=46% vram=58% gpu_temp=72C
[2026-03-09 09:48:04] final.twotower.train progress epoch=7/8 batch=2400/2491 loss=0.3424 seen_pairs=14,745,600 (96.3%) | cpu=10% ram=41% gpu=50% vram=58% gpu_temp=72C
[2026-03-09 09:48:06] final.twotower.train progress epoch=7/8 batch=2480/2491 loss=0.3423 seen_pairs=15,237,120 (99.6%) | cpu=10% ram=41% gpu=49% vram=58% gpu_temp=72C
[2026-03-09 09:48:06] final.twotower.train progress epoch=7/8 batch=2491/2491 loss=0.3475 seen_pairs=15,304,489 (100.0%) | cpu=11% ram=41% gpu=51% vram=58% gpu_temp=72C
[2026-03-09 09:48:06] final.twotower.train epoch_done epoch=7/8 avg_loss=0.33661 | cpu=11% ram=41% gpu=51% vram=58% gpu_temp=72C
[2026-03-09 09:48:17] final.twotower.train progress epoch=8/8 batch=80/2491 loss=0.3248 seen_pairs=491,520 (3.2%) | cpu=10% ram=41% gpu=50% vram=58% gpu_temp=70C
[2026-03-09 09:48:19] final.twotower.train progress epoch=8/8 batch=160/2491 loss=0.3252 seen_pairs=983,040 (6.4%) | cpu=10% ram=41% gpu=50% vram=58% gpu_temp=70C
[2026-03-09 09:48:22] final.twotower.train progress epoch=8/8 batch=240/2491 loss=0.3260 seen_pairs=1,474,560 (9.6%) | cpu=10% ram=41% gpu=47% vram=58% gpu_temp=70C
[2026-03-09 09:48:24] final.twotower.train progress epoch=8/8 batch=320/2491 loss=0.3239 seen_pairs=1,966,080 (12.8%) | cpu=10% ram=41% gpu=48% vram=58% gpu_temp=70C
[2026-03-09 09:48:26] final.twotower.train progress epoch=8/8 batch=400/2491 loss=0.3322 seen_pairs=2,457,600 (16.1%) | cpu=10% ram=41% gpu=51% vram=58% gpu_temp=70C
[2026-03-09 09:48:29] final.twotower.train progress epoch=8/8 batch=480/2491 loss=0.3270 seen_pairs=2,949,120 (19.3%) | cpu=10% ram=41% gpu=49% vram=58% gpu_temp=71C
[2026-03-09 09:48:31] final.twotower.train progress epoch=8/8 batch=560/2491 loss=0.3276 seen_pairs=3,440,640 (22.5%) | cpu=10% ram=41% gpu=52% vram=58% gpu_temp=71C
[2026-03-09 09:48:33] final.twotower.train progress epoch=8/8 batch=640/2491 loss=0.3327 seen_pairs=3,932,160 (25.7%) | cpu=10% ram=41% gpu=48% vram=58% gpu_temp=71C
[2026-03-09 09:48:36] final.twotower.train progress epoch=8/8 batch=720/2491 loss=0.3318 seen_pairs=4,423,680 (28.9%) | cpu=10% ram=41% gpu=51% vram=58% gpu_temp=71C
[2026-03-09 09:48:38] final.twotower.train progress epoch=8/8 batch=800/2491 loss=0.3319 seen_pairs=4,915,200 (32.1%) | cpu=10% ram=41% gpu=50% vram=58% gpu_temp=71C
[2026-03-09 09:48:38] final.twotower.train progress epoch=8/8 batch=880/2491 loss=0.3328 seen_pairs=5,406,720 (35.3%) | cpu=10% ram=41% gpu=50% vram=58% gpu_temp=71C
[2026-03-09 09:48:40] final.twotower.train progress epoch=8/8 batch=960/2491 loss=0.3353 seen_pairs=5,898,240 (38.5%) | cpu=10% ram=41% gpu=49% vram=58% gpu_temp=71C
[2026-03-09 09:48:42] final.twotower.train progress epoch=8/8 batch=1040/2491 loss=0.3328 seen_pairs=6,389,760 (41.8%) | cpu=10% ram=41% gpu=52% vram=58% gpu_temp=71C
[2026-03-09 09:48:45] final.twotower.train progress epoch=8/8 batch=1120/2491 loss=0.3346 seen_pairs=6,881,280 (45.0%) | cpu=10% ram=41% gpu=51% vram=58% gpu_temp=71C
[2026-03-09 09:48:47] final.twotower.train progress epoch=8/8 batch=1200/2491 loss=0.3343 seen_pairs=7,372,800 (48.2%) | cpu=10% ram=41% gpu=52% vram=58% gpu_temp=71C
[2026-03-09 09:48:49] final.twotower.train progress epoch=8/8 batch=1280/2491 loss=0.3377 seen_pairs=7,864,320 (51.4%) | cpu=10% ram=41% gpu=51% vram=58% gpu_temp=71C
[2026-03-09 09:48:52] final.twotower.train progress epoch=8/8 batch=1360/2491 loss=0.3376 seen_pairs=8,355,840 (54.6%) | cpu=10% ram=41% gpu=51% vram=58% gpu_temp=71C
[2026-03-09 09:48:54] final.twotower.train progress epoch=8/8 batch=1440/2491 loss=0.3347 seen_pairs=8,847,360 (57.8%) | cpu=10% ram=41% gpu=50% vram=58% gpu_temp=72C
[2026-03-09 09:48:56] final.twotower.train progress epoch=8/8 batch=1520/2491 loss=0.3343 seen_pairs=9,338,880 (61.0%) | cpu=10% ram=41% gpu=51% vram=58% gpu_temp=72C
[2026-03-09 09:48:59] final.twotower.train progress epoch=8/8 batch=1600/2491 loss=0.3396 seen_pairs=9,830,400 (64.2%) | cpu=9% ram=41% gpu=53% vram=58% gpu_temp=72C
[2026-03-09 09:49:01] final.twotower.train progress epoch=8/8 batch=1680/2491 loss=0.3364 seen_pairs=10,321,920 (67.4%) | cpu=10% ram=41% gpu=51% vram=58% gpu_temp=71C
[2026-03-09 09:49:03] final.twotower.train progress epoch=8/8 batch=1760/2491 loss=0.3363 seen_pairs=10,813,440 (70.7%) | cpu=9% ram=41% gpu=53% vram=58% gpu_temp=71C
[2026-03-09 09:49:06] final.twotower.train progress epoch=8/8 batch=1840/2491 loss=0.3403 seen_pairs=11,304,960 (73.9%) | cpu=10% ram=41% gpu=53% vram=58% gpu_temp=72C
[2026-03-09 09:49:08] final.twotower.train progress epoch=8/8 batch=1920/2491 loss=0.3343 seen_pairs=11,796,480 (77.1%) | cpu=10% ram=41% gpu=47% vram=58% gpu_temp=72C
[2026-03-09 09:49:08] final.twotower.train progress epoch=8/8 batch=2000/2491 loss=0.3390 seen_pairs=12,288,000 (80.3%) | cpu=10% ram=41% gpu=48% vram=58% gpu_temp=72C
[2026-03-09 09:49:10] final.twotower.train progress epoch=8/8 batch=2080/2491 loss=0.3416 seen_pairs=12,779,520 (83.5%) | cpu=10% ram=41% gpu=48% vram=58% gpu_temp=72C
[2026-03-09 09:49:12] final.twotower.train progress epoch=8/8 batch=2160/2491 loss=0.3431 seen_pairs=13,271,040 (86.7%) | cpu=10% ram=41% gpu=53% vram=58% gpu_temp=72C
[2026-03-09 09:49:15] final.twotower.train progress epoch=8/8 batch=2240/2491 loss=0.3394 seen_pairs=13,762,560 (89.9%) | cpu=10% ram=41% gpu=51% vram=58% gpu_temp=71C
[2026-03-09 09:49:17] final.twotower.train progress epoch=8/8 batch=2320/2491 loss=0.3391 seen_pairs=14,254,080 (93.1%) | cpu=10% ram=41% gpu=45% vram=58% gpu_temp=72C
[2026-03-09 09:49:19] final.twotower.train progress epoch=8/8 batch=2400/2491 loss=0.3389 seen_pairs=14,745,600 (96.3%) | cpu=9% ram=41% gpu=52% vram=58% gpu_temp=72C
[2026-03-09 09:49:22] final.twotower.train progress epoch=8/8 batch=2480/2491 loss=0.3445 seen_pairs=15,237,120 (99.6%) | cpu=11% ram=41% gpu=48% vram=58% gpu_temp=72C
[2026-03-09 09:49:22] final.twotower.train progress epoch=8/8 batch=2491/2491 loss=0.3377 seen_pairs=15,304,489 (100.0%) | cpu=12% ram=41% gpu=45% vram=58% gpu_temp=72C
[2026-03-09 09:49:22] final.twotower.train epoch_done epoch=8/8 avg_loss=0.33361 | cpu=9% ram=41% gpu=45% vram=58% gpu_temp=72C
[2026-03-09 09:49:22] Stage final.twotower.train done in 672.1s | cpu=16% ram=39% gpu=17% vram=58% gpu_temp=70C
[2026-03-09 09:49:29] final.twotower.candidates start users=161,578 topn=480 batch_size=2048 batches=79 | cpu=10% ram=43% gpu=18% vram=58% gpu_temp=66C
[2026-03-09 09:49:33] final.twotower.candidates progress users=20,480/161,578 (12.7%) | cpu=10% ram=48% gpu=11% vram=67% gpu_temp=66C
[2026-03-09 09:49:37] final.twotower.candidates progress users=40,960/161,578 (25.3%) | cpu=10% ram=53% gpu=7% vram=67% gpu_temp=65C
[2026-03-09 09:49:39] final.twotower.candidates progress users=61,440/161,578 (38.0%) | cpu=10% ram=57% gpu=9% vram=67% gpu_temp=65C
[2026-03-09 09:49:43] final.twotower.candidates progress users=81,920/161,578 (50.7%) | cpu=10% ram=62% gpu=4% vram=67% gpu_temp=65C
[2026-03-09 09:49:47] final.twotower.candidates progress users=102,400/161,578 (63.4%) | cpu=10% ram=66% gpu=9% vram=67% gpu_temp=64C
[2026-03-09 09:49:51] final.twotower.candidates progress users=122,880/161,578 (76.0%) | cpu=10% ram=71% gpu=18% vram=67% gpu_temp=64C
[2026-03-09 09:49:55] final.twotower.candidates progress users=143,360/161,578 (88.7%) | cpu=10% ram=75% gpu=5% vram=67% gpu_temp=64C
[2026-03-09 09:49:58] final.twotower.candidates progress users=161,578/161,578 (100.0%) | cpu=10% ram=79% gpu=11% vram=67% gpu_temp=63C
[2026-03-09 09:50:12] final.twotower.candidates reuse test_from_val=true | cpu=10% ram=45% gpu=40% vram=67% gpu_temp=61C
[2026-03-09 09:50:12] Stage final.twotower.candidates done in 54.3s | val_rows=25,851,772 test_rows=25,851,772 reused_from_val=True | cpu=9% ram=45% gpu=40% vram=67% gpu_temp=61C
[2026-03-09 09:50:13] baseline.retrieval.setup algo=cosine users=161,578 items=47,187 interactions=15,304,489 | cpu=14% ram=46% gpu=38% vram=67% gpu_temp=61C
/home/zxczxc/mambaforge/envs/trainer/lib/python3.10/site-packages/implicit/utils.py:164: ParameterWarning: Method expects CSR input, and was passed coo_matrix instead. Converting to CSR took 0.04784250259399414 seconds
  warnings.warn(
  0%|          | 0/47187 [00:00<?, ?it/s]  0%|          | 186/47187 [00:00<00:25, 1851.67it/s]  1%|          | 372/47187 [00:00<00:25, 1826.62it/s]  1%|          | 373/47187 [00:00<00:25, 1819.99it/s]  1%|1         | 557/47187 [00:00<00:26, 1756.79it/s]  2%|1         | 814/47187 [00:00<00:22, 2036.79it/s]  2%|1         | 815/47187 [00:00<00:20, 2210.86it/s]  2%|2         | 1038/47187 [00:00<00:21, 2127.08it/s]  3%|2         | 1252/47187 [00:00<00:29, 1540.46it/s]  3%|3         | 1431/47187 [00:00<00:28, 1600.22it/s]  3%|3         | 1432/47187 [00:00<00:27, 1649.33it/s]  4%|3         | 1673/47187 [00:00<00:24, 1848.73it/s]  4%|3         | 1674/47187 [00:00<00:22, 2000.07it/s]  4%|4         | 1928/47187 [00:01<00:21, 2151.52it/s]  4%|4         | 1929/47187 [00:01<00:19, 2263.09it/s]  5%|4         | 2162/47187 [00:01<00:20, 2208.53it/s]  5%|5         | 2430/47187 [00:01<00:19, 2343.56it/s]  5%|5         | 2432/47187 [00:01<00:17, 2514.35it/s]  5%|5         | 2433/47187 [00:01<00:17, 2514.35it/s]  6%|5         | 2687/47187 [00:01<00:18, 2423.76it/s]  6%|5         | 2691/47187 [00:01<00:19, 2303.64it/s]  6%|5         | 2691/47187 [00:01<00:19, 2303.64it/s]  6%|5         | 2695/47187 [00:01<00:19, 2303.64it/s]  6%|6         | 2927/47187 [00:01<00:19, 2284.19it/s]  6%|6         | 2930/47187 [00:01<00:19, 2259.60it/s]  6%|6         | 2931/47187 [00:01<00:19, 2259.60it/s]  6%|6         | 2931/47187 [00:01<00:19, 2259.60it/s]  7%|6         | 3211/47187 [00:01<00:18, 2414.83it/s]  7%|7         | 3511/47187 [00:01<00:16, 2585.21it/s]  7%|7         | 3512/47187 [00:01<00:16, 2706.48it/s]  8%|8         | 3873/47187 [00:01<00:14, 2957.28it/s]  8%|8         | 3874/47187 [00:01<00:13, 3132.96it/s]  9%|8         | 4210/47187 [00:01<00:13, 3199.52it/s]  9%|8         | 4212/47187 [00:01<00:13, 3246.41it/s] 10%|#         | 4754/47187 [00:01<00:10, 3886.20it/s] 10%|#         | 4756/47187 [00:01<00:09, 4649.49it/s] 10%|#         | 4756/47187 [00:01<00:09, 4649.49it/s] 11%|#1        | 5222/47187 [00:02<00:09, 4351.67it/s] 11%|#1        | 5226/47187 [00:02<00:10, 3913.66it/s] 11%|#1        | 5228/47187 [00:02<00:10, 3913.66it/s] 11%|#1        | 5228/47187 [00:02<00:10, 3913.66it/s] 11%|#1        | 5230/47187 [00:02<00:10, 3913.66it/s] 12%|#2        | 5771/47187 [00:02<00:09, 4307.30it/s] 12%|#2        | 5773/47187 [00:02<00:08, 4833.25it/s] 12%|#2        | 5774/47187 [00:02<00:08, 4833.25it/s] 14%|#3        | 6394/47187 [00:02<00:07, 5219.40it/s] 14%|#3        | 6395/47187 [00:02<00:07, 5492.86it/s] 15%|#4        | 6951/47187 [00:02<00:07, 5198.12it/s] 16%|#5        | 7478/47187 [00:02<00:07, 5200.67it/s] 16%|#5        | 7480/47187 [00:02<00:07, 5202.11it/s] 16%|#5        | 7481/47187 [00:02<00:07, 5202.11it/s] 17%|#7        | 8178/47187 [00:02<00:06, 5689.28it/s] 20%|#9        | 9257/47187 [00:02<00:05, 7187.48it/s] 20%|#9        | 9258/47187 [00:02<00:04, 8246.54it/s] 21%|##1       | 10088/47187 [00:02<00:04, 8134.80it/s] 21%|##1       | 10090/47187 [00:02<00:04, 7999.45it/s] 21%|##1       | 10091/47187 [00:02<00:04, 7999.45it/s] 23%|##3       | 10893/47187 [00:02<00:04, 7595.63it/s] 23%|##3       | 10897/47187 [00:02<00:05, 7030.86it/s] 23%|##3       | 10899/47187 [00:02<00:05, 7030.86it/s] 23%|##3       | 10901/47187 [00:02<00:05, 7030.86it/s] 25%|##4       | 11610/47187 [00:03<00:05, 6706.70it/s] 25%|##4       | 11613/47187 [00:03<00:05, 6221.32it/s] 25%|##4       | 11615/47187 [00:03<00:05, 6221.32it/s] 25%|##4       | 11616/47187 [00:03<00:05, 6221.32it/s] 26%|##6       | 12318/47187 [00:03<00:05, 6432.20it/s] 26%|##6       | 12321/47187 [00:03<00:05, 6708.28it/s] 26%|##6       | 12321/47187 [00:03<00:05, 6708.28it/s] 28%|##7       | 13182/47187 [00:03<00:04, 7247.38it/s] 30%|###       | 14373/47187 [00:03<00:03, 8601.53it/s] 30%|###       | 14376/47187 [00:03<00:03, 10729.93it/s] 30%|###       | 14378/47187 [00:03<00:03, 10729.93it/s] 30%|###       | 14378/47187 [00:03<00:03, 10729.93it/s] 34%|###3      | 15911/47187 [00:03<00:02, 12081.82it/s] 34%|###3      | 15912/47187 [00:03<00:02, 13022.62it/s] 37%|###6      | 17301/47187 [00:03<00:02, 13280.24it/s] 37%|###6      | 17306/47187 [00:03<00:02, 13749.17it/s] 37%|###6      | 17306/47187 [00:03<00:02, 13749.17it/s] 37%|###6      | 17306/47187 [00:03<00:02, 13749.17it/s] 37%|###6      | 17308/47187 [00:03<00:02, 13749.17it/s] 37%|###6      | 17311/47187 [00:03<00:02, 13749.17it/s] 40%|####      | 18927/47187 [00:03<00:01, 14466.09it/s] 40%|####      | 18930/47187 [00:03<00:01, 15544.87it/s] 40%|####      | 18931/47187 [00:03<00:01, 15544.87it/s] 40%|####      | 18931/47187 [00:03<00:01, 15544.87it/s] 44%|####3     | 20610/47187 [00:03<00:01, 15896.93it/s] 50%|####9     | 23524/47187 [00:03<00:01, 19857.06it/s] 50%|####9     | 23528/47187 [00:03<00:00, 26841.34it/s] 50%|####9     | 23529/47187 [00:03<00:00, 26841.34it/s] 50%|####9     | 23532/47187 [00:03<00:00, 26841.34it/s] 50%|####9     | 23540/47187 [00:03<00:00, 26841.34it/s] 57%|#####7    | 26970/47187 [00:03<00:00, 29047.68it/s] 57%|#####7    | 26975/47187 [00:03<00:00, 33209.23it/s] 57%|#####7    | 26977/47187 [00:03<00:00, 33209.23it/s] 57%|#####7    | 26978/47187 [00:03<00:00, 33209.23it/s] 57%|#####7    | 26982/47187 [00:03<00:00, 33209.23it/s] 57%|#####7    | 26987/47187 [00:03<00:00, 33209.23it/s] 67%|######7   | 31662/47187 [00:04<00:00, 37255.06it/s] 67%|######7   | 31669/47187 [00:04<00:00, 45707.36it/s] 67%|######7   | 31669/47187 [00:04<00:00, 45707.36it/s] 67%|######7   | 31671/47187 [00:04<00:00, 45707.36it/s] 67%|######7   | 31673/47187 [00:04<00:00, 45707.36it/s] 67%|######7   | 31678/47187 [00:04<00:00, 45707.36it/s] 67%|######7   | 31688/47187 [00:04<00:00, 45707.36it/s] 67%|######7   | 31693/47187 [00:04<00:00, 45707.36it/s] 77%|#######6  | 36270/47187 [00:04<00:00, 42764.30it/s] 77%|#######6  | 36274/47187 [00:04<00:00, 38270.25it/s] 77%|#######6  | 36275/47187 [00:04<00:00, 38270.25it/s] 77%|#######6  | 36275/47187 [00:04<00:00, 38270.25it/s] 77%|#######6  | 36279/47187 [00:04<00:00, 38270.25it/s] 85%|########5 | 40133/47187 [00:04<00:00, 38112.82it/s] 85%|########5 | 40138/47187 [00:04<00:00, 37669.84it/s] 85%|########5 | 40139/47187 [00:04<00:00, 37669.84it/s] 85%|########5 | 40143/47187 [00:04<00:00, 37669.84it/s] 85%|########5 | 40152/47187 [00:04<00:00, 37669.84it/s] 85%|########5 | 40168/47187 [00:04<00:00, 37669.84it/s] 94%|#########4| 44589/47187 [00:04<00:00, 39554.80it/s] 95%|#########4| 44596/47187 [00:04<00:00, 43580.00it/s] 95%|#########4| 44597/47187 [00:04<00:00, 43580.00it/s] 95%|#########4| 44597/47187 [00:04<00:00, 43580.00it/s] 95%|#########4| 44601/47187 [00:04<00:00, 43580.00it/s] 95%|#########4| 44605/47187 [00:04<00:00, 43580.00it/s] 95%|#########4| 44608/47187 [00:04<00:00, 43580.00it/s] 95%|#########4| 44622/47187 [00:04<00:00, 43580.00it/s]100%|##########| 47187/47187 [00:04<00:00, 10514.91it/s]
[2026-03-09 09:50:18] baseline.retrieval.fit algo=cosine K=220 threads=0 done_in=5.3s | cpu=56% ram=47% gpu=35% vram=67% gpu_temp=61C
[2026-03-09 09:50:18] Stage final.aux_retrieval.train done in 6.4s | algo=cosine | cpu=7% ram=47% gpu=35% vram=67% gpu_temp=61C
[2026-03-09 09:50:18] baseline.retrieval.candidates start users=161,578 batch_size=8192 batches=20 | cpu=10% ram=47% gpu=27% vram=67% gpu_temp=61C
[2026-03-09 09:50:36] baseline.retrieval.candidates progress users=81,920/161,578 (50.7%) | cpu=10% ram=47% gpu=35% vram=67% gpu_temp=60C
[2026-03-09 09:50:49] baseline.retrieval.candidates progress users=161,578/161,578 (100.0%) | cpu=9% ram=48% gpu=22% vram=67% gpu_temp=60C
[2026-03-09 09:50:50] final.aux_retrieval.candidates reuse test_from_val=true | cpu=11% ram=48% gpu=22% vram=67% gpu_temp=60C
[2026-03-09 09:50:50] Stage final.aux_retrieval.candidates done in 34.0s | val_rows=25,852,480 test_rows=25,852,480 reused_from_val=True | cpu=5% ram=48% gpu=23% vram=67% gpu_temp=60C
[2026-03-09 09:50:50] final.candidate_fusion start sources=3 users_val=161,578 users_test=161,578 k=160 use_gpu=True | cpu=4% ram=48% gpu=23% vram=67% gpu_temp=60C
[2026-03-09 09:50:50] final.candidate_fusion.val backend=cudf | cpu=10% ram=48% gpu=23% vram=67% gpu_temp=60C
[2026-03-09 09:50:50] final.candidate_fusion.val source_prepare name=tt rows=25,851,772 weight=0.42 | cpu=10% ram=48% gpu=23% vram=67% gpu_temp=60C
[2026-03-09 09:50:51] final.candidate_fusion.val source_ready name=tt rows=25,851,772 in=0.9s | cpu=9% ram=48% gpu=35% vram=80% gpu_temp=59C
[2026-03-09 09:50:51] final.candidate_fusion.val source_prepare name=als rows=25,852,480 weight=0.46 | cpu=7% ram=48% gpu=35% vram=80% gpu_temp=59C
[2026-03-09 09:50:53] final.candidate_fusion.val source_ready name=als rows=25,852,480 in=1.9s | cpu=6% ram=49% gpu=47% vram=85% gpu_temp=66C
[2026-03-09 09:50:53] final.candidate_fusion.val source_prepare name=aux rows=25,852,480 weight=0.12 | cpu=6% ram=49% gpu=47% vram=85% gpu_temp=66C
[2026-03-09 09:50:54] final.candidate_fusion.val source_ready name=aux rows=25,852,480 in=0.9s | cpu=8% ram=49% gpu=52% vram=91% gpu_temp=63C
[2026-03-09 09:50:54] final.candidate_fusion.val merge_start inputs=3 | cpu=5% ram=49% gpu=31% vram=91% gpu_temp=63C
[2026-03-09 09:50:55] final.candidate_fusion.val merge_step=1/2 rows=43,967,094 in=1.0s | cpu=9% ram=49% gpu=65% vram=93% gpu_temp=64C
[2026-03-09 09:50:57] final.candidate_fusion.val merge_step=2/2 rows=57,923,075 in=1.6s | cpu=9% ram=49% gpu=64% vram=92% gpu_temp=64C
[2026-03-09 09:51:06] final.candidate_fusion.val topk_done rows=25,852,480 k=160 | cpu=9% ram=49% gpu=28% vram=95% gpu_temp=63C
[2026-03-09 09:51:06] final.candidate_fusion.test backend=cudf | cpu=8% ram=52% gpu=6% vram=67% gpu_temp=63C
[2026-03-09 09:51:06] final.candidate_fusion.test source_prepare name=tt rows=25,851,772 weight=0.42 | cpu=6% ram=52% gpu=6% vram=67% gpu_temp=63C
[2026-03-09 09:51:06] final.candidate_fusion.test source_ready name=tt rows=25,851,772 in=0.7s | cpu=12% ram=52% gpu=49% vram=79% gpu_temp=62C
[2026-03-09 09:51:06] final.candidate_fusion.test source_prepare name=als rows=25,852,480 weight=0.46 | cpu=10% ram=52% gpu=49% vram=79% gpu_temp=62C
[2026-03-09 09:51:07] final.candidate_fusion.test source_ready name=als rows=25,852,480 in=0.6s | cpu=10% ram=52% gpu=52% vram=85% gpu_temp=64C
[2026-03-09 09:51:07] final.candidate_fusion.test source_prepare name=aux rows=25,852,480 weight=0.12 | cpu=8% ram=52% gpu=52% vram=85% gpu_temp=64C
[2026-03-09 09:51:08] final.candidate_fusion.test source_ready name=aux rows=25,852,480 in=0.8s | cpu=9% ram=52% gpu=51% vram=91% gpu_temp=68C
[2026-03-09 09:51:08] final.candidate_fusion.test merge_start inputs=3 | cpu=14% ram=52% gpu=51% vram=91% gpu_temp=68C
[2026-03-09 09:51:09] final.candidate_fusion.test merge_step=1/2 rows=43,967,094 in=0.8s | cpu=15% ram=53% gpu=58% vram=93% gpu_temp=64C
[2026-03-09 09:51:10] final.candidate_fusion.test merge_step=2/2 rows=57,923,075 in=1.5s | cpu=10% ram=52% gpu=81% vram=93% gpu_temp=66C
[2026-03-09 09:51:20] final.candidate_fusion.test topk_done rows=25,852,480 k=160 | cpu=14% ram=53% gpu=27% vram=96% gpu_temp=64C
[2026-03-09 09:51:23] Stage final.candidate_fusion done in 35.2s | tt_weight=0.42 als_weight=0.46 aux_algo=cosine aux_weight=0.12 val_rows=25,852,480 test_rows=25,852,480 | cpu=16% ram=56% gpu=9% vram=67% gpu_temp=62C
[2026-03-09 09:51:38] Stage final.retrieval.eval done in 17.8s
[2026-03-09 09:51:38] ranker.features start candidate_rows=25,852,480 train_rows=15,304,489 target_rows=161,578 | cpu=14% ram=57% gpu=24% vram=67% gpu_temp=60C
[2026-03-09 09:51:38] ranker.features backend=cudf | cpu=8% ram=57% gpu=21% vram=67% gpu_temp=60C
[2026-03-09 09:53:56] ranker.features base_signals_done | cpu=13% ram=49% gpu=35% vram=96% gpu_temp=57C
[2026-03-09 09:54:06] ranker.features genre_signals_done | cpu=9% ram=56% gpu=22% vram=67% gpu_temp=57C
[2026-03-09 09:54:27] ranker.features done rows=25,852,480 feature_cols=25 positive_rate=0.0033 | cpu=11% ram=56% gpu=27% vram=67% gpu_temp=57C
[2026-03-09 09:54:27] ranker.features start candidate_rows=25,852,480 train_rows=15,304,489 target_rows=161,578 | cpu=6% ram=52% gpu=27% vram=67% gpu_temp=57C
[2026-03-09 09:54:27] ranker.features backend=cudf | cpu=8% ram=52% gpu=27% vram=67% gpu_temp=57C
