[2026-03-08 23:23:40] Pipeline start | cpu=0% ram=7% gpu=23% vram=2% gpu_temp=42C
[2026-03-08 23:23:40] Outputs: tables=outputs/fullrun_gpu_hybrid3_cosine_balanced/tables figures=outputs/fullrun_gpu_hybrid3_cosine_balanced/figures
[2026-03-08 23:23:56] Stage data.load done in 15.9s | rows=15,630,129 users=162,414 items=47,396 | cpu=11% ram=8% gpu=25% vram=2% gpu_temp=43C
[2026-03-08 23:24:05] Stage data.split done in 10.8s | train=15,304,489 val=161,578 test=161,578 users_train=161,578 items_train=47,187 | cpu=10% ram=10% gpu=26% vram=2% gpu_temp=43C
[2026-03-08 23:24:06] Eval users: val=161,578 test=161,578
[2026-03-08 23:24:06] Eval setup: k_candidates=120 ks=[10, 20, 50]
[2026-03-08 23:24:07] baseline.retrieval.setup algo=als users=161,578 items=47,187 interactions=15,304,489 | cpu=14% ram=12% gpu=52% vram=2% gpu_temp=43C
[2026-03-08 23:24:14] baseline.retrieval.fit algo=als use_gpu=True done_in=6.4s | cpu=16% ram=13% gpu=64% vram=4% gpu_temp=55C
[2026-03-08 23:24:14] Stage baseline.retrieval.train done in 7.6s | algo=als | cpu=7% ram=13% gpu=64% vram=4% gpu_temp=55C
[2026-03-08 23:24:14] baseline.retrieval.candidates start users=161,578 batch_size=4096 batches=40 | cpu=10% ram=13% gpu=3% vram=4% gpu_temp=55C
[2026-03-08 23:24:14] baseline.retrieval.candidates progress users=40,960/161,578 (25.3%) | cpu=9% ram=13% gpu=33% vram=47% gpu_temp=50C
[2026-03-08 23:24:15] baseline.retrieval.candidates progress users=81,920/161,578 (50.7%) | cpu=9% ram=14% gpu=34% vram=47% gpu_temp=50C
[2026-03-08 23:24:15] baseline.retrieval.candidates progress users=122,880/161,578 (76.0%) | cpu=9% ram=14% gpu=34% vram=47% gpu_temp=51C
[2026-03-08 23:24:16] baseline.retrieval.candidates progress users=161,578/161,578 (100.0%) | cpu=9% ram=14% gpu=33% vram=47% gpu_temp=51C
[2026-03-08 23:24:16] baseline.retrieval.candidates start users=161,578 batch_size=4096 batches=40 | cpu=10% ram=14% gpu=3% vram=47% gpu_temp=48C
[2026-03-08 23:24:16] baseline.retrieval.candidates progress users=40,960/161,578 (25.3%) | cpu=10% ram=14% gpu=37% vram=47% gpu_temp=48C
[2026-03-08 23:24:17] baseline.retrieval.candidates progress users=81,920/161,578 (50.7%) | cpu=11% ram=15% gpu=37% vram=47% gpu_temp=49C
[2026-03-08 23:24:17] baseline.retrieval.candidates progress users=122,880/161,578 (76.0%) | cpu=10% ram=15% gpu=38% vram=47% gpu_temp=47C
[2026-03-08 23:24:18] baseline.retrieval.candidates progress users=161,578/161,578 (100.0%) | cpu=11% ram=15% gpu=38% vram=47% gpu_temp=47C
[2026-03-08 23:24:18] Stage baseline.retrieval.candidates done in 4.0s | val_rows=19,389,360 test_rows=19,389,360 | cpu=13% ram=15% gpu=4% vram=47% gpu_temp=47C
[2026-03-08 23:24:37] Stage baseline.retrieval.eval done in 20.0s
[2026-03-08 23:24:37] ranker.features start candidate_rows=19,389,360 train_rows=15,304,489 target_rows=161,578 | cpu=10% ram=16% gpu=26% vram=47% gpu_temp=42C
[2026-03-08 23:24:46] ranker.features base_signals_done | cpu=10% ram=30% gpu=22% vram=47% gpu_temp=42C
[2026-03-08 23:24:54] ranker.features genre_signals_done | cpu=10% ram=33% gpu=23% vram=47% gpu_temp=41C
[2026-03-08 23:25:01] ranker.features done rows=19,389,360 feature_cols=21 positive_rate=0.0041 | cpu=10% ram=33% gpu=27% vram=47% gpu_temp=41C
[2026-03-08 23:25:01] ranker.features start candidate_rows=19,389,360 train_rows=15,304,489 target_rows=161,578 | cpu=7% ram=30% gpu=22% vram=47% gpu_temp=41C
[2026-03-08 23:25:10] ranker.features base_signals_done | cpu=12% ram=44% gpu=26% vram=47% gpu_temp=41C
[2026-03-08 23:25:18] ranker.features genre_signals_done | cpu=10% ram=46% gpu=22% vram=47% gpu_temp=41C
[2026-03-08 23:25:27] ranker.features done rows=19,389,360 feature_cols=21 positive_rate=0.0037 | cpu=10% ram=47% gpu=26% vram=47% gpu_temp=41C
[2026-03-08 23:25:27] Stage baseline.ranker.features done in 51.5s | train_rows=19,389,360 test_rows=19,389,360 | cpu=8% ram=44% gpu=26% vram=47% gpu_temp=41C
[2026-03-08 23:25:28] ranker.train start rows=19,389,360 cols=21 positive_rate=0.0041 | cpu=10% ram=51% gpu=26% vram=47% gpu_temp=41C
[2026-03-08 23:26:10] ranker.train done framework=xgboost device=cuda in=44.3s | cpu=12% ram=52% gpu=27% vram=47% gpu_temp=54C
[2026-03-08 23:26:10] ranker.score start rows=19,389,360 cols=21 | cpu=12% ram=51% gpu=5% vram=47% gpu_temp=50C
[2026-03-08 23:26:15] ranker.score done rows=19,389,360 | cpu=11% ram=62% gpu=78% vram=68% gpu_temp=50C
[2026-03-08 23:26:15] Stage baseline.ranker.train+score done in 51.4s | scored_rows=19,389,360 | cpu=6% ram=54% gpu=6% vram=68% gpu_temp=50C
[2026-03-08 23:26:32] Stage baseline.ranker.eval done in 18.4s
[2026-03-08 23:26:32] Saved: outputs/fullrun_gpu_hybrid3_cosine_balanced/tables/metrics_baseline.csv
[2026-03-08 23:26:37] final.twotower.setup device=cuda users=161,578 items=47,187 pairs=15,304,489 batch_size=4096 negatives=16 | cpu=10% ram=30% gpu=30% vram=68% gpu_temp=43C
[2026-03-08 23:26:50] final.twotower.train progress epoch=1/6 batch=100/3737 loss=0.6932 seen_pairs=409,600 (2.7%) | cpu=10% ram=31% gpu=48% vram=72% gpu_temp=46C
[2026-03-08 23:26:52] final.twotower.train progress epoch=1/6 batch=200/3737 loss=0.6931 seen_pairs=819,200 (5.4%) | cpu=21% ram=31% gpu=49% vram=72% gpu_temp=47C
[2026-03-08 23:26:53] final.twotower.train progress epoch=1/6 batch=300/3737 loss=0.6932 seen_pairs=1,228,800 (8.0%) | cpu=18% ram=31% gpu=50% vram=72% gpu_temp=47C
[2026-03-08 23:26:55] final.twotower.train progress epoch=1/6 batch=400/3737 loss=0.6929 seen_pairs=1,638,400 (10.7%) | cpu=12% ram=31% gpu=50% vram=72% gpu_temp=47C
[2026-03-08 23:26:57] final.twotower.train progress epoch=1/6 batch=500/3737 loss=0.6918 seen_pairs=2,048,000 (13.4%) | cpu=10% ram=31% gpu=48% vram=72% gpu_temp=48C
[2026-03-08 23:26:58] final.twotower.train progress epoch=1/6 batch=600/3737 loss=0.6887 seen_pairs=2,457,600 (16.1%) | cpu=10% ram=31% gpu=49% vram=72% gpu_temp=48C
[2026-03-08 23:27:00] final.twotower.train progress epoch=1/6 batch=700/3737 loss=0.6809 seen_pairs=2,867,200 (18.7%) | cpu=10% ram=31% gpu=50% vram=72% gpu_temp=48C
[2026-03-08 23:27:02] final.twotower.train progress epoch=1/6 batch=800/3737 loss=0.6649 seen_pairs=3,276,800 (21.4%) | cpu=11% ram=31% gpu=50% vram=72% gpu_temp=48C
[2026-03-08 23:27:02] final.twotower.train progress epoch=1/6 batch=900/3737 loss=0.6377 seen_pairs=3,686,400 (24.1%) | cpu=10% ram=31% gpu=47% vram=72% gpu_temp=48C
[2026-03-08 23:27:04] final.twotower.train progress epoch=1/6 batch=1000/3737 loss=0.6038 seen_pairs=4,096,000 (26.8%) | cpu=10% ram=31% gpu=50% vram=72% gpu_temp=48C
[2026-03-08 23:27:05] final.twotower.train progress epoch=1/6 batch=1100/3737 loss=0.5752 seen_pairs=4,505,600 (29.4%) | cpu=11% ram=31% gpu=47% vram=72% gpu_temp=49C
[2026-03-08 23:27:07] final.twotower.train progress epoch=1/6 batch=1200/3737 loss=0.5597 seen_pairs=4,915,200 (32.1%) | cpu=10% ram=31% gpu=49% vram=72% gpu_temp=49C
[2026-03-08 23:27:09] final.twotower.train progress epoch=1/6 batch=1300/3737 loss=0.5405 seen_pairs=5,324,800 (34.8%) | cpu=10% ram=31% gpu=48% vram=72% gpu_temp=49C
[2026-03-08 23:27:11] final.twotower.train progress epoch=1/6 batch=1400/3737 loss=0.5297 seen_pairs=5,734,400 (37.5%) | cpu=11% ram=31% gpu=42% vram=72% gpu_temp=49C
[2026-03-08 23:27:12] final.twotower.train progress epoch=1/6 batch=1500/3737 loss=0.5162 seen_pairs=6,144,000 (40.1%) | cpu=10% ram=31% gpu=50% vram=72% gpu_temp=49C
[2026-03-08 23:27:14] final.twotower.train progress epoch=1/6 batch=1600/3737 loss=0.5017 seen_pairs=6,553,600 (42.8%) | cpu=11% ram=31% gpu=51% vram=72% gpu_temp=49C
[2026-03-08 23:27:16] final.twotower.train progress epoch=1/6 batch=1700/3737 loss=0.4865 seen_pairs=6,963,200 (45.5%) | cpu=11% ram=31% gpu=49% vram=72% gpu_temp=49C
[2026-03-08 23:27:17] final.twotower.train progress epoch=1/6 batch=1800/3737 loss=0.4915 seen_pairs=7,372,800 (48.2%) | cpu=10% ram=31% gpu=48% vram=72% gpu_temp=49C
[2026-03-08 23:27:19] final.twotower.train progress epoch=1/6 batch=1900/3737 loss=0.4784 seen_pairs=7,782,400 (50.8%) | cpu=10% ram=31% gpu=45% vram=72% gpu_temp=49C
[2026-03-08 23:27:21] final.twotower.train progress epoch=1/6 batch=2000/3737 loss=0.4735 seen_pairs=8,192,000 (53.5%) | cpu=10% ram=31% gpu=49% vram=72% gpu_temp=49C
[2026-03-08 23:27:23] final.twotower.train progress epoch=1/6 batch=2100/3737 loss=0.4622 seen_pairs=8,601,600 (56.2%) | cpu=10% ram=31% gpu=50% vram=72% gpu_temp=49C
[2026-03-08 23:27:24] final.twotower.train progress epoch=1/6 batch=2200/3737 loss=0.4487 seen_pairs=9,011,200 (58.9%) | cpu=10% ram=31% gpu=47% vram=72% gpu_temp=49C
[2026-03-08 23:27:26] final.twotower.train progress epoch=1/6 batch=2300/3737 loss=0.4481 seen_pairs=9,420,800 (61.5%) | cpu=12% ram=31% gpu=44% vram=72% gpu_temp=49C
[2026-03-08 23:27:28] final.twotower.train progress epoch=1/6 batch=2400/3737 loss=0.4498 seen_pairs=9,830,400 (64.2%) | cpu=10% ram=31% gpu=47% vram=72% gpu_temp=50C
[2026-03-08 23:27:29] final.twotower.train progress epoch=1/6 batch=2500/3737 loss=0.4410 seen_pairs=10,240,000 (66.9%) | cpu=10% ram=31% gpu=48% vram=72% gpu_temp=50C
[2026-03-08 23:27:31] final.twotower.train progress epoch=1/6 batch=2600/3737 loss=0.4380 seen_pairs=10,649,600 (69.6%) | cpu=10% ram=31% gpu=49% vram=72% gpu_temp=49C
[2026-03-08 23:27:33] final.twotower.train progress epoch=1/6 batch=2700/3737 loss=0.4422 seen_pairs=11,059,200 (72.3%) | cpu=9% ram=31% gpu=42% vram=72% gpu_temp=50C
[2026-03-08 23:27:33] final.twotower.train progress epoch=1/6 batch=2800/3737 loss=0.4372 seen_pairs=11,468,800 (74.9%) | cpu=10% ram=31% gpu=48% vram=72% gpu_temp=50C
[2026-03-08 23:27:35] final.twotower.train progress epoch=1/6 batch=2900/3737 loss=0.4264 seen_pairs=11,878,400 (77.6%) | cpu=13% ram=31% gpu=47% vram=72% gpu_temp=50C
[2026-03-08 23:27:37] final.twotower.train progress epoch=1/6 batch=3000/3737 loss=0.4245 seen_pairs=12,288,000 (80.3%) | cpu=11% ram=31% gpu=48% vram=72% gpu_temp=50C
[2026-03-08 23:27:38] final.twotower.train progress epoch=1/6 batch=3100/3737 loss=0.4263 seen_pairs=12,697,600 (83.0%) | cpu=10% ram=31% gpu=45% vram=72% gpu_temp=50C
[2026-03-08 23:27:40] final.twotower.train progress epoch=1/6 batch=3200/3737 loss=0.4160 seen_pairs=13,107,200 (85.6%) | cpu=10% ram=31% gpu=47% vram=72% gpu_temp=50C
[2026-03-08 23:27:42] final.twotower.train progress epoch=1/6 batch=3300/3737 loss=0.4189 seen_pairs=13,516,800 (88.3%) | cpu=10% ram=31% gpu=48% vram=72% gpu_temp=50C
[2026-03-08 23:27:44] final.twotower.train progress epoch=1/6 batch=3400/3737 loss=0.4189 seen_pairs=13,926,400 (91.0%) | cpu=10% ram=31% gpu=50% vram=72% gpu_temp=50C
[2026-03-08 23:27:45] final.twotower.train progress epoch=1/6 batch=3500/3737 loss=0.4207 seen_pairs=14,336,000 (93.7%) | cpu=10% ram=31% gpu=40% vram=72% gpu_temp=50C
[2026-03-08 23:27:47] final.twotower.train progress epoch=1/6 batch=3600/3737 loss=0.4172 seen_pairs=14,745,600 (96.3%) | cpu=10% ram=31% gpu=49% vram=72% gpu_temp=50C
[2026-03-08 23:27:49] final.twotower.train progress epoch=1/6 batch=3700/3737 loss=0.4171 seen_pairs=15,155,200 (99.0%) | cpu=10% ram=31% gpu=47% vram=72% gpu_temp=50C
[2026-03-08 23:27:49] final.twotower.train progress epoch=1/6 batch=3737/3737 loss=0.4165 seen_pairs=15,304,489 (100.0%) | cpu=12% ram=31% gpu=47% vram=72% gpu_temp=50C
[2026-03-08 23:27:49] final.twotower.train epoch_done epoch=1/6 avg_loss=0.52276 | cpu=7% ram=31% gpu=47% vram=72% gpu_temp=50C
[2026-03-08 23:28:01] final.twotower.train progress epoch=2/6 batch=100/3737 loss=0.4042 seen_pairs=409,600 (2.7%) | cpu=10% ram=31% gpu=48% vram=72% gpu_temp=49C
[2026-03-08 23:28:03] final.twotower.train progress epoch=2/6 batch=200/3737 loss=0.4019 seen_pairs=819,200 (5.4%) | cpu=12% ram=31% gpu=48% vram=72% gpu_temp=49C
[2026-03-08 23:28:03] final.twotower.train progress epoch=2/6 batch=300/3737 loss=0.4038 seen_pairs=1,228,800 (8.0%) | cpu=10% ram=31% gpu=48% vram=72% gpu_temp=49C
[2026-03-08 23:28:05] final.twotower.train progress epoch=2/6 batch=400/3737 loss=0.4020 seen_pairs=1,638,400 (10.7%) | cpu=10% ram=31% gpu=49% vram=72% gpu_temp=49C
[2026-03-08 23:28:07] final.twotower.train progress epoch=2/6 batch=500/3737 loss=0.4003 seen_pairs=2,048,000 (13.4%) | cpu=11% ram=31% gpu=48% vram=72% gpu_temp=49C
[2026-03-08 23:28:08] final.twotower.train progress epoch=2/6 batch=600/3737 loss=0.3903 seen_pairs=2,457,600 (16.1%) | cpu=10% ram=31% gpu=47% vram=72% gpu_temp=49C
[2026-03-08 23:28:10] final.twotower.train progress epoch=2/6 batch=700/3737 loss=0.3969 seen_pairs=2,867,200 (18.7%) | cpu=11% ram=31% gpu=49% vram=72% gpu_temp=50C
[2026-03-08 23:28:12] final.twotower.train progress epoch=2/6 batch=800/3737 loss=0.4037 seen_pairs=3,276,800 (21.4%) | cpu=10% ram=31% gpu=51% vram=72% gpu_temp=50C
[2026-03-08 23:28:14] final.twotower.train progress epoch=2/6 batch=900/3737 loss=0.3985 seen_pairs=3,686,400 (24.1%) | cpu=10% ram=31% gpu=44% vram=72% gpu_temp=50C
[2026-03-08 23:28:15] final.twotower.train progress epoch=2/6 batch=1000/3737 loss=0.3960 seen_pairs=4,096,000 (26.8%) | cpu=10% ram=31% gpu=49% vram=72% gpu_temp=50C
[2026-03-08 23:28:17] final.twotower.train progress epoch=2/6 batch=1100/3737 loss=0.3973 seen_pairs=4,505,600 (29.4%) | cpu=10% ram=31% gpu=48% vram=72% gpu_temp=49C
[2026-03-08 23:28:19] final.twotower.train progress epoch=2/6 batch=1200/3737 loss=0.3937 seen_pairs=4,915,200 (32.1%) | cpu=10% ram=31% gpu=49% vram=72% gpu_temp=50C
[2026-03-08 23:28:20] final.twotower.train progress epoch=2/6 batch=1300/3737 loss=0.3956 seen_pairs=5,324,800 (34.8%) | cpu=10% ram=31% gpu=48% vram=72% gpu_temp=50C
[2026-03-08 23:28:22] final.twotower.train progress epoch=2/6 batch=1400/3737 loss=0.3947 seen_pairs=5,734,400 (37.5%) | cpu=11% ram=31% gpu=44% vram=72% gpu_temp=50C
[2026-03-08 23:28:24] final.twotower.train progress epoch=2/6 batch=1500/3737 loss=0.3922 seen_pairs=6,144,000 (40.1%) | cpu=10% ram=31% gpu=49% vram=72% gpu_temp=50C
[2026-03-08 23:28:26] final.twotower.train progress epoch=2/6 batch=1600/3737 loss=0.3913 seen_pairs=6,553,600 (42.8%) | cpu=10% ram=31% gpu=48% vram=72% gpu_temp=50C
[2026-03-08 23:28:27] final.twotower.train progress epoch=2/6 batch=1700/3737 loss=0.3876 seen_pairs=6,963,200 (45.5%) | cpu=10% ram=31% gpu=47% vram=72% gpu_temp=50C
[2026-03-08 23:28:29] final.twotower.train progress epoch=2/6 batch=1800/3737 loss=0.3890 seen_pairs=7,372,800 (48.2%) | cpu=10% ram=31% gpu=48% vram=72% gpu_temp=50C
[2026-03-08 23:28:31] final.twotower.train progress epoch=2/6 batch=1900/3737 loss=0.3820 seen_pairs=7,782,400 (50.8%) | cpu=11% ram=31% gpu=49% vram=72% gpu_temp=50C
[2026-03-08 23:28:33] final.twotower.train progress epoch=2/6 batch=2000/3737 loss=0.3895 seen_pairs=8,192,000 (53.5%) | cpu=10% ram=31% gpu=47% vram=72% gpu_temp=51C
[2026-03-08 23:28:34] final.twotower.train progress epoch=2/6 batch=2100/3737 loss=0.3902 seen_pairs=8,601,600 (56.2%) | cpu=10% ram=31% gpu=49% vram=72% gpu_temp=50C
[2026-03-08 23:28:35] final.twotower.train progress epoch=2/6 batch=2200/3737 loss=0.3806 seen_pairs=9,011,200 (58.9%) | cpu=10% ram=31% gpu=50% vram=72% gpu_temp=51C
[2026-03-08 23:28:36] final.twotower.train progress epoch=2/6 batch=2300/3737 loss=0.3877 seen_pairs=9,420,800 (61.5%) | cpu=12% ram=31% gpu=47% vram=72% gpu_temp=50C
[2026-03-08 23:28:38] final.twotower.train progress epoch=2/6 batch=2400/3737 loss=0.3926 seen_pairs=9,830,400 (64.2%) | cpu=10% ram=31% gpu=49% vram=72% gpu_temp=50C
[2026-03-08 23:28:40] final.twotower.train progress epoch=2/6 batch=2500/3737 loss=0.3867 seen_pairs=10,240,000 (66.9%) | cpu=10% ram=31% gpu=50% vram=72% gpu_temp=51C
[2026-03-08 23:28:41] final.twotower.train progress epoch=2/6 batch=2600/3737 loss=0.3877 seen_pairs=10,649,600 (69.6%) | cpu=11% ram=31% gpu=50% vram=72% gpu_temp=51C
[2026-03-08 23:28:43] final.twotower.train progress epoch=2/6 batch=2700/3737 loss=0.3856 seen_pairs=11,059,200 (72.3%) | cpu=10% ram=31% gpu=48% vram=72% gpu_temp=51C
[2026-03-08 23:28:45] final.twotower.train progress epoch=2/6 batch=2800/3737 loss=0.3868 seen_pairs=11,468,800 (74.9%) | cpu=10% ram=31% gpu=50% vram=72% gpu_temp=51C
[2026-03-08 23:28:47] final.twotower.train progress epoch=2/6 batch=2900/3737 loss=0.3813 seen_pairs=11,878,400 (77.6%) | cpu=11% ram=31% gpu=51% vram=72% gpu_temp=51C
[2026-03-08 23:28:48] final.twotower.train progress epoch=2/6 batch=3000/3737 loss=0.3763 seen_pairs=12,288,000 (80.3%) | cpu=12% ram=31% gpu=50% vram=72% gpu_temp=51C
[2026-03-08 23:28:50] final.twotower.train progress epoch=2/6 batch=3100/3737 loss=0.3813 seen_pairs=12,697,600 (83.0%) | cpu=10% ram=31% gpu=43% vram=72% gpu_temp=51C
[2026-03-08 23:28:52] final.twotower.train progress epoch=2/6 batch=3200/3737 loss=0.3827 seen_pairs=13,107,200 (85.6%) | cpu=14% ram=31% gpu=52% vram=72% gpu_temp=51C
[2026-03-08 23:28:54] final.twotower.train progress epoch=2/6 batch=3300/3737 loss=0.3816 seen_pairs=13,516,800 (88.3%) | cpu=20% ram=31% gpu=51% vram=72% gpu_temp=51C
[2026-03-08 23:28:55] final.twotower.train progress epoch=2/6 batch=3400/3737 loss=0.3763 seen_pairs=13,926,400 (91.0%) | cpu=14% ram=31% gpu=46% vram=72% gpu_temp=51C
[2026-03-08 23:28:57] final.twotower.train progress epoch=2/6 batch=3500/3737 loss=0.3836 seen_pairs=14,336,000 (93.7%) | cpu=11% ram=31% gpu=48% vram=72% gpu_temp=51C
[2026-03-08 23:28:59] final.twotower.train progress epoch=2/6 batch=3600/3737 loss=0.3842 seen_pairs=14,745,600 (96.3%) | cpu=10% ram=31% gpu=48% vram=72% gpu_temp=51C
[2026-03-08 23:29:00] final.twotower.train progress epoch=2/6 batch=3700/3737 loss=0.3806 seen_pairs=15,155,200 (99.0%) | cpu=11% ram=31% gpu=51% vram=72% gpu_temp=51C
[2026-03-08 23:29:01] final.twotower.train progress epoch=2/6 batch=3737/3737 loss=0.3712 seen_pairs=15,304,489 (100.0%) | cpu=10% ram=31% gpu=49% vram=72% gpu_temp=51C
[2026-03-08 23:29:01] final.twotower.train epoch_done epoch=2/6 avg_loss=0.38947 | cpu=6% ram=31% gpu=33% vram=72% gpu_temp=51C
[2026-03-08 23:29:12] final.twotower.train progress epoch=3/6 batch=100/3737 loss=0.3598 seen_pairs=409,600 (2.7%) | cpu=11% ram=31% gpu=49% vram=72% gpu_temp=49C
[2026-03-08 23:29:13] final.twotower.train progress epoch=3/6 batch=200/3737 loss=0.3661 seen_pairs=819,200 (5.4%) | cpu=10% ram=31% gpu=49% vram=72% gpu_temp=50C
[2026-03-08 23:29:15] final.twotower.train progress epoch=3/6 batch=300/3737 loss=0.3630 seen_pairs=1,228,800 (8.0%) | cpu=10% ram=31% gpu=47% vram=72% gpu_temp=50C
[2026-03-08 23:29:17] final.twotower.train progress epoch=3/6 batch=400/3737 loss=0.3676 seen_pairs=1,638,400 (10.7%) | cpu=11% ram=31% gpu=46% vram=72% gpu_temp=50C
[2026-03-08 23:29:19] final.twotower.train progress epoch=3/6 batch=500/3737 loss=0.3631 seen_pairs=2,048,000 (13.4%) | cpu=10% ram=31% gpu=47% vram=72% gpu_temp=50C
[2026-03-08 23:29:20] final.twotower.train progress epoch=3/6 batch=600/3737 loss=0.3639 seen_pairs=2,457,600 (16.1%) | cpu=10% ram=31% gpu=48% vram=72% gpu_temp=50C
[2026-03-08 23:29:22] final.twotower.train progress epoch=3/6 batch=700/3737 loss=0.3655 seen_pairs=2,867,200 (18.7%) | cpu=10% ram=31% gpu=49% vram=72% gpu_temp=50C
[2026-03-08 23:29:24] final.twotower.train progress epoch=3/6 batch=800/3737 loss=0.3718 seen_pairs=3,276,800 (21.4%) | cpu=11% ram=31% gpu=51% vram=72% gpu_temp=50C
[2026-03-08 23:29:25] final.twotower.train progress epoch=3/6 batch=900/3737 loss=0.3632 seen_pairs=3,686,400 (24.1%) | cpu=10% ram=31% gpu=50% vram=72% gpu_temp=50C
[2026-03-08 23:29:27] final.twotower.train progress epoch=3/6 batch=1000/3737 loss=0.3765 seen_pairs=4,096,000 (26.8%) | cpu=10% ram=31% gpu=49% vram=72% gpu_temp=50C
[2026-03-08 23:29:29] final.twotower.train progress epoch=3/6 batch=1100/3737 loss=0.3656 seen_pairs=4,505,600 (29.4%) | cpu=10% ram=31% gpu=49% vram=72% gpu_temp=51C
[2026-03-08 23:29:31] final.twotower.train progress epoch=3/6 batch=1200/3737 loss=0.3740 seen_pairs=4,915,200 (32.1%) | cpu=10% ram=31% gpu=47% vram=72% gpu_temp=50C
[2026-03-08 23:29:32] final.twotower.train progress epoch=3/6 batch=1300/3737 loss=0.3651 seen_pairs=5,324,800 (34.8%) | cpu=9% ram=31% gpu=41% vram=72% gpu_temp=51C
[2026-03-08 23:29:34] final.twotower.train progress epoch=3/6 batch=1400/3737 loss=0.3646 seen_pairs=5,734,400 (37.5%) | cpu=11% ram=31% gpu=47% vram=72% gpu_temp=51C
[2026-03-08 23:29:36] final.twotower.train progress epoch=3/6 batch=1500/3737 loss=0.3607 seen_pairs=6,144,000 (40.1%) | cpu=10% ram=31% gpu=48% vram=72% gpu_temp=51C
[2026-03-08 23:29:36] final.twotower.train progress epoch=3/6 batch=1600/3737 loss=0.3706 seen_pairs=6,553,600 (42.8%) | cpu=10% ram=31% gpu=49% vram=72% gpu_temp=51C
[2026-03-08 23:29:38] final.twotower.train progress epoch=3/6 batch=1700/3737 loss=0.3616 seen_pairs=6,963,200 (45.5%) | cpu=11% ram=31% gpu=43% vram=72% gpu_temp=51C
[2026-03-08 23:29:40] final.twotower.train progress epoch=3/6 batch=1800/3737 loss=0.3711 seen_pairs=7,372,800 (48.2%) | cpu=10% ram=31% gpu=47% vram=72% gpu_temp=51C
[2026-03-08 23:29:41] final.twotower.train progress epoch=3/6 batch=1900/3737 loss=0.3661 seen_pairs=7,782,400 (50.8%) | cpu=10% ram=31% gpu=48% vram=72% gpu_temp=51C
[2026-03-08 23:29:43] final.twotower.train progress epoch=3/6 batch=2000/3737 loss=0.3709 seen_pairs=8,192,000 (53.5%) | cpu=10% ram=31% gpu=49% vram=72% gpu_temp=51C
[2026-03-08 23:29:45] final.twotower.train progress epoch=3/6 batch=2100/3737 loss=0.3691 seen_pairs=8,601,600 (56.2%) | cpu=10% ram=31% gpu=49% vram=72% gpu_temp=51C
[2026-03-08 23:29:46] final.twotower.train progress epoch=3/6 batch=2200/3737 loss=0.3700 seen_pairs=9,011,200 (58.9%) | cpu=10% ram=31% gpu=49% vram=72% gpu_temp=51C
[2026-03-08 23:29:48] final.twotower.train progress epoch=3/6 batch=2300/3737 loss=0.3644 seen_pairs=9,420,800 (61.5%) | cpu=11% ram=31% gpu=49% vram=72% gpu_temp=51C
[2026-03-08 23:29:50] final.twotower.train progress epoch=3/6 batch=2400/3737 loss=0.3674 seen_pairs=9,830,400 (64.2%) | cpu=10% ram=31% gpu=49% vram=72% gpu_temp=51C
[2026-03-08 23:29:52] final.twotower.train progress epoch=3/6 batch=2500/3737 loss=0.3793 seen_pairs=10,240,000 (66.9%) | cpu=9% ram=31% gpu=46% vram=72% gpu_temp=51C
[2026-03-08 23:29:53] final.twotower.train progress epoch=3/6 batch=2600/3737 loss=0.3671 seen_pairs=10,649,600 (69.6%) | cpu=11% ram=31% gpu=49% vram=72% gpu_temp=51C
[2026-03-08 23:29:55] final.twotower.train progress epoch=3/6 batch=2700/3737 loss=0.3761 seen_pairs=11,059,200 (72.3%) | cpu=11% ram=31% gpu=47% vram=72% gpu_temp=51C
[2026-03-08 23:29:57] final.twotower.train progress epoch=3/6 batch=2800/3737 loss=0.3657 seen_pairs=11,468,800 (74.9%) | cpu=10% ram=31% gpu=48% vram=72% gpu_temp=51C
[2026-03-08 23:29:58] final.twotower.train progress epoch=3/6 batch=2900/3737 loss=0.3613 seen_pairs=11,878,400 (77.6%) | cpu=10% ram=31% gpu=48% vram=72% gpu_temp=51C
[2026-03-08 23:30:00] final.twotower.train progress epoch=3/6 batch=3000/3737 loss=0.3681 seen_pairs=12,288,000 (80.3%) | cpu=10% ram=31% gpu=51% vram=72% gpu_temp=51C
[2026-03-08 23:30:02] final.twotower.train progress epoch=3/6 batch=3100/3737 loss=0.3693 seen_pairs=12,697,600 (83.0%) | cpu=10% ram=31% gpu=44% vram=72% gpu_temp=51C
[2026-03-08 23:30:04] final.twotower.train progress epoch=3/6 batch=3200/3737 loss=0.3671 seen_pairs=13,107,200 (85.6%) | cpu=11% ram=31% gpu=51% vram=72% gpu_temp=51C
[2026-03-08 23:30:05] final.twotower.train progress epoch=3/6 batch=3300/3737 loss=0.3628 seen_pairs=13,516,800 (88.3%) | cpu=10% ram=31% gpu=49% vram=72% gpu_temp=51C
[2026-03-08 23:30:07] final.twotower.train progress epoch=3/6 batch=3400/3737 loss=0.3667 seen_pairs=13,926,400 (91.0%) | cpu=10% ram=31% gpu=50% vram=72% gpu_temp=51C
[2026-03-08 23:30:07] final.twotower.train progress epoch=3/6 batch=3500/3737 loss=0.3660 seen_pairs=14,336,000 (93.7%) | cpu=10% ram=31% gpu=44% vram=72% gpu_temp=51C
[2026-03-08 23:30:09] final.twotower.train progress epoch=3/6 batch=3600/3737 loss=0.3657 seen_pairs=14,745,600 (96.3%) | cpu=10% ram=31% gpu=50% vram=72% gpu_temp=51C
[2026-03-08 23:30:11] final.twotower.train progress epoch=3/6 batch=3700/3737 loss=0.3653 seen_pairs=15,155,200 (99.0%) | cpu=11% ram=31% gpu=48% vram=72% gpu_temp=51C
[2026-03-08 23:30:11] final.twotower.train progress epoch=3/6 batch=3737/3737 loss=0.3602 seen_pairs=15,304,489 (100.0%) | cpu=12% ram=31% gpu=51% vram=72% gpu_temp=51C
[2026-03-08 23:30:12] final.twotower.train epoch_done epoch=3/6 avg_loss=0.36701 | cpu=6% ram=31% gpu=51% vram=72% gpu_temp=51C
[2026-03-08 23:30:23] final.twotower.train progress epoch=4/6 batch=100/3737 loss=0.3488 seen_pairs=409,600 (2.7%) | cpu=10% ram=31% gpu=52% vram=72% gpu_temp=49C
[2026-03-08 23:30:25] final.twotower.train progress epoch=4/6 batch=200/3737 loss=0.3518 seen_pairs=819,200 (5.4%) | cpu=11% ram=31% gpu=49% vram=72% gpu_temp=50C
[2026-03-08 23:30:27] final.twotower.train progress epoch=4/6 batch=300/3737 loss=0.3551 seen_pairs=1,228,800 (8.0%) | cpu=10% ram=31% gpu=47% vram=72% gpu_temp=50C
[2026-03-08 23:30:28] final.twotower.train progress epoch=4/6 batch=400/3737 loss=0.3456 seen_pairs=1,638,400 (10.7%) | cpu=10% ram=31% gpu=45% vram=72% gpu_temp=50C
[2026-03-08 23:30:30] final.twotower.train progress epoch=4/6 batch=500/3737 loss=0.3444 seen_pairs=2,048,000 (13.4%) | cpu=11% ram=31% gpu=47% vram=72% gpu_temp=50C
[2026-03-08 23:30:32] final.twotower.train progress epoch=4/6 batch=600/3737 loss=0.3548 seen_pairs=2,457,600 (16.1%) | cpu=10% ram=31% gpu=51% vram=72% gpu_temp=50C
[2026-03-08 23:30:34] final.twotower.train progress epoch=4/6 batch=700/3737 loss=0.3525 seen_pairs=2,867,200 (18.7%) | cpu=10% ram=31% gpu=51% vram=72% gpu_temp=50C
[2026-03-08 23:30:35] final.twotower.train progress epoch=4/6 batch=800/3737 loss=0.3616 seen_pairs=3,276,800 (21.4%) | cpu=10% ram=31% gpu=49% vram=72% gpu_temp=50C
[2026-03-08 23:30:37] final.twotower.train progress epoch=4/6 batch=900/3737 loss=0.3589 seen_pairs=3,686,400 (24.1%) | cpu=9% ram=31% gpu=51% vram=72% gpu_temp=51C
[2026-03-08 23:30:37] final.twotower.train progress epoch=4/6 batch=1000/3737 loss=0.3502 seen_pairs=4,096,000 (26.8%) | cpu=9% ram=31% gpu=47% vram=72% gpu_temp=51C
[2026-03-08 23:30:39] final.twotower.train progress epoch=4/6 batch=1100/3737 loss=0.3557 seen_pairs=4,505,600 (29.4%) | cpu=10% ram=31% gpu=48% vram=72% gpu_temp=51C
[2026-03-08 23:30:41] final.twotower.train progress epoch=4/6 batch=1200/3737 loss=0.3554 seen_pairs=4,915,200 (32.1%) | cpu=10% ram=31% gpu=48% vram=72% gpu_temp=51C
[2026-03-08 23:30:43] final.twotower.train progress epoch=4/6 batch=1300/3737 loss=0.3545 seen_pairs=5,324,800 (34.8%) | cpu=9% ram=31% gpu=49% vram=72% gpu_temp=51C
[2026-03-08 23:30:44] final.twotower.train progress epoch=4/6 batch=1400/3737 loss=0.3555 seen_pairs=5,734,400 (37.5%) | cpu=11% ram=31% gpu=49% vram=72% gpu_temp=51C
[2026-03-08 23:30:46] final.twotower.train progress epoch=4/6 batch=1500/3737 loss=0.3595 seen_pairs=6,144,000 (40.1%) | cpu=10% ram=31% gpu=51% vram=72% gpu_temp=51C
[2026-03-08 23:30:48] final.twotower.train progress epoch=4/6 batch=1600/3737 loss=0.3561 seen_pairs=6,553,600 (42.8%) | cpu=10% ram=31% gpu=49% vram=72% gpu_temp=51C
[2026-03-08 23:30:49] final.twotower.train progress epoch=4/6 batch=1700/3737 loss=0.3533 seen_pairs=6,963,200 (45.5%) | cpu=11% ram=31% gpu=48% vram=72% gpu_temp=51C
[2026-03-08 23:30:51] final.twotower.train progress epoch=4/6 batch=1800/3737 loss=0.3623 seen_pairs=7,372,800 (48.2%) | cpu=9% ram=31% gpu=42% vram=72% gpu_temp=51C
[2026-03-08 23:30:53] final.twotower.train progress epoch=4/6 batch=1900/3737 loss=0.3601 seen_pairs=7,782,400 (50.8%) | cpu=10% ram=31% gpu=48% vram=72% gpu_temp=51C
[2026-03-08 23:30:55] final.twotower.train progress epoch=4/6 batch=2000/3737 loss=0.3549 seen_pairs=8,192,000 (53.5%) | cpu=11% ram=31% gpu=51% vram=72% gpu_temp=51C
[2026-03-08 23:30:56] final.twotower.train progress epoch=4/6 batch=2100/3737 loss=0.3547 seen_pairs=8,601,600 (56.2%) | cpu=10% ram=31% gpu=49% vram=72% gpu_temp=51C
[2026-03-08 23:30:58] final.twotower.train progress epoch=4/6 batch=2200/3737 loss=0.3564 seen_pairs=9,011,200 (58.9%) | cpu=10% ram=31% gpu=41% vram=72% gpu_temp=51C
[2026-03-08 23:31:00] final.twotower.train progress epoch=4/6 batch=2300/3737 loss=0.3562 seen_pairs=9,420,800 (61.5%) | cpu=10% ram=31% gpu=49% vram=72% gpu_temp=51C
[2026-03-08 23:31:01] final.twotower.train progress epoch=4/6 batch=2400/3737 loss=0.3588 seen_pairs=9,830,400 (64.2%) | cpu=10% ram=31% gpu=48% vram=72% gpu_temp=51C
[2026-03-08 23:31:03] final.twotower.train progress epoch=4/6 batch=2500/3737 loss=0.3643 seen_pairs=10,240,000 (66.9%) | cpu=10% ram=31% gpu=48% vram=72% gpu_temp=51C
[2026-03-08 23:31:05] final.twotower.train progress epoch=4/6 batch=2600/3737 loss=0.3573 seen_pairs=10,649,600 (69.6%) | cpu=10% ram=31% gpu=49% vram=72% gpu_temp=51C
[2026-03-08 23:31:07] final.twotower.train progress epoch=4/6 batch=2700/3737 loss=0.3537 seen_pairs=11,059,200 (72.3%) | cpu=10% ram=31% gpu=50% vram=72% gpu_temp=51C
[2026-03-08 23:31:08] final.twotower.train progress epoch=4/6 batch=2800/3737 loss=0.3551 seen_pairs=11,468,800 (74.9%) | cpu=10% ram=31% gpu=50% vram=72% gpu_temp=51C
[2026-03-08 23:31:09] final.twotower.train progress epoch=4/6 batch=2900/3737 loss=0.3636 seen_pairs=11,878,400 (77.6%) | cpu=11% ram=31% gpu=49% vram=72% gpu_temp=51C
[2026-03-08 23:31:10] final.twotower.train progress epoch=4/6 batch=3000/3737 loss=0.3534 seen_pairs=12,288,000 (80.3%) | cpu=10% ram=31% gpu=48% vram=72% gpu_temp=51C
[2026-03-08 23:31:12] final.twotower.train progress epoch=4/6 batch=3100/3737 loss=0.3605 seen_pairs=12,697,600 (83.0%) | cpu=9% ram=31% gpu=46% vram=72% gpu_temp=51C
[2026-03-08 23:31:14] final.twotower.train progress epoch=4/6 batch=3200/3737 loss=0.3511 seen_pairs=13,107,200 (85.6%) | cpu=10% ram=31% gpu=45% vram=72% gpu_temp=51C
[2026-03-08 23:31:15] final.twotower.train progress epoch=4/6 batch=3300/3737 loss=0.3528 seen_pairs=13,516,800 (88.3%) | cpu=10% ram=31% gpu=48% vram=72% gpu_temp=51C
[2026-03-08 23:31:17] final.twotower.train progress epoch=4/6 batch=3400/3737 loss=0.3549 seen_pairs=13,926,400 (91.0%) | cpu=10% ram=31% gpu=49% vram=72% gpu_temp=51C
[2026-03-08 23:31:19] final.twotower.train progress epoch=4/6 batch=3500/3737 loss=0.3511 seen_pairs=14,336,000 (93.7%) | cpu=11% ram=31% gpu=50% vram=72% gpu_temp=51C
[2026-03-08 23:31:21] final.twotower.train progress epoch=4/6 batch=3600/3737 loss=0.3551 seen_pairs=14,745,600 (96.3%) | cpu=10% ram=31% gpu=49% vram=72% gpu_temp=51C
[2026-03-08 23:31:22] final.twotower.train progress epoch=4/6 batch=3700/3737 loss=0.3623 seen_pairs=15,155,200 (99.0%) | cpu=10% ram=31% gpu=48% vram=72% gpu_temp=52C
[2026-03-08 23:31:23] final.twotower.train progress epoch=4/6 batch=3737/3737 loss=0.3612 seen_pairs=15,304,489 (100.0%) | cpu=13% ram=31% gpu=50% vram=72% gpu_temp=51C
[2026-03-08 23:31:23] final.twotower.train epoch_done epoch=4/6 avg_loss=0.35533 | cpu=7% ram=31% gpu=50% vram=72% gpu_temp=51C
[2026-03-08 23:31:35] final.twotower.train progress epoch=5/6 batch=100/3737 loss=0.3419 seen_pairs=409,600 (2.7%) | cpu=10% ram=31% gpu=50% vram=72% gpu_temp=50C
[2026-03-08 23:31:37] final.twotower.train progress epoch=5/6 batch=200/3737 loss=0.3397 seen_pairs=819,200 (5.4%) | cpu=10% ram=31% gpu=49% vram=72% gpu_temp=50C
[2026-03-08 23:31:39] final.twotower.train progress epoch=5/6 batch=300/3737 loss=0.3404 seen_pairs=1,228,800 (8.0%) | cpu=10% ram=31% gpu=48% vram=72% gpu_temp=50C
[2026-03-08 23:31:39] final.twotower.train progress epoch=5/6 batch=400/3737 loss=0.3448 seen_pairs=1,638,400 (10.7%) | cpu=10% ram=31% gpu=44% vram=72% gpu_temp=50C
[2026-03-08 23:31:41] final.twotower.train progress epoch=5/6 batch=500/3737 loss=0.3375 seen_pairs=2,048,000 (13.4%) | cpu=11% ram=31% gpu=49% vram=72% gpu_temp=50C
[2026-03-08 23:31:42] final.twotower.train progress epoch=5/6 batch=600/3737 loss=0.3452 seen_pairs=2,457,600 (16.1%) | cpu=10% ram=31% gpu=50% vram=72% gpu_temp=50C
[2026-03-08 23:31:44] final.twotower.train progress epoch=5/6 batch=700/3737 loss=0.3383 seen_pairs=2,867,200 (18.7%) | cpu=10% ram=31% gpu=50% vram=72% gpu_temp=51C
[2026-03-08 23:31:46] final.twotower.train progress epoch=5/6 batch=800/3737 loss=0.3498 seen_pairs=3,276,800 (21.4%) | cpu=11% ram=31% gpu=46% vram=72% gpu_temp=50C
[2026-03-08 23:31:47] final.twotower.train progress epoch=5/6 batch=900/3737 loss=0.3454 seen_pairs=3,686,400 (24.1%) | cpu=10% ram=31% gpu=49% vram=72% gpu_temp=51C
[2026-03-08 23:31:49] final.twotower.train progress epoch=5/6 batch=1000/3737 loss=0.3437 seen_pairs=4,096,000 (26.8%) | cpu=10% ram=31% gpu=49% vram=72% gpu_temp=51C
[2026-03-08 23:31:51] final.twotower.train progress epoch=5/6 batch=1100/3737 loss=0.3498 seen_pairs=4,505,600 (29.4%) | cpu=10% ram=31% gpu=50% vram=72% gpu_temp=51C
[2026-03-08 23:31:53] final.twotower.train progress epoch=5/6 batch=1200/3737 loss=0.3484 seen_pairs=4,915,200 (32.1%) | cpu=10% ram=31% gpu=51% vram=72% gpu_temp=51C
[2026-03-08 23:31:54] final.twotower.train progress epoch=5/6 batch=1300/3737 loss=0.3467 seen_pairs=5,324,800 (34.8%) | cpu=11% ram=31% gpu=43% vram=72% gpu_temp=51C
[2026-03-08 23:31:56] final.twotower.train progress epoch=5/6 batch=1400/3737 loss=0.3452 seen_pairs=5,734,400 (37.5%) | cpu=11% ram=31% gpu=48% vram=72% gpu_temp=51C
[2026-03-08 23:31:58] final.twotower.train progress epoch=5/6 batch=1500/3737 loss=0.3493 seen_pairs=6,144,000 (40.1%) | cpu=10% ram=31% gpu=48% vram=72% gpu_temp=51C
[2026-03-08 23:32:00] final.twotower.train progress epoch=5/6 batch=1600/3737 loss=0.3456 seen_pairs=6,553,600 (42.8%) | cpu=9% ram=31% gpu=50% vram=72% gpu_temp=51C
[2026-03-08 23:32:01] final.twotower.train progress epoch=5/6 batch=1700/3737 loss=0.3469 seen_pairs=6,963,200 (45.5%) | cpu=11% ram=31% gpu=50% vram=72% gpu_temp=51C
[2026-03-08 23:32:03] final.twotower.train progress epoch=5/6 batch=1800/3737 loss=0.3501 seen_pairs=7,372,800 (48.2%) | cpu=11% ram=31% gpu=47% vram=72% gpu_temp=51C
[2026-03-08 23:32:05] final.twotower.train progress epoch=5/6 batch=1900/3737 loss=0.3502 seen_pairs=7,782,400 (50.8%) | cpu=10% ram=31% gpu=48% vram=72% gpu_temp=51C
[2026-03-08 23:32:06] final.twotower.train progress epoch=5/6 batch=2000/3737 loss=0.3469 seen_pairs=8,192,000 (53.5%) | cpu=11% ram=31% gpu=48% vram=72% gpu_temp=51C
[2026-03-08 23:32:08] final.twotower.train progress epoch=5/6 batch=2100/3737 loss=0.3477 seen_pairs=8,601,600 (56.2%) | cpu=10% ram=31% gpu=49% vram=72% gpu_temp=51C
[2026-03-08 23:32:10] final.twotower.train progress epoch=5/6 batch=2200/3737 loss=0.3590 seen_pairs=9,011,200 (58.9%) | cpu=10% ram=31% gpu=51% vram=72% gpu_temp=51C
[2026-03-08 23:32:10] final.twotower.train progress epoch=5/6 batch=2300/3737 loss=0.3537 seen_pairs=9,420,800 (61.5%) | cpu=11% ram=31% gpu=47% vram=72% gpu_temp=51C
[2026-03-08 23:32:12] final.twotower.train progress epoch=5/6 batch=2400/3737 loss=0.3468 seen_pairs=9,830,400 (64.2%) | cpu=9% ram=31% gpu=48% vram=72% gpu_temp=51C
[2026-03-08 23:32:14] final.twotower.train progress epoch=5/6 batch=2500/3737 loss=0.3443 seen_pairs=10,240,000 (66.9%) | cpu=10% ram=31% gpu=49% vram=72% gpu_temp=51C
[2026-03-08 23:32:15] final.twotower.train progress epoch=5/6 batch=2600/3737 loss=0.3516 seen_pairs=10,649,600 (69.6%) | cpu=11% ram=31% gpu=49% vram=73% gpu_temp=51C
[2026-03-08 23:32:17] final.twotower.train progress epoch=5/6 batch=2700/3737 loss=0.3459 seen_pairs=11,059,200 (72.3%) | cpu=10% ram=31% gpu=54% vram=73% gpu_temp=52C
[2026-03-08 23:32:19] final.twotower.train progress epoch=5/6 batch=2800/3737 loss=0.3476 seen_pairs=11,468,800 (74.9%) | cpu=10% ram=31% gpu=50% vram=73% gpu_temp=52C
[2026-03-08 23:32:20] final.twotower.train progress epoch=5/6 batch=2900/3737 loss=0.3496 seen_pairs=11,878,400 (77.6%) | cpu=11% ram=31% gpu=53% vram=73% gpu_temp=52C
[2026-03-08 23:32:22] final.twotower.train progress epoch=5/6 batch=3000/3737 loss=0.3502 seen_pairs=12,288,000 (80.3%) | cpu=10% ram=31% gpu=52% vram=73% gpu_temp=52C
[2026-03-08 23:32:24] final.twotower.train progress epoch=5/6 batch=3100/3737 loss=0.3549 seen_pairs=12,697,600 (83.0%) | cpu=10% ram=31% gpu=55% vram=73% gpu_temp=52C
[2026-03-08 23:32:26] final.twotower.train progress epoch=5/6 batch=3200/3737 loss=0.3535 seen_pairs=13,107,200 (85.6%) | cpu=11% ram=31% gpu=47% vram=73% gpu_temp=52C
[2026-03-08 23:32:27] final.twotower.train progress epoch=5/6 batch=3300/3737 loss=0.3400 seen_pairs=13,516,800 (88.3%) | cpu=10% ram=31% gpu=51% vram=73% gpu_temp=52C
[2026-03-08 23:32:29] final.twotower.train progress epoch=5/6 batch=3400/3737 loss=0.3476 seen_pairs=13,926,400 (91.0%) | cpu=10% ram=31% gpu=52% vram=73% gpu_temp=52C
[2026-03-08 23:32:31] final.twotower.train progress epoch=5/6 batch=3500/3737 loss=0.3473 seen_pairs=14,336,000 (93.7%) | cpu=10% ram=31% gpu=49% vram=73% gpu_temp=52C
[2026-03-08 23:32:33] final.twotower.train progress epoch=5/6 batch=3600/3737 loss=0.3450 seen_pairs=14,745,600 (96.3%) | cpu=10% ram=31% gpu=48% vram=73% gpu_temp=51C
[2026-03-08 23:32:34] final.twotower.train progress epoch=5/6 batch=3700/3737 loss=0.3499 seen_pairs=15,155,200 (99.0%) | cpu=10% ram=31% gpu=49% vram=73% gpu_temp=52C
[2026-03-08 23:32:35] final.twotower.train progress epoch=5/6 batch=3737/3737 loss=0.3520 seen_pairs=15,304,489 (100.0%) | cpu=12% ram=31% gpu=51% vram=73% gpu_temp=52C
[2026-03-08 23:32:35] final.twotower.train epoch_done epoch=5/6 avg_loss=0.34803 | cpu=6% ram=31% gpu=51% vram=73% gpu_temp=52C
[2026-03-08 23:32:45] final.twotower.train progress epoch=6/6 batch=100/3737 loss=0.3389 seen_pairs=409,600 (2.7%) | cpu=10% ram=31% gpu=49% vram=73% gpu_temp=50C
[2026-03-08 23:32:47] final.twotower.train progress epoch=6/6 batch=200/3737 loss=0.3300 seen_pairs=819,200 (5.4%) | cpu=11% ram=31% gpu=51% vram=73% gpu_temp=50C
[2026-03-08 23:32:49] final.twotower.train progress epoch=6/6 batch=300/3737 loss=0.3335 seen_pairs=1,228,800 (8.0%) | cpu=10% ram=31% gpu=48% vram=73% gpu_temp=51C
[2026-03-08 23:32:51] final.twotower.train progress epoch=6/6 batch=400/3737 loss=0.3415 seen_pairs=1,638,400 (10.7%) | cpu=9% ram=31% gpu=45% vram=73% gpu_temp=51C
[2026-03-08 23:32:52] final.twotower.train progress epoch=6/6 batch=500/3737 loss=0.3382 seen_pairs=2,048,000 (13.4%) | cpu=11% ram=31% gpu=47% vram=73% gpu_temp=51C
[2026-03-08 23:32:54] final.twotower.train progress epoch=6/6 batch=600/3737 loss=0.3354 seen_pairs=2,457,600 (16.1%) | cpu=10% ram=31% gpu=48% vram=73% gpu_temp=51C
[2026-03-08 23:32:56] final.twotower.train progress epoch=6/6 batch=700/3737 loss=0.3396 seen_pairs=2,867,200 (18.7%) | cpu=10% ram=31% gpu=51% vram=73% gpu_temp=51C
[2026-03-08 23:32:57] final.twotower.train progress epoch=6/6 batch=800/3737 loss=0.3452 seen_pairs=3,276,800 (21.4%) | cpu=11% ram=31% gpu=48% vram=73% gpu_temp=51C
[2026-03-08 23:32:59] final.twotower.train progress epoch=6/6 batch=900/3737 loss=0.3397 seen_pairs=3,686,400 (24.1%) | cpu=9% ram=31% gpu=48% vram=73% gpu_temp=51C
[2026-03-08 23:33:01] final.twotower.train progress epoch=6/6 batch=1000/3737 loss=0.3405 seen_pairs=4,096,000 (26.8%) | cpu=10% ram=31% gpu=48% vram=73% gpu_temp=51C
[2026-03-08 23:33:03] final.twotower.train progress epoch=6/6 batch=1100/3737 loss=0.3482 seen_pairs=4,505,600 (29.4%) | cpu=10% ram=31% gpu=50% vram=73% gpu_temp=51C
[2026-03-08 23:33:04] final.twotower.train progress epoch=6/6 batch=1200/3737 loss=0.3437 seen_pairs=4,915,200 (32.1%) | cpu=10% ram=31% gpu=50% vram=73% gpu_temp=51C
[2026-03-08 23:33:06] final.twotower.train progress epoch=6/6 batch=1300/3737 loss=0.3404 seen_pairs=5,324,800 (34.8%) | cpu=10% ram=31% gpu=44% vram=73% gpu_temp=51C
[2026-03-08 23:33:08] final.twotower.train progress epoch=6/6 batch=1400/3737 loss=0.3498 seen_pairs=5,734,400 (37.5%) | cpu=10% ram=31% gpu=48% vram=73% gpu_temp=51C
[2026-03-08 23:33:09] final.twotower.train progress epoch=6/6 batch=1500/3737 loss=0.3490 seen_pairs=6,144,000 (40.1%) | cpu=10% ram=31% gpu=48% vram=73% gpu_temp=51C
[2026-03-08 23:33:11] final.twotower.train progress epoch=6/6 batch=1600/3737 loss=0.3518 seen_pairs=6,553,600 (42.8%) | cpu=10% ram=31% gpu=51% vram=73% gpu_temp=51C
[2026-03-08 23:33:11] final.twotower.train progress epoch=6/6 batch=1700/3737 loss=0.3442 seen_pairs=6,963,200 (45.5%) | cpu=11% ram=31% gpu=48% vram=73% gpu_temp=51C
[2026-03-08 23:33:13] final.twotower.train progress epoch=6/6 batch=1800/3737 loss=0.3461 seen_pairs=7,372,800 (48.2%) | cpu=10% ram=31% gpu=43% vram=73% gpu_temp=51C
[2026-03-08 23:33:15] final.twotower.train progress epoch=6/6 batch=1900/3737 loss=0.3440 seen_pairs=7,782,400 (50.8%) | cpu=10% ram=31% gpu=47% vram=73% gpu_temp=51C
[2026-03-08 23:33:17] final.twotower.train progress epoch=6/6 batch=2000/3737 loss=0.3352 seen_pairs=8,192,000 (53.5%) | cpu=10% ram=31% gpu=48% vram=73% gpu_temp=51C
[2026-03-08 23:33:18] final.twotower.train progress epoch=6/6 batch=2100/3737 loss=0.3406 seen_pairs=8,601,600 (56.2%) | cpu=10% ram=31% gpu=50% vram=73% gpu_temp=51C
[2026-03-08 23:33:20] final.twotower.train progress epoch=6/6 batch=2200/3737 loss=0.3549 seen_pairs=9,011,200 (58.9%) | cpu=9% ram=31% gpu=50% vram=73% gpu_temp=52C
[2026-03-08 23:33:22] final.twotower.train progress epoch=6/6 batch=2300/3737 loss=0.3504 seen_pairs=9,420,800 (61.5%) | cpu=11% ram=31% gpu=50% vram=73% gpu_temp=51C
[2026-03-08 23:33:23] final.twotower.train progress epoch=6/6 batch=2400/3737 loss=0.3389 seen_pairs=9,830,400 (64.2%) | cpu=10% ram=31% gpu=46% vram=73% gpu_temp=51C
[2026-03-08 23:33:25] final.twotower.train progress epoch=6/6 batch=2500/3737 loss=0.3499 seen_pairs=10,240,000 (66.9%) | cpu=10% ram=31% gpu=49% vram=73% gpu_temp=52C
[2026-03-08 23:33:27] final.twotower.train progress epoch=6/6 batch=2600/3737 loss=0.3458 seen_pairs=10,649,600 (69.6%) | cpu=10% ram=31% gpu=50% vram=73% gpu_temp=51C
[2026-03-08 23:33:29] final.twotower.train progress epoch=6/6 batch=2700/3737 loss=0.3557 seen_pairs=11,059,200 (72.3%) | cpu=10% ram=31% gpu=45% vram=73% gpu_temp=51C
[2026-03-08 23:33:30] final.twotower.train progress epoch=6/6 batch=2800/3737 loss=0.3497 seen_pairs=11,468,800 (74.9%) | cpu=10% ram=31% gpu=50% vram=73% gpu_temp=52C
[2026-03-08 23:33:32] final.twotower.train progress epoch=6/6 batch=2900/3737 loss=0.3431 seen_pairs=11,878,400 (77.6%) | cpu=12% ram=31% gpu=48% vram=73% gpu_temp=52C
[2026-03-08 23:33:34] final.twotower.train progress epoch=6/6 batch=3000/3737 loss=0.3503 seen_pairs=12,288,000 (80.3%) | cpu=9% ram=31% gpu=50% vram=73% gpu_temp=52C
[2026-03-08 23:33:36] final.twotower.train progress epoch=6/6 batch=3100/3737 loss=0.3469 seen_pairs=12,697,600 (83.0%) | cpu=10% ram=31% gpu=43% vram=73% gpu_temp=52C
[2026-03-08 23:33:37] final.twotower.train progress epoch=6/6 batch=3200/3737 loss=0.3485 seen_pairs=13,107,200 (85.6%) | cpu=10% ram=31% gpu=47% vram=73% gpu_temp=52C
[2026-03-08 23:33:39] final.twotower.train progress epoch=6/6 batch=3300/3737 loss=0.3411 seen_pairs=13,516,800 (88.3%) | cpu=10% ram=31% gpu=51% vram=73% gpu_temp=52C
[2026-03-08 23:33:41] final.twotower.train progress epoch=6/6 batch=3400/3737 loss=0.3479 seen_pairs=13,926,400 (91.0%) | cpu=11% ram=31% gpu=49% vram=73% gpu_temp=52C
[2026-03-08 23:33:42] final.twotower.train progress epoch=6/6 batch=3500/3737 loss=0.3484 seen_pairs=14,336,000 (93.7%) | cpu=12% ram=31% gpu=48% vram=73% gpu_temp=52C
[2026-03-08 23:33:43] final.twotower.train progress epoch=6/6 batch=3600/3737 loss=0.3459 seen_pairs=14,745,600 (96.3%) | cpu=10% ram=31% gpu=47% vram=73% gpu_temp=52C
[2026-03-08 23:33:44] final.twotower.train progress epoch=6/6 batch=3700/3737 loss=0.3446 seen_pairs=15,155,200 (99.0%) | cpu=20% ram=31% gpu=50% vram=73% gpu_temp=52C
[2026-03-08 23:33:45] final.twotower.train progress epoch=6/6 batch=3737/3737 loss=0.3391 seen_pairs=15,304,489 (100.0%) | cpu=20% ram=31% gpu=48% vram=73% gpu_temp=52C
[2026-03-08 23:33:45] final.twotower.train epoch_done epoch=6/6 avg_loss=0.34297 | cpu=11% ram=31% gpu=48% vram=73% gpu_temp=52C
[2026-03-08 23:33:45] Stage final.twotower.train done in 453.2s | cpu=20% ram=29% gpu=29% vram=73% gpu_temp=52C
[2026-03-08 23:33:51] final.twotower.candidates start users=161,578 topn=360 batch_size=1024 batches=158 | cpu=11% ram=33% gpu=11% vram=73% gpu_temp=48C
[2026-03-08 23:33:52] final.twotower.candidates progress users=10,240/161,578 (6.3%) | cpu=11% ram=35% gpu=32% vram=77% gpu_temp=47C
[2026-03-08 23:33:54] final.twotower.candidates progress users=20,480/161,578 (12.7%) | cpu=10% ram=37% gpu=31% vram=77% gpu_temp=47C
[2026-03-08 23:33:55] final.twotower.candidates progress users=30,720/161,578 (19.0%) | cpu=12% ram=39% gpu=22% vram=77% gpu_temp=47C
[2026-03-08 23:33:57] final.twotower.candidates progress users=40,960/161,578 (25.3%) | cpu=11% ram=40% gpu=33% vram=77% gpu_temp=47C
[2026-03-08 23:33:58] final.twotower.candidates progress users=51,200/161,578 (31.7%) | cpu=10% ram=42% gpu=23% vram=77% gpu_temp=47C
[2026-03-08 23:34:00] final.twotower.candidates progress users=61,440/161,578 (38.0%) | cpu=12% ram=44% gpu=33% vram=77% gpu_temp=46C
[2026-03-08 23:34:02] final.twotower.candidates progress users=71,680/161,578 (44.4%) | cpu=11% ram=45% gpu=22% vram=77% gpu_temp=46C
[2026-03-08 23:34:03] final.twotower.candidates progress users=81,920/161,578 (50.7%) | cpu=10% ram=47% gpu=26% vram=77% gpu_temp=46C
[2026-03-08 23:34:05] final.twotower.candidates progress users=92,160/161,578 (57.0%) | cpu=11% ram=49% gpu=21% vram=77% gpu_temp=46C
[2026-03-08 23:34:06] final.twotower.candidates progress users=102,400/161,578 (63.4%) | cpu=10% ram=50% gpu=23% vram=77% gpu_temp=46C
[2026-03-08 23:34:08] final.twotower.candidates progress users=112,640/161,578 (69.7%) | cpu=10% ram=52% gpu=23% vram=77% gpu_temp=46C
[2026-03-08 23:34:09] final.twotower.candidates progress users=122,880/161,578 (76.0%) | cpu=10% ram=54% gpu=32% vram=77% gpu_temp=46C
[2026-03-08 23:34:11] final.twotower.candidates progress users=133,120/161,578 (82.4%) | cpu=11% ram=55% gpu=20% vram=77% gpu_temp=46C
[2026-03-08 23:34:13] final.twotower.candidates progress users=143,360/161,578 (88.7%) | cpu=11% ram=57% gpu=25% vram=77% gpu_temp=45C
[2026-03-08 23:34:13] final.twotower.candidates progress users=153,600/161,578 (95.1%) | cpu=12% ram=59% gpu=22% vram=77% gpu_temp=45C
[2026-03-08 23:34:14] final.twotower.candidates progress users=161,578/161,578 (100.0%) | cpu=12% ram=60% gpu=20% vram=77% gpu_temp=45C
[2026-03-08 23:34:29] final.twotower.candidates start users=161,578 topn=360 batch_size=1024 batches=158 | cpu=10% ram=35% gpu=31% vram=78% gpu_temp=44C
[2026-03-08 23:34:31] final.twotower.candidates progress users=10,240/161,578 (6.3%) | cpu=11% ram=36% gpu=17% vram=78% gpu_temp=45C
[2026-03-08 23:34:32] final.twotower.candidates progress users=20,480/161,578 (12.7%) | cpu=10% ram=38% gpu=11% vram=78% gpu_temp=45C
[2026-03-08 23:34:33] final.twotower.candidates progress users=30,720/161,578 (19.0%) | cpu=10% ram=40% gpu=18% vram=78% gpu_temp=45C
[2026-03-08 23:34:35] final.twotower.candidates progress users=40,960/161,578 (25.3%) | cpu=10% ram=41% gpu=19% vram=78% gpu_temp=45C
[2026-03-08 23:34:36] final.twotower.candidates progress users=51,200/161,578 (31.7%) | cpu=12% ram=43% gpu=29% vram=78% gpu_temp=45C
[2026-03-08 23:34:38] final.twotower.candidates progress users=61,440/161,578 (38.0%) | cpu=11% ram=45% gpu=23% vram=78% gpu_temp=44C
[2026-03-08 23:34:39] final.twotower.candidates progress users=71,680/161,578 (44.4%) | cpu=10% ram=46% gpu=34% vram=78% gpu_temp=44C
[2026-03-08 23:34:41] final.twotower.candidates progress users=81,920/161,578 (50.7%) | cpu=11% ram=48% gpu=21% vram=78% gpu_temp=44C
[2026-03-08 23:34:42] final.twotower.candidates progress users=92,160/161,578 (57.0%) | cpu=10% ram=50% gpu=28% vram=78% gpu_temp=44C
[2026-03-08 23:34:44] final.twotower.candidates progress users=102,400/161,578 (63.4%) | cpu=11% ram=51% gpu=22% vram=78% gpu_temp=44C
[2026-03-08 23:34:44] final.twotower.candidates progress users=112,640/161,578 (69.7%) | cpu=11% ram=53% gpu=31% vram=78% gpu_temp=44C
[2026-03-08 23:34:46] final.twotower.candidates progress users=122,880/161,578 (76.0%) | cpu=12% ram=55% gpu=23% vram=78% gpu_temp=44C
[2026-03-08 23:34:47] final.twotower.candidates progress users=133,120/161,578 (82.4%) | cpu=10% ram=56% gpu=22% vram=78% gpu_temp=44C
[2026-03-08 23:34:49] final.twotower.candidates progress users=143,360/161,578 (88.7%) | cpu=10% ram=58% gpu=22% vram=78% gpu_temp=44C
[2026-03-08 23:34:50] final.twotower.candidates progress users=153,600/161,578 (95.1%) | cpu=11% ram=60% gpu=23% vram=78% gpu_temp=44C
[2026-03-08 23:34:53] final.twotower.candidates progress users=161,578/161,578 (100.0%) | cpu=10% ram=61% gpu=46% vram=78% gpu_temp=44C
[2026-03-08 23:35:03] Stage final.twotower.candidates done in 80.9s | val_rows=19,388,548 test_rows=19,388,548 | cpu=10% ram=36% gpu=32% vram=78% gpu_temp=43C
[2026-03-08 23:35:04] baseline.retrieval.setup algo=cosine users=161,578 items=47,187 interactions=15,304,489 | cpu=12% ram=36% gpu=35% vram=78% gpu_temp=43C
[2026-03-08 23:35:09] baseline.retrieval.fit algo=cosine K=200 threads=0 done_in=4.4s | cpu=54% ram=37% gpu=43% vram=78% gpu_temp=44C
[2026-03-08 23:35:09] Stage final.aux_retrieval.train done in 5.3s | algo=cosine | cpu=10% ram=37% gpu=43% vram=78% gpu_temp=44C
[2026-03-08 23:35:09] baseline.retrieval.candidates start users=161,578 batch_size=4096 batches=40 | cpu=13% ram=37% gpu=35% vram=78% gpu_temp=44C
[2026-03-08 23:35:15] baseline.retrieval.candidates progress users=40,960/161,578 (25.3%) | cpu=10% ram=37% gpu=36% vram=78% gpu_temp=43C
[2026-03-08 23:35:22] baseline.retrieval.candidates progress users=81,920/161,578 (50.7%) | cpu=10% ram=37% gpu=27% vram=78% gpu_temp=43C
[2026-03-08 23:35:29] baseline.retrieval.candidates progress users=122,880/161,578 (76.0%) | cpu=10% ram=37% gpu=32% vram=78% gpu_temp=43C
[2026-03-08 23:35:36] baseline.retrieval.candidates progress users=161,578/161,578 (100.0%) | cpu=10% ram=38% gpu=34% vram=78% gpu_temp=42C
[2026-03-08 23:35:37] baseline.retrieval.candidates start users=161,578 batch_size=4096 batches=40 | cpu=13% ram=38% gpu=34% vram=78% gpu_temp=42C
[2026-03-08 23:35:43] baseline.retrieval.candidates progress users=40,960/161,578 (25.3%) | cpu=10% ram=38% gpu=33% vram=78% gpu_temp=42C
[2026-03-08 23:35:49] baseline.retrieval.candidates progress users=81,920/161,578 (50.7%) | cpu=10% ram=38% gpu=33% vram=78% gpu_temp=42C
[2026-03-08 23:35:56] baseline.retrieval.candidates progress users=122,880/161,578 (76.0%) | cpu=10% ram=38% gpu=27% vram=78% gpu_temp=41C
[2026-03-08 23:36:02] baseline.retrieval.candidates progress users=161,578/161,578 (100.0%) | cpu=10% ram=39% gpu=36% vram=78% gpu_temp=41C
[2026-03-08 23:36:03] Stage final.aux_retrieval.candidates done in 56.9s | val_rows=19,389,360 test_rows=19,389,360 | cpu=11% ram=39% gpu=33% vram=78% gpu_temp=41C
[2026-03-08 23:36:03] final.candidate_fusion start sources=3 users_val=161,578 users_test=161,578 k=120 use_gpu=True | cpu=7% ram=39% gpu=33% vram=78% gpu_temp=41C
[2026-03-08 23:36:03] final.candidate_fusion.val backend=cudf | cpu=10% ram=39% gpu=34% vram=78% gpu_temp=41C
[2026-03-08 23:36:04] final.candidate_fusion.val source_prepare name=tt rows=19,388,548 weight=0.40 | cpu=3% ram=39% gpu=34% vram=78% gpu_temp=41C
[2026-03-08 23:36:05] final.candidate_fusion.val source_ready name=tt rows=19,388,548 in=1.1s | cpu=9% ram=40% gpu=60% vram=88% gpu_temp=43C
[2026-03-08 23:36:05] final.candidate_fusion.val source_prepare name=als rows=19,389,360 weight=0.50 | cpu=11% ram=40% gpu=23% vram=88% gpu_temp=43C
[2026-03-08 23:36:05] final.candidate_fusion.val source_ready name=als rows=19,389,360 in=0.7s | cpu=12% ram=40% gpu=38% vram=92% gpu_temp=43C
[2026-03-08 23:36:05] final.candidate_fusion.val source_prepare name=aux rows=19,389,360 weight=0.10 | cpu=6% ram=40% gpu=38% vram=92% gpu_temp=43C
[2026-03-08 23:36:06] final.candidate_fusion.val source_ready name=aux rows=19,389,360 in=0.7s | cpu=9% ram=40% gpu=49% vram=94% gpu_temp=44C
[2026-03-08 23:36:06] final.candidate_fusion.val merge_start inputs=3 | cpu=9% ram=40% gpu=49% vram=94% gpu_temp=44C
[2026-03-08 23:36:07] final.candidate_fusion.val merge_step=1/2 rows=33,143,179 in=0.8s | cpu=11% ram=40% gpu=65% vram=95% gpu_temp=44C
[2026-03-08 23:36:08] final.candidate_fusion.val merge_step=2/2 rows=43,731,663 in=1.3s | cpu=9% ram=40% gpu=88% vram=95% gpu_temp=44C
[2026-03-08 23:36:16] final.candidate_fusion.val topk_done rows=19,389,360 k=120 | cpu=9% ram=40% gpu=56% vram=96% gpu_temp=45C
[2026-03-08 23:36:15] final.candidate_fusion.test backend=cudf | cpu=10% ram=44% gpu=5% vram=78% gpu_temp=44C
[2026-03-08 23:36:15] final.candidate_fusion.test source_prepare name=tt rows=19,388,548 weight=0.40 | cpu=8% ram=44% gpu=5% vram=78% gpu_temp=44C
[2026-03-08 23:36:16] final.candidate_fusion.test source_ready name=tt rows=19,388,548 in=0.4s | cpu=15% ram=44% gpu=49% vram=88% gpu_temp=44C
[2026-03-08 23:36:16] final.candidate_fusion.test source_prepare name=als rows=19,389,360 weight=0.50 | cpu=6% ram=43% gpu=33% vram=88% gpu_temp=44C
[2026-03-08 23:36:17] final.candidate_fusion.test source_ready name=als rows=19,389,360 in=0.6s | cpu=9% ram=43% gpu=44% vram=92% gpu_temp=45C
[2026-03-08 23:36:17] final.candidate_fusion.test source_prepare name=aux rows=19,389,360 weight=0.10 | cpu=8% ram=43% gpu=44% vram=92% gpu_temp=45C
[2026-03-08 23:36:17] final.candidate_fusion.test source_ready name=aux rows=19,389,360 in=0.7s | cpu=9% ram=43% gpu=53% vram=96% gpu_temp=46C
[2026-03-08 23:36:18] final.candidate_fusion.test merge_start inputs=3 | cpu=7% ram=43% gpu=34% vram=96% gpu_temp=46C
[2026-03-08 23:36:18] final.candidate_fusion.test merge_step=1/2 rows=33,143,179 in=0.8s | cpu=13% ram=43% gpu=72% vram=97% gpu_temp=45C
[2026-03-08 23:36:20] final.candidate_fusion.test merge_step=2/2 rows=43,731,663 in=1.5s | cpu=10% ram=43% gpu=74% vram=96% gpu_temp=46C
[2026-03-08 23:36:27] final.candidate_fusion.test topk_done rows=19,389,360 k=120 | cpu=10% ram=43% gpu=45% vram=97% gpu_temp=46C
[2026-03-08 23:36:28] Stage final.candidate_fusion done in 27.2s | tt_weight=0.40 als_weight=0.50 aux_algo=cosine aux_weight=0.10 val_rows=19,389,360 test_rows=19,389,360 | cpu=9% ram=46% gpu=5% vram=78% gpu_temp=45C
[2026-03-08 23:36:42] Stage final.retrieval.eval done in 13.9s
[2026-03-08 23:36:43] ranker.features start candidate_rows=19,389,360 train_rows=15,304,489 target_rows=161,578 | cpu=10% ram=46% gpu=34% vram=78% gpu_temp=43C
[2026-03-08 23:36:51] ranker.features base_signals_done | cpu=10% ram=62% gpu=25% vram=78% gpu_temp=42C
[2026-03-08 23:37:13] ranker.features genre_signals_done | cpu=10% ram=64% gpu=25% vram=78% gpu_temp=41C
[2026-03-08 23:37:22] ranker.features done rows=19,389,360 feature_cols=25 positive_rate=0.0039 | cpu=10% ram=64% gpu=41% vram=78% gpu_temp=42C
[2026-03-08 23:37:22] ranker.features start candidate_rows=19,389,360 train_rows=15,304,489 target_rows=161,578 | cpu=8% ram=62% gpu=41% vram=78% gpu_temp=42C
[2026-03-08 23:37:31] ranker.features base_signals_done | cpu=10% ram=77% gpu=31% vram=78% gpu_temp=42C
[2026-03-08 23:38:56] ranker.features genre_signals_done | cpu=10% ram=68% gpu=35% vram=78% gpu_temp=41C
[2026-03-08 23:39:11] ranker.features done rows=19,389,360 feature_cols=25 positive_rate=0.0036 | cpu=10% ram=69% gpu=31% vram=78% gpu_temp=41C
[2026-03-08 23:39:11] Stage final.ranker.features done in 155.5s | train_rows=19,389,360 test_rows=19,389,360 | cpu=7% ram=66% gpu=31% vram=78% gpu_temp=41C
[2026-03-08 23:39:21] ranker.train start rows=19,389,360 cols=25 positive_rate=0.0039 | cpu=5% ram=72% gpu=35% vram=78% gpu_temp=41C
[2026-03-08 23:40:18] ranker.train done framework=xgboost device=cuda in=58.4s | cpu=11% ram=72% gpu=52% vram=78% gpu_temp=52C
[2026-03-08 23:40:19] ranker.score start rows=19,389,360 cols=25 | cpu=12% ram=71% gpu=4% vram=78% gpu_temp=50C
[2026-03-08 23:40:21] ranker.score done rows=19,389,360 | cpu=11% ram=73% gpu=21% vram=95% gpu_temp=58C
[2026-03-08 23:40:21] Stage final.ranker.train+score done in 62.6s | scored_rows=19,389,360 | cpu=12% ram=64% gpu=21% vram=79% gpu_temp=58C
[2026-03-08 23:40:43] Stage final.ranker.eval done in 23.8s
[2026-03-08 23:40:43] final.ranker.ensemble start base_rows=19,389,360 final_rows=19,389,360 w_base=0.45 w_final=0.55 | cpu=11% ram=34% gpu=31% vram=79% gpu_temp=44C
[2026-03-08 23:41:05] final.ranker.ensemble normalized base_rows=19,389,360 final_rows=19,389,360 | cpu=9% ram=38% gpu=33% vram=79% gpu_temp=43C
[2026-03-08 23:41:22] final.ranker.ensemble merged rows=24,692,736 | cpu=10% ram=40% gpu=32% vram=79% gpu_temp=42C
[2026-03-08 23:41:22] final.ranker.ensemble done rows=24,692,736 | cpu=12% ram=41% gpu=33% vram=79% gpu_temp=42C
[2026-03-08 23:41:35] Stage final.ranker.ensemble done in 54.3s | baseline_weight=0.45 final_weight=0.55
[2026-03-08 23:41:35] Saved: outputs/fullrun_gpu_hybrid3_cosine_balanced/tables/metrics_final.csv
[2026-03-08 23:41:35] Saved: outputs/fullrun_gpu_hybrid3_cosine_balanced/tables/metrics_comparison.csv
[2026-03-08 23:41:36] Stage plot.save done in 1.1s
[2026-03-08 23:41:37] Saved: outputs/fullrun_gpu_hybrid3_cosine_balanced/tables/split_stats.csv
[2026-03-08 23:41:37] Pipeline done in 1128.4s | cpu=11% ram=34% gpu=36% vram=79% gpu_temp=42C
saved=outputs/fullrun_gpu_hybrid3_cosine_balanced/tables/metrics_comparison.csv
                                  model  k   recall  hitrate     ndcg      map      mrr  users
                 baseline_retrieval_als 10 0.076279 0.076279 0.036464 0.024586 0.024586 161578
                 baseline_retrieval_als 20 0.135439 0.135439 0.051290 0.028586 0.028586 161578
                 baseline_retrieval_als 50 0.268100 0.268100 0.077418 0.032700 0.032700 161578
                        baseline_ranker 10 0.102662 0.102662 0.052464 0.037383 0.037383 161578
                        baseline_ranker 20 0.165171 0.165171 0.068170 0.041643 0.041643 161578
                        baseline_ranker 50 0.291915 0.291915 0.093176 0.045598 0.045598 161578
final_retrieval_two_tower_faiss_hybrid3 10 0.076669 0.076669 0.036236 0.024222 0.024222 161578
final_retrieval_two_tower_faiss_hybrid3 20 0.133490 0.133490 0.050458 0.028051 0.028051 161578
final_retrieval_two_tower_faiss_hybrid3 50 0.259002 0.259002 0.075169 0.031938 0.031938 161578
         final_ranker_two_tower_hybrid3 10 0.106648 0.106648 0.054988 0.039426 0.039426 161578
         final_ranker_two_tower_hybrid3 20 0.169714 0.169714 0.070826 0.043717 0.043717 161578
         final_ranker_two_tower_hybrid3 50 0.294366 0.294366 0.095417 0.047606 0.047606 161578
                  final_ranker_ensemble 10 0.107719 0.107719 0.055294 0.039511 0.039511 161578
                  final_ranker_ensemble 20 0.170822 0.170822 0.071145 0.043808 0.043808 161578
                  final_ranker_ensemble 50 0.296129 0.296129 0.095878 0.047725 0.047725 161578
