log_file=outputs/fullrun_gpu_hybrid3_cosine/logs/pipeline_cvbest.log
[2026-03-08 19:02:36] Pipeline start | cpu=0% ram=8% gpu=26% vram=8% gpu_temp=44C
[2026-03-08 19:02:36] Outputs: tables=outputs/fullrun_gpu_hybrid3_cosine/tables figures=outputs/fullrun_gpu_hybrid3_cosine/figures
[2026-03-08 19:02:53] Stage data.load done in 17.1s | rows=15,630,129 users=162,414 items=47,396 | cpu=12% ram=9% gpu=25% vram=8% gpu_temp=43C
[2026-03-08 19:03:03] Stage data.split done in 12.2s | train=15,304,489 val=161,578 test=161,578 users_train=161,578 items_train=47,187 | cpu=14% ram=11% gpu=14% vram=8% gpu_temp=43C
[2026-03-08 19:03:04] Eval users: val=161,578 test=161,578
[2026-03-08 19:03:04] Eval setup: k_candidates=120 ks=[10, 20, 50]
[2026-03-08 19:03:05] baseline.retrieval.setup algo=als users=161,578 items=47,187 interactions=15,304,489 | cpu=16% ram=14% gpu=24% vram=8% gpu_temp=43C
  0%|          | 0/15 [00:00<?, ?it/s]  7%|6         | 1/15 [00:00<00:06,  2.13it/s] 13%|#3        | 2/15 [00:00<00:05,  2.34it/s] 20%|##        | 3/15 [00:01<00:04,  2.41it/s] 27%|##6       | 4/15 [00:01<00:04,  2.44it/s] 33%|###3      | 5/15 [00:02<00:03,  2.50it/s] 40%|####      | 6/15 [00:02<00:03,  2.53it/s] 47%|####6     | 7/15 [00:02<00:03,  2.50it/s] 53%|#####3    | 8/15 [00:03<00:02,  2.49it/s] 60%|######    | 9/15 [00:03<00:02,  2.50it/s] 67%|######6   | 10/15 [00:04<00:02,  2.50it/s] 73%|#######3  | 11/15 [00:04<00:01,  2.49it/s] 80%|########  | 12/15 [00:04<00:01,  2.49it/s] 87%|########6 | 13/15 [00:05<00:00,  2.49it/s] 93%|#########3| 14/15 [00:05<00:00,  2.49it/s]100%|##########| 15/15 [00:06<00:00,  2.47it/s]100%|##########| 15/15 [00:06<00:00,  2.47it/s]
[2026-03-08 19:03:13] baseline.retrieval.fit algo=als use_gpu=True done_in=7.0s | cpu=14% ram=14% gpu=73% vram=10% gpu_temp=55C
[2026-03-08 19:03:13] Stage baseline.retrieval.train done in 8.2s | algo=als | cpu=15% ram=14% gpu=73% vram=10% gpu_temp=55C
[2026-03-08 19:03:13] baseline.retrieval.candidates start users=161,578 batch_size=4096 batches=40 | cpu=12% ram=14% gpu=8% vram=10% gpu_temp=49C
[2026-03-08 19:03:13] baseline.retrieval.candidates progress users=40,960/161,578 (25.3%) | cpu=13% ram=15% gpu=32% vram=53% gpu_temp=49C
[2026-03-08 19:03:14] baseline.retrieval.candidates progress users=81,920/161,578 (50.7%) | cpu=13% ram=15% gpu=35% vram=53% gpu_temp=53C
[2026-03-08 19:03:14] baseline.retrieval.candidates progress users=122,880/161,578 (76.0%) | cpu=14% ram=15% gpu=36% vram=53% gpu_temp=53C
[2026-03-08 19:03:15] baseline.retrieval.candidates progress users=161,578/161,578 (100.0%) | cpu=14% ram=15% gpu=36% vram=53% gpu_temp=50C
[2026-03-08 19:03:15] baseline.retrieval.candidates start users=161,578 batch_size=4096 batches=40 | cpu=15% ram=15% gpu=11% vram=53% gpu_temp=47C
[2026-03-08 19:03:16] baseline.retrieval.candidates progress users=40,960/161,578 (25.3%) | cpu=24% ram=16% gpu=40% vram=53% gpu_temp=48C
[2026-03-08 19:03:16] baseline.retrieval.candidates progress users=81,920/161,578 (50.7%) | cpu=26% ram=16% gpu=42% vram=53% gpu_temp=50C
[2026-03-08 19:03:17] baseline.retrieval.candidates progress users=122,880/161,578 (76.0%) | cpu=24% ram=16% gpu=40% vram=53% gpu_temp=50C
[2026-03-08 19:03:17] baseline.retrieval.candidates progress users=161,578/161,578 (100.0%) | cpu=16% ram=16% gpu=37% vram=53% gpu_temp=48C
[2026-03-08 19:03:18] Stage baseline.retrieval.candidates done in 4.9s | val_rows=19,389,360 test_rows=19,389,360 | cpu=17% ram=16% gpu=12% vram=53% gpu_temp=48C
[2026-03-08 19:03:39] Stage baseline.retrieval.eval done in 23.8s
[2026-03-08 19:03:39] ranker.features start candidate_rows=19,389,360 train_rows=15,304,489 target_rows=161,578 | cpu=13% ram=17% gpu=40% vram=53% gpu_temp=44C
[2026-03-08 19:03:51] ranker.features base_signals_done | cpu=12% ram=32% gpu=6% vram=53% gpu_temp=43C
[2026-03-08 19:03:58] ranker.features genre_signals_done | cpu=12% ram=35% gpu=5% vram=53% gpu_temp=43C
[2026-03-08 19:04:07] ranker.features done rows=19,389,360 feature_cols=21 positive_rate=0.0041 | cpu=15% ram=36% gpu=7% vram=53% gpu_temp=43C
[2026-03-08 19:04:07] ranker.features start candidate_rows=19,389,360 train_rows=15,304,489 target_rows=161,578 | cpu=12% ram=32% gpu=7% vram=53% gpu_temp=43C
[2026-03-08 19:04:15] ranker.features base_signals_done | cpu=13% ram=46% gpu=0% vram=53% gpu_temp=42C
[2026-03-08 19:04:22] ranker.features genre_signals_done | cpu=14% ram=49% gpu=0% vram=53% gpu_temp=42C
[2026-03-08 19:04:30] ranker.features done rows=19,389,360 feature_cols=21 positive_rate=0.0037 | cpu=12% ram=49% gpu=0% vram=53% gpu_temp=41C
[2026-03-08 19:04:30] Stage baseline.ranker.features done in 56.0s | train_rows=19,389,360 test_rows=19,389,360 | cpu=7% ram=45% gpu=0% vram=53% gpu_temp=41C
[2026-03-08 19:04:31] ranker.train start rows=19,389,360 cols=21 positive_rate=0.0041 | cpu=17% ram=53% gpu=0% vram=53% gpu_temp=41C
[2026-03-08 19:05:14] ranker.train done framework=xgboost device=cuda in=45.2s | cpu=14% ram=52% gpu=16% vram=53% gpu_temp=56C
[2026-03-08 19:05:15] ranker.score start rows=19,389,360 cols=21 | cpu=14% ram=52% gpu=0% vram=53% gpu_temp=49C
[2026-03-08 19:05:19] ranker.score done rows=19,389,360 | cpu=13% ram=63% gpu=34% vram=74% gpu_temp=57C
[2026-03-08 19:05:19] Stage baseline.ranker.train+score done in 51.8s | scored_rows=19,389,360 | cpu=21% ram=56% gpu=34% vram=74% gpu_temp=57C
[2026-03-08 19:05:40] Stage baseline.ranker.eval done in 20.0s
[2026-03-08 19:05:40] Saved: outputs/fullrun_gpu_hybrid3_cosine/tables/metrics_baseline.csv
[2026-03-08 19:05:43] final.twotower.setup device=cuda users=161,578 items=47,187 pairs=15,304,489 batch_size=4096 negatives=16 | cpu=13% ram=31% gpu=0% vram=74% gpu_temp=43C
[2026-03-08 19:05:55] final.twotower.train progress epoch=1/6 batch=100/3737 loss=0.6932 seen_pairs=409,600 (2.7%) | cpu=14% ram=32% gpu=45% vram=78% gpu_temp=46C
[2026-03-08 19:05:57] final.twotower.train progress epoch=1/6 batch=200/3737 loss=0.6931 seen_pairs=819,200 (5.4%) | cpu=11% ram=32% gpu=46% vram=78% gpu_temp=46C
[2026-03-08 19:05:54] final.twotower.train progress epoch=1/6 batch=300/3737 loss=0.6932 seen_pairs=1,228,800 (8.0%) | cpu=11% ram=32% gpu=38% vram=78% gpu_temp=46C
[2026-03-08 19:05:55] final.twotower.train progress epoch=1/6 batch=400/3737 loss=0.6929 seen_pairs=1,638,400 (10.7%) | cpu=15% ram=32% gpu=45% vram=78% gpu_temp=47C
[2026-03-08 19:05:57] final.twotower.train progress epoch=1/6 batch=500/3737 loss=0.6918 seen_pairs=2,048,000 (13.4%) | cpu=13% ram=32% gpu=45% vram=78% gpu_temp=47C
[2026-03-08 19:05:59] final.twotower.train progress epoch=1/6 batch=600/3737 loss=0.6887 seen_pairs=2,457,600 (16.1%) | cpu=12% ram=32% gpu=44% vram=78% gpu_temp=47C
[2026-03-08 19:06:00] final.twotower.train progress epoch=1/6 batch=700/3737 loss=0.6809 seen_pairs=2,867,200 (18.7%) | cpu=12% ram=32% gpu=45% vram=78% gpu_temp=47C
[2026-03-08 19:06:02] final.twotower.train progress epoch=1/6 batch=800/3737 loss=0.6649 seen_pairs=3,276,800 (21.4%) | cpu=16% ram=32% gpu=45% vram=78% gpu_temp=47C
[2026-03-08 19:06:03] final.twotower.train progress epoch=1/6 batch=900/3737 loss=0.6377 seen_pairs=3,686,400 (24.1%) | cpu=22% ram=32% gpu=46% vram=78% gpu_temp=47C
[2026-03-08 19:06:05] final.twotower.train progress epoch=1/6 batch=1000/3737 loss=0.6038 seen_pairs=4,096,000 (26.8%) | cpu=15% ram=32% gpu=45% vram=78% gpu_temp=48C
[2026-03-08 19:06:07] final.twotower.train progress epoch=1/6 batch=1100/3737 loss=0.5752 seen_pairs=4,505,600 (29.4%) | cpu=9% ram=32% gpu=45% vram=78% gpu_temp=48C
[2026-03-08 19:06:08] final.twotower.train progress epoch=1/6 batch=1200/3737 loss=0.5597 seen_pairs=4,915,200 (32.1%) | cpu=10% ram=32% gpu=45% vram=78% gpu_temp=48C
[2026-03-08 19:06:15] final.twotower.train progress epoch=1/6 batch=1300/3737 loss=0.5405 seen_pairs=5,324,800 (34.8%) | cpu=9% ram=32% gpu=45% vram=78% gpu_temp=48C
[2026-03-08 19:06:16] final.twotower.train progress epoch=1/6 batch=1400/3737 loss=0.5297 seen_pairs=5,734,400 (37.5%) | cpu=9% ram=32% gpu=45% vram=78% gpu_temp=48C
[2026-03-08 19:06:18] final.twotower.train progress epoch=1/6 batch=1500/3737 loss=0.5162 seen_pairs=6,144,000 (40.1%) | cpu=10% ram=32% gpu=46% vram=78% gpu_temp=48C
[2026-03-08 19:06:20] final.twotower.train progress epoch=1/6 batch=1600/3737 loss=0.5017 seen_pairs=6,553,600 (42.8%) | cpu=10% ram=32% gpu=45% vram=78% gpu_temp=48C
[2026-03-08 19:06:21] final.twotower.train progress epoch=1/6 batch=1700/3737 loss=0.4865 seen_pairs=6,963,200 (45.5%) | cpu=14% ram=32% gpu=45% vram=78% gpu_temp=48C
[2026-03-08 19:06:23] final.twotower.train progress epoch=1/6 batch=1800/3737 loss=0.4915 seen_pairs=7,372,800 (48.2%) | cpu=15% ram=32% gpu=45% vram=78% gpu_temp=48C
[2026-03-08 19:06:25] final.twotower.train progress epoch=1/6 batch=1900/3737 loss=0.4784 seen_pairs=7,782,400 (50.8%) | cpu=11% ram=32% gpu=45% vram=78% gpu_temp=48C
[2026-03-08 19:06:26] final.twotower.train progress epoch=1/6 batch=2000/3737 loss=0.4735 seen_pairs=8,192,000 (53.5%) | cpu=10% ram=32% gpu=44% vram=78% gpu_temp=49C
[2026-03-08 19:06:28] final.twotower.train progress epoch=1/6 batch=2100/3737 loss=0.4622 seen_pairs=8,601,600 (56.2%) | cpu=10% ram=32% gpu=45% vram=78% gpu_temp=48C
[2026-03-08 19:06:30] final.twotower.train progress epoch=1/6 batch=2200/3737 loss=0.4487 seen_pairs=9,011,200 (58.9%) | cpu=11% ram=32% gpu=45% vram=78% gpu_temp=48C
[2026-03-08 19:06:31] final.twotower.train progress epoch=1/6 batch=2300/3737 loss=0.4481 seen_pairs=9,420,800 (61.5%) | cpu=11% ram=32% gpu=45% vram=78% gpu_temp=49C
[2026-03-08 19:06:33] final.twotower.train progress epoch=1/6 batch=2400/3737 loss=0.4498 seen_pairs=9,830,400 (64.2%) | cpu=21% ram=32% gpu=45% vram=78% gpu_temp=48C
[2026-03-08 19:06:34] final.twotower.train progress epoch=1/6 batch=2500/3737 loss=0.4410 seen_pairs=10,240,000 (66.9%) | cpu=20% ram=32% gpu=45% vram=78% gpu_temp=49C
[2026-03-08 19:06:36] final.twotower.train progress epoch=1/6 batch=2600/3737 loss=0.4380 seen_pairs=10,649,600 (69.6%) | cpu=15% ram=32% gpu=45% vram=78% gpu_temp=49C
[2026-03-08 19:06:38] final.twotower.train progress epoch=1/6 batch=2700/3737 loss=0.4422 seen_pairs=11,059,200 (72.3%) | cpu=9% ram=32% gpu=45% vram=78% gpu_temp=49C
[2026-03-08 19:06:39] final.twotower.train progress epoch=1/6 batch=2800/3737 loss=0.4372 seen_pairs=11,468,800 (74.9%) | cpu=10% ram=32% gpu=45% vram=78% gpu_temp=49C
[2026-03-08 19:06:41] final.twotower.train progress epoch=1/6 batch=2900/3737 loss=0.4264 seen_pairs=11,878,400 (77.6%) | cpu=10% ram=32% gpu=43% vram=78% gpu_temp=49C
[2026-03-08 19:06:42] final.twotower.train progress epoch=1/6 batch=3000/3737 loss=0.4245 seen_pairs=12,288,000 (80.3%) | cpu=9% ram=32% gpu=45% vram=78% gpu_temp=48C
[2026-03-08 19:06:44] final.twotower.train progress epoch=1/6 batch=3100/3737 loss=0.4263 seen_pairs=12,697,600 (83.0%) | cpu=10% ram=32% gpu=43% vram=78% gpu_temp=49C
[2026-03-08 19:06:45] final.twotower.train progress epoch=1/6 batch=3200/3737 loss=0.4160 seen_pairs=13,107,200 (85.6%) | cpu=11% ram=32% gpu=44% vram=78% gpu_temp=49C
[2026-03-08 19:06:47] final.twotower.train progress epoch=1/6 batch=3300/3737 loss=0.4189 seen_pairs=13,516,800 (88.3%) | cpu=14% ram=32% gpu=39% vram=78% gpu_temp=49C
[2026-03-08 19:06:49] final.twotower.train progress epoch=1/6 batch=3400/3737 loss=0.4189 seen_pairs=13,926,400 (91.0%) | cpu=9% ram=32% gpu=38% vram=78% gpu_temp=49C
[2026-03-08 19:06:45] final.twotower.train progress epoch=1/6 batch=3500/3737 loss=0.4207 seen_pairs=14,336,000 (93.7%) | cpu=9% ram=32% gpu=38% vram=78% gpu_temp=49C
[2026-03-08 19:06:46] final.twotower.train progress epoch=1/6 batch=3600/3737 loss=0.4172 seen_pairs=14,745,600 (96.3%) | cpu=10% ram=32% gpu=38% vram=78% gpu_temp=49C
[2026-03-08 19:06:48] final.twotower.train progress epoch=1/6 batch=3700/3737 loss=0.4171 seen_pairs=15,155,200 (99.0%) | cpu=9% ram=32% gpu=38% vram=78% gpu_temp=49C
[2026-03-08 19:06:49] final.twotower.train progress epoch=1/6 batch=3737/3737 loss=0.4165 seen_pairs=15,304,489 (100.0%) | cpu=10% ram=32% gpu=43% vram=78% gpu_temp=49C
[2026-03-08 19:06:49] final.twotower.train epoch_done epoch=1/6 avg_loss=0.52276 | cpu=7% ram=32% gpu=43% vram=78% gpu_temp=49C
[2026-03-08 19:07:00] final.twotower.train progress epoch=2/6 batch=100/3737 loss=0.4042 seen_pairs=409,600 (2.7%) | cpu=13% ram=32% gpu=45% vram=78% gpu_temp=47C
[2026-03-08 19:07:01] final.twotower.train progress epoch=2/6 batch=200/3737 loss=0.4019 seen_pairs=819,200 (5.4%) | cpu=9% ram=32% gpu=45% vram=78% gpu_temp=48C
[2026-03-08 19:07:03] final.twotower.train progress epoch=2/6 batch=300/3737 loss=0.4038 seen_pairs=1,228,800 (8.0%) | cpu=10% ram=32% gpu=46% vram=78% gpu_temp=48C
[2026-03-08 19:07:05] final.twotower.train progress epoch=2/6 batch=400/3737 loss=0.4020 seen_pairs=1,638,400 (10.7%) | cpu=10% ram=32% gpu=44% vram=78% gpu_temp=48C
[2026-03-08 19:07:06] final.twotower.train progress epoch=2/6 batch=500/3737 loss=0.4003 seen_pairs=2,048,000 (13.4%) | cpu=10% ram=32% gpu=44% vram=78% gpu_temp=48C
[2026-03-08 19:07:08] final.twotower.train progress epoch=2/6 batch=600/3737 loss=0.3903 seen_pairs=2,457,600 (16.1%) | cpu=10% ram=32% gpu=46% vram=78% gpu_temp=48C
[2026-03-08 19:07:10] final.twotower.train progress epoch=2/6 batch=700/3737 loss=0.3969 seen_pairs=2,867,200 (18.7%) | cpu=10% ram=32% gpu=45% vram=78% gpu_temp=48C
[2026-03-08 19:07:11] final.twotower.train progress epoch=2/6 batch=800/3737 loss=0.4037 seen_pairs=3,276,800 (21.4%) | cpu=11% ram=32% gpu=45% vram=78% gpu_temp=48C
[2026-03-08 19:07:13] final.twotower.train progress epoch=2/6 batch=900/3737 loss=0.3985 seen_pairs=3,686,400 (24.1%) | cpu=10% ram=32% gpu=45% vram=78% gpu_temp=48C
[2026-03-08 19:07:14] final.twotower.train progress epoch=2/6 batch=1000/3737 loss=0.3960 seen_pairs=4,096,000 (26.8%) | cpu=11% ram=32% gpu=41% vram=78% gpu_temp=49C
[2026-03-08 19:07:16] final.twotower.train progress epoch=2/6 batch=1100/3737 loss=0.3973 seen_pairs=4,505,600 (29.4%) | cpu=12% ram=32% gpu=38% vram=78% gpu_temp=48C
[2026-03-08 19:07:17] final.twotower.train progress epoch=2/6 batch=1200/3737 loss=0.3937 seen_pairs=4,915,200 (32.1%) | cpu=11% ram=32% gpu=38% vram=78% gpu_temp=48C
[2026-03-08 19:07:19] final.twotower.train progress epoch=2/6 batch=1300/3737 loss=0.3956 seen_pairs=5,324,800 (34.8%) | cpu=11% ram=32% gpu=45% vram=78% gpu_temp=49C
[2026-03-08 19:07:21] final.twotower.train progress epoch=2/6 batch=1400/3737 loss=0.3947 seen_pairs=5,734,400 (37.5%) | cpu=14% ram=32% gpu=45% vram=78% gpu_temp=48C
[2026-03-08 19:07:22] final.twotower.train progress epoch=2/6 batch=1500/3737 loss=0.3922 seen_pairs=6,144,000 (40.1%) | cpu=12% ram=32% gpu=45% vram=78% gpu_temp=49C
[2026-03-08 19:07:24] final.twotower.train progress epoch=2/6 batch=1600/3737 loss=0.3913 seen_pairs=6,553,600 (42.8%) | cpu=10% ram=32% gpu=45% vram=78% gpu_temp=49C
[2026-03-08 19:07:25] final.twotower.train progress epoch=2/6 batch=1700/3737 loss=0.3876 seen_pairs=6,963,200 (45.5%) | cpu=10% ram=32% gpu=45% vram=78% gpu_temp=48C
[2026-03-08 19:07:27] final.twotower.train progress epoch=2/6 batch=1800/3737 loss=0.3890 seen_pairs=7,372,800 (48.2%) | cpu=10% ram=32% gpu=45% vram=78% gpu_temp=49C
[2026-03-08 19:07:34] final.twotower.train progress epoch=2/6 batch=1900/3737 loss=0.3820 seen_pairs=7,782,400 (50.8%) | cpu=10% ram=32% gpu=44% vram=78% gpu_temp=49C
[2026-03-08 19:07:35] final.twotower.train progress epoch=2/6 batch=2000/3737 loss=0.3895 seen_pairs=8,192,000 (53.5%) | cpu=10% ram=32% gpu=45% vram=78% gpu_temp=49C
[2026-03-08 19:07:37] final.twotower.train progress epoch=2/6 batch=2100/3737 loss=0.3902 seen_pairs=8,601,600 (56.2%) | cpu=10% ram=32% gpu=45% vram=78% gpu_temp=49C
[2026-03-08 19:07:38] final.twotower.train progress epoch=2/6 batch=2200/3737 loss=0.3806 seen_pairs=9,011,200 (58.9%) | cpu=10% ram=32% gpu=45% vram=78% gpu_temp=49C
[2026-03-08 19:07:40] final.twotower.train progress epoch=2/6 batch=2300/3737 loss=0.3877 seen_pairs=9,420,800 (61.5%) | cpu=10% ram=32% gpu=45% vram=78% gpu_temp=48C
[2026-03-08 19:07:42] final.twotower.train progress epoch=2/6 batch=2400/3737 loss=0.3926 seen_pairs=9,830,400 (64.2%) | cpu=10% ram=32% gpu=42% vram=78% gpu_temp=49C
[2026-03-08 19:07:43] final.twotower.train progress epoch=2/6 batch=2500/3737 loss=0.3867 seen_pairs=10,240,000 (66.9%) | cpu=10% ram=32% gpu=46% vram=78% gpu_temp=49C
[2026-03-08 19:07:45] final.twotower.train progress epoch=2/6 batch=2600/3737 loss=0.3877 seen_pairs=10,649,600 (69.6%) | cpu=10% ram=32% gpu=44% vram=78% gpu_temp=49C
[2026-03-08 19:07:46] final.twotower.train progress epoch=2/6 batch=2700/3737 loss=0.3856 seen_pairs=11,059,200 (72.3%) | cpu=13% ram=32% gpu=46% vram=78% gpu_temp=49C
[2026-03-08 19:07:48] final.twotower.train progress epoch=2/6 batch=2800/3737 loss=0.3868 seen_pairs=11,468,800 (74.9%) | cpu=20% ram=32% gpu=45% vram=78% gpu_temp=49C
[2026-03-08 19:07:44] final.twotower.train progress epoch=2/6 batch=2900/3737 loss=0.3813 seen_pairs=11,878,400 (77.6%) | cpu=18% ram=32% gpu=44% vram=78% gpu_temp=49C
[2026-03-08 19:07:46] final.twotower.train progress epoch=2/6 batch=3000/3737 loss=0.3763 seen_pairs=12,288,000 (80.3%) | cpu=12% ram=32% gpu=44% vram=78% gpu_temp=49C
[2026-03-08 19:07:48] final.twotower.train progress epoch=2/6 batch=3100/3737 loss=0.3813 seen_pairs=12,697,600 (83.0%) | cpu=10% ram=32% gpu=45% vram=78% gpu_temp=49C
[2026-03-08 19:07:49] final.twotower.train progress epoch=2/6 batch=3200/3737 loss=0.3827 seen_pairs=13,107,200 (85.6%) | cpu=9% ram=32% gpu=44% vram=78% gpu_temp=49C
[2026-03-08 19:07:51] final.twotower.train progress epoch=2/6 batch=3300/3737 loss=0.3816 seen_pairs=13,516,800 (88.3%) | cpu=10% ram=32% gpu=46% vram=78% gpu_temp=49C
[2026-03-08 19:07:52] final.twotower.train progress epoch=2/6 batch=3400/3737 loss=0.3763 seen_pairs=13,926,400 (91.0%) | cpu=10% ram=32% gpu=45% vram=78% gpu_temp=49C
[2026-03-08 19:07:54] final.twotower.train progress epoch=2/6 batch=3500/3737 loss=0.3836 seen_pairs=14,336,000 (93.7%) | cpu=9% ram=32% gpu=45% vram=78% gpu_temp=49C
[2026-03-08 19:07:56] final.twotower.train progress epoch=2/6 batch=3600/3737 loss=0.3842 seen_pairs=14,745,600 (96.3%) | cpu=10% ram=32% gpu=46% vram=78% gpu_temp=49C
[2026-03-08 19:07:57] final.twotower.train progress epoch=2/6 batch=3700/3737 loss=0.3806 seen_pairs=15,155,200 (99.0%) | cpu=10% ram=32% gpu=45% vram=78% gpu_temp=49C
[2026-03-08 19:07:58] final.twotower.train progress epoch=2/6 batch=3737/3737 loss=0.3712 seen_pairs=15,304,489 (100.0%) | cpu=11% ram=32% gpu=45% vram=78% gpu_temp=49C
[2026-03-08 19:07:58] final.twotower.train epoch_done epoch=2/6 avg_loss=0.38947 | cpu=6% ram=32% gpu=45% vram=78% gpu_temp=49C
[2026-03-08 19:08:14] final.twotower.train progress epoch=3/6 batch=100/3737 loss=0.3598 seen_pairs=409,600 (2.7%) | cpu=10% ram=32% gpu=43% vram=78% gpu_temp=48C
[2026-03-08 19:08:16] final.twotower.train progress epoch=3/6 batch=200/3737 loss=0.3661 seen_pairs=819,200 (5.4%) | cpu=10% ram=32% gpu=42% vram=78% gpu_temp=48C
[2026-03-08 19:08:17] final.twotower.train progress epoch=3/6 batch=300/3737 loss=0.3630 seen_pairs=1,228,800 (8.0%) | cpu=11% ram=32% gpu=45% vram=78% gpu_temp=48C
[2026-03-08 19:08:14] final.twotower.train progress epoch=3/6 batch=400/3737 loss=0.3676 seen_pairs=1,638,400 (10.7%) | cpu=10% ram=32% gpu=42% vram=78% gpu_temp=48C
[2026-03-08 19:08:15] final.twotower.train progress epoch=3/6 batch=500/3737 loss=0.3631 seen_pairs=2,048,000 (13.4%) | cpu=10% ram=32% gpu=38% vram=78% gpu_temp=48C
[2026-03-08 19:08:17] final.twotower.train progress epoch=3/6 batch=600/3737 loss=0.3639 seen_pairs=2,457,600 (16.1%) | cpu=10% ram=32% gpu=41% vram=78% gpu_temp=48C
[2026-03-08 19:08:24] final.twotower.train progress epoch=3/6 batch=700/3737 loss=0.3655 seen_pairs=2,867,200 (18.7%) | cpu=11% ram=32% gpu=41% vram=78% gpu_temp=48C
[2026-03-08 19:08:25] final.twotower.train progress epoch=3/6 batch=800/3737 loss=0.3718 seen_pairs=3,276,800 (21.4%) | cpu=10% ram=32% gpu=39% vram=78% gpu_temp=48C
[2026-03-08 19:08:27] final.twotower.train progress epoch=3/6 batch=900/3737 loss=0.3632 seen_pairs=3,686,400 (24.1%) | cpu=10% ram=32% gpu=42% vram=78% gpu_temp=48C
[2026-03-08 19:08:29] final.twotower.train progress epoch=3/6 batch=1000/3737 loss=0.3765 seen_pairs=4,096,000 (26.8%) | cpu=10% ram=32% gpu=42% vram=78% gpu_temp=49C
[2026-03-08 19:08:30] final.twotower.train progress epoch=3/6 batch=1100/3737 loss=0.3656 seen_pairs=4,505,600 (29.4%) | cpu=10% ram=32% gpu=42% vram=78% gpu_temp=49C
[2026-03-08 19:08:32] final.twotower.train progress epoch=3/6 batch=1200/3737 loss=0.3740 seen_pairs=4,915,200 (32.1%) | cpu=10% ram=32% gpu=39% vram=78% gpu_temp=49C
[2026-03-08 19:08:33] final.twotower.train progress epoch=3/6 batch=1300/3737 loss=0.3651 seen_pairs=5,324,800 (34.8%) | cpu=10% ram=32% gpu=38% vram=78% gpu_temp=49C
[2026-03-08 19:08:35] final.twotower.train progress epoch=3/6 batch=1400/3737 loss=0.3646 seen_pairs=5,734,400 (37.5%) | cpu=10% ram=32% gpu=38% vram=78% gpu_temp=49C
[2026-03-08 19:08:37] final.twotower.train progress epoch=3/6 batch=1500/3737 loss=0.3607 seen_pairs=6,144,000 (40.1%) | cpu=10% ram=32% gpu=38% vram=78% gpu_temp=49C
[2026-03-08 19:08:38] final.twotower.train progress epoch=3/6 batch=1600/3737 loss=0.3706 seen_pairs=6,553,600 (42.8%) | cpu=10% ram=32% gpu=39% vram=78% gpu_temp=49C
[2026-03-08 19:08:35] final.twotower.train progress epoch=3/6 batch=1700/3737 loss=0.3616 seen_pairs=6,963,200 (45.5%) | cpu=10% ram=32% gpu=39% vram=78% gpu_temp=49C
[2026-03-08 19:08:36] final.twotower.train progress epoch=3/6 batch=1800/3737 loss=0.3711 seen_pairs=7,372,800 (48.2%) | cpu=11% ram=32% gpu=39% vram=78% gpu_temp=49C
[2026-03-08 19:08:38] final.twotower.train progress epoch=3/6 batch=1900/3737 loss=0.3661 seen_pairs=7,782,400 (50.8%) | cpu=16% ram=32% gpu=42% vram=78% gpu_temp=49C
[2026-03-08 19:08:39] final.twotower.train progress epoch=3/6 batch=2000/3737 loss=0.3709 seen_pairs=8,192,000 (53.5%) | cpu=20% ram=32% gpu=42% vram=78% gpu_temp=49C
[2026-03-08 19:08:41] final.twotower.train progress epoch=3/6 batch=2100/3737 loss=0.3691 seen_pairs=8,601,600 (56.2%) | cpu=14% ram=32% gpu=39% vram=78% gpu_temp=49C
[2026-03-08 19:08:43] final.twotower.train progress epoch=3/6 batch=2200/3737 loss=0.3700 seen_pairs=9,011,200 (58.9%) | cpu=10% ram=32% gpu=45% vram=78% gpu_temp=49C
[2026-03-08 19:08:44] final.twotower.train progress epoch=3/6 batch=2300/3737 loss=0.3644 seen_pairs=9,420,800 (61.5%) | cpu=10% ram=32% gpu=47% vram=78% gpu_temp=49C
[2026-03-08 19:08:46] final.twotower.train progress epoch=3/6 batch=2400/3737 loss=0.3674 seen_pairs=9,830,400 (64.2%) | cpu=9% ram=32% gpu=45% vram=78% gpu_temp=49C
[2026-03-08 19:08:47] final.twotower.train progress epoch=3/6 batch=2500/3737 loss=0.3793 seen_pairs=10,240,000 (66.9%) | cpu=10% ram=32% gpu=47% vram=78% gpu_temp=49C
[2026-03-08 19:08:54] final.twotower.train progress epoch=3/6 batch=2600/3737 loss=0.3671 seen_pairs=10,649,600 (69.6%) | cpu=10% ram=32% gpu=45% vram=78% gpu_temp=49C
[2026-03-08 19:08:56] final.twotower.train progress epoch=3/6 batch=2700/3737 loss=0.3761 seen_pairs=11,059,200 (72.3%) | cpu=10% ram=32% gpu=45% vram=78% gpu_temp=49C
[2026-03-08 19:08:57] final.twotower.train progress epoch=3/6 batch=2800/3737 loss=0.3657 seen_pairs=11,468,800 (74.9%) | cpu=10% ram=32% gpu=45% vram=78% gpu_temp=49C
[2026-03-08 19:08:59] final.twotower.train progress epoch=3/6 batch=2900/3737 loss=0.3613 seen_pairs=11,878,400 (77.6%) | cpu=11% ram=32% gpu=45% vram=78% gpu_temp=49C
[2026-03-08 19:09:00] final.twotower.train progress epoch=3/6 batch=3000/3737 loss=0.3681 seen_pairs=12,288,000 (80.3%) | cpu=11% ram=32% gpu=42% vram=78% gpu_temp=49C
[2026-03-08 19:09:02] final.twotower.train progress epoch=3/6 batch=3100/3737 loss=0.3693 seen_pairs=12,697,600 (83.0%) | cpu=10% ram=32% gpu=46% vram=78% gpu_temp=49C
[2026-03-08 19:09:03] final.twotower.train progress epoch=3/6 batch=3200/3737 loss=0.3671 seen_pairs=13,107,200 (85.6%) | cpu=10% ram=32% gpu=46% vram=78% gpu_temp=49C
[2026-03-08 19:09:05] final.twotower.train progress epoch=3/6 batch=3300/3737 loss=0.3628 seen_pairs=13,516,800 (88.3%) | cpu=10% ram=32% gpu=45% vram=78% gpu_temp=50C
[2026-03-08 19:09:07] final.twotower.train progress epoch=3/6 batch=3400/3737 loss=0.3667 seen_pairs=13,926,400 (91.0%) | cpu=10% ram=32% gpu=46% vram=78% gpu_temp=49C
[2026-03-08 19:09:08] final.twotower.train progress epoch=3/6 batch=3500/3737 loss=0.3660 seen_pairs=14,336,000 (93.7%) | cpu=10% ram=32% gpu=46% vram=78% gpu_temp=49C
[2026-03-08 19:09:10] final.twotower.train progress epoch=3/6 batch=3600/3737 loss=0.3657 seen_pairs=14,745,600 (96.3%) | cpu=9% ram=32% gpu=46% vram=78% gpu_temp=49C
[2026-03-08 19:09:11] final.twotower.train progress epoch=3/6 batch=3700/3737 loss=0.3653 seen_pairs=15,155,200 (99.0%) | cpu=9% ram=32% gpu=44% vram=78% gpu_temp=49C
[2026-03-08 19:09:12] final.twotower.train progress epoch=3/6 batch=3737/3737 loss=0.3602 seen_pairs=15,304,489 (100.0%) | cpu=10% ram=32% gpu=48% vram=78% gpu_temp=49C
[2026-03-08 19:09:12] final.twotower.train epoch_done epoch=3/6 avg_loss=0.36701 | cpu=8% ram=32% gpu=48% vram=78% gpu_temp=49C
[2026-03-08 19:09:23] final.twotower.train progress epoch=4/6 batch=100/3737 loss=0.3488 seen_pairs=409,600 (2.7%) | cpu=11% ram=32% gpu=45% vram=78% gpu_temp=48C
[2026-03-08 19:09:25] final.twotower.train progress epoch=4/6 batch=200/3737 loss=0.3518 seen_pairs=819,200 (5.4%) | cpu=10% ram=32% gpu=46% vram=78% gpu_temp=48C
[2026-03-08 19:09:26] final.twotower.train progress epoch=4/6 batch=300/3737 loss=0.3551 seen_pairs=1,228,800 (8.0%) | cpu=10% ram=32% gpu=45% vram=78% gpu_temp=48C
[2026-03-08 19:09:28] final.twotower.train progress epoch=4/6 batch=400/3737 loss=0.3456 seen_pairs=1,638,400 (10.7%) | cpu=10% ram=32% gpu=46% vram=78% gpu_temp=48C
[2026-03-08 19:09:24] final.twotower.train progress epoch=4/6 batch=500/3737 loss=0.3444 seen_pairs=2,048,000 (13.4%) | cpu=10% ram=32% gpu=46% vram=78% gpu_temp=48C
[2026-03-08 19:09:26] final.twotower.train progress epoch=4/6 batch=600/3737 loss=0.3548 seen_pairs=2,457,600 (16.1%) | cpu=10% ram=32% gpu=45% vram=78% gpu_temp=48C
[2026-03-08 19:09:28] final.twotower.train progress epoch=4/6 batch=700/3737 loss=0.3525 seen_pairs=2,867,200 (18.7%) | cpu=10% ram=32% gpu=46% vram=78% gpu_temp=48C
[2026-03-08 19:09:34] final.twotower.train progress epoch=4/6 batch=800/3737 loss=0.3616 seen_pairs=3,276,800 (21.4%) | cpu=10% ram=32% gpu=42% vram=78% gpu_temp=48C
[2026-03-08 19:09:36] final.twotower.train progress epoch=4/6 batch=900/3737 loss=0.3589 seen_pairs=3,686,400 (24.1%) | cpu=10% ram=32% gpu=38% vram=78% gpu_temp=48C
[2026-03-08 19:09:38] final.twotower.train progress epoch=4/6 batch=1000/3737 loss=0.3502 seen_pairs=4,096,000 (26.8%) | cpu=10% ram=32% gpu=38% vram=78% gpu_temp=48C
[2026-03-08 19:09:39] final.twotower.train progress epoch=4/6 batch=1100/3737 loss=0.3557 seen_pairs=4,505,600 (29.4%) | cpu=10% ram=32% gpu=39% vram=78% gpu_temp=48C
[2026-03-08 19:09:41] final.twotower.train progress epoch=4/6 batch=1200/3737 loss=0.3554 seen_pairs=4,915,200 (32.1%) | cpu=11% ram=32% gpu=39% vram=78% gpu_temp=49C
[2026-03-08 19:09:42] final.twotower.train progress epoch=4/6 batch=1300/3737 loss=0.3545 seen_pairs=5,324,800 (34.8%) | cpu=10% ram=32% gpu=46% vram=78% gpu_temp=49C
[2026-03-08 19:09:44] final.twotower.train progress epoch=4/6 batch=1400/3737 loss=0.3555 seen_pairs=5,734,400 (37.5%) | cpu=10% ram=32% gpu=47% vram=78% gpu_temp=49C
[2026-03-08 19:09:45] final.twotower.train progress epoch=4/6 batch=1500/3737 loss=0.3595 seen_pairs=6,144,000 (40.1%) | cpu=10% ram=32% gpu=44% vram=78% gpu_temp=49C
[2026-03-08 19:09:47] final.twotower.train progress epoch=4/6 batch=1600/3737 loss=0.3561 seen_pairs=6,553,600 (42.8%) | cpu=10% ram=32% gpu=45% vram=78% gpu_temp=49C
[2026-03-08 19:09:49] final.twotower.train progress epoch=4/6 batch=1700/3737 loss=0.3533 seen_pairs=6,963,200 (45.5%) | cpu=10% ram=32% gpu=46% vram=78% gpu_temp=49C
[2026-03-08 19:09:45] final.twotower.train progress epoch=4/6 batch=1800/3737 loss=0.3623 seen_pairs=7,372,800 (48.2%) | cpu=10% ram=32% gpu=45% vram=78% gpu_temp=49C
[2026-03-08 19:09:47] final.twotower.train progress epoch=4/6 batch=1900/3737 loss=0.3601 seen_pairs=7,782,400 (50.8%) | cpu=10% ram=32% gpu=45% vram=78% gpu_temp=49C
[2026-03-08 19:09:48] final.twotower.train progress epoch=4/6 batch=2000/3737 loss=0.3549 seen_pairs=8,192,000 (53.5%) | cpu=10% ram=32% gpu=45% vram=78% gpu_temp=49C
[2026-03-08 19:09:50] final.twotower.train progress epoch=4/6 batch=2100/3737 loss=0.3547 seen_pairs=8,601,600 (56.2%) | cpu=10% ram=32% gpu=38% vram=78% gpu_temp=49C
[2026-03-08 19:09:51] final.twotower.train progress epoch=4/6 batch=2200/3737 loss=0.3564 seen_pairs=9,011,200 (58.9%) | cpu=10% ram=32% gpu=47% vram=78% gpu_temp=49C
[2026-03-08 19:09:53] final.twotower.train progress epoch=4/6 batch=2300/3737 loss=0.3562 seen_pairs=9,420,800 (61.5%) | cpu=10% ram=32% gpu=45% vram=78% gpu_temp=49C
[2026-03-08 19:09:55] final.twotower.train progress epoch=4/6 batch=2400/3737 loss=0.3588 seen_pairs=9,830,400 (64.2%) | cpu=10% ram=32% gpu=45% vram=78% gpu_temp=49C
[2026-03-08 19:09:56] final.twotower.train progress epoch=4/6 batch=2500/3737 loss=0.3643 seen_pairs=10,240,000 (66.9%) | cpu=11% ram=32% gpu=45% vram=78% gpu_temp=49C
[2026-03-08 19:09:58] final.twotower.train progress epoch=4/6 batch=2600/3737 loss=0.3573 seen_pairs=10,649,600 (69.6%) | cpu=10% ram=32% gpu=46% vram=78% gpu_temp=49C
[2026-03-08 19:09:59] final.twotower.train progress epoch=4/6 batch=2700/3737 loss=0.3537 seen_pairs=11,059,200 (72.3%) | cpu=11% ram=32% gpu=46% vram=78% gpu_temp=49C
[2026-03-08 19:10:01] final.twotower.train progress epoch=4/6 batch=2800/3737 loss=0.3551 seen_pairs=11,468,800 (74.9%) | cpu=14% ram=32% gpu=45% vram=78% gpu_temp=49C
[2026-03-08 19:10:03] final.twotower.train progress epoch=4/6 batch=2900/3737 loss=0.3636 seen_pairs=11,878,400 (77.6%) | cpu=22% ram=32% gpu=44% vram=78% gpu_temp=49C
[2026-03-08 19:10:04] final.twotower.train progress epoch=4/6 batch=3000/3737 loss=0.3534 seen_pairs=12,288,000 (80.3%) | cpu=15% ram=32% gpu=45% vram=78% gpu_temp=50C
[2026-03-08 19:10:06] final.twotower.train progress epoch=4/6 batch=3100/3737 loss=0.3605 seen_pairs=12,697,600 (83.0%) | cpu=10% ram=32% gpu=45% vram=78% gpu_temp=50C
[2026-03-08 19:10:07] final.twotower.train progress epoch=4/6 batch=3200/3737 loss=0.3511 seen_pairs=13,107,200 (85.6%) | cpu=10% ram=32% gpu=45% vram=78% gpu_temp=49C
[2026-03-08 19:10:14] final.twotower.train progress epoch=4/6 batch=3300/3737 loss=0.3528 seen_pairs=13,516,800 (88.3%) | cpu=10% ram=32% gpu=47% vram=78% gpu_temp=50C
[2026-03-08 19:10:11] final.twotower.train progress epoch=4/6 batch=3400/3737 loss=0.3549 seen_pairs=13,926,400 (91.0%) | cpu=9% ram=32% gpu=51% vram=78% gpu_temp=50C
[2026-03-08 19:10:13] final.twotower.train progress epoch=4/6 batch=3500/3737 loss=0.3511 seen_pairs=14,336,000 (93.7%) | cpu=9% ram=32% gpu=53% vram=78% gpu_temp=50C
[2026-03-08 19:10:15] final.twotower.train progress epoch=4/6 batch=3600/3737 loss=0.3551 seen_pairs=14,745,600 (96.3%) | cpu=9% ram=32% gpu=51% vram=78% gpu_temp=51C
[2026-03-08 19:10:16] final.twotower.train progress epoch=4/6 batch=3700/3737 loss=0.3623 seen_pairs=15,155,200 (99.0%) | cpu=10% ram=32% gpu=50% vram=78% gpu_temp=51C
[2026-03-08 19:10:17] final.twotower.train progress epoch=4/6 batch=3737/3737 loss=0.3612 seen_pairs=15,304,489 (100.0%) | cpu=10% ram=32% gpu=50% vram=78% gpu_temp=51C
[2026-03-08 19:10:17] final.twotower.train epoch_done epoch=4/6 avg_loss=0.35533 | cpu=7% ram=32% gpu=50% vram=78% gpu_temp=51C
[2026-03-08 19:10:34] final.twotower.train progress epoch=5/6 batch=100/3737 loss=0.3419 seen_pairs=409,600 (2.7%) | cpu=10% ram=32% gpu=58% vram=78% gpu_temp=50C
[2026-03-08 19:10:36] final.twotower.train progress epoch=5/6 batch=200/3737 loss=0.3397 seen_pairs=819,200 (5.4%) | cpu=12% ram=32% gpu=42% vram=78% gpu_temp=50C
[2026-03-08 19:10:37] final.twotower.train progress epoch=5/6 batch=300/3737 loss=0.3404 seen_pairs=1,228,800 (8.0%) | cpu=10% ram=32% gpu=49% vram=78% gpu_temp=50C
[2026-03-08 19:10:39] final.twotower.train progress epoch=5/6 batch=400/3737 loss=0.3448 seen_pairs=1,638,400 (10.7%) | cpu=9% ram=32% gpu=50% vram=78% gpu_temp=50C
[2026-03-08 19:10:36] final.twotower.train progress epoch=5/6 batch=500/3737 loss=0.3375 seen_pairs=2,048,000 (13.4%) | cpu=11% ram=32% gpu=49% vram=78% gpu_temp=51C
[2026-03-08 19:10:37] final.twotower.train progress epoch=5/6 batch=600/3737 loss=0.3452 seen_pairs=2,457,600 (16.1%) | cpu=9% ram=32% gpu=49% vram=78% gpu_temp=51C
[2026-03-08 19:10:39] final.twotower.train progress epoch=5/6 batch=700/3737 loss=0.3383 seen_pairs=2,867,200 (18.7%) | cpu=9% ram=32% gpu=51% vram=78% gpu_temp=51C
[2026-03-08 19:10:41] final.twotower.train progress epoch=5/6 batch=800/3737 loss=0.3498 seen_pairs=3,276,800 (21.4%) | cpu=9% ram=32% gpu=49% vram=78% gpu_temp=51C
[2026-03-08 19:10:42] final.twotower.train progress epoch=5/6 batch=900/3737 loss=0.3454 seen_pairs=3,686,400 (24.1%) | cpu=9% ram=32% gpu=50% vram=78% gpu_temp=51C
[2026-03-08 19:10:49] final.twotower.train progress epoch=5/6 batch=1000/3737 loss=0.3437 seen_pairs=4,096,000 (26.8%) | cpu=9% ram=32% gpu=49% vram=78% gpu_temp=51C
[2026-03-08 19:10:51] final.twotower.train progress epoch=5/6 batch=1100/3737 loss=0.3498 seen_pairs=4,505,600 (29.4%) | cpu=9% ram=32% gpu=49% vram=78% gpu_temp=50C
[2026-03-08 19:10:53] final.twotower.train progress epoch=5/6 batch=1200/3737 loss=0.3484 seen_pairs=4,915,200 (32.1%) | cpu=10% ram=32% gpu=48% vram=78% gpu_temp=51C
[2026-03-08 19:10:54] final.twotower.train progress epoch=5/6 batch=1300/3737 loss=0.3467 seen_pairs=5,324,800 (34.8%) | cpu=12% ram=32% gpu=48% vram=78% gpu_temp=51C
[2026-03-08 19:10:56] final.twotower.train progress epoch=5/6 batch=1400/3737 loss=0.3452 seen_pairs=5,734,400 (37.5%) | cpu=24% ram=32% gpu=55% vram=78% gpu_temp=51C
[2026-03-08 19:10:58] final.twotower.train progress epoch=5/6 batch=1500/3737 loss=0.3493 seen_pairs=6,144,000 (40.1%) | cpu=15% ram=32% gpu=47% vram=78% gpu_temp=51C
[2026-03-08 19:10:59] final.twotower.train progress epoch=5/6 batch=1600/3737 loss=0.3456 seen_pairs=6,553,600 (42.8%) | cpu=9% ram=32% gpu=49% vram=78% gpu_temp=51C
[2026-03-08 19:11:01] final.twotower.train progress epoch=5/6 batch=1700/3737 loss=0.3469 seen_pairs=6,963,200 (45.5%) | cpu=9% ram=32% gpu=51% vram=78% gpu_temp=51C
[2026-03-08 19:11:03] final.twotower.train progress epoch=5/6 batch=1800/3737 loss=0.3501 seen_pairs=7,372,800 (48.2%) | cpu=9% ram=32% gpu=43% vram=78% gpu_temp=51C
[2026-03-08 19:10:59] final.twotower.train progress epoch=5/6 batch=1900/3737 loss=0.3502 seen_pairs=7,782,400 (50.8%) | cpu=9% ram=32% gpu=48% vram=78% gpu_temp=51C
[2026-03-08 19:11:01] final.twotower.train progress epoch=5/6 batch=2000/3737 loss=0.3469 seen_pairs=8,192,000 (53.5%) | cpu=9% ram=32% gpu=50% vram=78% gpu_temp=51C
[2026-03-08 19:11:03] final.twotower.train progress epoch=5/6 batch=2100/3737 loss=0.3477 seen_pairs=8,601,600 (56.2%) | cpu=8% ram=32% gpu=50% vram=78% gpu_temp=51C
[2026-03-08 19:11:04] final.twotower.train progress epoch=5/6 batch=2200/3737 loss=0.3590 seen_pairs=9,011,200 (58.9%) | cpu=9% ram=32% gpu=49% vram=78% gpu_temp=51C
[2026-03-08 19:11:06] final.twotower.train progress epoch=5/6 batch=2300/3737 loss=0.3537 seen_pairs=9,420,800 (61.5%) | cpu=9% ram=32% gpu=45% vram=78% gpu_temp=51C
[2026-03-08 19:11:08] final.twotower.train progress epoch=5/6 batch=2400/3737 loss=0.3468 seen_pairs=9,830,400 (64.2%) | cpu=10% ram=32% gpu=48% vram=78% gpu_temp=51C
[2026-03-08 19:11:14] final.twotower.train progress epoch=5/6 batch=2500/3737 loss=0.3443 seen_pairs=10,240,000 (66.9%) | cpu=9% ram=32% gpu=51% vram=78% gpu_temp=51C
[2026-03-08 19:11:16] final.twotower.train progress epoch=5/6 batch=2600/3737 loss=0.3516 seen_pairs=10,649,600 (69.6%) | cpu=9% ram=32% gpu=49% vram=78% gpu_temp=51C
[2026-03-08 19:11:18] final.twotower.train progress epoch=5/6 batch=2700/3737 loss=0.3459 seen_pairs=11,059,200 (72.3%) | cpu=10% ram=32% gpu=48% vram=78% gpu_temp=51C
[2026-03-08 19:11:20] final.twotower.train progress epoch=5/6 batch=2800/3737 loss=0.3476 seen_pairs=11,468,800 (74.9%) | cpu=10% ram=32% gpu=50% vram=78% gpu_temp=51C
[2026-03-08 19:11:21] final.twotower.train progress epoch=5/6 batch=2900/3737 loss=0.3496 seen_pairs=11,878,400 (77.6%) | cpu=10% ram=32% gpu=49% vram=78% gpu_temp=51C
[2026-03-08 19:11:23] final.twotower.train progress epoch=5/6 batch=3000/3737 loss=0.3502 seen_pairs=12,288,000 (80.3%) | cpu=9% ram=32% gpu=47% vram=78% gpu_temp=51C
[2026-03-08 19:11:25] final.twotower.train progress epoch=5/6 batch=3100/3737 loss=0.3549 seen_pairs=12,697,600 (83.0%) | cpu=10% ram=32% gpu=49% vram=78% gpu_temp=51C
[2026-03-08 19:11:26] final.twotower.train progress epoch=5/6 batch=3200/3737 loss=0.3535 seen_pairs=13,107,200 (85.6%) | cpu=10% ram=32% gpu=49% vram=78% gpu_temp=51C
[2026-03-08 19:11:28] final.twotower.train progress epoch=5/6 batch=3300/3737 loss=0.3400 seen_pairs=13,516,800 (88.3%) | cpu=10% ram=32% gpu=50% vram=78% gpu_temp=51C
[2026-03-08 19:11:25] final.twotower.train progress epoch=5/6 batch=3400/3737 loss=0.3476 seen_pairs=13,926,400 (91.0%) | cpu=10% ram=32% gpu=51% vram=78% gpu_temp=51C
[2026-03-08 19:11:26] final.twotower.train progress epoch=5/6 batch=3500/3737 loss=0.3473 seen_pairs=14,336,000 (93.7%) | cpu=10% ram=32% gpu=49% vram=78% gpu_temp=51C
[2026-03-08 19:11:28] final.twotower.train progress epoch=5/6 batch=3600/3737 loss=0.3450 seen_pairs=14,745,600 (96.3%) | cpu=10% ram=32% gpu=50% vram=78% gpu_temp=51C
[2026-03-08 19:11:30] final.twotower.train progress epoch=5/6 batch=3700/3737 loss=0.3499 seen_pairs=15,155,200 (99.0%) | cpu=10% ram=32% gpu=44% vram=78% gpu_temp=51C
[2026-03-08 19:11:30] final.twotower.train progress epoch=5/6 batch=3737/3737 loss=0.3520 seen_pairs=15,304,489 (100.0%) | cpu=10% ram=32% gpu=49% vram=78% gpu_temp=51C
[2026-03-08 19:11:30] final.twotower.train epoch_done epoch=5/6 avg_loss=0.34803 | cpu=4% ram=32% gpu=49% vram=78% gpu_temp=51C
[2026-03-08 19:11:47] final.twotower.train progress epoch=6/6 batch=100/3737 loss=0.3389 seen_pairs=409,600 (2.7%) | cpu=9% ram=32% gpu=49% vram=78% gpu_temp=50C
[2026-03-08 19:11:48] final.twotower.train progress epoch=6/6 batch=200/3737 loss=0.3300 seen_pairs=819,200 (5.4%) | cpu=9% ram=32% gpu=48% vram=78% gpu_temp=50C
[2026-03-08 19:11:50] final.twotower.train progress epoch=6/6 batch=300/3737 loss=0.3335 seen_pairs=1,228,800 (8.0%) | cpu=9% ram=32% gpu=51% vram=78% gpu_temp=50C
[2026-03-08 19:11:52] final.twotower.train progress epoch=6/6 batch=400/3737 loss=0.3415 seen_pairs=1,638,400 (10.7%) | cpu=9% ram=32% gpu=51% vram=78% gpu_temp=50C
[2026-03-08 19:11:53] final.twotower.train progress epoch=6/6 batch=500/3737 loss=0.3382 seen_pairs=2,048,000 (13.4%) | cpu=9% ram=32% gpu=49% vram=78% gpu_temp=50C
[2026-03-08 19:11:50] final.twotower.train progress epoch=6/6 batch=600/3737 loss=0.3354 seen_pairs=2,457,600 (16.1%) | cpu=9% ram=32% gpu=47% vram=78% gpu_temp=50C
[2026-03-08 19:11:52] final.twotower.train progress epoch=6/6 batch=700/3737 loss=0.3396 seen_pairs=2,867,200 (18.7%) | cpu=10% ram=32% gpu=48% vram=78% gpu_temp=50C
[2026-03-08 19:11:53] final.twotower.train progress epoch=6/6 batch=800/3737 loss=0.3452 seen_pairs=3,276,800 (21.4%) | cpu=12% ram=32% gpu=49% vram=78% gpu_temp=50C
[2026-03-08 19:11:55] final.twotower.train progress epoch=6/6 batch=900/3737 loss=0.3397 seen_pairs=3,686,400 (24.1%) | cpu=20% ram=32% gpu=47% vram=78% gpu_temp=51C
[2026-03-08 19:11:57] final.twotower.train progress epoch=6/6 batch=1000/3737 loss=0.3405 seen_pairs=4,096,000 (26.8%) | cpu=16% ram=32% gpu=49% vram=78% gpu_temp=51C
[2026-03-08 19:11:58] final.twotower.train progress epoch=6/6 batch=1100/3737 loss=0.3482 seen_pairs=4,505,600 (29.4%) | cpu=10% ram=32% gpu=50% vram=78% gpu_temp=51C
[2026-03-08 19:12:00] final.twotower.train progress epoch=6/6 batch=1200/3737 loss=0.3437 seen_pairs=4,915,200 (32.1%) | cpu=11% ram=32% gpu=48% vram=78% gpu_temp=51C
[2026-03-08 19:12:02] final.twotower.train progress epoch=6/6 batch=1300/3737 loss=0.3404 seen_pairs=5,324,800 (34.8%) | cpu=10% ram=32% gpu=50% vram=78% gpu_temp=51C
[2026-03-08 19:12:03] final.twotower.train progress epoch=6/6 batch=1400/3737 loss=0.3498 seen_pairs=5,734,400 (37.5%) | cpu=9% ram=32% gpu=49% vram=78% gpu_temp=51C
[2026-03-08 19:12:05] final.twotower.train progress epoch=6/6 batch=1500/3737 loss=0.3490 seen_pairs=6,144,000 (40.1%) | cpu=9% ram=32% gpu=50% vram=78% gpu_temp=51C
[2026-03-08 19:12:07] final.twotower.train progress epoch=6/6 batch=1600/3737 loss=0.3518 seen_pairs=6,553,600 (42.8%) | cpu=10% ram=32% gpu=49% vram=78% gpu_temp=51C
[2026-03-08 19:12:08] final.twotower.train progress epoch=6/6 batch=1700/3737 loss=0.3442 seen_pairs=6,963,200 (45.5%) | cpu=9% ram=32% gpu=50% vram=78% gpu_temp=51C
[2026-03-08 19:12:10] final.twotower.train progress epoch=6/6 batch=1800/3737 loss=0.3461 seen_pairs=7,372,800 (48.2%) | cpu=10% ram=32% gpu=48% vram=78% gpu_temp=51C
[2026-03-08 19:12:12] final.twotower.train progress epoch=6/6 batch=1900/3737 loss=0.3440 seen_pairs=7,782,400 (50.8%) | cpu=9% ram=32% gpu=51% vram=78% gpu_temp=51C
[2026-03-08 19:12:13] final.twotower.train progress epoch=6/6 batch=2000/3737 loss=0.3352 seen_pairs=8,192,000 (53.5%) | cpu=10% ram=32% gpu=49% vram=78% gpu_temp=51C
[2026-03-08 19:12:15] final.twotower.train progress epoch=6/6 batch=2100/3737 loss=0.3406 seen_pairs=8,601,600 (56.2%) | cpu=10% ram=32% gpu=45% vram=78% gpu_temp=51C
[2026-03-08 19:12:17] final.twotower.train progress epoch=6/6 batch=2200/3737 loss=0.3549 seen_pairs=9,011,200 (58.9%) | cpu=10% ram=32% gpu=50% vram=78% gpu_temp=51C
[2026-03-08 19:12:19] final.twotower.train progress epoch=6/6 batch=2300/3737 loss=0.3504 seen_pairs=9,420,800 (61.5%) | cpu=9% ram=32% gpu=49% vram=78% gpu_temp=51C
[2026-03-08 19:12:20] final.twotower.train progress epoch=6/6 batch=2400/3737 loss=0.3389 seen_pairs=9,830,400 (64.2%) | cpu=9% ram=32% gpu=50% vram=78% gpu_temp=51C
[2026-03-08 19:12:22] final.twotower.train progress epoch=6/6 batch=2500/3737 loss=0.3499 seen_pairs=10,240,000 (66.9%) | cpu=9% ram=32% gpu=48% vram=78% gpu_temp=51C
[2026-03-08 19:12:24] final.twotower.train progress epoch=6/6 batch=2600/3737 loss=0.3458 seen_pairs=10,649,600 (69.6%) | cpu=10% ram=32% gpu=46% vram=78% gpu_temp=51C
[2026-03-08 19:12:25] final.twotower.train progress epoch=6/6 batch=2700/3737 loss=0.3557 seen_pairs=11,059,200 (72.3%) | cpu=11% ram=32% gpu=52% vram=78% gpu_temp=51C
[2026-03-08 19:12:27] final.twotower.train progress epoch=6/6 batch=2800/3737 loss=0.3497 seen_pairs=11,468,800 (74.9%) | cpu=10% ram=32% gpu=51% vram=78% gpu_temp=51C
[2026-03-08 19:12:29] final.twotower.train progress epoch=6/6 batch=2900/3737 loss=0.3431 seen_pairs=11,878,400 (77.6%) | cpu=10% ram=32% gpu=49% vram=78% gpu_temp=51C
[2026-03-08 19:12:30] final.twotower.train progress epoch=6/6 batch=3000/3737 loss=0.3503 seen_pairs=12,288,000 (80.3%) | cpu=10% ram=32% gpu=48% vram=78% gpu_temp=51C
[2026-03-08 19:12:32] final.twotower.train progress epoch=6/6 batch=3100/3737 loss=0.3469 seen_pairs=12,697,600 (83.0%) | cpu=9% ram=32% gpu=50% vram=78% gpu_temp=51C
[2026-03-08 19:12:34] final.twotower.train progress epoch=6/6 batch=3200/3737 loss=0.3485 seen_pairs=13,107,200 (85.6%) | cpu=9% ram=32% gpu=49% vram=78% gpu_temp=51C
[2026-03-08 19:12:35] final.twotower.train progress epoch=6/6 batch=3300/3737 loss=0.3411 seen_pairs=13,516,800 (88.3%) | cpu=10% ram=32% gpu=45% vram=78% gpu_temp=51C
[2026-03-08 19:12:37] final.twotower.train progress epoch=6/6 batch=3400/3737 loss=0.3479 seen_pairs=13,926,400 (91.0%) | cpu=10% ram=32% gpu=48% vram=78% gpu_temp=51C
[2026-03-08 19:12:39] final.twotower.train progress epoch=6/6 batch=3500/3737 loss=0.3484 seen_pairs=14,336,000 (93.7%) | cpu=10% ram=32% gpu=51% vram=78% gpu_temp=51C
[2026-03-08 19:12:40] final.twotower.train progress epoch=6/6 batch=3600/3737 loss=0.3459 seen_pairs=14,745,600 (96.3%) | cpu=9% ram=32% gpu=48% vram=78% gpu_temp=51C
[2026-03-08 19:12:42] final.twotower.train progress epoch=6/6 batch=3700/3737 loss=0.3446 seen_pairs=15,155,200 (99.0%) | cpu=9% ram=32% gpu=49% vram=78% gpu_temp=51C
[2026-03-08 19:12:43] final.twotower.train progress epoch=6/6 batch=3737/3737 loss=0.3391 seen_pairs=15,304,489 (100.0%) | cpu=10% ram=32% gpu=49% vram=78% gpu_temp=51C
[2026-03-08 19:12:43] final.twotower.train epoch_done epoch=6/6 avg_loss=0.34297 | cpu=4% ram=32% gpu=35% vram=78% gpu_temp=51C
[2026-03-08 19:12:43] Stage final.twotower.train done in 427.5s | cpu=16% ram=30% gpu=35% vram=78% gpu_temp=51C
[2026-03-08 19:12:53] final.twotower.candidates start users=161,578 topn=360 batch_size=1024 batches=158 | cpu=9% ram=34% gpu=13% vram=78% gpu_temp=47C
[2026-03-08 19:12:54] final.twotower.candidates progress users=10,240/161,578 (6.3%) | cpu=10% ram=36% gpu=24% vram=82% gpu_temp=47C
[2026-03-08 19:12:56] final.twotower.candidates progress users=20,480/161,578 (12.7%) | cpu=9% ram=38% gpu=27% vram=82% gpu_temp=47C
[2026-03-08 19:12:57] final.twotower.candidates progress users=30,720/161,578 (19.0%) | cpu=9% ram=40% gpu=24% vram=82% gpu_temp=46C
[2026-03-08 19:12:59] final.twotower.candidates progress users=40,960/161,578 (25.3%) | cpu=9% ram=42% gpu=40% vram=82% gpu_temp=46C
[2026-03-08 19:13:00] final.twotower.candidates progress users=51,200/161,578 (31.7%) | cpu=9% ram=43% gpu=24% vram=82% gpu_temp=46C
[2026-03-08 19:13:02] final.twotower.candidates progress users=61,440/161,578 (38.0%) | cpu=10% ram=45% gpu=37% vram=82% gpu_temp=46C
[2026-03-08 19:13:03] final.twotower.candidates progress users=71,680/161,578 (44.4%) | cpu=9% ram=47% gpu=25% vram=82% gpu_temp=46C
[2026-03-08 19:13:00] final.twotower.candidates progress users=81,920/161,578 (50.7%) | cpu=9% ram=48% gpu=40% vram=82% gpu_temp=46C
[2026-03-08 19:13:01] final.twotower.candidates progress users=92,160/161,578 (57.0%) | cpu=9% ram=50% gpu=25% vram=82% gpu_temp=45C
[2026-03-08 19:13:03] final.twotower.candidates progress users=102,400/161,578 (63.4%) | cpu=9% ram=52% gpu=35% vram=82% gpu_temp=46C
[2026-03-08 19:13:04] final.twotower.candidates progress users=112,640/161,578 (69.7%) | cpu=10% ram=53% gpu=24% vram=82% gpu_temp=45C
[2026-03-08 19:13:06] final.twotower.candidates progress users=122,880/161,578 (76.0%) | cpu=9% ram=55% gpu=37% vram=82% gpu_temp=45C
[2026-03-08 19:13:07] final.twotower.candidates progress users=133,120/161,578 (82.4%) | cpu=9% ram=57% gpu=25% vram=82% gpu_temp=45C
[2026-03-08 19:13:09] final.twotower.candidates progress users=143,360/161,578 (88.7%) | cpu=9% ram=58% gpu=36% vram=82% gpu_temp=45C
[2026-03-08 19:13:10] final.twotower.candidates progress users=153,600/161,578 (95.1%) | cpu=9% ram=60% gpu=25% vram=82% gpu_temp=45C
[2026-03-08 19:13:12] final.twotower.candidates progress users=161,578/161,578 (100.0%) | cpu=9% ram=61% gpu=20% vram=82% gpu_temp=45C
[2026-03-08 19:13:26] final.twotower.candidates start users=161,578 topn=360 batch_size=1024 batches=158 | cpu=9% ram=36% gpu=49% vram=82% gpu_temp=44C
[2026-03-08 19:13:27] final.twotower.candidates progress users=10,240/161,578 (6.3%) | cpu=13% ram=38% gpu=10% vram=82% gpu_temp=44C
[2026-03-08 19:13:29] final.twotower.candidates progress users=20,480/161,578 (12.7%) | cpu=26% ram=39% gpu=29% vram=82% gpu_temp=44C
[2026-03-08 19:13:30] final.twotower.candidates progress users=30,720/161,578 (19.0%) | cpu=17% ram=41% gpu=16% vram=82% gpu_temp=44C
[2026-03-08 19:13:32] final.twotower.candidates progress users=40,960/161,578 (25.3%) | cpu=10% ram=43% gpu=19% vram=82% gpu_temp=44C
[2026-03-08 19:13:33] final.twotower.candidates progress users=51,200/161,578 (31.7%) | cpu=10% ram=44% gpu=21% vram=82% gpu_temp=44C
[2026-03-08 19:13:39] final.twotower.candidates progress users=61,440/161,578 (38.0%) | cpu=10% ram=46% gpu=23% vram=82% gpu_temp=44C
[2026-03-08 19:13:36] final.twotower.candidates progress users=71,680/161,578 (44.4%) | cpu=9% ram=48% gpu=25% vram=82% gpu_temp=44C
[2026-03-08 19:13:37] final.twotower.candidates progress users=81,920/161,578 (50.7%) | cpu=10% ram=49% gpu=27% vram=82% gpu_temp=44C
[2026-03-08 19:13:39] final.twotower.candidates progress users=92,160/161,578 (57.0%) | cpu=10% ram=51% gpu=23% vram=82% gpu_temp=44C
[2026-03-08 19:13:40] final.twotower.candidates progress users=102,400/161,578 (63.4%) | cpu=10% ram=53% gpu=32% vram=82% gpu_temp=44C
[2026-03-08 19:13:42] final.twotower.candidates progress users=112,640/161,578 (69.7%) | cpu=10% ram=54% gpu=25% vram=82% gpu_temp=44C
[2026-03-08 19:13:43] final.twotower.candidates progress users=122,880/161,578 (76.0%) | cpu=9% ram=56% gpu=32% vram=82% gpu_temp=44C
[2026-03-08 19:13:45] final.twotower.candidates progress users=133,120/161,578 (82.4%) | cpu=9% ram=58% gpu=25% vram=82% gpu_temp=44C
[2026-03-08 19:13:46] final.twotower.candidates progress users=143,360/161,578 (88.7%) | cpu=9% ram=59% gpu=37% vram=82% gpu_temp=43C
[2026-03-08 19:13:48] final.twotower.candidates progress users=153,600/161,578 (95.1%) | cpu=9% ram=61% gpu=23% vram=82% gpu_temp=44C
[2026-03-08 19:13:50] final.twotower.candidates progress users=161,578/161,578 (100.0%) | cpu=9% ram=62% gpu=50% vram=82% gpu_temp=43C
[2026-03-08 19:14:00] Stage final.twotower.candidates done in 77.3s | val_rows=19,388,548 test_rows=19,388,548 | cpu=9% ram=37% gpu=41% vram=82% gpu_temp=43C
[2026-03-08 19:14:01] baseline.retrieval.setup algo=cosine users=161,578 items=47,187 interactions=15,304,489 | cpu=9% ram=38% gpu=21% vram=82% gpu_temp=43C
/home/zxczxc/mambaforge/envs/trainer/lib/python3.10/site-packages/implicit/utils.py:164: ParameterWarning: Method expects CSR input, and was passed coo_matrix instead. Converting to CSR took 0.04404306411743164 seconds
  warnings.warn(
  0%|          | 0/47187 [00:00<?, ?it/s]  0%|          | 178/47187 [00:00<00:26, 1777.10it/s]  0%|          | 180/47187 [00:00<00:26, 1784.22it/s]  0%|          | 181/47187 [00:00<00:26, 1784.22it/s]  1%|          | 363/47187 [00:00<00:26, 1760.72it/s]  1%|1         | 587/47187 [00:00<00:24, 1930.56it/s]  2%|1         | 875/47187 [00:00<00:20, 2250.53it/s]  2%|2         | 1101/47187 [00:00<00:22, 2075.63it/s]  3%|2         | 1312/47187 [00:00<00:30, 1522.14it/s]  3%|3         | 1585/47187 [00:00<00:25, 1802.99it/s]  4%|3         | 1868/47187 [00:00<00:21, 2061.76it/s]  4%|3         | 1870/47187 [00:00<00:18, 2421.35it/s]  4%|3         | 1870/47187 [00:00<00:18, 2421.35it/s]  5%|4         | 2127/47187 [00:01<00:19, 2312.55it/s]  5%|4         | 2128/47187 [00:01<00:20, 2241.60it/s]  5%|5         | 2404/47187 [00:01<00:18, 2380.55it/s]  5%|5         | 2405/47187 [00:01<00:18, 2485.88it/s]  6%|5         | 2700/47187 [00:01<00:17, 2612.63it/s]  6%|5         | 2704/47187 [00:01<00:16, 2705.08it/s]  6%|6         | 2980/47187 [00:01<00:16, 2675.44it/s]  7%|7         | 3317/47187 [00:01<00:15, 2870.18it/s]  7%|7         | 3319/47187 [00:01<00:14, 3008.36it/s]  8%|7         | 3681/47187 [00:01<00:13, 3187.88it/s]  8%|7         | 3683/47187 [00:01<00:12, 3407.42it/s]  8%|7         | 3683/47187 [00:01<00:12, 3407.42it/s]  9%|8         | 4107/47187 [00:01<00:11, 3653.87it/s]  9%|8         | 4110/47187 [00:01<00:10, 4035.46it/s]  9%|8         | 4110/47187 [00:01<00:10, 4035.46it/s]  9%|8         | 4110/47187 [00:01<00:10, 4035.46it/s] 10%|9         | 4664/47187 [00:01<00:09, 4481.28it/s] 10%|9         | 4668/47187 [00:01<00:08, 5173.16it/s] 10%|9         | 4669/47187 [00:01<00:08, 5173.16it/s] 10%|9         | 4670/47187 [00:01<00:08, 5173.16it/s] 11%|#         | 5188/47187 [00:01<00:08, 5081.00it/s] 11%|#         | 5190/47187 [00:01<00:08, 4975.37it/s] 11%|#         | 5190/47187 [00:01<00:08, 4975.37it/s] 12%|#2        | 5806/47187 [00:01<00:07, 5316.74it/s] 12%|#2        | 5809/47187 [00:01<00:07, 5853.98it/s] 12%|#2        | 5810/47187 [00:01<00:07, 5853.98it/s] 12%|#2        | 5810/47187 [00:01<00:07, 5853.98it/s] 14%|#3        | 6478/47187 [00:02<00:06, 6072.08it/s] 14%|#3        | 6479/47187 [00:02<00:06, 6218.32it/s] 15%|#5        | 7102/47187 [00:02<00:06, 6001.55it/s] 15%|#5        | 7104/47187 [00:02<00:06, 5759.11it/s] 15%|#5        | 7105/47187 [00:02<00:06, 5759.11it/s] 17%|#6        | 7828/47187 [00:02<00:06, 6169.44it/s] 19%|#8        | 8859/47187 [00:02<00:05, 7357.18it/s] 19%|#8        | 8864/47187 [00:02<00:03, 9777.95it/s] 19%|#8        | 8864/47187 [00:02<00:03, 9777.95it/s] 19%|#8        | 8866/47187 [00:02<00:03, 9777.95it/s] 19%|#8        | 8870/47187 [00:02<00:03, 9777.95it/s] 19%|#8        | 8870/47187 [00:02<00:03, 9777.95it/s] 21%|##1       | 10006/47187 [00:02<00:03, 10244.54it/s] 21%|##1       | 10009/47187 [00:02<00:03, 10955.45it/s] 21%|##1       | 10009/47187 [00:02<00:03, 10955.45it/s] 21%|##1       | 10010/47187 [00:02<00:03, 10955.45it/s] 24%|##3       | 11107/47187 [00:02<00:03, 9162.41it/s]  24%|##3       | 11109/47187 [00:02<00:04, 7658.10it/s] 24%|##3       | 11110/47187 [00:02<00:04, 7658.10it/s] 25%|##5       | 11921/47187 [00:02<00:04, 7483.63it/s] 25%|##5       | 11923/47187 [00:02<00:04, 7242.08it/s] 25%|##5       | 11924/47187 [00:02<00:04, 7242.08it/s] 27%|##7       | 12829/47187 [00:02<00:04, 7695.74it/s] 30%|##9       | 14065/47187 [00:02<00:03, 8937.42it/s] 30%|##9       | 14067/47187 [00:02<00:03, 10571.19it/s] 30%|##9       | 14067/47187 [00:02<00:03, 10571.19it/s] 33%|###3      | 15710/47187 [00:03<00:02, 12248.63it/s] 33%|###3      | 15713/47187 [00:03<00:02, 14924.55it/s] 33%|###3      | 15713/47187 [00:03<00:02, 14924.55it/s] 33%|###3      | 15715/47187 [00:03<00:02, 14924.55it/s] 37%|###7      | 17477/47187 [00:03<00:01, 15712.69it/s] 37%|###7      | 17478/47187 [00:03<00:01, 16258.16it/s] 41%|####      | 19117/47187 [00:03<00:01, 16151.62it/s] 41%|####      | 19120/47187 [00:03<00:01, 16005.81it/s] 41%|####      | 19123/47187 [00:03<00:01, 16005.81it/s] 45%|####4     | 21050/47187 [00:03<00:01, 16959.50it/s] 45%|####4     | 21053/47187 [00:03<00:01, 18410.37it/s] 45%|####4     | 21057/47187 [00:03<00:01, 18410.37it/s] 45%|####4     | 21062/47187 [00:03<00:01, 18410.37it/s] 53%|#####3    | 25043/47187 [00:03<00:00, 24764.79it/s] 53%|#####3    | 25049/47187 [00:03<00:00, 37781.92it/s] 53%|#####3    | 25051/47187 [00:03<00:00, 37781.92it/s] 53%|#####3    | 25054/47187 [00:03<00:00, 37781.92it/s] 53%|#####3    | 25063/47187 [00:03<00:00, 37781.92it/s] 53%|#####3    | 25072/47187 [00:03<00:00, 37781.92it/s] 53%|#####3    | 25094/47187 [00:03<00:00, 37781.92it/s] 64%|######3   | 30184/47187 [00:03<00:00, 41686.60it/s] 64%|######3   | 30192/47187 [00:03<00:00, 49950.30it/s] 64%|######3   | 30195/47187 [00:03<00:00, 49950.30it/s] 64%|######3   | 30198/47187 [00:03<00:00, 49950.30it/s] 64%|######4   | 30203/47187 [00:03<00:00, 49950.30it/s] 64%|######4   | 30207/47187 [00:03<00:00, 49950.30it/s] 64%|######4   | 30212/47187 [00:03<00:00, 49950.30it/s] 64%|######4   | 30220/47187 [00:03<00:00, 49950.30it/s] 76%|#######5  | 35726/47187 [00:03<00:00, 51433.88it/s] 76%|#######5  | 35731/47187 [00:03<00:00, 54030.17it/s] 76%|#######5  | 35731/47187 [00:03<00:00, 54030.17it/s] 76%|#######5  | 35732/47187 [00:03<00:00, 54030.17it/s] 76%|#######5  | 35736/47187 [00:03<00:00, 54030.17it/s] 76%|#######5  | 35740/47187 [00:03<00:00, 54030.17it/s] 88%|########7 | 41324/47187 [00:03<00:00, 54562.12it/s] 88%|########7 | 41331/47187 [00:03<00:00, 55547.57it/s] 88%|########7 | 41332/47187 [00:03<00:00, 55547.57it/s] 88%|########7 | 41342/47187 [00:03<00:00, 55547.57it/s] 88%|########7 | 41344/47187 [00:03<00:00, 55547.57it/s] 88%|########7 | 41355/47187 [00:03<00:00, 55547.57it/s] 88%|########7 | 41369/47187 [00:03<00:00, 55547.57it/s] 88%|########7 | 41381/47187 [00:03<00:00, 55547.57it/s] 99%|#########9| 46940/47187 [00:03<00:00, 52856.26it/s] 99%|#########9| 46943/47187 [00:03<00:00, 49108.04it/s]100%|#########9| 46952/47187 [00:03<00:00, 49108.04it/s]100%|#########9| 46959/47187 [00:03<00:00, 49108.04it/s]100%|##########| 47187/47187 [00:03<00:00, 11991.70it/s]
[2026-03-08 19:14:06] baseline.retrieval.fit algo=cosine K=200 threads=0 done_in=4.7s | cpu=54% ram=38% gpu=8% vram=82% gpu_temp=45C
[2026-03-08 19:14:06] Stage final.aux_retrieval.train done in 5.6s | algo=cosine | cpu=6% ram=38% gpu=8% vram=82% gpu_temp=45C
[2026-03-08 19:14:06] baseline.retrieval.candidates start users=161,578 batch_size=4096 batches=40 | cpu=12% ram=38% gpu=6% vram=82% gpu_temp=45C
[2026-03-08 19:14:14] baseline.retrieval.candidates progress users=40,960/161,578 (25.3%) | cpu=9% ram=38% gpu=21% vram=82% gpu_temp=43C
[2026-03-08 19:14:21] baseline.retrieval.candidates progress users=81,920/161,578 (50.7%) | cpu=9% ram=39% gpu=23% vram=82% gpu_temp=43C
[2026-03-08 19:14:28] baseline.retrieval.candidates progress users=122,880/161,578 (76.0%) | cpu=9% ram=39% gpu=42% vram=82% gpu_temp=42C
[2026-03-08 19:14:36] baseline.retrieval.candidates progress users=161,578/161,578 (100.0%) | cpu=14% ram=39% gpu=21% vram=82% gpu_temp=43C
[2026-03-08 19:14:36] baseline.retrieval.candidates start users=161,578 batch_size=4096 batches=40 | cpu=14% ram=39% gpu=21% vram=82% gpu_temp=43C
[2026-03-08 19:14:40] baseline.retrieval.candidates progress users=40,960/161,578 (25.3%) | cpu=9% ram=39% gpu=22% vram=82% gpu_temp=42C
[2026-03-08 19:14:47] baseline.retrieval.candidates progress users=81,920/161,578 (50.7%) | cpu=9% ram=39% gpu=44% vram=82% gpu_temp=42C
[2026-03-08 19:14:54] baseline.retrieval.candidates progress users=122,880/161,578 (76.0%) | cpu=9% ram=40% gpu=26% vram=82% gpu_temp=42C
[2026-03-08 19:15:01] baseline.retrieval.candidates progress users=161,578/161,578 (100.0%) | cpu=10% ram=40% gpu=21% vram=82% gpu_temp=41C
[2026-03-08 19:15:01] Stage final.aux_retrieval.candidates done in 58.8s | val_rows=19,389,360 test_rows=19,389,360 | cpu=12% ram=40% gpu=18% vram=82% gpu_temp=41C
[2026-03-08 19:18:30] Stage final.candidate_fusion done in 211.2s | tt_weight=0.40 als_weight=0.50 aux_algo=cosine aux_weight=0.10 val_rows=19,389,360 test_rows=19,389,360 | cpu=10% ram=46% gpu=0% vram=82% gpu_temp=40C
[2026-03-08 19:18:43] Stage final.retrieval.eval done in 12.8s
[2026-03-08 19:18:43] ranker.features start candidate_rows=19,389,360 train_rows=15,304,489 target_rows=161,578 | cpu=10% ram=46% gpu=0% vram=82% gpu_temp=40C
[2026-03-08 19:18:53] ranker.features base_signals_done | cpu=10% ram=61% gpu=0% vram=82% gpu_temp=39C
[2026-03-08 19:19:12] ranker.features genre_signals_done | cpu=12% ram=64% gpu=0% vram=82% gpu_temp=39C
[2026-03-08 19:19:22] ranker.features done rows=19,389,360 feature_cols=25 positive_rate=0.0039 | cpu=9% ram=65% gpu=0% vram=82% gpu_temp=39C
[2026-03-08 19:19:22] ranker.features start candidate_rows=19,389,360 train_rows=15,304,489 target_rows=161,578 | cpu=9% ram=61% gpu=0% vram=82% gpu_temp=39C
[2026-03-08 19:19:30] ranker.features base_signals_done | cpu=11% ram=76% gpu=0% vram=82% gpu_temp=39C
[2026-03-08 19:20:29] ranker.features genre_signals_done | cpu=11% ram=68% gpu=0% vram=82% gpu_temp=39C
[2026-03-08 19:20:44] ranker.features done rows=19,389,360 feature_cols=25 positive_rate=0.0036 | cpu=9% ram=69% gpu=3% vram=82% gpu_temp=39C
[2026-03-08 19:20:44] Stage final.ranker.features done in 120.7s | train_rows=19,389,360 test_rows=19,389,360 | cpu=7% ram=65% gpu=0% vram=82% gpu_temp=39C
[2026-03-08 19:20:52] ranker.train start rows=19,389,360 cols=25 positive_rate=0.0039 | cpu=6% ram=70% gpu=0% vram=82% gpu_temp=39C
[2026-03-08 19:21:47] ranker.train done framework=xgboost device=cuda in=55.4s | cpu=11% ram=70% gpu=22% vram=76% gpu_temp=50C
[2026-03-08 19:21:48] ranker.score start rows=19,389,360 cols=25 | cpu=10% ram=70% gpu=0% vram=76% gpu_temp=48C
[2026-03-08 19:21:50] ranker.score done rows=19,389,360 | cpu=9% ram=71% gpu=49% vram=96% gpu_temp=50C
[2026-03-08 19:21:50] Stage final.ranker.train+score done in 59.4s | scored_rows=19,389,360 | cpu=6% ram=63% gpu=49% vram=96% gpu_temp=50C
[2026-03-08 19:22:13] Stage final.ranker.eval done in 22.7s
[2026-03-08 19:23:03] Stage final.ranker.ensemble done in 50.5s | baseline_weight=0.45 final_weight=0.55
[2026-03-08 19:23:04] Saved: outputs/fullrun_gpu_hybrid3_cosine/tables/metrics_final.csv
[2026-03-08 19:23:04] Saved: outputs/fullrun_gpu_hybrid3_cosine/tables/metrics_comparison.csv
[2026-03-08 19:23:05] Stage plot.save done in 1.0s
[2026-03-08 19:23:05] Saved: outputs/fullrun_gpu_hybrid3_cosine/tables/split_stats.csv
[2026-03-08 19:23:05] Pipeline done in 1251.2s | cpu=10% ram=32% gpu=0% vram=96% gpu_temp=40C
saved=outputs/fullrun_gpu_hybrid3_cosine/tables/metrics_comparison.csv
                                  model  k   recall  hitrate     ndcg      map      mrr  users
                 baseline_retrieval_als 10 0.076285 0.076285 0.036462 0.024581 0.024581 161578
                 baseline_retrieval_als 20 0.135452 0.135452 0.051287 0.028580 0.028580 161578
                 baseline_retrieval_als 50 0.268162 0.268162 0.077423 0.032694 0.032694 161578
                        baseline_ranker 10 0.103845 0.103845 0.052795 0.037470 0.037470 161578
                        baseline_ranker 20 0.166297 0.166297 0.068458 0.041703 0.041703 161578
                        baseline_ranker 50 0.292596 0.292596 0.093362 0.045637 0.045637 161578
final_retrieval_two_tower_faiss_hybrid3 10 0.076749 0.076749 0.036244 0.024208 0.024208 161578
final_retrieval_two_tower_faiss_hybrid3 20 0.133502 0.133502 0.050449 0.028031 0.028031 161578
final_retrieval_two_tower_faiss_hybrid3 50 0.259070 0.259070 0.075168 0.031918 0.031918 161578
         final_ranker_two_tower_hybrid3 10 0.106172 0.106172 0.054781 0.039292 0.039292 161578
         final_ranker_two_tower_hybrid3 20 0.169986 0.169986 0.070789 0.043619 0.043619 161578
         final_ranker_two_tower_hybrid3 50 0.294421 0.294421 0.095331 0.047498 0.047498 161578
                  final_ranker_ensemble 10 0.107929 0.107929 0.055332 0.039509 0.039509 161578
                  final_ranker_ensemble 20 0.171044 0.171044 0.071177 0.043799 0.043799 161578
                  final_ranker_ensemble 50 0.296464 0.296464 0.095936 0.047722 0.047722 161578
