log_file=outputs/fullrun_gpu_quality_goal_stable_cpufeat_k220_chunked/logs/pipeline.log
[2026-03-09 13:40:38] Pipeline start | cpu=0% ram=6% gpu=28% vram=8% gpu_temp=54C
[2026-03-09 13:40:38] Outputs: ranker_scores=outputs/fullrun_gpu_quality_goal_stable_cpufeat_k220_chunked/ranker_scores
[2026-03-09 13:40:38] Outputs: tables=outputs/fullrun_gpu_quality_goal_stable_cpufeat_k220_chunked/tables figures=outputs/fullrun_gpu_quality_goal_stable_cpufeat_k220_chunked/figures
[2026-03-09 13:40:52] Stage data.load done in 16.4s | rows=15,630,129 users=162,414 items=47,396 | cpu=11% ram=8% gpu=28% vram=8% gpu_temp=54C
[2026-03-09 13:41:04] Stage data.split done in 11.3s | train=15,304,489 val=161,578 test=161,578 users_train=161,578 items_train=47,187 | cpu=9% ram=9% gpu=23% vram=8% gpu_temp=53C
[2026-03-09 13:41:05] Eval users: val=161,578 test=161,578
[2026-03-09 13:41:05] Saved: outputs/fullrun_gpu_quality_goal_stable_cpufeat_k220_chunked/ranker_scores/test_ground_truth.pkl
[2026-03-09 13:41:05] Eval setup: k_candidates=220 ks=[10, 20, 50]
[2026-03-09 13:41:06] baseline.retrieval.setup algo=als users=161,578 items=47,187 interactions=15,304,489 | cpu=13% ram=12% gpu=23% vram=8% gpu_temp=53C
  0%|          | 0/18 [00:00<?, ?it/s]  6%|5         | 1/18 [00:00<00:09,  1.77it/s] 11%|#1        | 2/18 [00:01<00:07,  2.02it/s] 17%|#6        | 3/18 [00:01<00:07,  2.11it/s] 22%|##2       | 4/18 [00:01<00:06,  2.15it/s] 28%|##7       | 5/18 [00:02<00:05,  2.19it/s] 33%|###3      | 6/18 [00:02<00:05,  2.20it/s] 39%|###8      | 7/18 [00:03<00:04,  2.21it/s] 44%|####4     | 8/18 [00:03<00:04,  2.22it/s] 50%|#####     | 9/18 [00:04<00:04,  2.21it/s] 56%|#####5    | 10/18 [00:04<00:03,  2.21it/s] 61%|######1   | 11/18 [00:05<00:03,  2.22it/s] 67%|######6   | 12/18 [00:05<00:02,  2.21it/s] 72%|#######2  | 13/18 [00:05<00:02,  2.21it/s] 78%|#######7  | 14/18 [00:06<00:01,  2.21it/s] 83%|########3 | 15/18 [00:06<00:01,  2.22it/s] 89%|########8 | 16/18 [00:07<00:00,  2.22it/s] 94%|#########4| 17/18 [00:07<00:00,  2.22it/s]100%|##########| 18/18 [00:08<00:00,  2.22it/s]100%|##########| 18/18 [00:08<00:00,  2.19it/s]
[2026-03-09 13:41:16] baseline.retrieval.fit algo=als use_gpu=True done_in=9.2s | cpu=13% ram=13% gpu=52% vram=11% gpu_temp=68C
[2026-03-09 13:41:16] Stage baseline.retrieval.train done in 10.5s | algo=als | cpu=12% ram=13% gpu=52% vram=11% gpu_temp=68C
[2026-03-09 13:41:16] baseline.retrieval.candidates start users=161,578 batch_size=8192 batches=20 | cpu=19% ram=13% gpu=2% vram=11% gpu_temp=68C
[2026-03-09 13:41:15] baseline.retrieval.candidates progress users=81,920/161,578 (50.7%) | cpu=10% ram=14% gpu=33% vram=54% gpu_temp=62C
[2026-03-09 13:41:16] baseline.retrieval.candidates progress users=161,578/161,578 (100.0%) | cpu=9% ram=15% gpu=39% vram=54% gpu_temp=61C
[2026-03-09 13:41:16] baseline.retrieval.candidates reuse test_from_val=true | cpu=12% ram=15% gpu=4% vram=54% gpu_temp=60C
[2026-03-09 13:41:16] Stage baseline.retrieval.candidates done in 3.2s | val_rows=35,547,160 test_rows=35,547,160 reused_from_val=True | cpu=8% ram=15% gpu=4% vram=54% gpu_temp=60C
[2026-03-09 13:41:48] Stage baseline.retrieval.eval done in 34.2s
[2026-03-09 13:41:53] ranker.features context_ready backend=cudf genre_vocab=19 user_recent_masks=161,578 | cpu=10% ram=17% gpu=13% vram=54% gpu_temp=55C
[2026-03-09 13:41:53] ranker.features start candidate_rows=35,547,160 train_rows=15,304,489 target_rows=161,578 | cpu=7% ram=17% gpu=13% vram=54% gpu_temp=55C
[2026-03-09 13:41:53] ranker.features backend=cudf | cpu=5% ram=17% gpu=13% vram=54% gpu_temp=55C
[2026-03-09 13:41:54] ranker.features merges_start backend=cudf rows=35,547,160 | cpu=12% ram=20% gpu=30% vram=59% gpu_temp=55C
[2026-03-09 13:41:55] ranker.features merge_done backend=cudf name=user_cnt rows=35,547,160 in=0.3s | cpu=14% ram=20% gpu=96% vram=67% gpu_temp=55C
[2026-03-09 13:41:55] ranker.features merge_done backend=cudf name=item_cnt rows=35,547,160 in=0.1s | cpu=9% ram=20% gpu=51% vram=71% gpu_temp=59C
[2026-03-09 13:41:55] ranker.features merge_done backend=cudf name=user_mean rows=35,547,160 in=0.1s | cpu=16% ram=20% gpu=38% vram=74% gpu_temp=59C
[2026-03-09 13:41:55] ranker.features merge_done backend=cudf name=item_mean rows=35,547,160 in=0.1s | cpu=14% ram=20% gpu=47% vram=77% gpu_temp=59C
[2026-03-09 13:41:56] ranker.features merge_done backend=cudf name=user_last_ts rows=35,547,160 in=0.5s | cpu=12% ram=20% gpu=19% vram=74% gpu_temp=58C
[2026-03-09 13:41:56] ranker.features merge_done backend=cudf name=user_first_ts rows=35,547,160 in=0.4s | cpu=15% ram=20% gpu=26% vram=74% gpu_temp=58C
[2026-03-09 13:41:57] ranker.features merge_done backend=cudf name=item_last_ts rows=35,547,160 in=0.4s | cpu=12% ram=20% gpu=44% vram=75% gpu_temp=58C
[2026-03-09 13:41:57] ranker.features merge_done backend=cudf name=query_ts rows=35,547,160 in=0.5s | cpu=11% ram=20% gpu=48% vram=74% gpu_temp=58C
[2026-03-09 13:41:59] ranker.features to_pandas_start rows=35,547,160 | cpu=9% ram=20% gpu=38% vram=96% gpu_temp=58C
[2026-03-09 13:43:15] ranker.features to_pandas_done rows=35,547,160 in=81.3s | cpu=10% ram=34% gpu=31% vram=96% gpu_temp=54C
[2026-03-09 13:43:15] ranker.features base_signals_done | cpu=5% ram=34% gpu=25% vram=96% gpu_temp=54C
[2026-03-09 13:43:21] ranker.features genre_signals_done | cpu=8% ram=42% gpu=30% vram=52% gpu_temp=54C
[2026-03-09 13:43:22] ranker.features labels_ready rows=161,578 | cpu=6% ram=42% gpu=30% vram=52% gpu_temp=54C
[2026-03-09 13:43:39] ranker.features labels_merged rows=35,547,160 in=17.0s | cpu=9% ram=43% gpu=24% vram=53% gpu_temp=54C
[2026-03-09 13:43:45] ranker.features done rows=35,547,160 feature_cols=21 positive_rate=0.0028 | cpu=10% ram=42% gpu=28% vram=53% gpu_temp=54C
[2026-03-09 13:43:45] ranker.features start candidate_rows=35,547,160 train_rows=15,304,489 target_rows=161,578 | cpu=6% ram=36% gpu=25% vram=53% gpu_temp=54C
[2026-03-09 13:43:45] ranker.features backend=cudf | cpu=8% ram=36% gpu=25% vram=53% gpu_temp=54C
[2026-03-09 13:43:46] ranker.features merges_start backend=cudf rows=35,547,160 | cpu=7% ram=37% gpu=40% vram=58% gpu_temp=54C
[2026-03-09 13:43:46] ranker.features merge_done backend=cudf name=user_cnt rows=35,547,160 in=0.3s | cpu=12% ram=37% gpu=92% vram=66% gpu_temp=54C
[2026-03-09 13:43:47] ranker.features merge_done backend=cudf name=item_cnt rows=35,547,160 in=0.1s | cpu=11% ram=37% gpu=43% vram=69% gpu_temp=55C
[2026-03-09 13:43:47] ranker.features merge_done backend=cudf name=user_mean rows=35,547,160 in=0.1s | cpu=13% ram=37% gpu=54% vram=73% gpu_temp=55C
[2026-03-09 13:43:47] ranker.features merge_done backend=cudf name=item_mean rows=35,547,160 in=0.2s | cpu=16% ram=37% gpu=47% vram=76% gpu_temp=55C
[2026-03-09 13:43:47] ranker.features merge_done backend=cudf name=user_last_ts rows=35,547,160 in=0.2s | cpu=19% ram=37% gpu=40% vram=74% gpu_temp=56C
[2026-03-09 13:43:48] ranker.features merge_done backend=cudf name=user_first_ts rows=35,547,160 in=0.3s | cpu=14% ram=37% gpu=57% vram=75% gpu_temp=56C
[2026-03-09 13:43:48] ranker.features merge_done backend=cudf name=item_last_ts rows=35,547,160 in=0.4s | cpu=11% ram=37% gpu=57% vram=75% gpu_temp=58C
[2026-03-09 13:43:49] ranker.features merge_done backend=cudf name=query_ts rows=35,547,160 in=0.5s | cpu=10% ram=37% gpu=17% vram=75% gpu_temp=58C
[2026-03-09 13:43:51] ranker.features to_pandas_start rows=35,547,160 | cpu=8% ram=38% gpu=26% vram=96% gpu_temp=57C
[2026-03-09 13:45:44] ranker.features to_pandas_done rows=35,547,160 in=123.6s | cpu=11% ram=37% gpu=31% vram=96% gpu_temp=54C
[2026-03-09 13:45:44] ranker.features base_signals_done | cpu=8% ram=37% gpu=31% vram=96% gpu_temp=54C
[2026-03-09 13:45:56] ranker.features genre_signals_done | cpu=10% ram=46% gpu=40% vram=52% gpu_temp=54C
[2026-03-09 13:45:56] ranker.features labels_ready rows=161,578 | cpu=6% ram=46% gpu=41% vram=52% gpu_temp=54C
[2026-03-09 13:46:13] ranker.features labels_merged rows=35,547,160 in=18.4s | cpu=10% ram=47% gpu=25% vram=53% gpu_temp=54C
[2026-03-09 13:46:19] ranker.features done rows=35,547,160 feature_cols=21 positive_rate=0.0026 | cpu=12% ram=45% gpu=40% vram=53% gpu_temp=54C
[2026-03-09 13:46:19] Stage baseline.ranker.features done in 293.1s | train_rows=35,547,160 test_rows=35,547,160 | cpu=9% ram=40% gpu=40% vram=53% gpu_temp=54C
[2026-03-09 13:46:43] ranker.train start rows=35,547,160 cols=21 positive_rate=0.0028 | cpu=9% ram=66% gpu=35% vram=53% gpu_temp=55C
[2026-03-09 13:48:40] ranker.train done framework=xgboost device=cuda in=111.9s | cpu=10% ram=70% gpu=6% vram=53% gpu_temp=77C
[2026-03-09 13:48:42] ranker.score start rows=35,547,160 cols=21 | cpu=11% ram=68% gpu=10% vram=53% gpu_temp=67C
[2026-03-09 13:48:51] ranker.score done rows=35,547,160 | cpu=11% ram=89% gpu=6% vram=89% gpu_temp=66C
[2026-03-09 13:48:51] Stage baseline.ranker.train+score done in 164.0s | scored_rows=35,547,160 | cpu=12% ram=75% gpu=5% vram=55% gpu_temp=66C
[2026-03-09 13:48:52] Stage ranker.scores.save done in 1.2s | name=baseline_scores rows=35,547,160 path=outputs/fullrun_gpu_quality_goal_stable_cpufeat_k220_chunked/ranker_scores/baseline_scores.pkl
[2026-03-09 13:49:28] Stage baseline.ranker.eval done in 36.4s
[2026-03-09 13:49:28] Saved: outputs/fullrun_gpu_quality_goal_stable_cpufeat_k220_chunked/tables/metrics_baseline.csv
[2026-03-09 13:49:35] final.twotower.setup device=cuda users=161,578 items=47,187 pairs=15,304,489 batch_size=6144 negatives=20 | cpu=16% ram=39% gpu=24% vram=56% gpu_temp=59C
[2026-03-09 13:49:46] final.twotower.train progress epoch=1/8 batch=80/2491 loss=0.6931 seen_pairs=491,520 (3.2%) | cpu=15% ram=40% gpu=50% vram=61% gpu_temp=63C
[2026-03-09 13:49:49] final.twotower.train progress epoch=1/8 batch=160/2491 loss=0.6932 seen_pairs=983,040 (6.4%) | cpu=18% ram=40% gpu=47% vram=61% gpu_temp=63C
[2026-03-09 13:49:51] final.twotower.train progress epoch=1/8 batch=240/2491 loss=0.6934 seen_pairs=1,474,560 (9.6%) | cpu=10% ram=40% gpu=51% vram=61% gpu_temp=64C
[2026-03-09 13:49:53] final.twotower.train progress epoch=1/8 batch=320/2491 loss=0.6926 seen_pairs=1,966,080 (12.8%) | cpu=12% ram=40% gpu=51% vram=61% gpu_temp=64C
[2026-03-09 13:49:56] final.twotower.train progress epoch=1/8 batch=400/2491 loss=0.6910 seen_pairs=2,457,600 (16.1%) | cpu=19% ram=40% gpu=50% vram=61% gpu_temp=63C
[2026-03-09 13:49:58] final.twotower.train progress epoch=1/8 batch=480/2491 loss=0.6868 seen_pairs=2,949,120 (19.3%) | cpu=11% ram=40% gpu=51% vram=61% gpu_temp=65C
[2026-03-09 13:50:00] final.twotower.train progress epoch=1/8 batch=560/2491 loss=0.6745 seen_pairs=3,440,640 (22.5%) | cpu=17% ram=40% gpu=48% vram=61% gpu_temp=65C
[2026-03-09 13:50:03] final.twotower.train progress epoch=1/8 batch=640/2491 loss=0.6521 seen_pairs=3,932,160 (25.7%) | cpu=17% ram=40% gpu=46% vram=61% gpu_temp=65C
[2026-03-09 13:50:05] final.twotower.train progress epoch=1/8 batch=720/2491 loss=0.6212 seen_pairs=4,423,680 (28.9%) | cpu=10% ram=40% gpu=49% vram=61% gpu_temp=65C
[2026-03-09 13:50:07] final.twotower.train progress epoch=1/8 batch=800/2491 loss=0.5909 seen_pairs=4,915,200 (32.1%) | cpu=10% ram=40% gpu=51% vram=61% gpu_temp=65C
[2026-03-09 13:50:10] final.twotower.train progress epoch=1/8 batch=880/2491 loss=0.5644 seen_pairs=5,406,720 (35.3%) | cpu=9% ram=40% gpu=50% vram=61% gpu_temp=66C
[2026-03-09 13:50:12] final.twotower.train progress epoch=1/8 batch=960/2491 loss=0.5414 seen_pairs=5,898,240 (38.5%) | cpu=10% ram=40% gpu=50% vram=61% gpu_temp=66C
[2026-03-09 13:50:12] final.twotower.train progress epoch=1/8 batch=1040/2491 loss=0.5228 seen_pairs=6,389,760 (41.8%) | cpu=18% ram=40% gpu=46% vram=61% gpu_temp=66C
[2026-03-09 13:50:14] final.twotower.train progress epoch=1/8 batch=1120/2491 loss=0.5049 seen_pairs=6,881,280 (45.0%) | cpu=14% ram=40% gpu=40% vram=61% gpu_temp=66C
[2026-03-09 13:50:17] final.twotower.train progress epoch=1/8 batch=1200/2491 loss=0.5000 seen_pairs=7,372,800 (48.2%) | cpu=15% ram=40% gpu=42% vram=61% gpu_temp=67C
[2026-03-09 13:50:19] final.twotower.train progress epoch=1/8 batch=1280/2491 loss=0.4847 seen_pairs=7,864,320 (51.4%) | cpu=9% ram=40% gpu=50% vram=61% gpu_temp=67C
[2026-03-09 13:50:21] final.twotower.train progress epoch=1/8 batch=1360/2491 loss=0.4724 seen_pairs=8,355,840 (54.6%) | cpu=10% ram=40% gpu=49% vram=61% gpu_temp=67C
[2026-03-09 13:50:24] final.twotower.train progress epoch=1/8 batch=1440/2491 loss=0.4647 seen_pairs=8,847,360 (57.8%) | cpu=15% ram=40% gpu=49% vram=61% gpu_temp=66C
[2026-03-09 13:50:26] final.twotower.train progress epoch=1/8 batch=1520/2491 loss=0.4635 seen_pairs=9,338,880 (61.0%) | cpu=26% ram=40% gpu=50% vram=61% gpu_temp=67C
[2026-03-09 13:50:29] final.twotower.train progress epoch=1/8 batch=1600/2491 loss=0.4564 seen_pairs=9,830,400 (64.2%) | cpu=20% ram=40% gpu=42% vram=61% gpu_temp=67C
[2026-03-09 13:50:31] final.twotower.train progress epoch=1/8 batch=1680/2491 loss=0.4530 seen_pairs=10,321,920 (67.4%) | cpu=12% ram=40% gpu=48% vram=61% gpu_temp=68C
[2026-03-09 13:50:33] final.twotower.train progress epoch=1/8 batch=1760/2491 loss=0.4477 seen_pairs=10,813,440 (70.7%) | cpu=7% ram=40% gpu=48% vram=61% gpu_temp=68C
[2026-03-09 13:50:36] final.twotower.train progress epoch=1/8 batch=1840/2491 loss=0.4413 seen_pairs=11,304,960 (73.9%) | cpu=7% ram=40% gpu=47% vram=61% gpu_temp=67C
[2026-03-09 13:50:38] final.twotower.train progress epoch=1/8 batch=1920/2491 loss=0.4342 seen_pairs=11,796,480 (77.1%) | cpu=7% ram=40% gpu=48% vram=61% gpu_temp=68C
[2026-03-09 13:50:40] final.twotower.train progress epoch=1/8 batch=2000/2491 loss=0.4252 seen_pairs=12,288,000 (80.3%) | cpu=8% ram=40% gpu=48% vram=61% gpu_temp=68C
[2026-03-09 13:50:42] final.twotower.train progress epoch=1/8 batch=2080/2491 loss=0.4248 seen_pairs=12,779,520 (83.5%) | cpu=8% ram=40% gpu=46% vram=61% gpu_temp=68C
[2026-03-09 13:50:42] final.twotower.train progress epoch=1/8 batch=2160/2491 loss=0.4223 seen_pairs=13,271,040 (86.7%) | cpu=7% ram=40% gpu=43% vram=61% gpu_temp=68C
[2026-03-09 13:50:44] final.twotower.train progress epoch=1/8 batch=2240/2491 loss=0.4220 seen_pairs=13,762,560 (89.9%) | cpu=7% ram=40% gpu=46% vram=61% gpu_temp=68C
[2026-03-09 13:50:47] final.twotower.train progress epoch=1/8 batch=2320/2491 loss=0.4191 seen_pairs=14,254,080 (93.1%) | cpu=8% ram=40% gpu=46% vram=61% gpu_temp=68C
[2026-03-09 13:50:49] final.twotower.train progress epoch=1/8 batch=2400/2491 loss=0.4162 seen_pairs=14,745,600 (96.3%) | cpu=8% ram=40% gpu=46% vram=61% gpu_temp=68C
[2026-03-09 13:50:51] final.twotower.train progress epoch=1/8 batch=2480/2491 loss=0.4066 seen_pairs=15,237,120 (99.6%) | cpu=7% ram=40% gpu=47% vram=61% gpu_temp=68C
[2026-03-09 13:50:52] final.twotower.train progress epoch=1/8 batch=2491/2491 loss=0.4141 seen_pairs=15,304,489 (100.0%) | cpu=11% ram=40% gpu=47% vram=61% gpu_temp=68C
[2026-03-09 13:50:52] final.twotower.train epoch_done epoch=1/8 avg_loss=0.53177 | cpu=5% ram=40% gpu=47% vram=61% gpu_temp=68C
[2026-03-09 13:51:05] final.twotower.train progress epoch=2/8 batch=80/2491 loss=0.4019 seen_pairs=491,520 (3.2%) | cpu=7% ram=40% gpu=48% vram=61% gpu_temp=67C
[2026-03-09 13:51:07] final.twotower.train progress epoch=2/8 batch=160/2491 loss=0.3977 seen_pairs=983,040 (6.4%) | cpu=8% ram=40% gpu=46% vram=61% gpu_temp=66C
[2026-03-09 13:51:09] final.twotower.train progress epoch=2/8 batch=240/2491 loss=0.4009 seen_pairs=1,474,560 (9.6%) | cpu=7% ram=40% gpu=47% vram=61% gpu_temp=67C
[2026-03-09 13:51:11] final.twotower.train progress epoch=2/8 batch=320/2491 loss=0.3922 seen_pairs=1,966,080 (12.8%) | cpu=8% ram=40% gpu=48% vram=61% gpu_temp=67C
[2026-03-09 13:51:11] final.twotower.train progress epoch=2/8 batch=400/2491 loss=0.3987 seen_pairs=2,457,600 (16.1%) | cpu=7% ram=40% gpu=48% vram=61% gpu_temp=67C
[2026-03-09 13:51:13] final.twotower.train progress epoch=2/8 batch=480/2491 loss=0.3957 seen_pairs=2,949,120 (19.3%) | cpu=7% ram=40% gpu=48% vram=61% gpu_temp=67C
[2026-03-09 13:51:16] final.twotower.train progress epoch=2/8 batch=560/2491 loss=0.3979 seen_pairs=3,440,640 (22.5%) | cpu=8% ram=40% gpu=48% vram=61% gpu_temp=67C
[2026-03-09 13:51:18] final.twotower.train progress epoch=2/8 batch=640/2491 loss=0.3941 seen_pairs=3,932,160 (25.7%) | cpu=8% ram=40% gpu=43% vram=61% gpu_temp=67C
[2026-03-09 13:51:20] final.twotower.train progress epoch=2/8 batch=720/2491 loss=0.3974 seen_pairs=4,423,680 (28.9%) | cpu=8% ram=40% gpu=46% vram=61% gpu_temp=68C
[2026-03-09 13:51:22] final.twotower.train progress epoch=2/8 batch=800/2491 loss=0.3922 seen_pairs=4,915,200 (32.1%) | cpu=7% ram=40% gpu=48% vram=61% gpu_temp=68C
[2026-03-09 13:51:25] final.twotower.train progress epoch=2/8 batch=880/2491 loss=0.3912 seen_pairs=5,406,720 (35.3%) | cpu=7% ram=40% gpu=48% vram=61% gpu_temp=68C
[2026-03-09 13:51:27] final.twotower.train progress epoch=2/8 batch=960/2491 loss=0.3895 seen_pairs=5,898,240 (38.5%) | cpu=7% ram=40% gpu=45% vram=61% gpu_temp=68C
[2026-03-09 13:51:29] final.twotower.train progress epoch=2/8 batch=1040/2491 loss=0.3934 seen_pairs=6,389,760 (41.8%) | cpu=7% ram=40% gpu=48% vram=61% gpu_temp=68C
[2026-03-09 13:51:31] final.twotower.train progress epoch=2/8 batch=1120/2491 loss=0.3917 seen_pairs=6,881,280 (45.0%) | cpu=7% ram=40% gpu=48% vram=61% gpu_temp=68C
[2026-03-09 13:51:34] final.twotower.train progress epoch=2/8 batch=1200/2491 loss=0.3767 seen_pairs=7,372,800 (48.2%) | cpu=7% ram=40% gpu=48% vram=61% gpu_temp=68C
[2026-03-09 13:51:36] final.twotower.train progress epoch=2/8 batch=1280/2491 loss=0.3901 seen_pairs=7,864,320 (51.4%) | cpu=7% ram=40% gpu=48% vram=61% gpu_temp=68C
[2026-03-09 13:51:38] final.twotower.train progress epoch=2/8 batch=1360/2491 loss=0.3859 seen_pairs=8,355,840 (54.6%) | cpu=7% ram=40% gpu=46% vram=62% gpu_temp=69C
[2026-03-09 13:51:41] final.twotower.train progress epoch=2/8 batch=1440/2491 loss=0.3953 seen_pairs=8,847,360 (57.8%) | cpu=8% ram=40% gpu=47% vram=61% gpu_temp=68C
[2026-03-09 13:51:40] final.twotower.train progress epoch=2/8 batch=1520/2491 loss=0.3804 seen_pairs=9,338,880 (61.0%) | cpu=8% ram=40% gpu=47% vram=61% gpu_temp=68C
[2026-03-09 13:51:43] final.twotower.train progress epoch=2/8 batch=1600/2491 loss=0.3827 seen_pairs=9,830,400 (64.2%) | cpu=7% ram=40% gpu=46% vram=61% gpu_temp=68C
[2026-03-09 13:51:45] final.twotower.train progress epoch=2/8 batch=1680/2491 loss=0.3839 seen_pairs=10,321,920 (67.4%) | cpu=7% ram=40% gpu=47% vram=61% gpu_temp=69C
[2026-03-09 13:51:47] final.twotower.train progress epoch=2/8 batch=1760/2491 loss=0.3826 seen_pairs=10,813,440 (70.7%) | cpu=7% ram=40% gpu=48% vram=61% gpu_temp=69C
[2026-03-09 13:51:49] final.twotower.train progress epoch=2/8 batch=1840/2491 loss=0.3775 seen_pairs=11,304,960 (73.9%) | cpu=7% ram=40% gpu=48% vram=61% gpu_temp=69C
[2026-03-09 13:51:52] final.twotower.train progress epoch=2/8 batch=1920/2491 loss=0.3842 seen_pairs=11,796,480 (77.1%) | cpu=7% ram=40% gpu=48% vram=61% gpu_temp=69C
[2026-03-09 13:51:54] final.twotower.train progress epoch=2/8 batch=2000/2491 loss=0.3831 seen_pairs=12,288,000 (80.3%) | cpu=7% ram=40% gpu=48% vram=61% gpu_temp=69C
[2026-03-09 13:51:56] final.twotower.train progress epoch=2/8 batch=2080/2491 loss=0.3811 seen_pairs=12,779,520 (83.5%) | cpu=7% ram=40% gpu=48% vram=61% gpu_temp=69C
[2026-03-09 13:51:58] final.twotower.train progress epoch=2/8 batch=2160/2491 loss=0.3726 seen_pairs=13,271,040 (86.7%) | cpu=8% ram=40% gpu=48% vram=61% gpu_temp=69C
[2026-03-09 13:52:01] final.twotower.train progress epoch=2/8 batch=2240/2491 loss=0.3795 seen_pairs=13,762,560 (89.9%) | cpu=7% ram=40% gpu=47% vram=61% gpu_temp=69C
[2026-03-09 13:52:03] final.twotower.train progress epoch=2/8 batch=2320/2491 loss=0.3740 seen_pairs=14,254,080 (93.1%) | cpu=7% ram=40% gpu=48% vram=61% gpu_temp=69C
[2026-03-09 13:52:05] final.twotower.train progress epoch=2/8 batch=2400/2491 loss=0.3783 seen_pairs=14,745,600 (96.3%) | cpu=7% ram=40% gpu=47% vram=61% gpu_temp=69C
[2026-03-09 13:52:07] final.twotower.train progress epoch=2/8 batch=2480/2491 loss=0.3774 seen_pairs=15,237,120 (99.6%) | cpu=7% ram=40% gpu=48% vram=61% gpu_temp=69C
[2026-03-09 13:52:08] final.twotower.train progress epoch=2/8 batch=2491/2491 loss=0.3800 seen_pairs=15,304,489 (100.0%) | cpu=11% ram=40% gpu=46% vram=61% gpu_temp=69C
[2026-03-09 13:52:08] final.twotower.train epoch_done epoch=2/8 avg_loss=0.38779 | cpu=5% ram=40% gpu=46% vram=61% gpu_temp=69C
[2026-03-09 13:52:21] final.twotower.train progress epoch=3/8 batch=80/2491 loss=0.3610 seen_pairs=491,520 (3.2%) | cpu=7% ram=40% gpu=48% vram=61% gpu_temp=67C
[2026-03-09 13:52:23] final.twotower.train progress epoch=3/8 batch=160/2491 loss=0.3632 seen_pairs=983,040 (6.4%) | cpu=7% ram=40% gpu=47% vram=61% gpu_temp=68C
[2026-03-09 13:52:25] final.twotower.train progress epoch=3/8 batch=240/2491 loss=0.3698 seen_pairs=1,474,560 (9.6%) | cpu=7% ram=40% gpu=48% vram=61% gpu_temp=68C
[2026-03-09 13:52:24] final.twotower.train progress epoch=3/8 batch=320/2491 loss=0.3708 seen_pairs=1,966,080 (12.8%) | cpu=8% ram=40% gpu=48% vram=61% gpu_temp=68C
[2026-03-09 13:52:26] final.twotower.train progress epoch=3/8 batch=400/2491 loss=0.3664 seen_pairs=2,457,600 (16.1%) | cpu=7% ram=40% gpu=48% vram=61% gpu_temp=68C
[2026-03-09 13:52:28] final.twotower.train progress epoch=3/8 batch=480/2491 loss=0.3651 seen_pairs=2,949,120 (19.3%) | cpu=7% ram=40% gpu=43% vram=61% gpu_temp=68C
[2026-03-09 13:52:31] final.twotower.train progress epoch=3/8 batch=560/2491 loss=0.3727 seen_pairs=3,440,640 (22.5%) | cpu=7% ram=40% gpu=47% vram=61% gpu_temp=68C
[2026-03-09 13:52:33] final.twotower.train progress epoch=3/8 batch=640/2491 loss=0.3670 seen_pairs=3,932,160 (25.7%) | cpu=7% ram=40% gpu=48% vram=61% gpu_temp=68C
[2026-03-09 13:52:35] final.twotower.train progress epoch=3/8 batch=720/2491 loss=0.3678 seen_pairs=4,423,680 (28.9%) | cpu=7% ram=40% gpu=48% vram=61% gpu_temp=68C
[2026-03-09 13:52:37] final.twotower.train progress epoch=3/8 batch=800/2491 loss=0.3680 seen_pairs=4,915,200 (32.1%) | cpu=7% ram=40% gpu=47% vram=61% gpu_temp=68C
[2026-03-09 13:52:40] final.twotower.train progress epoch=3/8 batch=880/2491 loss=0.3627 seen_pairs=5,406,720 (35.3%) | cpu=8% ram=40% gpu=48% vram=61% gpu_temp=69C
[2026-03-09 13:52:42] final.twotower.train progress epoch=3/8 batch=960/2491 loss=0.3698 seen_pairs=5,898,240 (38.5%) | cpu=7% ram=40% gpu=48% vram=61% gpu_temp=68C
[2026-03-09 13:52:44] final.twotower.train progress epoch=3/8 batch=1040/2491 loss=0.3699 seen_pairs=6,389,760 (41.8%) | cpu=7% ram=40% gpu=47% vram=61% gpu_temp=68C
[2026-03-09 13:52:46] final.twotower.train progress epoch=3/8 batch=1120/2491 loss=0.3705 seen_pairs=6,881,280 (45.0%) | cpu=7% ram=40% gpu=48% vram=61% gpu_temp=69C
[2026-03-09 13:52:48] final.twotower.train progress epoch=3/8 batch=1200/2491 loss=0.3657 seen_pairs=7,372,800 (48.2%) | cpu=7% ram=40% gpu=48% vram=61% gpu_temp=69C
[2026-03-09 13:52:51] final.twotower.train progress epoch=3/8 batch=1280/2491 loss=0.3666 seen_pairs=7,864,320 (51.4%) | cpu=7% ram=40% gpu=48% vram=61% gpu_temp=68C
[2026-03-09 13:52:53] final.twotower.train progress epoch=3/8 batch=1360/2491 loss=0.3652 seen_pairs=8,355,840 (54.6%) | cpu=7% ram=40% gpu=46% vram=61% gpu_temp=68C
[2026-03-09 13:52:55] final.twotower.train progress epoch=3/8 batch=1440/2491 loss=0.3653 seen_pairs=8,847,360 (57.8%) | cpu=7% ram=40% gpu=48% vram=61% gpu_temp=69C
[2026-03-09 13:52:55] final.twotower.train progress epoch=3/8 batch=1520/2491 loss=0.3661 seen_pairs=9,338,880 (61.0%) | cpu=7% ram=40% gpu=48% vram=61% gpu_temp=69C
[2026-03-09 13:52:57] final.twotower.train progress epoch=3/8 batch=1600/2491 loss=0.3631 seen_pairs=9,830,400 (64.2%) | cpu=7% ram=40% gpu=47% vram=61% gpu_temp=69C
[2026-03-09 13:52:59] final.twotower.train progress epoch=3/8 batch=1680/2491 loss=0.3706 seen_pairs=10,321,920 (67.4%) | cpu=7% ram=40% gpu=48% vram=61% gpu_temp=69C
[2026-03-09 13:53:02] final.twotower.train progress epoch=3/8 batch=1760/2491 loss=0.3578 seen_pairs=10,813,440 (70.7%) | cpu=7% ram=40% gpu=48% vram=61% gpu_temp=69C
[2026-03-09 13:53:04] final.twotower.train progress epoch=3/8 batch=1840/2491 loss=0.3638 seen_pairs=11,304,960 (73.9%) | cpu=7% ram=40% gpu=48% vram=61% gpu_temp=69C
[2026-03-09 13:53:06] final.twotower.train progress epoch=3/8 batch=1920/2491 loss=0.3677 seen_pairs=11,796,480 (77.1%) | cpu=8% ram=40% gpu=47% vram=61% gpu_temp=69C
[2026-03-09 13:53:08] final.twotower.train progress epoch=3/8 batch=2000/2491 loss=0.3676 seen_pairs=12,288,000 (80.3%) | cpu=8% ram=40% gpu=48% vram=61% gpu_temp=69C
[2026-03-09 13:53:11] final.twotower.train progress epoch=3/8 batch=2080/2491 loss=0.3640 seen_pairs=12,779,520 (83.5%) | cpu=7% ram=40% gpu=47% vram=61% gpu_temp=69C
[2026-03-09 13:53:13] final.twotower.train progress epoch=3/8 batch=2160/2491 loss=0.3608 seen_pairs=13,271,040 (86.7%) | cpu=7% ram=40% gpu=48% vram=61% gpu_temp=69C
[2026-03-09 13:53:15] final.twotower.train progress epoch=3/8 batch=2240/2491 loss=0.3612 seen_pairs=13,762,560 (89.9%) | cpu=7% ram=40% gpu=47% vram=61% gpu_temp=69C
[2026-03-09 13:53:17] final.twotower.train progress epoch=3/8 batch=2320/2491 loss=0.3564 seen_pairs=14,254,080 (93.1%) | cpu=7% ram=40% gpu=47% vram=61% gpu_temp=69C
[2026-03-09 13:53:20] final.twotower.train progress epoch=3/8 batch=2400/2491 loss=0.3632 seen_pairs=14,745,600 (96.3%) | cpu=8% ram=40% gpu=48% vram=61% gpu_temp=69C
[2026-03-09 13:53:22] final.twotower.train progress epoch=3/8 batch=2480/2491 loss=0.3567 seen_pairs=15,237,120 (99.6%) | cpu=8% ram=40% gpu=48% vram=61% gpu_temp=69C
[2026-03-09 13:53:22] final.twotower.train progress epoch=3/8 batch=2491/2491 loss=0.3632 seen_pairs=15,304,489 (100.0%) | cpu=9% ram=40% gpu=47% vram=61% gpu_temp=69C
[2026-03-09 13:53:22] final.twotower.train epoch_done epoch=3/8 avg_loss=0.36449 | cpu=4% ram=40% gpu=47% vram=61% gpu_temp=69C
[2026-03-09 13:53:33] final.twotower.train progress epoch=4/8 batch=80/2491 loss=0.3431 seen_pairs=491,520 (3.2%) | cpu=7% ram=40% gpu=47% vram=61% gpu_temp=67C
[2026-03-09 13:53:35] final.twotower.train progress epoch=4/8 batch=160/2491 loss=0.3491 seen_pairs=983,040 (6.4%) | cpu=7% ram=40% gpu=49% vram=61% gpu_temp=67C
[2026-03-09 13:53:37] final.twotower.train progress epoch=4/8 batch=240/2491 loss=0.3549 seen_pairs=1,474,560 (9.6%) | cpu=7% ram=40% gpu=48% vram=61% gpu_temp=67C
[2026-03-09 13:53:39] final.twotower.train progress epoch=4/8 batch=320/2491 loss=0.3527 seen_pairs=1,966,080 (12.8%) | cpu=8% ram=40% gpu=48% vram=61% gpu_temp=67C
[2026-03-09 13:53:41] final.twotower.train progress epoch=4/8 batch=400/2491 loss=0.3519 seen_pairs=2,457,600 (16.1%) | cpu=7% ram=40% gpu=43% vram=61% gpu_temp=67C
[2026-03-09 13:53:44] final.twotower.train progress epoch=4/8 batch=480/2491 loss=0.3517 seen_pairs=2,949,120 (19.3%) | cpu=7% ram=40% gpu=48% vram=61% gpu_temp=68C
[2026-03-09 13:53:46] final.twotower.train progress epoch=4/8 batch=560/2491 loss=0.3517 seen_pairs=3,440,640 (22.5%) | cpu=7% ram=40% gpu=48% vram=61% gpu_temp=68C
[2026-03-09 13:53:48] final.twotower.train progress epoch=4/8 batch=640/2491 loss=0.3575 seen_pairs=3,932,160 (25.7%) | cpu=8% ram=40% gpu=47% vram=61% gpu_temp=67C
[2026-03-09 13:53:50] final.twotower.train progress epoch=4/8 batch=720/2491 loss=0.3485 seen_pairs=4,423,680 (28.9%) | cpu=8% ram=40% gpu=47% vram=61% gpu_temp=68C
[2026-03-09 13:53:53] final.twotower.train progress epoch=4/8 batch=800/2491 loss=0.3502 seen_pairs=4,915,200 (32.1%) | cpu=7% ram=40% gpu=48% vram=61% gpu_temp=68C
[2026-03-09 13:53:55] final.twotower.train progress epoch=4/8 batch=880/2491 loss=0.3544 seen_pairs=5,406,720 (35.3%) | cpu=7% ram=40% gpu=48% vram=61% gpu_temp=68C
[2026-03-09 13:53:55] final.twotower.train progress epoch=4/8 batch=960/2491 loss=0.3533 seen_pairs=5,898,240 (38.5%) | cpu=7% ram=40% gpu=45% vram=61% gpu_temp=67C
[2026-03-09 13:53:57] final.twotower.train progress epoch=4/8 batch=1040/2491 loss=0.3547 seen_pairs=6,389,760 (41.8%) | cpu=7% ram=40% gpu=48% vram=61% gpu_temp=68C
[2026-03-09 13:53:59] final.twotower.train progress epoch=4/8 batch=1120/2491 loss=0.3544 seen_pairs=6,881,280 (45.0%) | cpu=7% ram=40% gpu=48% vram=61% gpu_temp=68C
[2026-03-09 13:54:01] final.twotower.train progress epoch=4/8 batch=1200/2491 loss=0.3575 seen_pairs=7,372,800 (48.2%) | cpu=7% ram=40% gpu=48% vram=61% gpu_temp=68C
[2026-03-09 13:54:03] final.twotower.train progress epoch=4/8 batch=1280/2491 loss=0.3514 seen_pairs=7,864,320 (51.4%) | cpu=8% ram=40% gpu=48% vram=61% gpu_temp=68C
[2026-03-09 13:54:06] final.twotower.train progress epoch=4/8 batch=1360/2491 loss=0.3561 seen_pairs=8,355,840 (54.6%) | cpu=7% ram=40% gpu=48% vram=61% gpu_temp=68C
[2026-03-09 13:54:08] final.twotower.train progress epoch=4/8 batch=1440/2491 loss=0.3578 seen_pairs=8,847,360 (57.8%) | cpu=7% ram=40% gpu=48% vram=61% gpu_temp=68C
[2026-03-09 13:54:10] final.twotower.train progress epoch=4/8 batch=1520/2491 loss=0.3545 seen_pairs=9,338,880 (61.0%) | cpu=7% ram=40% gpu=48% vram=61% gpu_temp=68C
[2026-03-09 13:54:12] final.twotower.train progress epoch=4/8 batch=1600/2491 loss=0.3568 seen_pairs=9,830,400 (64.2%) | cpu=7% ram=40% gpu=48% vram=61% gpu_temp=68C
[2026-03-09 13:54:15] final.twotower.train progress epoch=4/8 batch=1680/2491 loss=0.3504 seen_pairs=10,321,920 (67.4%) | cpu=8% ram=40% gpu=47% vram=61% gpu_temp=68C
[2026-03-09 13:54:17] final.twotower.train progress epoch=4/8 batch=1760/2491 loss=0.3550 seen_pairs=10,813,440 (70.7%) | cpu=8% ram=40% gpu=48% vram=61% gpu_temp=68C
[2026-03-09 13:54:19] final.twotower.train progress epoch=4/8 batch=1840/2491 loss=0.3591 seen_pairs=11,304,960 (73.9%) | cpu=8% ram=40% gpu=47% vram=61% gpu_temp=68C
[2026-03-09 13:54:21] final.twotower.train progress epoch=4/8 batch=1920/2491 loss=0.3547 seen_pairs=11,796,480 (77.1%) | cpu=8% ram=40% gpu=48% vram=61% gpu_temp=68C
[2026-03-09 13:54:23] final.twotower.train progress epoch=4/8 batch=2000/2491 loss=0.3489 seen_pairs=12,288,000 (80.3%) | cpu=7% ram=40% gpu=48% vram=61% gpu_temp=68C
[2026-03-09 13:54:23] final.twotower.train progress epoch=4/8 batch=2080/2491 loss=0.3501 seen_pairs=12,779,520 (83.5%) | cpu=7% ram=40% gpu=44% vram=61% gpu_temp=68C
[2026-03-09 13:54:25] final.twotower.train progress epoch=4/8 batch=2160/2491 loss=0.3518 seen_pairs=13,271,040 (86.7%) | cpu=7% ram=40% gpu=48% vram=61% gpu_temp=68C
[2026-03-09 13:54:28] final.twotower.train progress epoch=4/8 batch=2240/2491 loss=0.3521 seen_pairs=13,762,560 (89.9%) | cpu=8% ram=40% gpu=48% vram=61% gpu_temp=68C
[2026-03-09 13:54:30] final.twotower.train progress epoch=4/8 batch=2320/2491 loss=0.3581 seen_pairs=14,254,080 (93.1%) | cpu=8% ram=40% gpu=48% vram=61% gpu_temp=68C
[2026-03-09 13:54:32] final.twotower.train progress epoch=4/8 batch=2400/2491 loss=0.3530 seen_pairs=14,745,600 (96.3%) | cpu=8% ram=40% gpu=48% vram=61% gpu_temp=68C
[2026-03-09 13:54:34] final.twotower.train progress epoch=4/8 batch=2480/2491 loss=0.3523 seen_pairs=15,237,120 (99.6%) | cpu=8% ram=40% gpu=48% vram=61% gpu_temp=68C
[2026-03-09 13:54:35] final.twotower.train progress epoch=4/8 batch=2491/2491 loss=0.3545 seen_pairs=15,304,489 (100.0%) | cpu=10% ram=40% gpu=47% vram=61% gpu_temp=68C
[2026-03-09 13:54:35] final.twotower.train epoch_done epoch=4/8 avg_loss=0.35270 | cpu=11% ram=40% gpu=47% vram=61% gpu_temp=68C
[2026-03-09 13:54:48] final.twotower.train progress epoch=5/8 batch=80/2491 loss=0.3368 seen_pairs=491,520 (3.2%) | cpu=7% ram=40% gpu=48% vram=61% gpu_temp=66C
[2026-03-09 13:54:50] final.twotower.train progress epoch=5/8 batch=160/2491 loss=0.3367 seen_pairs=983,040 (6.4%) | cpu=8% ram=40% gpu=48% vram=61% gpu_temp=66C
[2026-03-09 13:54:52] final.twotower.train progress epoch=5/8 batch=240/2491 loss=0.3447 seen_pairs=1,474,560 (9.6%) | cpu=7% ram=40% gpu=48% vram=61% gpu_temp=66C
[2026-03-09 13:54:54] final.twotower.train progress epoch=5/8 batch=320/2491 loss=0.3389 seen_pairs=1,966,080 (12.8%) | cpu=7% ram=40% gpu=48% vram=61% gpu_temp=66C
[2026-03-09 13:54:54] final.twotower.train progress epoch=5/8 batch=400/2491 loss=0.3476 seen_pairs=2,457,600 (16.1%) | cpu=7% ram=40% gpu=48% vram=61% gpu_temp=66C
[2026-03-09 13:54:56] final.twotower.train progress epoch=5/8 batch=480/2491 loss=0.3489 seen_pairs=2,949,120 (19.3%) | cpu=7% ram=40% gpu=48% vram=61% gpu_temp=67C
[2026-03-09 13:54:59] final.twotower.train progress epoch=5/8 batch=560/2491 loss=0.3455 seen_pairs=3,440,640 (22.5%) | cpu=8% ram=40% gpu=48% vram=61% gpu_temp=67C
[2026-03-09 13:55:01] final.twotower.train progress epoch=5/8 batch=640/2491 loss=0.3443 seen_pairs=3,932,160 (25.7%) | cpu=7% ram=40% gpu=48% vram=61% gpu_temp=66C
[2026-03-09 13:55:03] final.twotower.train progress epoch=5/8 batch=720/2491 loss=0.3480 seen_pairs=4,423,680 (28.9%) | cpu=8% ram=40% gpu=48% vram=61% gpu_temp=67C
[2026-03-09 13:55:05] final.twotower.train progress epoch=5/8 batch=800/2491 loss=0.3427 seen_pairs=4,915,200 (32.1%) | cpu=7% ram=40% gpu=48% vram=61% gpu_temp=67C
[2026-03-09 13:55:07] final.twotower.train progress epoch=5/8 batch=880/2491 loss=0.3489 seen_pairs=5,406,720 (35.3%) | cpu=7% ram=40% gpu=48% vram=61% gpu_temp=67C
[2026-03-09 13:55:10] final.twotower.train progress epoch=5/8 batch=960/2491 loss=0.3446 seen_pairs=5,898,240 (38.5%) | cpu=7% ram=40% gpu=42% vram=61% gpu_temp=67C
[2026-03-09 13:55:12] final.twotower.train progress epoch=5/8 batch=1040/2491 loss=0.3539 seen_pairs=6,389,760 (41.8%) | cpu=8% ram=40% gpu=48% vram=61% gpu_temp=67C
[2026-03-09 13:55:14] final.twotower.train progress epoch=5/8 batch=1120/2491 loss=0.3519 seen_pairs=6,881,280 (45.0%) | cpu=8% ram=40% gpu=48% vram=61% gpu_temp=67C
[2026-03-09 13:55:16] final.twotower.train progress epoch=5/8 batch=1200/2491 loss=0.3442 seen_pairs=7,372,800 (48.2%) | cpu=8% ram=40% gpu=48% vram=61% gpu_temp=67C
[2026-03-09 13:55:19] final.twotower.train progress epoch=5/8 batch=1280/2491 loss=0.3495 seen_pairs=7,864,320 (51.4%) | cpu=8% ram=40% gpu=42% vram=61% gpu_temp=67C
[2026-03-09 13:55:21] final.twotower.train progress epoch=5/8 batch=1360/2491 loss=0.3441 seen_pairs=8,355,840 (54.6%) | cpu=8% ram=40% gpu=48% vram=61% gpu_temp=67C
[2026-03-09 13:55:23] final.twotower.train progress epoch=5/8 batch=1440/2491 loss=0.3452 seen_pairs=8,847,360 (57.8%) | cpu=8% ram=40% gpu=48% vram=61% gpu_temp=67C
[2026-03-09 13:55:23] final.twotower.train progress epoch=5/8 batch=1520/2491 loss=0.3495 seen_pairs=9,338,880 (61.0%) | cpu=8% ram=40% gpu=47% vram=61% gpu_temp=67C
[2026-03-09 13:55:25] final.twotower.train progress epoch=5/8 batch=1600/2491 loss=0.3461 seen_pairs=9,830,400 (64.2%) | cpu=8% ram=40% gpu=48% vram=61% gpu_temp=67C
[2026-03-09 13:55:27] final.twotower.train progress epoch=5/8 batch=1680/2491 loss=0.3466 seen_pairs=10,321,920 (67.4%) | cpu=8% ram=40% gpu=47% vram=61% gpu_temp=67C
[2026-03-09 13:55:30] final.twotower.train progress epoch=5/8 batch=1760/2491 loss=0.3487 seen_pairs=10,813,440 (70.7%) | cpu=8% ram=40% gpu=42% vram=61% gpu_temp=68C
[2026-03-09 13:55:32] final.twotower.train progress epoch=5/8 batch=1840/2491 loss=0.3453 seen_pairs=11,304,960 (73.9%) | cpu=8% ram=40% gpu=48% vram=61% gpu_temp=67C
[2026-03-09 13:55:34] final.twotower.train progress epoch=5/8 batch=1920/2491 loss=0.3466 seen_pairs=11,796,480 (77.1%) | cpu=8% ram=40% gpu=48% vram=61% gpu_temp=68C
[2026-03-09 13:55:36] final.twotower.train progress epoch=5/8 batch=2000/2491 loss=0.3522 seen_pairs=12,288,000 (80.3%) | cpu=7% ram=40% gpu=37% vram=61% gpu_temp=67C
[2026-03-09 13:55:38] final.twotower.train progress epoch=5/8 batch=2080/2491 loss=0.3491 seen_pairs=12,779,520 (83.5%) | cpu=7% ram=40% gpu=48% vram=61% gpu_temp=67C
[2026-03-09 13:55:41] final.twotower.train progress epoch=5/8 batch=2160/2491 loss=0.3469 seen_pairs=13,271,040 (86.7%) | cpu=8% ram=40% gpu=48% vram=61% gpu_temp=67C
[2026-03-09 13:55:43] final.twotower.train progress epoch=5/8 batch=2240/2491 loss=0.3435 seen_pairs=13,762,560 (89.9%) | cpu=8% ram=40% gpu=48% vram=61% gpu_temp=67C
[2026-03-09 13:55:45] final.twotower.train progress epoch=5/8 batch=2320/2491 loss=0.3484 seen_pairs=14,254,080 (93.1%) | cpu=8% ram=40% gpu=48% vram=61% gpu_temp=67C
[2026-03-09 13:55:47] final.twotower.train progress epoch=5/8 batch=2400/2491 loss=0.3474 seen_pairs=14,745,600 (96.3%) | cpu=8% ram=40% gpu=48% vram=61% gpu_temp=68C
[2026-03-09 13:55:50] final.twotower.train progress epoch=5/8 batch=2480/2491 loss=0.3478 seen_pairs=15,237,120 (99.6%) | cpu=8% ram=40% gpu=47% vram=61% gpu_temp=68C
[2026-03-09 13:55:50] final.twotower.train progress epoch=5/8 batch=2491/2491 loss=0.3436 seen_pairs=15,304,489 (100.0%) | cpu=10% ram=40% gpu=48% vram=61% gpu_temp=68C
[2026-03-09 13:55:50] final.twotower.train epoch_done epoch=5/8 avg_loss=0.34538 | cpu=5% ram=40% gpu=48% vram=61% gpu_temp=68C
[2026-03-09 13:56:00] final.twotower.train progress epoch=6/8 batch=80/2491 loss=0.3304 seen_pairs=491,520 (3.2%) | cpu=7% ram=40% gpu=48% vram=61% gpu_temp=65C
[2026-03-09 13:56:03] final.twotower.train progress epoch=6/8 batch=160/2491 loss=0.3345 seen_pairs=983,040 (6.4%) | cpu=8% ram=40% gpu=48% vram=61% gpu_temp=66C
[2026-03-09 13:56:05] final.twotower.train progress epoch=6/8 batch=240/2491 loss=0.3326 seen_pairs=1,474,560 (9.6%) | cpu=8% ram=40% gpu=47% vram=61% gpu_temp=66C
[2026-03-09 13:56:07] final.twotower.train progress epoch=6/8 batch=320/2491 loss=0.3304 seen_pairs=1,966,080 (12.8%) | cpu=8% ram=40% gpu=48% vram=61% gpu_temp=66C
[2026-03-09 13:56:09] final.twotower.train progress epoch=6/8 batch=400/2491 loss=0.3320 seen_pairs=2,457,600 (16.1%) | cpu=8% ram=40% gpu=48% vram=61% gpu_temp=66C
[2026-03-09 13:56:11] final.twotower.train progress epoch=6/8 batch=480/2491 loss=0.3380 seen_pairs=2,949,120 (19.3%) | cpu=8% ram=40% gpu=48% vram=61% gpu_temp=66C
[2026-03-09 13:56:14] final.twotower.train progress epoch=6/8 batch=560/2491 loss=0.3349 seen_pairs=3,440,640 (22.5%) | cpu=8% ram=40% gpu=42% vram=61% gpu_temp=66C
[2026-03-09 13:56:16] final.twotower.train progress epoch=6/8 batch=640/2491 loss=0.3377 seen_pairs=3,932,160 (25.7%) | cpu=7% ram=40% gpu=48% vram=61% gpu_temp=67C
[2026-03-09 13:56:18] final.twotower.train progress epoch=6/8 batch=720/2491 loss=0.3352 seen_pairs=4,423,680 (28.9%) | cpu=8% ram=40% gpu=49% vram=61% gpu_temp=67C
[2026-03-09 13:56:20] final.twotower.train progress epoch=6/8 batch=800/2491 loss=0.3403 seen_pairs=4,915,200 (32.1%) | cpu=8% ram=40% gpu=48% vram=61% gpu_temp=67C
[2026-03-09 13:56:23] final.twotower.train progress epoch=6/8 batch=880/2491 loss=0.3389 seen_pairs=5,406,720 (35.3%) | cpu=8% ram=40% gpu=47% vram=61% gpu_temp=67C
[2026-03-09 13:56:22] final.twotower.train progress epoch=6/8 batch=960/2491 loss=0.3404 seen_pairs=5,898,240 (38.5%) | cpu=8% ram=40% gpu=48% vram=61% gpu_temp=66C
[2026-03-09 13:56:24] final.twotower.train progress epoch=6/8 batch=1040/2491 loss=0.3423 seen_pairs=6,389,760 (41.8%) | cpu=8% ram=40% gpu=47% vram=61% gpu_temp=67C
[2026-03-09 13:56:27] final.twotower.train progress epoch=6/8 batch=1120/2491 loss=0.3415 seen_pairs=6,881,280 (45.0%) | cpu=8% ram=40% gpu=48% vram=61% gpu_temp=67C
[2026-03-09 13:56:29] final.twotower.train progress epoch=6/8 batch=1200/2491 loss=0.3418 seen_pairs=7,372,800 (48.2%) | cpu=8% ram=40% gpu=45% vram=61% gpu_temp=67C
[2026-03-09 13:56:31] final.twotower.train progress epoch=6/8 batch=1280/2491 loss=0.3410 seen_pairs=7,864,320 (51.4%) | cpu=8% ram=40% gpu=48% vram=61% gpu_temp=67C
[2026-03-09 13:56:33] final.twotower.train progress epoch=6/8 batch=1360/2491 loss=0.3410 seen_pairs=8,355,840 (54.6%) | cpu=8% ram=40% gpu=47% vram=61% gpu_temp=67C
[2026-03-09 13:56:36] final.twotower.train progress epoch=6/8 batch=1440/2491 loss=0.3427 seen_pairs=8,847,360 (57.8%) | cpu=8% ram=40% gpu=48% vram=61% gpu_temp=67C
[2026-03-09 13:56:38] final.twotower.train progress epoch=6/8 batch=1520/2491 loss=0.3373 seen_pairs=9,338,880 (61.0%) | cpu=8% ram=40% gpu=48% vram=61% gpu_temp=67C
[2026-03-09 13:56:40] final.twotower.train progress epoch=6/8 batch=1600/2491 loss=0.3459 seen_pairs=9,830,400 (64.2%) | cpu=8% ram=40% gpu=48% vram=61% gpu_temp=67C
[2026-03-09 13:56:42] final.twotower.train progress epoch=6/8 batch=1680/2491 loss=0.3382 seen_pairs=10,321,920 (67.4%) | cpu=8% ram=40% gpu=48% vram=61% gpu_temp=67C
[2026-03-09 13:56:44] final.twotower.train progress epoch=6/8 batch=1760/2491 loss=0.3355 seen_pairs=10,813,440 (70.7%) | cpu=8% ram=40% gpu=48% vram=61% gpu_temp=67C
[2026-03-09 13:56:47] final.twotower.train progress epoch=6/8 batch=1840/2491 loss=0.3422 seen_pairs=11,304,960 (73.9%) | cpu=8% ram=40% gpu=48% vram=61% gpu_temp=67C
[2026-03-09 13:56:49] final.twotower.train progress epoch=6/8 batch=1920/2491 loss=0.3478 seen_pairs=11,796,480 (77.1%) | cpu=7% ram=40% gpu=48% vram=61% gpu_temp=67C
[2026-03-09 13:56:51] final.twotower.train progress epoch=6/8 batch=2000/2491 loss=0.3468 seen_pairs=12,288,000 (80.3%) | cpu=8% ram=40% gpu=48% vram=61% gpu_temp=67C
[2026-03-09 13:56:53] final.twotower.train progress epoch=6/8 batch=2080/2491 loss=0.3428 seen_pairs=12,779,520 (83.5%) | cpu=8% ram=40% gpu=48% vram=61% gpu_temp=68C
[2026-03-09 13:56:53] final.twotower.train progress epoch=6/8 batch=2160/2491 loss=0.3420 seen_pairs=13,271,040 (86.7%) | cpu=8% ram=40% gpu=48% vram=61% gpu_temp=67C
[2026-03-09 13:56:55] final.twotower.train progress epoch=6/8 batch=2240/2491 loss=0.3425 seen_pairs=13,762,560 (89.9%) | cpu=8% ram=40% gpu=48% vram=61% gpu_temp=67C
[2026-03-09 13:56:58] final.twotower.train progress epoch=6/8 batch=2320/2491 loss=0.3441 seen_pairs=14,254,080 (93.1%) | cpu=8% ram=40% gpu=42% vram=61% gpu_temp=67C
[2026-03-09 13:57:00] final.twotower.train progress epoch=6/8 batch=2400/2491 loss=0.3437 seen_pairs=14,745,600 (96.3%) | cpu=8% ram=40% gpu=48% vram=61% gpu_temp=68C
[2026-03-09 13:57:02] final.twotower.train progress epoch=6/8 batch=2480/2491 loss=0.3472 seen_pairs=15,237,120 (99.6%) | cpu=8% ram=40% gpu=48% vram=61% gpu_temp=68C
[2026-03-09 13:57:02] final.twotower.train progress epoch=6/8 batch=2491/2491 loss=0.3433 seen_pairs=15,304,489 (100.0%) | cpu=10% ram=40% gpu=48% vram=61% gpu_temp=67C
[2026-03-09 13:57:02] final.twotower.train epoch_done epoch=6/8 avg_loss=0.34035 | cpu=5% ram=40% gpu=48% vram=61% gpu_temp=67C
[2026-03-09 13:57:15] final.twotower.train progress epoch=7/8 batch=80/2491 loss=0.3256 seen_pairs=491,520 (3.2%) | cpu=7% ram=40% gpu=48% vram=61% gpu_temp=65C
[2026-03-09 13:57:18] final.twotower.train progress epoch=7/8 batch=160/2491 loss=0.3258 seen_pairs=983,040 (6.4%) | cpu=8% ram=40% gpu=49% vram=61% gpu_temp=66C
[2026-03-09 13:57:20] final.twotower.train progress epoch=7/8 batch=240/2491 loss=0.3288 seen_pairs=1,474,560 (9.6%) | cpu=8% ram=40% gpu=48% vram=61% gpu_temp=66C
[2026-03-09 13:57:22] final.twotower.train progress epoch=7/8 batch=320/2491 loss=0.3293 seen_pairs=1,966,080 (12.8%) | cpu=8% ram=40% gpu=48% vram=61% gpu_temp=66C
[2026-03-09 13:57:22] final.twotower.train progress epoch=7/8 batch=400/2491 loss=0.3351 seen_pairs=2,457,600 (16.1%) | cpu=8% ram=40% gpu=48% vram=61% gpu_temp=66C
[2026-03-09 13:57:24] final.twotower.train progress epoch=7/8 batch=480/2491 loss=0.3327 seen_pairs=2,949,120 (19.3%) | cpu=8% ram=40% gpu=48% vram=61% gpu_temp=66C
[2026-03-09 13:57:26] final.twotower.train progress epoch=7/8 batch=560/2491 loss=0.3351 seen_pairs=3,440,640 (22.5%) | cpu=8% ram=40% gpu=42% vram=61% gpu_temp=66C
[2026-03-09 13:57:28] final.twotower.train progress epoch=7/8 batch=640/2491 loss=0.3325 seen_pairs=3,932,160 (25.7%) | cpu=8% ram=40% gpu=49% vram=61% gpu_temp=66C
[2026-03-09 13:57:31] final.twotower.train progress epoch=7/8 batch=720/2491 loss=0.3325 seen_pairs=4,423,680 (28.9%) | cpu=7% ram=40% gpu=48% vram=61% gpu_temp=66C
[2026-03-09 13:57:33] final.twotower.train progress epoch=7/8 batch=800/2491 loss=0.3442 seen_pairs=4,915,200 (32.1%) | cpu=8% ram=40% gpu=48% vram=61% gpu_temp=66C
[2026-03-09 13:57:35] final.twotower.train progress epoch=7/8 batch=880/2491 loss=0.3407 seen_pairs=5,406,720 (35.3%) | cpu=8% ram=40% gpu=42% vram=61% gpu_temp=67C
[2026-03-09 13:57:37] final.twotower.train progress epoch=7/8 batch=960/2491 loss=0.3391 seen_pairs=5,898,240 (38.5%) | cpu=8% ram=40% gpu=48% vram=61% gpu_temp=67C
[2026-03-09 13:57:39] final.twotower.train progress epoch=7/8 batch=1040/2491 loss=0.3308 seen_pairs=6,389,760 (41.8%) | cpu=8% ram=40% gpu=48% vram=61% gpu_temp=66C
[2026-03-09 13:57:42] final.twotower.train progress epoch=7/8 batch=1120/2491 loss=0.3366 seen_pairs=6,881,280 (45.0%) | cpu=8% ram=40% gpu=48% vram=61% gpu_temp=66C
[2026-03-09 13:57:44] final.twotower.train progress epoch=7/8 batch=1200/2491 loss=0.3351 seen_pairs=7,372,800 (48.2%) | cpu=8% ram=40% gpu=42% vram=61% gpu_temp=67C
[2026-03-09 13:57:46] final.twotower.train progress epoch=7/8 batch=1280/2491 loss=0.3401 seen_pairs=7,864,320 (51.4%) | cpu=7% ram=40% gpu=48% vram=61% gpu_temp=67C
[2026-03-09 13:57:48] final.twotower.train progress epoch=7/8 batch=1360/2491 loss=0.3405 seen_pairs=8,355,840 (54.6%) | cpu=8% ram=40% gpu=48% vram=61% gpu_temp=67C
[2026-03-09 13:57:51] final.twotower.train progress epoch=7/8 batch=1440/2491 loss=0.3392 seen_pairs=8,847,360 (57.8%) | cpu=8% ram=40% gpu=48% vram=61% gpu_temp=67C
[2026-03-09 13:57:53] final.twotower.train progress epoch=7/8 batch=1520/2491 loss=0.3421 seen_pairs=9,338,880 (61.0%) | cpu=8% ram=40% gpu=42% vram=61% gpu_temp=67C
[2026-03-09 13:57:52] final.twotower.train progress epoch=7/8 batch=1600/2491 loss=0.3411 seen_pairs=9,830,400 (64.2%) | cpu=8% ram=40% gpu=48% vram=61% gpu_temp=67C
[2026-03-09 13:57:55] final.twotower.train progress epoch=7/8 batch=1680/2491 loss=0.3386 seen_pairs=10,321,920 (67.4%) | cpu=8% ram=40% gpu=48% vram=61% gpu_temp=67C
[2026-03-09 13:57:57] final.twotower.train progress epoch=7/8 batch=1760/2491 loss=0.3460 seen_pairs=10,813,440 (70.7%) | cpu=8% ram=40% gpu=48% vram=61% gpu_temp=67C
[2026-03-09 13:57:59] final.twotower.train progress epoch=7/8 batch=1840/2491 loss=0.3407 seen_pairs=11,304,960 (73.9%) | cpu=8% ram=40% gpu=46% vram=61% gpu_temp=67C
[2026-03-09 13:58:01] final.twotower.train progress epoch=7/8 batch=1920/2491 loss=0.3440 seen_pairs=11,796,480 (77.1%) | cpu=8% ram=40% gpu=48% vram=61% gpu_temp=67C
[2026-03-09 13:58:04] final.twotower.train progress epoch=7/8 batch=2000/2491 loss=0.3399 seen_pairs=12,288,000 (80.3%) | cpu=8% ram=40% gpu=48% vram=61% gpu_temp=67C
[2026-03-09 13:58:06] final.twotower.train progress epoch=7/8 batch=2080/2491 loss=0.3481 seen_pairs=12,779,520 (83.5%) | cpu=8% ram=40% gpu=48% vram=61% gpu_temp=66C
[2026-03-09 13:58:08] final.twotower.train progress epoch=7/8 batch=2160/2491 loss=0.3437 seen_pairs=13,271,040 (86.7%) | cpu=8% ram=40% gpu=48% vram=61% gpu_temp=67C
[2026-03-09 13:58:10] final.twotower.train progress epoch=7/8 batch=2240/2491 loss=0.3398 seen_pairs=13,762,560 (89.9%) | cpu=8% ram=40% gpu=47% vram=61% gpu_temp=67C
[2026-03-09 13:58:12] final.twotower.train progress epoch=7/8 batch=2320/2491 loss=0.3366 seen_pairs=14,254,080 (93.1%) | cpu=8% ram=40% gpu=48% vram=61% gpu_temp=67C
[2026-03-09 13:58:15] final.twotower.train progress epoch=7/8 batch=2400/2491 loss=0.3424 seen_pairs=14,745,600 (96.3%) | cpu=8% ram=40% gpu=42% vram=61% gpu_temp=67C
[2026-03-09 13:58:17] final.twotower.train progress epoch=7/8 batch=2480/2491 loss=0.3423 seen_pairs=15,237,120 (99.6%) | cpu=8% ram=40% gpu=48% vram=61% gpu_temp=67C
[2026-03-09 13:58:17] final.twotower.train progress epoch=7/8 batch=2491/2491 loss=0.3475 seen_pairs=15,304,489 (100.0%) | cpu=10% ram=40% gpu=40% vram=61% gpu_temp=67C
[2026-03-09 13:58:17] final.twotower.train epoch_done epoch=7/8 avg_loss=0.33661 | cpu=3% ram=40% gpu=40% vram=61% gpu_temp=67C
[2026-03-09 13:58:28] final.twotower.train progress epoch=8/8 batch=80/2491 loss=0.3248 seen_pairs=491,520 (3.2%) | cpu=7% ram=40% gpu=48% vram=61% gpu_temp=65C
[2026-03-09 13:58:30] final.twotower.train progress epoch=8/8 batch=160/2491 loss=0.3252 seen_pairs=983,040 (6.4%) | cpu=8% ram=40% gpu=48% vram=61% gpu_temp=65C
[2026-03-09 13:58:32] final.twotower.train progress epoch=8/8 batch=240/2491 loss=0.3260 seen_pairs=1,474,560 (9.6%) | cpu=8% ram=40% gpu=42% vram=61% gpu_temp=65C
[2026-03-09 13:58:34] final.twotower.train progress epoch=8/8 batch=320/2491 loss=0.3239 seen_pairs=1,966,080 (12.8%) | cpu=8% ram=40% gpu=48% vram=61% gpu_temp=66C
[2026-03-09 13:58:37] final.twotower.train progress epoch=8/8 batch=400/2491 loss=0.3322 seen_pairs=2,457,600 (16.1%) | cpu=8% ram=40% gpu=48% vram=61% gpu_temp=66C
[2026-03-09 13:58:39] final.twotower.train progress epoch=8/8 batch=480/2491 loss=0.3270 seen_pairs=2,949,120 (19.3%) | cpu=8% ram=40% gpu=48% vram=61% gpu_temp=66C
[2026-03-09 13:58:41] final.twotower.train progress epoch=8/8 batch=560/2491 loss=0.3276 seen_pairs=3,440,640 (22.5%) | cpu=8% ram=40% gpu=49% vram=61% gpu_temp=66C
[2026-03-09 13:58:43] final.twotower.train progress epoch=8/8 batch=640/2491 loss=0.3327 seen_pairs=3,932,160 (25.7%) | cpu=7% ram=40% gpu=48% vram=61% gpu_temp=66C
[2026-03-09 13:58:45] final.twotower.train progress epoch=8/8 batch=720/2491 loss=0.3318 seen_pairs=4,423,680 (28.9%) | cpu=8% ram=40% gpu=48% vram=61% gpu_temp=66C
[2026-03-09 13:58:48] final.twotower.train progress epoch=8/8 batch=800/2491 loss=0.3319 seen_pairs=4,915,200 (32.1%) | cpu=8% ram=40% gpu=48% vram=61% gpu_temp=66C
[2026-03-09 13:58:50] final.twotower.train progress epoch=8/8 batch=880/2491 loss=0.3328 seen_pairs=5,406,720 (35.3%) | cpu=7% ram=40% gpu=48% vram=61% gpu_temp=66C
[2026-03-09 13:58:52] final.twotower.train progress epoch=8/8 batch=960/2491 loss=0.3353 seen_pairs=5,898,240 (38.5%) | cpu=7% ram=40% gpu=48% vram=61% gpu_temp=66C
[2026-03-09 13:58:52] final.twotower.train progress epoch=8/8 batch=1040/2491 loss=0.3328 seen_pairs=6,389,760 (41.8%) | cpu=7% ram=40% gpu=48% vram=61% gpu_temp=67C
[2026-03-09 13:58:54] final.twotower.train progress epoch=8/8 batch=1120/2491 loss=0.3346 seen_pairs=6,881,280 (45.0%) | cpu=7% ram=40% gpu=48% vram=61% gpu_temp=67C
[2026-03-09 13:58:56] final.twotower.train progress epoch=8/8 batch=1200/2491 loss=0.3343 seen_pairs=7,372,800 (48.2%) | cpu=7% ram=40% gpu=48% vram=61% gpu_temp=67C
[2026-03-09 13:58:59] final.twotower.train progress epoch=8/8 batch=1280/2491 loss=0.3377 seen_pairs=7,864,320 (51.4%) | cpu=7% ram=40% gpu=48% vram=61% gpu_temp=67C
[2026-03-09 13:59:01] final.twotower.train progress epoch=8/8 batch=1360/2491 loss=0.3376 seen_pairs=8,355,840 (54.6%) | cpu=8% ram=40% gpu=48% vram=61% gpu_temp=67C
[2026-03-09 13:59:03] final.twotower.train progress epoch=8/8 batch=1440/2491 loss=0.3347 seen_pairs=8,847,360 (57.8%) | cpu=8% ram=40% gpu=48% vram=61% gpu_temp=66C
[2026-03-09 13:59:05] final.twotower.train progress epoch=8/8 batch=1520/2491 loss=0.3343 seen_pairs=9,338,880 (61.0%) | cpu=8% ram=40% gpu=48% vram=61% gpu_temp=67C
[2026-03-09 13:59:07] final.twotower.train progress epoch=8/8 batch=1600/2491 loss=0.3396 seen_pairs=9,830,400 (64.2%) | cpu=8% ram=40% gpu=42% vram=61% gpu_temp=67C
[2026-03-09 13:59:10] final.twotower.train progress epoch=8/8 batch=1680/2491 loss=0.3364 seen_pairs=10,321,920 (67.4%) | cpu=8% ram=40% gpu=48% vram=61% gpu_temp=67C
[2026-03-09 13:59:12] final.twotower.train progress epoch=8/8 batch=1760/2491 loss=0.3363 seen_pairs=10,813,440 (70.7%) | cpu=7% ram=40% gpu=48% vram=61% gpu_temp=67C
[2026-03-09 13:59:14] final.twotower.train progress epoch=8/8 batch=1840/2491 loss=0.3403 seen_pairs=11,304,960 (73.9%) | cpu=7% ram=40% gpu=48% vram=61% gpu_temp=67C
[2026-03-09 13:59:16] final.twotower.train progress epoch=8/8 batch=1920/2491 loss=0.3343 seen_pairs=11,796,480 (77.1%) | cpu=7% ram=40% gpu=47% vram=61% gpu_temp=67C
[2026-03-09 13:59:18] final.twotower.train progress epoch=8/8 batch=2000/2491 loss=0.3390 seen_pairs=12,288,000 (80.3%) | cpu=8% ram=40% gpu=49% vram=61% gpu_temp=67C
[2026-03-09 13:59:21] final.twotower.train progress epoch=8/8 batch=2080/2491 loss=0.3416 seen_pairs=12,779,520 (83.5%) | cpu=8% ram=40% gpu=48% vram=61% gpu_temp=67C
[2026-03-09 13:59:20] final.twotower.train progress epoch=8/8 batch=2160/2491 loss=0.3431 seen_pairs=13,271,040 (86.7%) | cpu=8% ram=40% gpu=48% vram=61% gpu_temp=67C
[2026-03-09 13:59:23] final.twotower.train progress epoch=8/8 batch=2240/2491 loss=0.3394 seen_pairs=13,762,560 (89.9%) | cpu=7% ram=40% gpu=48% vram=61% gpu_temp=67C
[2026-03-09 13:59:25] final.twotower.train progress epoch=8/8 batch=2320/2491 loss=0.3391 seen_pairs=14,254,080 (93.1%) | cpu=8% ram=40% gpu=47% vram=61% gpu_temp=67C
[2026-03-09 13:59:27] final.twotower.train progress epoch=8/8 batch=2400/2491 loss=0.3389 seen_pairs=14,745,600 (96.3%) | cpu=8% ram=40% gpu=48% vram=61% gpu_temp=67C
[2026-03-09 13:59:29] final.twotower.train progress epoch=8/8 batch=2480/2491 loss=0.3445 seen_pairs=15,237,120 (99.6%) | cpu=8% ram=40% gpu=48% vram=61% gpu_temp=67C
[2026-03-09 13:59:30] final.twotower.train progress epoch=8/8 batch=2491/2491 loss=0.3377 seen_pairs=15,304,489 (100.0%) | cpu=11% ram=40% gpu=48% vram=61% gpu_temp=67C
[2026-03-09 13:59:30] final.twotower.train epoch_done epoch=8/8 avg_loss=0.33361 | cpu=10% ram=40% gpu=48% vram=61% gpu_temp=67C
[2026-03-09 13:59:30] Stage final.twotower.train done in 652.9s | cpu=11% ram=38% gpu=9% vram=61% gpu_temp=65C
[2026-03-09 13:59:36] final.twotower.candidates start users=161,578 topn=660 batch_size=2048 batches=79 | cpu=7% ram=42% gpu=0% vram=61% gpu_temp=62C
[2026-03-09 13:59:41] final.twotower.candidates progress users=20,480/161,578 (12.7%) | cpu=8% ram=49% gpu=0% vram=70% gpu_temp=61C
[2026-03-09 13:59:47] final.twotower.candidates progress users=40,960/161,578 (25.3%) | cpu=7% ram=55% gpu=0% vram=70% gpu_temp=60C
[2026-03-09 13:59:52] final.twotower.candidates progress users=61,440/161,578 (38.0%) | cpu=8% ram=61% gpu=1% vram=70% gpu_temp=60C
[2026-03-09 13:59:55] final.twotower.candidates progress users=81,920/161,578 (50.7%) | cpu=7% ram=68% gpu=0% vram=70% gpu_temp=59C
[2026-03-09 14:00:00] final.twotower.candidates progress users=102,400/161,578 (63.4%) | cpu=8% ram=74% gpu=0% vram=70% gpu_temp=58C
[2026-03-09 14:00:05] final.twotower.candidates progress users=122,880/161,578 (76.0%) | cpu=8% ram=80% gpu=1% vram=70% gpu_temp=59C
[2026-03-09 14:00:11] final.twotower.candidates progress users=143,360/161,578 (88.7%) | cpu=8% ram=86% gpu=0% vram=70% gpu_temp=58C
[2026-03-09 14:00:15] final.twotower.candidates progress users=161,578/161,578 (100.0%) | cpu=8% ram=91% gpu=0% vram=70% gpu_temp=58C
[2026-03-09 14:00:51] final.twotower.candidates reuse test_from_val=true | cpu=7% ram=43% gpu=0% vram=70% gpu_temp=55C
[2026-03-09 14:00:51] Stage final.twotower.candidates done in 86.3s | val_rows=35,546,883 test_rows=35,546,883 reused_from_val=True | cpu=3% ram=43% gpu=0% vram=70% gpu_temp=55C
[2026-03-09 14:00:50] baseline.retrieval.setup algo=cosine users=161,578 items=47,187 interactions=15,304,489 | cpu=8% ram=44% gpu=0% vram=70% gpu_temp=55C
/home/zxczxc/mambaforge/envs/trainer/lib/python3.10/site-packages/implicit/utils.py:164: ParameterWarning: Method expects CSR input, and was passed coo_matrix instead. Converting to CSR took 0.04199385643005371 seconds
  warnings.warn(
  0%|          | 0/47187 [00:00<?, ?it/s]  0%|          | 150/47187 [00:00<00:31, 1499.72it/s]  0%|          | 152/47187 [00:00<00:31, 1501.80it/s]  0%|          | 153/47187 [00:00<00:31, 1501.80it/s]  1%|          | 354/47187 [00:00<00:27, 1693.33it/s]  1%|          | 355/47187 [00:00<00:26, 1800.32it/s]  1%|1         | 601/47187 [00:00<00:23, 2023.03it/s]  2%|1         | 909/47187 [00:00<00:19, 2364.27it/s]  2%|1         | 912/47187 [00:00<00:16, 2821.07it/s]  2%|1         | 912/47187 [00:00<00:16, 2821.07it/s]  2%|1         | 912/47187 [00:00<00:16, 2821.07it/s]  3%|2         | 1194/47187 [00:00<00:19, 2313.24it/s]  3%|3         | 1440/47187 [00:00<00:22, 2028.37it/s]  3%|3         | 1441/47187 [00:00<00:24, 1858.68it/s]  4%|3         | 1683/47187 [00:00<00:22, 1985.87it/s]  4%|3         | 1684/47187 [00:00<00:21, 2090.70it/s]  4%|4         | 1955/47187 [00:00<00:20, 2251.63it/s]  5%|4         | 2220/47187 [00:01<00:19, 2359.05it/s]  5%|5         | 2535/47187 [00:01<00:17, 2579.76it/s]  5%|5         | 2537/47187 [00:01<00:16, 2742.46it/s]  6%|6         | 2846/47187 [00:01<00:15, 2840.63it/s]  6%|6         | 2849/47187 [00:01<00:14, 3003.94it/s]  6%|6         | 2850/47187 [00:01<00:14, 3003.94it/s]  6%|6         | 2851/47187 [00:01<00:14, 3003.94it/s]  7%|6         | 3154/47187 [00:01<00:14, 2994.01it/s]  7%|6         | 3156/47187 [00:01<00:14, 2984.95it/s]  7%|6         | 3158/47187 [00:01<00:14, 2984.95it/s]  7%|7         | 3539/47187 [00:01<00:13, 3218.90it/s]  8%|7         | 3540/47187 [00:01<00:12, 3383.99it/s]  8%|8         | 3913/47187 [00:01<00:12, 3482.50it/s]  8%|8         | 3916/47187 [00:01<00:11, 3637.90it/s]  8%|8         | 3916/47187 [00:01<00:11, 3637.90it/s]  8%|8         | 3917/47187 [00:01<00:11, 3637.90it/s]  9%|9         | 4447/47187 [00:01<00:10, 4133.12it/s]  9%|9         | 4450/47187 [00:01<00:09, 4726.88it/s]  9%|9         | 4454/47187 [00:01<00:09, 4726.88it/s] 10%|#         | 4945/47187 [00:01<00:08, 4781.17it/s] 10%|#         | 4948/47187 [00:01<00:08, 4845.71it/s] 10%|#         | 4949/47187 [00:01<00:08, 4845.71it/s] 12%|#1        | 5523/47187 [00:01<00:08, 5109.21it/s] 13%|#3        | 6239/47187 [00:01<00:07, 5721.46it/s] 13%|#3        | 6241/47187 [00:01<00:06, 6448.37it/s] 13%|#3        | 6241/47187 [00:01<00:06, 6448.37it/s] 15%|#4        | 6888/47187 [00:02<00:06, 6319.77it/s] 15%|#4        | 6890/47187 [00:02<00:06, 6169.60it/s] 15%|#4        | 6892/47187 [00:02<00:06, 6169.60it/s] 16%|#5        | 7542/47187 [00:02<00:06, 6260.12it/s] 16%|#5        | 7547/47187 [00:02<00:06, 6423.48it/s] 16%|#5        | 7548/47187 [00:02<00:06, 6423.48it/s] 16%|#6        | 7551/47187 [00:02<00:06, 6423.48it/s] 16%|#6        | 7552/47187 [00:02<00:06, 6423.48it/s] 18%|#7        | 8297/47187 [00:02<00:05, 6720.75it/s] 18%|#7        | 8302/47187 [00:02<00:05, 7302.71it/s] 18%|#7        | 8302/47187 [00:02<00:05, 7302.71it/s] 18%|#7        | 8303/47187 [00:02<00:05, 7302.71it/s] 18%|#7        | 8303/47187 [00:02<00:05, 7302.71it/s] 18%|#7        | 8306/47187 [00:02<00:05, 7302.71it/s] 20%|##        | 9546/47187 [00:02<00:04, 8808.70it/s] 20%|##        | 9550/47187 [00:02<00:03, 11476.86it/s] 20%|##        | 9550/47187 [00:02<00:03, 11476.86it/s] 20%|##        | 9550/47187 [00:02<00:03, 11476.86it/s] 20%|##        | 9551/47187 [00:02<00:03, 11476.86it/s] 23%|##2       | 10700/47187 [00:02<00:03, 10448.74it/s] 23%|##2       | 10701/47187 [00:02<00:03, 9823.86it/s]  25%|##4       | 11704/47187 [00:02<00:03, 8975.03it/s] 25%|##4       | 11707/47187 [00:02<00:04, 7824.04it/s] 25%|##4       | 11707/47187 [00:02<00:04, 7824.04it/s] 25%|##4       | 11708/47187 [00:02<00:04, 7824.04it/s] 27%|##6       | 12555/47187 [00:02<00:04, 7980.86it/s] 27%|##6       | 12556/47187 [00:02<00:04, 8102.50it/s] 29%|##8       | 13613/47187 [00:02<00:03, 8763.16it/s] 29%|##8       | 13616/47187 [00:02<00:03, 9882.97it/s] 29%|##8       | 13616/47187 [00:02<00:03, 9882.97it/s] 29%|##8       | 13616/47187 [00:02<00:03, 9882.97it/s] 32%|###1      | 15097/47187 [00:02<00:02, 11301.97it/s] 32%|###1      | 15099/47187 [00:02<00:02, 13020.38it/s] 32%|###2      | 15102/47187 [00:02<00:02, 13020.38it/s] 36%|###5      | 16798/47187 [00:03<00:02, 14178.85it/s] 36%|###5      | 16803/47187 [00:03<00:01, 16223.16it/s] 36%|###5      | 16806/47187 [00:03<00:01, 16223.16it/s] 36%|###5      | 16807/47187 [00:03<00:01, 16223.16it/s] 36%|###5      | 16807/47187 [00:03<00:01, 16223.16it/s] 40%|###9      | 18647/47187 [00:03<00:01, 16842.71it/s] 40%|###9      | 18652/47187 [00:03<00:01, 17910.71it/s] 40%|###9      | 18653/47187 [00:03<00:01, 17910.71it/s] 40%|###9      | 18653/47187 [00:03<00:01, 17910.71it/s] 40%|###9      | 18653/47187 [00:03<00:01, 17910.71it/s] 44%|####3     | 20560/47187 [00:03<00:01, 18252.80it/s] 44%|####3     | 20561/47187 [00:03<00:01, 18476.16it/s] 50%|#####     | 23764/47187 [00:03<00:01, 22532.27it/s] 50%|#####     | 23768/47187 [00:03<00:00, 29667.23it/s] 50%|#####     | 23769/47187 [00:03<00:00, 29667.23it/s] 50%|#####     | 23772/47187 [00:03<00:00, 29667.23it/s] 50%|#####     | 23776/47187 [00:03<00:00, 29667.23it/s] 60%|######    | 28538/47187 [00:03<00:00, 35029.42it/s] 60%|######    | 28545/47187 [00:03<00:00, 46375.64it/s] 60%|######    | 28547/47187 [00:03<00:00, 46375.64it/s] 61%|######    | 28549/47187 [00:03<00:00, 46375.64it/s] 61%|######    | 28552/47187 [00:03<00:00, 46375.64it/s] 61%|######    | 28555/47187 [00:03<00:00, 46375.64it/s] 61%|######    | 28569/47187 [00:03<00:00, 46375.64it/s] 61%|######    | 28576/47187 [00:03<00:00, 46375.64it/s] 72%|#######2  | 34114/47187 [00:03<00:00, 49028.42it/s] 72%|#######2  | 34118/47187 [00:03<00:00, 53577.52it/s] 72%|#######2  | 34120/47187 [00:03<00:00, 53577.52it/s] 72%|#######2  | 34121/47187 [00:03<00:00, 53577.52it/s] 72%|#######2  | 34124/47187 [00:03<00:00, 53577.52it/s] 84%|########3 | 39484/47187 [00:03<00:00, 53064.26it/s] 84%|########3 | 39490/47187 [00:03<00:00, 51947.16it/s] 84%|########3 | 39493/47187 [00:03<00:00, 51947.16it/s] 84%|########3 | 39494/47187 [00:03<00:00, 51947.16it/s] 84%|########3 | 39497/47187 [00:03<00:00, 51947.16it/s] 84%|########3 | 39508/47187 [00:03<00:00, 51947.16it/s] 95%|#########5| 45036/47187 [00:03<00:00, 52866.71it/s] 95%|#########5| 45043/47187 [00:03<00:00, 54712.41it/s] 95%|#########5| 45046/47187 [00:03<00:00, 54712.41it/s] 95%|#########5| 45051/47187 [00:03<00:00, 54712.41it/s] 95%|#########5| 45054/47187 [00:03<00:00, 54712.41it/s] 95%|#########5| 45061/47187 [00:03<00:00, 54712.41it/s] 96%|#########5| 45080/47187 [00:03<00:00, 54712.41it/s] 96%|#########5| 45121/47187 [00:03<00:00, 54712.41it/s]100%|##########| 47187/47187 [00:03<00:00, 12368.18it/s]
[2026-03-09 14:00:55] baseline.retrieval.fit algo=cosine K=220 threads=0 done_in=4.6s | cpu=50% ram=45% gpu=2% vram=70% gpu_temp=55C
[2026-03-09 14:00:55] Stage final.aux_retrieval.train done in 5.7s | algo=cosine | cpu=2% ram=45% gpu=2% vram=70% gpu_temp=55C
[2026-03-09 14:00:55] baseline.retrieval.candidates start users=161,578 batch_size=8192 batches=20 | cpu=7% ram=45% gpu=0% vram=70% gpu_temp=55C
[2026-03-09 14:01:10] baseline.retrieval.candidates progress users=81,920/161,578 (50.7%) | cpu=7% ram=45% gpu=1% vram=70% gpu_temp=55C
[2026-03-09 14:01:23] baseline.retrieval.candidates progress users=161,578/161,578 (100.0%) | cpu=7% ram=46% gpu=0% vram=70% gpu_temp=54C
[2026-03-09 14:01:23] final.aux_retrieval.candidates reuse test_from_val=true | cpu=8% ram=46% gpu=3% vram=70% gpu_temp=54C
[2026-03-09 14:01:24] Stage final.aux_retrieval.candidates done in 31.4s | val_rows=35,547,160 test_rows=35,547,160 reused_from_val=True | cpu=5% ram=46% gpu=3% vram=70% gpu_temp=54C
[2026-03-09 14:01:24] final.candidate_fusion start sources=3 users_val=161,578 users_test=161,578 k=220 use_gpu=True | cpu=6% ram=46% gpu=0% vram=70% gpu_temp=54C
[2026-03-09 14:01:24] final.candidate_fusion.val backend=cudf | cpu=9% ram=46% gpu=0% vram=70% gpu_temp=54C
[2026-03-09 14:01:24] final.candidate_fusion.val source_prepare name=tt rows=35,546,883 weight=0.42 | cpu=13% ram=46% gpu=0% vram=70% gpu_temp=54C
[2026-03-09 14:01:27] final.candidate_fusion.val source_ready name=tt rows=35,546,883 in=3.3s | cpu=5% ram=46% gpu=27% vram=81% gpu_temp=57C
[2026-03-09 14:01:27] final.candidate_fusion.val source_prepare name=als rows=35,547,160 weight=0.46 | cpu=4% ram=46% gpu=27% vram=81% gpu_temp=57C
[2026-03-09 14:01:32] final.candidate_fusion.val source_ready name=als rows=35,547,160 in=4.5s | cpu=4% ram=48% gpu=42% vram=90% gpu_temp=57C
[2026-03-09 14:01:32] final.candidate_fusion.val source_prepare name=aux rows=35,547,160 weight=0.12 | cpu=3% ram=48% gpu=24% vram=90% gpu_temp=57C
[2026-03-09 14:01:33] final.candidate_fusion.val source_ready name=aux rows=35,547,160 in=1.4s | cpu=7% ram=48% gpu=34% vram=93% gpu_temp=58C
[2026-03-09 14:01:33] final.candidate_fusion.val merge_start inputs=3 | cpu=5% ram=48% gpu=34% vram=93% gpu_temp=58C
[2026-03-09 14:01:35] final.candidate_fusion.val merge_step=1/2 rows=59,971,968 in=1.6s | cpu=6% ram=48% gpu=74% vram=96% gpu_temp=59C
[2026-03-09 14:01:38] final.candidate_fusion.val merge_step=2/2 rows=78,196,791 in=2.8s | cpu=6% ram=48% gpu=72% vram=94% gpu_temp=59C
[2026-03-09 14:01:51] final.candidate_fusion.val topk_done rows=35,547,160 k=220 | cpu=6% ram=48% gpu=7% vram=96% gpu_temp=59C
[2026-03-09 14:01:51] final.candidate_fusion.test backend=cudf | cpu=7% ram=53% gpu=3% vram=65% gpu_temp=57C
[2026-03-09 14:01:51] final.candidate_fusion.test source_prepare name=tt rows=35,546,883 weight=0.42 | cpu=3% ram=53% gpu=3% vram=65% gpu_temp=57C
[2026-03-09 14:01:53] final.candidate_fusion.test source_ready name=tt rows=35,546,883 in=1.1s | cpu=7% ram=53% gpu=42% vram=82% gpu_temp=59C
[2026-03-09 14:01:53] final.candidate_fusion.test source_prepare name=als rows=35,547,160 weight=0.46 | cpu=4% ram=53% gpu=42% vram=82% gpu_temp=59C
[2026-03-09 14:01:54] final.candidate_fusion.test source_ready name=als rows=35,547,160 in=1.1s | cpu=8% ram=53% gpu=58% vram=90% gpu_temp=64C
[2026-03-09 14:01:54] final.candidate_fusion.test source_prepare name=aux rows=35,547,160 weight=0.12 | cpu=7% ram=53% gpu=23% vram=90% gpu_temp=59C
[2026-03-09 14:01:55] final.candidate_fusion.test source_ready name=aux rows=35,547,160 in=1.3s | cpu=7% ram=53% gpu=31% vram=94% gpu_temp=60C
[2026-03-09 14:01:55] final.candidate_fusion.test merge_start inputs=3 | cpu=6% ram=53% gpu=31% vram=94% gpu_temp=60C
[2026-03-09 14:01:57] final.candidate_fusion.test merge_step=1/2 rows=59,971,968 in=1.5s | cpu=6% ram=53% gpu=79% vram=96% gpu_temp=60C
[2026-03-09 14:02:00] final.candidate_fusion.test merge_step=2/2 rows=78,196,791 in=3.2s | cpu=7% ram=53% gpu=44% vram=94% gpu_temp=61C
[2026-03-09 14:02:15] final.candidate_fusion.test topk_done rows=35,547,160 k=220 | cpu=7% ram=53% gpu=17% vram=96% gpu_temp=60C
[2026-03-09 14:02:19] Stage final.candidate_fusion done in 57.4s | tt_weight=0.42 als_weight=0.46 aux_algo=cosine aux_weight=0.12 val_rows=35,547,160 test_rows=35,547,160 | cpu=7% ram=58% gpu=2% vram=66% gpu_temp=58C
[2026-03-09 14:02:43] Stage final.retrieval.eval done in 22.2s
[2026-03-09 14:02:48] ranker.features context_ready backend=pandas genre_vocab=19 user_recent_masks=161,578 | cpu=6% ram=60% gpu=0% vram=66% gpu_temp=56C
[2026-03-09 14:02:48] ranker.features chunk_start 1/6 users=30,000 candidate_rows=6,600,000 | cpu=8% ram=61% gpu=0% vram=66% gpu_temp=56C
[2026-03-09 14:02:48] ranker.features start candidate_rows=6,600,000 train_rows=15,304,489 target_rows=30,000 | cpu=6% ram=61% gpu=0% vram=66% gpu_temp=56C
[2026-03-09 14:02:48] ranker.features merges_start backend=pandas rows=6,600,000 | cpu=8% ram=61% gpu=0% vram=66% gpu_temp=56C
[2026-03-09 14:02:48] ranker.features merge_done backend=pandas name=user_cnt rows=6,600,000 in=0.1s | cpu=15% ram=62% gpu=2% vram=66% gpu_temp=56C
[2026-03-09 14:02:49] ranker.features merge_done backend=pandas name=item_cnt rows=6,600,000 in=0.4s | cpu=9% ram=62% gpu=0% vram=66% gpu_temp=56C
[2026-03-09 14:02:49] ranker.features merge_done backend=pandas name=user_mean rows=6,600,000 in=0.2s | cpu=8% ram=62% gpu=0% vram=66% gpu_temp=56C
[2026-03-09 14:02:50] ranker.features merge_done backend=pandas name=item_mean rows=6,600,000 in=0.3s | cpu=8% ram=62% gpu=2% vram=66% gpu_temp=56C
[2026-03-09 14:02:50] ranker.features merge_done backend=pandas name=user_last_ts rows=6,600,000 in=0.2s | cpu=9% ram=62% gpu=0% vram=66% gpu_temp=56C
[2026-03-09 14:02:50] ranker.features merge_done backend=pandas name=user_first_ts rows=6,600,000 in=0.2s | cpu=12% ram=62% gpu=1% vram=66% gpu_temp=56C
[2026-03-09 14:02:51] ranker.features merge_done backend=pandas name=item_last_ts rows=6,600,000 in=0.4s | cpu=9% ram=63% gpu=3% vram=66% gpu_temp=56C
[2026-03-09 14:02:51] ranker.features merge_done backend=pandas name=query_ts rows=6,600,000 in=0.3s | cpu=8% ram=63% gpu=0% vram=66% gpu_temp=56C
[2026-03-09 14:02:49] ranker.features base_signals_done | cpu=7% ram=66% gpu=2% vram=66% gpu_temp=56C
[2026-03-09 14:02:51] ranker.features genre_signals_done | cpu=8% ram=67% gpu=2% vram=66% gpu_temp=56C
[2026-03-09 14:02:51] ranker.features labels_ready rows=30,000 | cpu=5% ram=67% gpu=2% vram=66% gpu_temp=56C
[2026-03-09 14:02:54] ranker.features labels_merged rows=6,600,000 in=2.2s | cpu=8% ram=68% gpu=3% vram=66% gpu_temp=56C
[2026-03-09 14:02:54] ranker.features done rows=6,600,000 feature_cols=25 positive_rate=0.0028 | cpu=8% ram=67% gpu=0% vram=66% gpu_temp=56C
[2026-03-09 14:02:54] ranker.features chunk_done 1/6 rows=6,600,000 | cpu=3% ram=67% gpu=2% vram=66% gpu_temp=56C
[2026-03-09 14:02:55] ranker.features chunk_start 2/6 users=30,000 candidate_rows=6,600,000 | cpu=8% ram=67% gpu=0% vram=66% gpu_temp=56C
[2026-03-09 14:02:55] ranker.features start candidate_rows=6,600,000 train_rows=15,304,489 target_rows=30,000 | cpu=6% ram=67% gpu=0% vram=66% gpu_temp=56C
[2026-03-09 14:02:55] ranker.features merges_start backend=pandas rows=6,600,000 | cpu=6% ram=67% gpu=0% vram=66% gpu_temp=56C
[2026-03-09 14:02:55] ranker.features merge_done backend=pandas name=user_cnt rows=6,600,000 in=0.2s | cpu=12% ram=68% gpu=1% vram=66% gpu_temp=56C
[2026-03-09 14:02:56] ranker.features merge_done backend=pandas name=item_cnt rows=6,600,000 in=0.3s | cpu=9% ram=68% gpu=2% vram=66% gpu_temp=56C
[2026-03-09 14:02:56] ranker.features merge_done backend=pandas name=user_mean rows=6,600,000 in=0.2s | cpu=8% ram=68% gpu=0% vram=66% gpu_temp=56C
[2026-03-09 14:02:56] ranker.features merge_done backend=pandas name=item_mean rows=6,600,000 in=0.3s | cpu=9% ram=68% gpu=0% vram=66% gpu_temp=56C
[2026-03-09 14:02:56] ranker.features merge_done backend=pandas name=user_last_ts rows=6,600,000 in=0.2s | cpu=9% ram=68% gpu=1% vram=66% gpu_temp=56C
[2026-03-09 14:02:57] ranker.features merge_done backend=pandas name=user_first_ts rows=6,600,000 in=0.2s | cpu=8% ram=69% gpu=2% vram=66% gpu_temp=56C
[2026-03-09 14:02:57] ranker.features merge_done backend=pandas name=item_last_ts rows=6,600,000 in=0.5s | cpu=8% ram=69% gpu=0% vram=66% gpu_temp=56C
[2026-03-09 14:02:58] ranker.features merge_done backend=pandas name=query_ts rows=6,600,000 in=0.3s | cpu=8% ram=69% gpu=0% vram=66% gpu_temp=56C
[2026-03-09 14:02:58] ranker.features base_signals_done | cpu=8% ram=72% gpu=0% vram=66% gpu_temp=56C
[2026-03-09 14:03:00] ranker.features genre_signals_done | cpu=8% ram=72% gpu=0% vram=66% gpu_temp=56C
[2026-03-09 14:03:00] ranker.features labels_ready rows=30,000 | cpu=5% ram=72% gpu=0% vram=66% gpu_temp=56C
[2026-03-09 14:03:02] ranker.features labels_merged rows=6,600,000 in=2.1s | cpu=8% ram=73% gpu=0% vram=66% gpu_temp=56C
[2026-03-09 14:03:03] ranker.features done rows=6,600,000 feature_cols=25 positive_rate=0.0027 | cpu=8% ram=72% gpu=1% vram=66% gpu_temp=56C
[2026-03-09 14:03:03] ranker.features chunk_done 2/6 rows=6,600,000 | cpu=4% ram=72% gpu=0% vram=66% gpu_temp=56C
[2026-03-09 14:03:03] ranker.features chunk_start 3/6 users=30,000 candidate_rows=6,600,000 | cpu=8% ram=72% gpu=2% vram=66% gpu_temp=56C
[2026-03-09 14:03:03] ranker.features start candidate_rows=6,600,000 train_rows=15,304,489 target_rows=30,000 | cpu=4% ram=72% gpu=2% vram=66% gpu_temp=56C
[2026-03-09 14:03:03] ranker.features merges_start backend=pandas rows=6,600,000 | cpu=5% ram=72% gpu=0% vram=66% gpu_temp=56C
[2026-03-09 14:03:04] ranker.features merge_done backend=pandas name=user_cnt rows=6,600,000 in=0.2s | cpu=9% ram=73% gpu=0% vram=66% gpu_temp=56C
[2026-03-09 14:03:04] ranker.features merge_done backend=pandas name=item_cnt rows=6,600,000 in=0.3s | cpu=8% ram=73% gpu=0% vram=66% gpu_temp=56C
[2026-03-09 14:03:04] ranker.features merge_done backend=pandas name=user_mean rows=6,600,000 in=0.2s | cpu=9% ram=73% gpu=2% vram=66% gpu_temp=56C
[2026-03-09 14:03:05] ranker.features merge_done backend=pandas name=item_mean rows=6,600,000 in=0.3s | cpu=8% ram=73% gpu=0% vram=66% gpu_temp=56C
[2026-03-09 14:03:05] ranker.features merge_done backend=pandas name=user_last_ts rows=6,600,000 in=0.2s | cpu=8% ram=74% gpu=0% vram=66% gpu_temp=56C
[2026-03-09 14:03:05] ranker.features merge_done backend=pandas name=user_first_ts rows=6,600,000 in=0.2s | cpu=9% ram=74% gpu=0% vram=66% gpu_temp=56C
[2026-03-09 14:03:05] ranker.features merge_done backend=pandas name=item_last_ts rows=6,600,000 in=0.4s | cpu=8% ram=74% gpu=2% vram=66% gpu_temp=56C
[2026-03-09 14:03:06] ranker.features merge_done backend=pandas name=query_ts rows=6,600,000 in=0.3s | cpu=8% ram=75% gpu=0% vram=66% gpu_temp=56C
[2026-03-09 14:03:06] ranker.features base_signals_done | cpu=8% ram=77% gpu=2% vram=66% gpu_temp=56C
[2026-03-09 14:03:09] ranker.features genre_signals_done | cpu=7% ram=78% gpu=0% vram=66% gpu_temp=56C
[2026-03-09 14:03:09] ranker.features labels_ready rows=30,000 | cpu=5% ram=78% gpu=0% vram=66% gpu_temp=56C
[2026-03-09 14:03:11] ranker.features labels_merged rows=6,600,000 in=1.8s | cpu=7% ram=78% gpu=0% vram=66% gpu_temp=56C
[2026-03-09 14:03:12] ranker.features done rows=6,600,000 feature_cols=25 positive_rate=0.0027 | cpu=8% ram=78% gpu=2% vram=66% gpu_temp=55C
[2026-03-09 14:03:12] ranker.features chunk_done 3/6 rows=6,600,000 | cpu=3% ram=78% gpu=2% vram=66% gpu_temp=55C
[2026-03-09 14:03:12] ranker.features chunk_start 4/6 users=30,000 candidate_rows=6,600,000 | cpu=10% ram=77% gpu=0% vram=66% gpu_temp=55C
[2026-03-09 14:03:12] ranker.features start candidate_rows=6,600,000 train_rows=15,304,489 target_rows=30,000 | cpu=6% ram=77% gpu=0% vram=66% gpu_temp=55C
[2026-03-09 14:03:12] ranker.features merges_start backend=pandas rows=6,600,000 | cpu=5% ram=77% gpu=0% vram=66% gpu_temp=55C
[2026-03-09 14:03:13] ranker.features merge_done backend=pandas name=user_cnt rows=6,600,000 in=0.2s | cpu=14% ram=78% gpu=1% vram=66% gpu_temp=55C
[2026-03-09 14:03:13] ranker.features merge_done backend=pandas name=item_cnt rows=6,600,000 in=0.3s | cpu=9% ram=78% gpu=0% vram=66% gpu_temp=55C
[2026-03-09 14:03:13] ranker.features merge_done backend=pandas name=user_mean rows=6,600,000 in=0.1s | cpu=9% ram=78% gpu=2% vram=66% gpu_temp=55C
[2026-03-09 14:03:13] ranker.features merge_done backend=pandas name=item_mean rows=6,600,000 in=0.3s | cpu=8% ram=78% gpu=0% vram=66% gpu_temp=55C
[2026-03-09 14:03:14] ranker.features merge_done backend=pandas name=user_last_ts rows=6,600,000 in=0.2s | cpu=8% ram=79% gpu=1% vram=66% gpu_temp=55C
[2026-03-09 14:03:14] ranker.features merge_done backend=pandas name=user_first_ts rows=6,600,000 in=0.2s | cpu=9% ram=79% gpu=0% vram=66% gpu_temp=55C
[2026-03-09 14:03:14] ranker.features merge_done backend=pandas name=item_last_ts rows=6,600,000 in=0.3s | cpu=9% ram=79% gpu=0% vram=66% gpu_temp=55C
[2026-03-09 14:03:15] ranker.features merge_done backend=pandas name=query_ts rows=6,600,000 in=0.3s | cpu=19% ram=80% gpu=1% vram=66% gpu_temp=55C
[2026-03-09 14:03:15] ranker.features base_signals_done | cpu=8% ram=82% gpu=0% vram=66% gpu_temp=55C
[2026-03-09 14:03:17] ranker.features genre_signals_done | cpu=8% ram=83% gpu=0% vram=66% gpu_temp=55C
[2026-03-09 14:03:17] ranker.features labels_ready rows=30,000 | cpu=5% ram=83% gpu=0% vram=66% gpu_temp=55C
[2026-03-09 14:03:19] ranker.features labels_merged rows=6,600,000 in=1.6s | cpu=7% ram=83% gpu=0% vram=66% gpu_temp=55C
[2026-03-09 14:03:20] ranker.features done rows=6,600,000 feature_cols=25 positive_rate=0.0027 | cpu=7% ram=83% gpu=0% vram=66% gpu_temp=55C
[2026-03-09 14:03:20] ranker.features chunk_done 4/6 rows=6,600,000 | cpu=6% ram=82% gpu=0% vram=66% gpu_temp=55C
[2026-03-09 14:03:20] ranker.features chunk_start 5/6 users=30,000 candidate_rows=6,600,000 | cpu=10% ram=82% gpu=1% vram=66% gpu_temp=55C
[2026-03-09 14:03:20] ranker.features start candidate_rows=6,600,000 train_rows=15,304,489 target_rows=30,000 | cpu=2% ram=82% gpu=1% vram=66% gpu_temp=55C
[2026-03-09 14:03:20] ranker.features merges_start backend=pandas rows=6,600,000 | cpu=9% ram=82% gpu=1% vram=66% gpu_temp=55C
[2026-03-09 14:03:20] ranker.features merge_done backend=pandas name=user_cnt rows=6,600,000 in=0.1s | cpu=11% ram=83% gpu=4% vram=66% gpu_temp=55C
[2026-03-09 14:03:21] ranker.features merge_done backend=pandas name=item_cnt rows=6,600,000 in=0.3s | cpu=8% ram=83% gpu=0% vram=66% gpu_temp=55C
[2026-03-09 14:03:18] ranker.features merge_done backend=pandas name=user_mean rows=6,600,000 in=0.2s | cpu=9% ram=83% gpu=0% vram=66% gpu_temp=55C
[2026-03-09 14:03:19] ranker.features merge_done backend=pandas name=item_mean rows=6,600,000 in=0.3s | cpu=9% ram=84% gpu=1% vram=66% gpu_temp=55C
[2026-03-09 14:03:19] ranker.features merge_done backend=pandas name=user_last_ts rows=6,600,000 in=0.2s | cpu=10% ram=84% gpu=0% vram=66% gpu_temp=55C
[2026-03-09 14:03:19] ranker.features merge_done backend=pandas name=user_first_ts rows=6,600,000 in=0.2s | cpu=10% ram=84% gpu=2% vram=66% gpu_temp=55C
[2026-03-09 14:03:20] ranker.features merge_done backend=pandas name=item_last_ts rows=6,600,000 in=0.3s | cpu=9% ram=84% gpu=0% vram=66% gpu_temp=55C
[2026-03-09 14:03:20] ranker.features merge_done backend=pandas name=query_ts rows=6,600,000 in=0.2s | cpu=10% ram=85% gpu=1% vram=66% gpu_temp=55C
[2026-03-09 14:03:21] ranker.features base_signals_done | cpu=8% ram=87% gpu=0% vram=66% gpu_temp=55C
[2026-03-09 14:03:24] ranker.features genre_signals_done | cpu=9% ram=88% gpu=0% vram=65% gpu_temp=55C
[2026-03-09 14:03:24] ranker.features labels_ready rows=30,000 | cpu=5% ram=88% gpu=0% vram=65% gpu_temp=55C
[2026-03-09 14:03:27] ranker.features labels_merged rows=6,600,000 in=3.0s | cpu=8% ram=88% gpu=0% vram=65% gpu_temp=55C
[2026-03-09 14:03:28] ranker.features done rows=6,600,000 feature_cols=25 positive_rate=0.0027 | cpu=8% ram=88% gpu=0% vram=65% gpu_temp=55C
[2026-03-09 14:03:28] ranker.features chunk_done 5/6 rows=6,600,000 | cpu=5% ram=87% gpu=1% vram=65% gpu_temp=55C
[2026-03-09 14:03:29] ranker.features chunk_start 6/6 users=11,578 candidate_rows=2,547,160 | cpu=11% ram=86% gpu=7% vram=66% gpu_temp=55C
[2026-03-09 14:03:29] ranker.features start candidate_rows=2,547,160 train_rows=15,304,489 target_rows=11,578 | cpu=4% ram=86% gpu=2% vram=66% gpu_temp=55C
[2026-03-09 14:03:29] ranker.features merges_start backend=pandas rows=2,547,160 | cpu=7% ram=86% gpu=2% vram=66% gpu_temp=55C
[2026-03-09 14:03:29] ranker.features merge_done backend=pandas name=user_cnt rows=2,547,160 in=0.1s | cpu=12% ram=87% gpu=2% vram=66% gpu_temp=55C
[2026-03-09 14:03:29] ranker.features merge_done backend=pandas name=item_cnt rows=2,547,160 in=0.1s | cpu=8% ram=87% gpu=0% vram=66% gpu_temp=55C
[2026-03-09 14:03:29] ranker.features merge_done backend=pandas name=user_mean rows=2,547,160 in=0.1s | cpu=8% ram=87% gpu=0% vram=66% gpu_temp=55C
[2026-03-09 14:03:30] ranker.features merge_done backend=pandas name=item_mean rows=2,547,160 in=0.1s | cpu=10% ram=87% gpu=1% vram=66% gpu_temp=55C
[2026-03-09 14:03:30] ranker.features merge_done backend=pandas name=user_last_ts rows=2,547,160 in=0.1s | cpu=7% ram=87% gpu=1% vram=66% gpu_temp=55C
[2026-03-09 14:03:30] ranker.features merge_done backend=pandas name=user_first_ts rows=2,547,160 in=0.1s | cpu=11% ram=87% gpu=0% vram=66% gpu_temp=55C
[2026-03-09 14:03:30] ranker.features merge_done backend=pandas name=item_last_ts rows=2,547,160 in=0.1s | cpu=9% ram=87% gpu=2% vram=66% gpu_temp=55C
[2026-03-09 14:03:30] ranker.features merge_done backend=pandas name=query_ts rows=2,547,160 in=0.1s | cpu=8% ram=88% gpu=0% vram=66% gpu_temp=55C
[2026-03-09 14:03:30] ranker.features base_signals_done | cpu=8% ram=88% gpu=0% vram=66% gpu_temp=55C
[2026-03-09 14:03:31] ranker.features genre_signals_done | cpu=8% ram=89% gpu=0% vram=66% gpu_temp=55C
[2026-03-09 14:03:31] ranker.features labels_ready rows=11,578 | cpu=5% ram=89% gpu=0% vram=66% gpu_temp=55C
[2026-03-09 14:03:32] ranker.features labels_merged rows=2,547,160 in=0.8s | cpu=9% ram=89% gpu=3% vram=66% gpu_temp=55C
[2026-03-09 14:03:33] ranker.features done rows=2,547,160 feature_cols=25 positive_rate=0.0027 | cpu=8% ram=89% gpu=0% vram=66% gpu_temp=55C
[2026-03-09 14:03:33] ranker.features chunk_done 6/6 rows=2,547,160 | cpu=2% ram=89% gpu=0% vram=66% gpu_temp=55C
[2026-03-09 14:04:00] ranker.features chunk_all_done rows=35,547,160 | cpu=9% ram=100% gpu=1% vram=66% gpu_temp=54C
[2026-03-09 14:04:01] ranker.features chunk_start 1/6 users=30,000 candidate_rows=6,600,000 | cpu=10% ram=87% gpu=1% vram=66% gpu_temp=55C
[2026-03-09 14:04:01] ranker.features start candidate_rows=6,600,000 train_rows=15,304,489 target_rows=30,000 | cpu=4% ram=87% gpu=1% vram=66% gpu_temp=55C
[2026-03-09 14:04:01] ranker.features merges_start backend=pandas rows=6,600,000 | cpu=7% ram=87% gpu=1% vram=66% gpu_temp=55C
[2026-03-09 14:04:01] ranker.features merge_done backend=pandas name=user_cnt rows=6,600,000 in=0.1s | cpu=14% ram=87% gpu=0% vram=66% gpu_temp=55C
[2026-03-09 14:04:01] ranker.features merge_done backend=pandas name=item_cnt rows=6,600,000 in=0.2s | cpu=9% ram=87% gpu=0% vram=66% gpu_temp=54C
[2026-03-09 14:04:01] ranker.features merge_done backend=pandas name=user_mean rows=6,600,000 in=0.2s | cpu=7% ram=87% gpu=0% vram=66% gpu_temp=54C
[2026-03-09 14:04:02] ranker.features merge_done backend=pandas name=item_mean rows=6,600,000 in=0.2s | cpu=7% ram=87% gpu=1% vram=66% gpu_temp=54C
[2026-03-09 14:04:02] ranker.features merge_done backend=pandas name=user_last_ts rows=6,600,000 in=0.1s | cpu=8% ram=87% gpu=0% vram=66% gpu_temp=54C
[2026-03-09 14:04:02] ranker.features merge_done backend=pandas name=user_first_ts rows=6,600,000 in=0.1s | cpu=15% ram=87% gpu=2% vram=66% gpu_temp=54C
[2026-03-09 14:04:02] ranker.features merge_done backend=pandas name=item_last_ts rows=6,600,000 in=0.3s | cpu=10% ram=87% gpu=0% vram=66% gpu_temp=54C
[2026-03-09 14:04:03] ranker.features merge_done backend=pandas name=query_ts rows=6,600,000 in=0.2s | cpu=9% ram=87% gpu=0% vram=66% gpu_temp=54C
[2026-03-09 14:04:03] ranker.features base_signals_done | cpu=7% ram=87% gpu=2% vram=66% gpu_temp=54C
[2026-03-09 14:04:04] ranker.features genre_signals_done | cpu=7% ram=88% gpu=0% vram=66% gpu_temp=54C
[2026-03-09 14:04:04] ranker.features labels_ready rows=30,000 | cpu=5% ram=87% gpu=0% vram=66% gpu_temp=54C
[2026-03-09 14:04:05] ranker.features labels_merged rows=6,600,000 in=1.2s | cpu=8% ram=89% gpu=2% vram=66% gpu_temp=54C
[2026-03-09 14:04:06] ranker.features done rows=6,600,000 feature_cols=25 positive_rate=0.0026 | cpu=8% ram=87% gpu=0% vram=66% gpu_temp=54C
[2026-03-09 14:04:06] ranker.features chunk_done 1/6 rows=6,600,000 | cpu=3% ram=87% gpu=0% vram=66% gpu_temp=54C
[2026-03-09 14:04:07] ranker.features chunk_start 2/6 users=30,000 candidate_rows=6,600,000 | cpu=7% ram=87% gpu=0% vram=66% gpu_temp=54C
[2026-03-09 14:04:07] ranker.features start candidate_rows=6,600,000 train_rows=15,304,489 target_rows=30,000 | cpu=5% ram=87% gpu=0% vram=66% gpu_temp=54C
[2026-03-09 14:04:07] ranker.features merges_start backend=pandas rows=6,600,000 | cpu=3% ram=87% gpu=0% vram=66% gpu_temp=54C
[2026-03-09 14:04:07] ranker.features merge_done backend=pandas name=user_cnt rows=6,600,000 in=0.1s | cpu=18% ram=87% gpu=0% vram=66% gpu_temp=54C
[2026-03-09 14:04:07] ranker.features merge_done backend=pandas name=item_cnt rows=6,600,000 in=0.2s | cpu=10% ram=87% gpu=0% vram=66% gpu_temp=54C
[2026-03-09 14:04:07] ranker.features merge_done backend=pandas name=user_mean rows=6,600,000 in=0.1s | cpu=9% ram=87% gpu=0% vram=66% gpu_temp=54C
[2026-03-09 14:04:08] ranker.features merge_done backend=pandas name=item_mean rows=6,600,000 in=0.3s | cpu=8% ram=87% gpu=0% vram=66% gpu_temp=54C
[2026-03-09 14:04:08] ranker.features merge_done backend=pandas name=user_last_ts rows=6,600,000 in=0.1s | cpu=8% ram=87% gpu=0% vram=66% gpu_temp=54C
[2026-03-09 14:04:08] ranker.features merge_done backend=pandas name=user_first_ts rows=6,600,000 in=0.1s | cpu=9% ram=87% gpu=0% vram=66% gpu_temp=54C
[2026-03-09 14:04:08] ranker.features merge_done backend=pandas name=item_last_ts rows=6,600,000 in=0.3s | cpu=8% ram=87% gpu=0% vram=66% gpu_temp=54C
[2026-03-09 14:04:09] ranker.features merge_done backend=pandas name=query_ts rows=6,600,000 in=0.2s | cpu=7% ram=87% gpu=2% vram=66% gpu_temp=54C
[2026-03-09 14:04:09] ranker.features base_signals_done | cpu=8% ram=87% gpu=1% vram=66% gpu_temp=54C
[2026-03-09 14:04:10] ranker.features genre_signals_done | cpu=8% ram=88% gpu=1% vram=67% gpu_temp=54C
[2026-03-09 14:04:10] ranker.features labels_ready rows=30,000 | cpu=10% ram=88% gpu=1% vram=67% gpu_temp=54C
[2026-03-09 14:04:12] ranker.features labels_merged rows=6,600,000 in=1.5s | cpu=8% ram=91% gpu=2% vram=67% gpu_temp=54C
[2026-03-09 14:04:13] ranker.features done rows=6,600,000 feature_cols=25 positive_rate=0.0026 | cpu=8% ram=89% gpu=0% vram=67% gpu_temp=54C
[2026-03-09 14:04:13] ranker.features chunk_done 2/6 rows=6,600,000 | cpu=3% ram=89% gpu=0% vram=67% gpu_temp=54C
[2026-03-09 14:04:13] ranker.features chunk_start 3/6 users=30,000 candidate_rows=6,600,000 | cpu=7% ram=89% gpu=0% vram=67% gpu_temp=54C
[2026-03-09 14:04:13] ranker.features start candidate_rows=6,600,000 train_rows=15,304,489 target_rows=30,000 | cpu=4% ram=89% gpu=0% vram=67% gpu_temp=54C
[2026-03-09 14:04:14] ranker.features merges_start backend=pandas rows=6,600,000 | cpu=6% ram=89% gpu=0% vram=67% gpu_temp=54C
[2026-03-09 14:04:14] ranker.features merge_done backend=pandas name=user_cnt rows=6,600,000 in=0.1s | cpu=9% ram=89% gpu=0% vram=67% gpu_temp=54C
[2026-03-09 14:04:14] ranker.features merge_done backend=pandas name=item_cnt rows=6,600,000 in=0.2s | cpu=9% ram=89% gpu=0% vram=67% gpu_temp=54C
[2026-03-09 14:04:14] ranker.features merge_done backend=pandas name=user_mean rows=6,600,000 in=0.1s | cpu=8% ram=89% gpu=2% vram=67% gpu_temp=54C
[2026-03-09 14:04:14] ranker.features merge_done backend=pandas name=item_mean rows=6,600,000 in=0.2s | cpu=9% ram=89% gpu=0% vram=67% gpu_temp=54C
[2026-03-09 14:04:15] ranker.features merge_done backend=pandas name=user_last_ts rows=6,600,000 in=0.1s | cpu=8% ram=89% gpu=0% vram=67% gpu_temp=54C
[2026-03-09 14:04:15] ranker.features merge_done backend=pandas name=user_first_ts rows=6,600,000 in=0.1s | cpu=8% ram=89% gpu=1% vram=67% gpu_temp=54C
[2026-03-09 14:04:15] ranker.features merge_done backend=pandas name=item_last_ts rows=6,600,000 in=0.3s | cpu=8% ram=90% gpu=2% vram=67% gpu_temp=54C
[2026-03-09 14:04:15] ranker.features merge_done backend=pandas name=query_ts rows=6,600,000 in=0.2s | cpu=10% ram=90% gpu=0% vram=67% gpu_temp=54C
[2026-03-09 14:04:16] ranker.features base_signals_done | cpu=8% ram=90% gpu=0% vram=67% gpu_temp=54C
[2026-03-09 14:04:17] ranker.features genre_signals_done | cpu=8% ram=91% gpu=1% vram=67% gpu_temp=54C
[2026-03-09 14:04:17] ranker.features labels_ready rows=30,000 | cpu=6% ram=91% gpu=1% vram=67% gpu_temp=54C
[2026-03-09 14:04:19] ranker.features labels_merged rows=6,600,000 in=1.4s | cpu=8% ram=94% gpu=0% vram=67% gpu_temp=54C
[2026-03-09 14:04:20] ranker.features done rows=6,600,000 feature_cols=25 positive_rate=0.0025 | cpu=8% ram=92% gpu=0% vram=67% gpu_temp=54C
[2026-03-09 14:04:20] ranker.features chunk_done 3/6 rows=6,600,000 | cpu=5% ram=92% gpu=1% vram=67% gpu_temp=54C
[2026-03-09 14:04:18] ranker.features chunk_start 4/6 users=30,000 candidate_rows=6,600,000 | cpu=8% ram=91% gpu=1% vram=67% gpu_temp=54C
[2026-03-09 14:04:18] ranker.features start candidate_rows=6,600,000 train_rows=15,304,489 target_rows=30,000 | cpu=2% ram=92% gpu=1% vram=67% gpu_temp=54C
[2026-03-09 14:04:18] ranker.features merges_start backend=pandas rows=6,600,000 | cpu=7% ram=91% gpu=1% vram=67% gpu_temp=54C
[2026-03-09 14:04:18] ranker.features merge_done backend=pandas name=user_cnt rows=6,600,000 in=0.1s | cpu=19% ram=92% gpu=0% vram=67% gpu_temp=54C
[2026-03-09 14:04:19] ranker.features merge_done backend=pandas name=item_cnt rows=6,600,000 in=0.3s | cpu=9% ram=92% gpu=0% vram=67% gpu_temp=54C
[2026-03-09 14:04:19] ranker.features merge_done backend=pandas name=user_mean rows=6,600,000 in=0.1s | cpu=9% ram=92% gpu=1% vram=67% gpu_temp=54C
[2026-03-09 14:04:19] ranker.features merge_done backend=pandas name=item_mean rows=6,600,000 in=0.3s | cpu=8% ram=92% gpu=0% vram=67% gpu_temp=54C
[2026-03-09 14:04:20] ranker.features merge_done backend=pandas name=user_last_ts rows=6,600,000 in=0.1s | cpu=8% ram=92% gpu=0% vram=67% gpu_temp=54C
[2026-03-09 14:04:20] ranker.features merge_done backend=pandas name=user_first_ts rows=6,600,000 in=0.2s | cpu=8% ram=93% gpu=0% vram=67% gpu_temp=54C
[2026-03-09 14:04:20] ranker.features merge_done backend=pandas name=item_last_ts rows=6,600,000 in=0.3s | cpu=9% ram=92% gpu=0% vram=67% gpu_temp=54C
[2026-03-09 14:04:20] ranker.features merge_done backend=pandas name=query_ts rows=6,600,000 in=0.3s | cpu=8% ram=93% gpu=0% vram=67% gpu_temp=54C
[2026-03-09 14:04:21] ranker.features base_signals_done | cpu=8% ram=94% gpu=1% vram=67% gpu_temp=54C
[2026-03-09 14:04:29] ranker.features genre_signals_done | cpu=9% ram=90% gpu=4% vram=67% gpu_temp=54C
[2026-03-09 14:04:29] ranker.features labels_ready rows=30,000 | cpu=3% ram=90% gpu=2% vram=67% gpu_temp=54C
[2026-03-09 14:04:32] ranker.features labels_merged rows=6,600,000 in=3.5s | cpu=8% ram=92% gpu=1% vram=67% gpu_temp=54C
[2026-03-09 14:04:33] ranker.features done rows=6,600,000 feature_cols=25 positive_rate=0.0025 | cpu=8% ram=90% gpu=0% vram=67% gpu_temp=54C
[2026-03-09 14:04:33] ranker.features chunk_done 4/6 rows=6,600,000 | cpu=6% ram=90% gpu=0% vram=67% gpu_temp=54C
[2026-03-09 14:04:34] ranker.features chunk_start 5/6 users=30,000 candidate_rows=6,600,000 | cpu=4% ram=91% gpu=1% vram=67% gpu_temp=54C
[2026-03-09 14:04:35] ranker.features start candidate_rows=6,600,000 train_rows=15,304,489 target_rows=30,000 | cpu=5% ram=91% gpu=1% vram=67% gpu_temp=54C
[2026-03-09 14:04:35] ranker.features merges_start backend=pandas rows=6,600,000 | cpu=6% ram=91% gpu=1% vram=67% gpu_temp=54C
[2026-03-09 14:04:35] ranker.features merge_done backend=pandas name=user_cnt rows=6,600,000 in=0.1s | cpu=11% ram=91% gpu=0% vram=67% gpu_temp=54C
[2026-03-09 14:04:35] ranker.features merge_done backend=pandas name=item_cnt rows=6,600,000 in=0.3s | cpu=8% ram=92% gpu=0% vram=67% gpu_temp=54C
[2026-03-09 14:04:35] ranker.features merge_done backend=pandas name=user_mean rows=6,600,000 in=0.1s | cpu=9% ram=92% gpu=1% vram=67% gpu_temp=54C
[2026-03-09 14:04:36] ranker.features merge_done backend=pandas name=item_mean rows=6,600,000 in=0.3s | cpu=8% ram=92% gpu=1% vram=67% gpu_temp=54C
[2026-03-09 14:04:36] ranker.features merge_done backend=pandas name=user_last_ts rows=6,600,000 in=0.2s | cpu=9% ram=92% gpu=0% vram=67% gpu_temp=54C
[2026-03-09 14:04:36] ranker.features merge_done backend=pandas name=user_first_ts rows=6,600,000 in=0.2s | cpu=8% ram=92% gpu=0% vram=67% gpu_temp=54C
[2026-03-09 14:04:36] ranker.features merge_done backend=pandas name=item_last_ts rows=6,600,000 in=0.3s | cpu=8% ram=93% gpu=1% vram=67% gpu_temp=54C
[2026-03-09 14:04:37] ranker.features merge_done backend=pandas name=query_ts rows=6,600,000 in=0.3s | cpu=8% ram=92% gpu=1% vram=67% gpu_temp=54C
[2026-03-09 14:04:37] ranker.features base_signals_done | cpu=8% ram=94% gpu=0% vram=67% gpu_temp=54C
[2026-03-09 14:04:49] ranker.features genre_signals_done | cpu=8% ram=90% gpu=1% vram=67% gpu_temp=54C
[2026-03-09 14:04:49] ranker.features labels_ready rows=30,000 | cpu=3% ram=90% gpu=1% vram=67% gpu_temp=54C
[2026-03-09 14:04:49] ranker.features labels_merged rows=6,600,000 in=2.6s | cpu=8% ram=91% gpu=1% vram=67% gpu_temp=54C
[2026-03-09 14:04:50] ranker.features done rows=6,600,000 feature_cols=25 positive_rate=0.0025 | cpu=8% ram=89% gpu=1% vram=67% gpu_temp=54C
[2026-03-09 14:04:50] ranker.features chunk_done 5/6 rows=6,600,000 | cpu=2% ram=89% gpu=1% vram=67% gpu_temp=54C
[2026-03-09 14:04:51] ranker.features chunk_start 6/6 users=11,578 candidate_rows=2,547,160 | cpu=6% ram=89% gpu=0% vram=67% gpu_temp=54C
[2026-03-09 14:04:51] ranker.features start candidate_rows=2,547,160 train_rows=15,304,489 target_rows=11,578 | cpu=3% ram=89% gpu=1% vram=67% gpu_temp=54C
[2026-03-09 14:04:51] ranker.features merges_start backend=pandas rows=2,547,160 | cpu=8% ram=90% gpu=1% vram=67% gpu_temp=54C
[2026-03-09 14:04:51] ranker.features merge_done backend=pandas name=user_cnt rows=2,547,160 in=0.0s | cpu=10% ram=89% gpu=1% vram=67% gpu_temp=54C
[2026-03-09 14:04:51] ranker.features merge_done backend=pandas name=item_cnt rows=2,547,160 in=0.1s | cpu=11% ram=89% gpu=1% vram=67% gpu_temp=54C
[2026-03-09 14:04:51] ranker.features merge_done backend=pandas name=user_mean rows=2,547,160 in=0.0s | cpu=7% ram=89% gpu=1% vram=67% gpu_temp=54C
[2026-03-09 14:04:52] ranker.features merge_done backend=pandas name=item_mean rows=2,547,160 in=0.1s | cpu=11% ram=89% gpu=1% vram=67% gpu_temp=54C
[2026-03-09 14:04:52] ranker.features merge_done backend=pandas name=user_last_ts rows=2,547,160 in=0.1s | cpu=8% ram=89% gpu=0% vram=67% gpu_temp=54C
[2026-03-09 14:04:52] ranker.features merge_done backend=pandas name=user_first_ts rows=2,547,160 in=0.1s | cpu=11% ram=90% gpu=0% vram=67% gpu_temp=54C
[2026-03-09 14:04:52] ranker.features merge_done backend=pandas name=item_last_ts rows=2,547,160 in=0.1s | cpu=10% ram=90% gpu=0% vram=67% gpu_temp=54C
[2026-03-09 14:04:52] ranker.features merge_done backend=pandas name=query_ts rows=2,547,160 in=0.1s | cpu=9% ram=90% gpu=1% vram=67% gpu_temp=54C
[2026-03-09 14:04:52] ranker.features base_signals_done | cpu=8% ram=90% gpu=1% vram=67% gpu_temp=54C
[2026-03-09 14:04:53] ranker.features genre_signals_done | cpu=8% ram=91% gpu=0% vram=67% gpu_temp=54C
[2026-03-09 14:04:53] ranker.features labels_ready rows=11,578 | cpu=2% ram=91% gpu=0% vram=67% gpu_temp=54C
[2026-03-09 14:04:53] ranker.features labels_merged rows=2,547,160 in=0.5s | cpu=8% ram=91% gpu=0% vram=67% gpu_temp=54C
[2026-03-09 14:04:54] ranker.features done rows=2,547,160 feature_cols=25 positive_rate=0.0025 | cpu=8% ram=90% gpu=0% vram=67% gpu_temp=54C
[2026-03-09 14:04:54] ranker.features chunk_done 6/6 rows=2,547,160 | cpu=5% ram=90% gpu=0% vram=67% gpu_temp=54C
[2026-03-09 14:05:13] ranker.features chunk_all_done rows=35,547,160 | cpu=10% ram=100% gpu=1% vram=67% gpu_temp=54C
[2026-03-09 14:05:13] Stage final.ranker.features done in 162.7s | train_rows=35,547,160 test_rows=35,547,160 | cpu=8% ram=88% gpu=0% vram=67% gpu_temp=54C
[2026-03-09 14:05:33] ranker.train start rows=35,547,160 cols=25 positive_rate=0.0028 | cpu=3% ram=94% gpu=0% vram=67% gpu_temp=54C
[2026-03-09 14:07:44] ranker.train done framework=xgboost device=cuda in=141.4s | cpu=8% ram=88% gpu=0% vram=67% gpu_temp=70C
[2026-03-09 14:07:47] ranker.score start rows=35,547,160 cols=25 | cpu=7% ram=87% gpu=1% vram=67% gpu_temp=65C
[2026-03-09 14:08:02] ranker.score done rows=35,547,160 | cpu=8% ram=86% gpu=0% vram=93% gpu_temp=64C
[2026-03-09 14:08:03] Stage final.ranker.train+score done in 183.7s | scored_rows=35,547,160 | cpu=6% ram=85% gpu=0% vram=66% gpu_temp=64C
[2026-03-09 14:08:03] Stage ranker.scores.save done in 0.8s | name=final_scores rows=35,547,160 path=outputs/fullrun_gpu_quality_goal_stable_cpufeat_k220_chunked/ranker_scores/final_scores.pkl
[2026-03-09 14:08:46] Stage final.ranker.eval done in 32.5s
[2026-03-09 14:08:46] final.ranker.ensemble start base_rows=35,547,160 final_rows=35,547,160 w_base=0.45 w_final=0.55 | cpu=6% ram=53% gpu=0% vram=67% gpu_temp=56C
[2026-03-09 14:09:18] final.ranker.ensemble normalized base_rows=35,547,160 final_rows=35,547,160 | cpu=7% ram=55% gpu=0% vram=67% gpu_temp=55C
[2026-03-09 14:09:47] final.ranker.ensemble merged rows=45,623,519 | cpu=7% ram=55% gpu=2% vram=67% gpu_temp=54C
[2026-03-09 14:09:48] final.ranker.ensemble done rows=45,623,519 | cpu=8% ram=55% gpu=1% vram=67% gpu_temp=54C
[2026-03-09 14:10:12] Stage final.ranker.ensemble done in 94.2s | baseline_weight=0.45 final_weight=0.55
[2026-03-09 14:10:12] Saved: outputs/fullrun_gpu_quality_goal_stable_cpufeat_k220_chunked/tables/metrics_final.csv
[2026-03-09 14:10:13] Saved: outputs/fullrun_gpu_quality_goal_stable_cpufeat_k220_chunked/tables/metrics_comparison.csv
[2026-03-09 14:10:14] Stage plot.save done in 1.3s
[2026-03-09 14:10:15] Saved: outputs/fullrun_gpu_quality_goal_stable_cpufeat_k220_chunked/tables/split_stats.csv
[2026-03-09 14:10:15] Pipeline done in 1923.8s | cpu=7% ram=38% gpu=0% vram=67% gpu_temp=54C
saved=outputs/fullrun_gpu_quality_goal_stable_cpufeat_k220_chunked/tables/metrics_comparison.csv
                                  model  k   recall  hitrate     ndcg      map      mrr  users
                 baseline_retrieval_als 10 0.078247 0.078247 0.036863 0.024528 0.024528 161578
                 baseline_retrieval_als 20 0.136528 0.136528 0.051469 0.028469 0.028469 161578
                 baseline_retrieval_als 50 0.269962 0.269962 0.077752 0.032609 0.032609 161578
                        baseline_ranker 10 0.107317 0.107317 0.054728 0.038913 0.038913 161578
                        baseline_ranker 20 0.171403 0.171403 0.070824 0.043275 0.043275 161578
                        baseline_ranker 50 0.298456 0.298456 0.095890 0.047241 0.047241 161578
final_retrieval_two_tower_faiss_hybrid3 10 0.077251 0.077251 0.036581 0.024477 0.024477 161578
final_retrieval_two_tower_faiss_hybrid3 20 0.134573 0.134573 0.050957 0.028361 0.028361 161578
final_retrieval_two_tower_faiss_hybrid3 50 0.260518 0.260518 0.075755 0.032263 0.032263 161578
         final_ranker_two_tower_hybrid3 10 0.111302 0.111302 0.057205 0.040936 0.040936 161578
         final_ranker_two_tower_hybrid3 20 0.176231 0.176231 0.073484 0.045333 0.045333 161578
         final_ranker_two_tower_hybrid3 50 0.305227 0.305227 0.098943 0.049364 0.049364 161578
                  final_ranker_ensemble 10 0.112243 0.112243 0.057661 0.041237 0.041237 161578
                  final_ranker_ensemble 20 0.177815 0.177815 0.074120 0.045692 0.045692 161578
                  final_ranker_ensemble 50 0.306112 0.306112 0.099427 0.049693 0.049693 161578
